This file contains any messages produced by compilers while
running configure, to aid debugging if configure makes a mistake.

It was created by configure, which was
generated by GNU Autoconf 2.69.  Invocation command line was

  $ ./configure --disable-option-checking --prefix=/usr/local --cache-file=/dev/null --srcdir=.

## --------- ##
## Platform. ##
## --------- ##

hostname = br006.pvt.bridges.psc.edu
uname -m = x86_64
uname -r = 3.10.0-327.4.5.el7.x86_64
uname -s = Linux
uname -v = #1 SMP Thu Nov 3 16:18:35 EDT 2016

/usr/bin/uname -p = x86_64
/bin/uname -X     = unknown

/bin/arch              = x86_64
/usr/bin/arch -k       = unknown
/usr/convex/getsysinfo = unknown
/usr/bin/hostinfo      = unknown
/bin/machine           = unknown
/usr/bin/oslevel       = unknown
/bin/universe          = unknown

PATH: /usr/lib64/qt-3.3/bin
PATH: /opt/intel/compilers_and_libraries_2016.3.210/linux/mpi/intel64/bin
PATH: /opt/intel/compilers_and_libraries_2016.3.210/linux/bin/intel64
PATH: /opt/intel/debugger_2016/gdb/intel64_mic/bin
PATH: /opt/packages/slurm/15.08.8/bin
PATH: /opt/packages/allocations
PATH: /opt/packages/interact/bin
PATH: /usr/lib64/ccache
PATH: /usr/local/bin
PATH: /usr/bin
PATH: /usr/local/sbin
PATH: /usr/sbin
PATH: /opt/puppetlabs/puppet/bin
PATH: /opt/packages/slash2/psc/sbin
PATH: /opt/puppetlabs/bin
PATH: ./
PATH: /home/grasinge/.local/bin
PATH: /home/grasinge/bin


## ----------- ##
## Core tests. ##
## ----------- ##

configure:2424: checking for a BSD-compatible install
configure:2492: result: /usr/bin/install -c
configure:2503: checking whether build environment is sane
configure:2558: result: yes
configure:2709: checking for a thread-safe mkdir -p
configure:2748: result: /usr/bin/mkdir -p
configure:2755: checking for gawk
configure:2771: found /usr/bin/gawk
configure:2782: result: gawk
configure:2793: checking whether make sets $(MAKE)
configure:2815: result: yes
configure:2844: checking whether make supports nested variables
configure:2861: result: yes
configure:2989: checking whether to enable maintainer-specific portions of Makefiles
configure:2998: result: no
configure:3015: checking build system type
configure:3029: result: x86_64-pc-linux-gnu
configure:3049: checking host system type
configure:3062: result: x86_64-pc-linux-gnu
configure:3088: checking whether make sets $(MAKE)
configure:3110: result: yes
configure:3152: checking whether to enable debugging
configure:3171: result: no
configure:3196: checking whether to use 64-bit compiler mode
configure:3209: result: no
configure:3296: checking for xlc_r
configure:3326: result: no
configure:3296: checking for cc
configure:3312: found /usr/lib64/ccache/cc
configure:3323: result: cc
configure:3354: checking for C compiler version
configure:3363: cc --version >&5
cc (GCC) 4.8.5 20150623 (Red Hat 4.8.5-4)
Copyright (C) 2015 Free Software Foundation, Inc.
This is free software; see the source for copying conditions.  There is NO
warranty; not even for MERCHANTABILITY or FITNESS FOR A PARTICULAR PURPOSE.

configure:3374: $? = 0
configure:3363: cc -v >&5
Using built-in specs.
COLLECT_GCC=/usr/bin/cc
COLLECT_LTO_WRAPPER=/usr/libexec/gcc/x86_64-redhat-linux/4.8.5/lto-wrapper
Target: x86_64-redhat-linux
Configured with: ../configure --prefix=/usr --mandir=/usr/share/man --infodir=/usr/share/info --with-bugurl=http://bugzilla.redhat.com/bugzilla --enable-bootstrap --enable-shared --enable-threads=posix --enable-checking=release --with-system-zlib --enable-__cxa_atexit --disable-libunwind-exceptions --enable-gnu-unique-object --enable-linker-build-id --with-linker-hash-style=gnu --enable-languages=c,c++,objc,obj-c++,java,fortran,ada,go,lto --enable-plugin --enable-initfini-array --disable-libgcj --with-isl=/builddir/build/BUILD/gcc-4.8.5-20150702/obj-x86_64-redhat-linux/isl-install --with-cloog=/builddir/build/BUILD/gcc-4.8.5-20150702/obj-x86_64-redhat-linux/cloog-install --enable-gnu-indirect-function --with-tune=generic --with-arch_32=x86-64 --build=x86_64-redhat-linux
Thread model: posix
gcc version 4.8.5 20150623 (Red Hat 4.8.5-4) (GCC) 
configure:3374: $? = 0
configure:3363: cc -V >&5
cc: error: unrecognized command line option '-V'
cc: fatal error: no input files
compilation terminated.
configure:3374: $? = 4
configure:3363: cc -qversion >&5
cc: error: unrecognized command line option '-qversion'
cc: fatal error: no input files
compilation terminated.
configure:3374: $? = 4
configure:3394: checking whether the C compiler works
configure:3416: cc    conftest.c  >&5
configure:3420: $? = 0
configure:3468: result: yes
configure:3471: checking for C compiler default output file name
configure:3473: result: a.out
configure:3479: checking for suffix of executables
configure:3486: cc -o conftest    conftest.c  >&5
configure:3490: $? = 0
configure:3512: result: 
configure:3534: checking whether we are cross compiling
configure:3542: cc -o conftest    conftest.c  >&5
configure:3546: $? = 0
configure:3553: ./conftest
configure:3557: $? = 0
configure:3572: result: no
configure:3577: checking for suffix of object files
configure:3599: cc -c   conftest.c >&5
configure:3603: $? = 0
configure:3624: result: o
configure:3628: checking whether we are using the GNU C compiler
configure:3647: cc -c   conftest.c >&5
configure:3647: $? = 0
configure:3656: result: yes
configure:3665: checking whether cc accepts -g
configure:3685: cc -c -g  conftest.c >&5
configure:3685: $? = 0
configure:3726: result: yes
configure:3743: checking for cc option to accept ISO C89
configure:3806: cc  -c -g -O2  conftest.c >&5
configure:3806: $? = 0
configure:3819: result: none needed
configure:3844: checking whether cc understands -c and -o together
configure:3866: cc -c conftest.c -o conftest2.o
configure:3869: $? = 0
configure:3866: cc -c conftest.c -o conftest2.o
configure:3869: $? = 0
configure:3881: result: yes
configure:3909: checking for style of include used by make
configure:3937: result: GNU
configure:3963: checking dependency style of cc
configure:4074: result: gcc3
configure:4093: checking how to run the C preprocessor
configure:4124: cc -E  conftest.c
configure:4124: $? = 0
configure:4138: cc -E  conftest.c
conftest.c:11:28: fatal error: ac_nonexistent.h: No such file or directory
 #include <ac_nonexistent.h>
                            ^
compilation terminated.
configure:4138: $? = 1
configure: failed program was:
| /* confdefs.h */
| #define PACKAGE_NAME ""
| #define PACKAGE_TARNAME ""
| #define PACKAGE_VERSION ""
| #define PACKAGE_STRING ""
| #define PACKAGE_BUGREPORT ""
| #define PACKAGE_URL ""
| #define PACKAGE "triangulation_libraries"
| #define VERSION " "
| /* end confdefs.h.  */
| #include <ac_nonexistent.h>
configure:4163: result: cc -E
configure:4183: cc -E  conftest.c
configure:4183: $? = 0
configure:4197: cc -E  conftest.c
conftest.c:11:28: fatal error: ac_nonexistent.h: No such file or directory
 #include <ac_nonexistent.h>
                            ^
compilation terminated.
configure:4197: $? = 1
configure: failed program was:
| /* confdefs.h */
| #define PACKAGE_NAME ""
| #define PACKAGE_TARNAME ""
| #define PACKAGE_VERSION ""
| #define PACKAGE_STRING ""
| #define PACKAGE_BUGREPORT ""
| #define PACKAGE_URL ""
| #define PACKAGE "triangulation_libraries"
| #define VERSION " "
| /* end confdefs.h.  */
| #include <ac_nonexistent.h>
configure:4355: checking for CC
configure:4385: result: no
configure:4355: checking for aCC
configure:4385: result: no
configure:4355: checking for cxx
configure:4385: result: no
configure:4355: checking for xlC_r
configure:4385: result: no
configure:4355: checking for c++
configure:4371: found /usr/lib64/ccache/c++
configure:4382: result: c++
configure:4409: checking for C++ compiler version
configure:4418: c++ --version >&5
c++ (GCC) 4.8.5 20150623 (Red Hat 4.8.5-4)
Copyright (C) 2015 Free Software Foundation, Inc.
This is free software; see the source for copying conditions.  There is NO
warranty; not even for MERCHANTABILITY or FITNESS FOR A PARTICULAR PURPOSE.

configure:4429: $? = 0
configure:4418: c++ -v >&5
Using built-in specs.
COLLECT_GCC=/usr/bin/c++
COLLECT_LTO_WRAPPER=/usr/libexec/gcc/x86_64-redhat-linux/4.8.5/lto-wrapper
Target: x86_64-redhat-linux
Configured with: ../configure --prefix=/usr --mandir=/usr/share/man --infodir=/usr/share/info --with-bugurl=http://bugzilla.redhat.com/bugzilla --enable-bootstrap --enable-shared --enable-threads=posix --enable-checking=release --with-system-zlib --enable-__cxa_atexit --disable-libunwind-exceptions --enable-gnu-unique-object --enable-linker-build-id --with-linker-hash-style=gnu --enable-languages=c,c++,objc,obj-c++,java,fortran,ada,go,lto --enable-plugin --enable-initfini-array --disable-libgcj --with-isl=/builddir/build/BUILD/gcc-4.8.5-20150702/obj-x86_64-redhat-linux/isl-install --with-cloog=/builddir/build/BUILD/gcc-4.8.5-20150702/obj-x86_64-redhat-linux/cloog-install --enable-gnu-indirect-function --with-tune=generic --with-arch_32=x86-64 --build=x86_64-redhat-linux
Thread model: posix
gcc version 4.8.5 20150623 (Red Hat 4.8.5-4) (GCC) 
configure:4429: $? = 0
configure:4418: c++ -V >&5
c++: error: unrecognized command line option '-V'
c++: fatal error: no input files
compilation terminated.
configure:4429: $? = 4
configure:4418: c++ -qversion >&5
c++: error: unrecognized command line option '-qversion'
c++: fatal error: no input files
compilation terminated.
configure:4429: $? = 4
configure:4433: checking whether we are using the GNU C++ compiler
configure:4452: c++ -c -std=c++14 -O3 -Wall -Wextra  conftest.cpp >&5
c++: error: unrecognized command line option '-std=c++14'
configure:4452: $? = 1
configure: failed program was:
| /* confdefs.h */
| #define PACKAGE_NAME ""
| #define PACKAGE_TARNAME ""
| #define PACKAGE_VERSION ""
| #define PACKAGE_STRING ""
| #define PACKAGE_BUGREPORT ""
| #define PACKAGE_URL ""
| #define PACKAGE "triangulation_libraries"
| #define VERSION " "
| /* end confdefs.h.  */
| 
| int
| main ()
| {
| #ifndef __GNUC__
|        choke me
| #endif
| 
|   ;
|   return 0;
| }
configure:4461: result: no
configure:4470: checking whether c++ accepts -g
configure:4490: c++ -c -g  conftest.cpp >&5
configure:4490: $? = 0
configure:4531: result: yes
configure:4556: checking dependency style of c++
configure:4667: result: gcc3
configure:4686: checking how to run the C++ preprocessor
configure:4713: c++ -E  conftest.cpp
configure:4713: $? = 0
configure:4727: c++ -E  conftest.cpp
conftest.cpp:11:28: fatal error: ac_nonexistent.h: No such file or directory
 #include <ac_nonexistent.h>
                            ^
compilation terminated.
configure:4727: $? = 1
configure: failed program was:
| /* confdefs.h */
| #define PACKAGE_NAME ""
| #define PACKAGE_TARNAME ""
| #define PACKAGE_VERSION ""
| #define PACKAGE_STRING ""
| #define PACKAGE_BUGREPORT ""
| #define PACKAGE_URL ""
| #define PACKAGE "triangulation_libraries"
| #define VERSION " "
| /* end confdefs.h.  */
| #include <ac_nonexistent.h>
configure:4752: result: c++ -E
configure:4772: c++ -E  conftest.cpp
configure:4772: $? = 0
configure:4786: c++ -E  conftest.cpp
conftest.cpp:11:28: fatal error: ac_nonexistent.h: No such file or directory
 #include <ac_nonexistent.h>
                            ^
compilation terminated.
configure:4786: $? = 1
configure: failed program was:
| /* confdefs.h */
| #define PACKAGE_NAME ""
| #define PACKAGE_TARNAME ""
| #define PACKAGE_VERSION ""
| #define PACKAGE_STRING ""
| #define PACKAGE_BUGREPORT ""
| #define PACKAGE_URL ""
| #define PACKAGE "triangulation_libraries"
| #define VERSION " "
| /* end confdefs.h.  */
| #include <ac_nonexistent.h>
configure:5015: checking for Fortran 77 compiler version
configure:5024: ifort --version >&5
ifort (IFORT) 16.0.3 20160415
Copyright (C) 1985-2016 Intel Corporation.  All rights reserved.

configure:5035: $? = 0
configure:5024: ifort -v >&5
ifort version 16.0.3
configure:5035: $? = 0
configure:5024: ifort -V >&5
Intel(R) Fortran Intel(R) 64 Compiler for applications running on Intel(R) 64, Version 16.0.3.210 Build 20160415
Copyright (C) 1985-2016 Intel Corporation.  All rights reserved.

configure:5035: $? = 0
configure:5024: ifort -qversion >&5
ifort: command line warning #10006: ignoring unknown option '-qversion'
ifort: command line error: no files specified; for help type "ifort -help"
configure:5035: $? = 1
configure:5044: checking whether we are using the GNU Fortran 77 compiler
configure:5057: ifort -c  conftest.F >&5
conftest.F(3): error #5082: Syntax error, found END-OF-STATEMENT when expecting one of: => = . [ % ( :
       choke me
---------------^
compilation aborted for conftest.F (code 1)
configure:5057: $? = 1
configure: failed program was:
|       program main
| #ifndef __GNUC__
|        choke me
| #endif
| 
|       end
configure:5066: result: no
configure:5072: checking whether ifort accepts -g
configure:5083: ifort -c -g conftest.f >&5
configure:5083: $? = 0
configure:5091: result: yes
configure:5202: checking how to get verbose linking output from ifort
configure:5212: ifort -c -O conftest.f >&5
configure:5212: $? = 0
configure:5230: ifort -o conftest -O -v conftest.f
ifort version 16.0.3
/opt/intel/compilers_and_libraries_2016.3.210/linux/bin/intel64/fortcom    -D__INTEL_COMPILER=1600 -D__INTEL_COMPILER_UPDATE=3 -D__unix__ -D__unix -D__linux__ -D__linux -D__gnu_linux__ -Dunix -Dlinux -D__ELF__ -D__x86_64 -D__x86_64__ -D__amd64 -D__amd64__ -D__INTEL_COMPILER_BUILD_DATE=20160415 -D__INTEL_OFFLOAD -D__i686 -D__i686__ -D__pentiumpro -D__pentiumpro__ -D__pentium4 -D__pentium4__ -D__tune_pentium4__ -D__SSE2__ -D__SSE2_MATH__ -D__SSE__ -D__SSE_MATH__ -D__MMX__ -mGLOB_pack_sort_init_list -I. -I/opt/intel/compilers_and_libraries_2016.3.210/linux/ipp/include -I/opt/intel/compilers_and_libraries_2016.3.210/linux/mkl/include -I/opt/intel/compilers_and_libraries_2016.3.210/linux/tbb/include -I/opt/intel/compilers_and_libraries_2016.3.210/linux/daal/include -I/home/grasinge/include -I/opt/intel/compilers_and_libraries_2016.3.210/linux/compiler/include/intel64 -I/opt/intel/compilers_and_libraries_2016.3.210/linux/compiler/include -I/usr/local/include -I/usr/lib/gcc/x86_64-redhat-linux/4.8.5/include -I/usr/include/ -I/usr/include -O2 -simd -offload_host -mGLOB_em64t=TRUE -mP1OPT_version=16.0-intel64 -mGLOB_diag_file=/tmp/ifortoLO7Pk.diag -mGLOB_source_language=GLOB_SOURCE_LANGUAGE_F90 -mP2OPT_static_promotion -mP1OPT_print_version=FALSE -mCG_use_gas_got_workaround=F -mP2OPT_align_option_used=TRUE -mGLOB_gcc_version=485 "-mGLOB_options_string=-o conftest -O -v" -mGLOB_cxx_limited_range=FALSE -mCG_extend_parms=FALSE -mGLOB_compiler_bin_directory=/opt/intel/compilers_and_libraries_2016.3.210/linux/bin/intel64 -mGLOB_as_output_backup_file_name=/tmp/ifort1wgiaVas_.s -mGLOB_dashboard_use_source_name -mIPOPT_activate -mIPOPT_lite -mGLOB_instruction_tuning=0x0 -mGLOB_product_id_code=0x22006d8f -mCG_bnl_movbe=T -mGLOB_extended_instructions=0x8 -mP3OPT_use_mspp_call_convention -mP2OPT_subs_out_of_bound=FALSE -mP2OPT_disam_type_based_disam=2 -mGLOB_ansi_alias -mPGOPTI_value_profile_use=T -mGLOB_opt_report_use_source_name -mP2OPT_il0_array_sections=TRUE -mGLOB_offload_mode=1 -mP2OPT_offload_unique_var_string=ifort0102102837725dHXB2Z -mGLOB_opt_level=2 -mP2OPT_hlo_level=2 -mP2OPT_hlo -mP2OPT_hpo_rtt_control=0 -mIPOPT_args_in_regs=0 -mP2OPT_disam_assume_nonstd_intent_in=FALSE -mGLOB_imf_mapping_library=/opt/intel/compilers_and_libraries_2016.3.210/linux/bin/intel64/libiml_attr.so -mIPOPT_single_file_compile_and_link=TRUE -mPGOPTI_gen_threadsafe_level=0 -mIPOPT_lto_object_enabled -mIPOPT_lto_object_value=1 -mIPOPT_obj_output_file_name=/tmp/ifortoLO7Pk.o -mIPOPT_whole_archive_fixup_file_name=/tmp/ifortwarchkUA7uv -mGLOB_linker_version=2.23.52.0.1 -mGLOB_long_size_64 -mGLOB_routine_pointer_size_64 -mGLOB_driver_tempfile_name=/tmp/iforttempfilenfCEFi -mP3OPT_asm_target=P3OPT_ASM_TARGET_GAS -mGLOB_async_unwind_tables=TRUE -mGLOB_obj_output_file=/tmp/ifortoLO7Pk.o -mGLOB_source_dialect=GLOB_SOURCE_DIALECT_FORTRAN -mP1OPT_source_file_name=conftest.f -mP2OPT_symtab_type_copy=true conftest.f
#include "..." search starts here:
#include <...> search starts here:
 .
 /opt/intel/compilers_and_libraries_2016.3.210/linux/ipp/include
 /opt/intel/compilers_and_libraries_2016.3.210/linux/mkl/include
 /opt/intel/compilers_and_libraries_2016.3.210/linux/tbb/include
 /opt/intel/compilers_and_libraries_2016.3.210/linux/daal/include
 /home/grasinge/include
 /opt/intel/compilers_and_libraries_2016.3.210/linux/compiler/include/intel64
 /opt/intel/compilers_and_libraries_2016.3.210/linux/compiler/include
 /usr/local/include
 /usr/lib/gcc/x86_64-redhat-linux/4.8.5/include
 /usr/include/
 /usr/include
End of search list.
ld    /usr/lib/gcc/x86_64-redhat-linux/4.8.5/../../../../lib64/crt1.o /usr/lib/gcc/x86_64-redhat-linux/4.8.5/../../../../lib64/crti.o /usr/lib/gcc/x86_64-redhat-linux/4.8.5/crtbegin.o --eh-frame-hdr --build-id -dynamic-linker /lib64/ld-linux-x86-64.so.2 -m elf_x86_64 -o conftest /opt/intel/compilers_and_libraries_2016.3.210/linux/compiler/lib/intel64_lin/for_main.o -L/opt/intel/compilers_and_libraries_2016.3.210/linux/ipp/lib/intel64 -L/opt/intel/compilers_and_libraries_2016.3.210/linux/compiler/lib/intel64 -L/opt/intel/compilers_and_libraries_2016.3.210/linux/mkl/lib/intel64 -L/opt/intel/compilers_and_libraries_2016.3.210/linux/tbb/lib/intel64/gcc4.4 -L/opt/intel/debugger_2016/libipt/intel64/lib -L/opt/intel/compilers_and_libraries_2016.3.210/linux/daal/lib/intel64_lin -L/opt/intel/compilers_and_libraries_2016.3.210/linux/tbb/lib/intel64_lin/gcc4.4 -L/opt/intel/compilers_and_libraries_2016.3.210/linux/compiler/lib/intel64_lin -L/opt/intel/compilers_and_libraries_2016.3.210/linux/compiler/lib/intel64_lin -L/usr/lib/gcc/x86_64-redhat-linux/4.8.5/ -L/usr/lib/gcc/x86_64-redhat-linux/4.8.5/../../../../lib64 -L/usr/lib/gcc/x86_64-redhat-linux/4.8.5/../../../../lib64/ -L/lib/../lib64 -L/lib/../lib64/ -L/usr/lib/../lib64 -L/usr/lib/../lib64/ -L/opt/intel/compilers_and_libraries_2016.3.210/linux/ipp/lib/intel64/ -L/opt/intel/compilers_and_libraries_2016.3.210/linux/compiler/lib/intel64/ -L/opt/intel/compilers_and_libraries_2016.3.210/linux/mkl/lib/intel64/ -L/opt/intel/compilers_and_libraries_2016.3.210/linux/tbb/lib/intel64/gcc4.4/ -L/opt/intel/debugger_2016/libipt/intel64/lib/ -L/opt/intel/compilers_and_libraries_2016.3.210/linux/daal/lib/intel64_lin/ -L/opt/intel/compilers_and_libraries_2016.3.210/linux/tbb/lib/intel64_lin/gcc4.4/ -L/opt/intel/compilers_and_libraries_2016.3.210/linux/compiler/lib/intel64_lin/ -L/usr/lib/gcc/x86_64-redhat-linux/4.8.5/../../../ -L/lib64 -L/lib/ -L/usr/lib64 -L/usr/lib /tmp/ifortoLO7Pk.o -Bdynamic -Bstatic -lifport -lifcore -limf -lsvml -Bdynamic -lm -Bstatic -lipgo -lirc -Bdynamic -lpthread -Bstatic -lsvml -Bdynamic -lc -lgcc -lgcc_s -Bstatic -lirc_s -Bdynamic -ldl -lc /usr/lib/gcc/x86_64-redhat-linux/4.8.5/crtend.o /usr/lib/gcc/x86_64-redhat-linux/4.8.5/../../../../lib64/crtn.o
configure:5313: result: -v
configure:5315: checking for Fortran 77 libraries of ifort
configure:5338: ifort -o conftest -O -v conftest.f
ifort version 16.0.3
/opt/intel/compilers_and_libraries_2016.3.210/linux/bin/intel64/fortcom    -D__INTEL_COMPILER=1600 -D__INTEL_COMPILER_UPDATE=3 -D__unix__ -D__unix -D__linux__ -D__linux -D__gnu_linux__ -Dunix -Dlinux -D__ELF__ -D__x86_64 -D__x86_64__ -D__amd64 -D__amd64__ -D__INTEL_COMPILER_BUILD_DATE=20160415 -D__INTEL_OFFLOAD -D__i686 -D__i686__ -D__pentiumpro -D__pentiumpro__ -D__pentium4 -D__pentium4__ -D__tune_pentium4__ -D__SSE2__ -D__SSE2_MATH__ -D__SSE__ -D__SSE_MATH__ -D__MMX__ -mGLOB_pack_sort_init_list -I. -I/opt/intel/compilers_and_libraries_2016.3.210/linux/ipp/include -I/opt/intel/compilers_and_libraries_2016.3.210/linux/mkl/include -I/opt/intel/compilers_and_libraries_2016.3.210/linux/tbb/include -I/opt/intel/compilers_and_libraries_2016.3.210/linux/daal/include -I/home/grasinge/include -I/opt/intel/compilers_and_libraries_2016.3.210/linux/compiler/include/intel64 -I/opt/intel/compilers_and_libraries_2016.3.210/linux/compiler/include -I/usr/local/include -I/usr/lib/gcc/x86_64-redhat-linux/4.8.5/include -I/usr/include/ -I/usr/include -O2 -simd -offload_host -mGLOB_em64t=TRUE -mP1OPT_version=16.0-intel64 -mGLOB_diag_file=/tmp/ifortLrF2FR.diag -mGLOB_source_language=GLOB_SOURCE_LANGUAGE_F90 -mP2OPT_static_promotion -mP1OPT_print_version=FALSE -mCG_use_gas_got_workaround=F -mP2OPT_align_option_used=TRUE -mGLOB_gcc_version=485 "-mGLOB_options_string=-o conftest -O -v" -mGLOB_cxx_limited_range=FALSE -mCG_extend_parms=FALSE -mGLOB_compiler_bin_directory=/opt/intel/compilers_and_libraries_2016.3.210/linux/bin/intel64 -mGLOB_as_output_backup_file_name=/tmp/ifortrC1B0tas_.s -mGLOB_dashboard_use_source_name -mIPOPT_activate -mIPOPT_lite -mGLOB_instruction_tuning=0x0 -mGLOB_product_id_code=0x22006d8f -mCG_bnl_movbe=T -mGLOB_extended_instructions=0x8 -mP3OPT_use_mspp_call_convention -mP2OPT_subs_out_of_bound=FALSE -mP2OPT_disam_type_based_disam=2 -mGLOB_ansi_alias -mPGOPTI_value_profile_use=T -mGLOB_opt_report_use_source_name -mP2OPT_il0_array_sections=TRUE -mGLOB_offload_mode=1 -mP2OPT_offload_unique_var_string=ifort0101506071373qpHIRo -mGLOB_opt_level=2 -mP2OPT_hlo_level=2 -mP2OPT_hlo -mP2OPT_hpo_rtt_control=0 -mIPOPT_args_in_regs=0 -mP2OPT_disam_assume_nonstd_intent_in=FALSE -mGLOB_imf_mapping_library=/opt/intel/compilers_and_libraries_2016.3.210/linux/bin/intel64/libiml_attr.so -mIPOPT_single_file_compile_and_link=TRUE -mPGOPTI_gen_threadsafe_level=0 -mIPOPT_lto_object_enabled -mIPOPT_lto_object_value=1 -mIPOPT_obj_output_file_name=/tmp/ifortLrF2FR.o -mIPOPT_whole_archive_fixup_file_name=/tmp/ifortwarchiEkLl6 -mGLOB_linker_version=2.23.52.0.1 -mGLOB_long_size_64 -mGLOB_routine_pointer_size_64 -mGLOB_driver_tempfile_name=/tmp/iforttempfiled6XqwU -mP3OPT_asm_target=P3OPT_ASM_TARGET_GAS -mGLOB_async_unwind_tables=TRUE -mGLOB_obj_output_file=/tmp/ifortLrF2FR.o -mGLOB_source_dialect=GLOB_SOURCE_DIALECT_FORTRAN -mP1OPT_source_file_name=conftest.f -mP2OPT_symtab_type_copy=true conftest.f
#include "..." search starts here:
#include <...> search starts here:
 .
 /opt/intel/compilers_and_libraries_2016.3.210/linux/ipp/include
 /opt/intel/compilers_and_libraries_2016.3.210/linux/mkl/include
 /opt/intel/compilers_and_libraries_2016.3.210/linux/tbb/include
 /opt/intel/compilers_and_libraries_2016.3.210/linux/daal/include
 /home/grasinge/include
 /opt/intel/compilers_and_libraries_2016.3.210/linux/compiler/include/intel64
 /opt/intel/compilers_and_libraries_2016.3.210/linux/compiler/include
 /usr/local/include
 /usr/lib/gcc/x86_64-redhat-linux/4.8.5/include
 /usr/include/
 /usr/include
End of search list.
ld    /usr/lib/gcc/x86_64-redhat-linux/4.8.5/../../../../lib64/crt1.o /usr/lib/gcc/x86_64-redhat-linux/4.8.5/../../../../lib64/crti.o /usr/lib/gcc/x86_64-redhat-linux/4.8.5/crtbegin.o --eh-frame-hdr --build-id -dynamic-linker /lib64/ld-linux-x86-64.so.2 -m elf_x86_64 -o conftest /opt/intel/compilers_and_libraries_2016.3.210/linux/compiler/lib/intel64_lin/for_main.o -L/opt/intel/compilers_and_libraries_2016.3.210/linux/ipp/lib/intel64 -L/opt/intel/compilers_and_libraries_2016.3.210/linux/compiler/lib/intel64 -L/opt/intel/compilers_and_libraries_2016.3.210/linux/mkl/lib/intel64 -L/opt/intel/compilers_and_libraries_2016.3.210/linux/tbb/lib/intel64/gcc4.4 -L/opt/intel/debugger_2016/libipt/intel64/lib -L/opt/intel/compilers_and_libraries_2016.3.210/linux/daal/lib/intel64_lin -L/opt/intel/compilers_and_libraries_2016.3.210/linux/tbb/lib/intel64_lin/gcc4.4 -L/opt/intel/compilers_and_libraries_2016.3.210/linux/compiler/lib/intel64_lin -L/opt/intel/compilers_and_libraries_2016.3.210/linux/compiler/lib/intel64_lin -L/usr/lib/gcc/x86_64-redhat-linux/4.8.5/ -L/usr/lib/gcc/x86_64-redhat-linux/4.8.5/../../../../lib64 -L/usr/lib/gcc/x86_64-redhat-linux/4.8.5/../../../../lib64/ -L/lib/../lib64 -L/lib/../lib64/ -L/usr/lib/../lib64 -L/usr/lib/../lib64/ -L/opt/intel/compilers_and_libraries_2016.3.210/linux/ipp/lib/intel64/ -L/opt/intel/compilers_and_libraries_2016.3.210/linux/compiler/lib/intel64/ -L/opt/intel/compilers_and_libraries_2016.3.210/linux/mkl/lib/intel64/ -L/opt/intel/compilers_and_libraries_2016.3.210/linux/tbb/lib/intel64/gcc4.4/ -L/opt/intel/debugger_2016/libipt/intel64/lib/ -L/opt/intel/compilers_and_libraries_2016.3.210/linux/daal/lib/intel64_lin/ -L/opt/intel/compilers_and_libraries_2016.3.210/linux/tbb/lib/intel64_lin/gcc4.4/ -L/opt/intel/compilers_and_libraries_2016.3.210/linux/compiler/lib/intel64_lin/ -L/usr/lib/gcc/x86_64-redhat-linux/4.8.5/../../../ -L/lib64 -L/lib/ -L/usr/lib64 -L/usr/lib /tmp/ifortLrF2FR.o -Bdynamic -Bstatic -lifport -lifcore -limf -lsvml -Bdynamic -lm -Bstatic -lipgo -lirc -Bdynamic -lpthread -Bstatic -lsvml -Bdynamic -lc -lgcc -lgcc_s -Bstatic -lirc_s -Bdynamic -ldl -lc /usr/lib/gcc/x86_64-redhat-linux/4.8.5/crtend.o /usr/lib/gcc/x86_64-redhat-linux/4.8.5/../../../../lib64/crtn.o
configure:5534: result:  -L/opt/intel/compilers_and_libraries_2016.3.210/linux/ipp/lib/intel64 -L/opt/intel/compilers_and_libraries_2016.3.210/linux/compiler/lib/intel64 -L/opt/intel/compilers_and_libraries_2016.3.210/linux/mkl/lib/intel64 -L/opt/intel/compilers_and_libraries_2016.3.210/linux/tbb/lib/intel64/gcc4.4 -L/opt/intel/debugger_2016/libipt/intel64/lib -L/opt/intel/compilers_and_libraries_2016.3.210/linux/daal/lib/intel64_lin -L/opt/intel/compilers_and_libraries_2016.3.210/linux/tbb/lib/intel64_lin/gcc4.4 -L/opt/intel/compilers_and_libraries_2016.3.210/linux/compiler/lib/intel64_lin -L/usr/lib/gcc/x86_64-redhat-linux/4.8.5/ -L/usr/lib/gcc/x86_64-redhat-linux/4.8.5/../../../../lib64 -L/usr/lib/gcc/x86_64-redhat-linux/4.8.5/../../../../lib64/ -L/lib/../lib64 -L/lib/../lib64/ -L/usr/lib/../lib64 -L/usr/lib/../lib64/ -L/opt/intel/compilers_and_libraries_2016.3.210/linux/ipp/lib/intel64/ -L/opt/intel/compilers_and_libraries_2016.3.210/linux/compiler/lib/intel64/ -L/opt/intel/compilers_and_libraries_2016.3.210/linux/mkl/lib/intel64/ -L/opt/intel/compilers_and_libraries_2016.3.210/linux/tbb/lib/intel64/gcc4.4/ -L/opt/intel/debugger_2016/libipt/intel64/lib/ -L/opt/intel/compilers_and_libraries_2016.3.210/linux/daal/lib/intel64_lin/ -L/opt/intel/compilers_and_libraries_2016.3.210/linux/tbb/lib/intel64_lin/gcc4.4/ -L/opt/intel/compilers_and_libraries_2016.3.210/linux/compiler/lib/intel64_lin/ -L/usr/lib/gcc/x86_64-redhat-linux/4.8.5/../../../ -L/lib64 -L/lib/ -L/usr/lib64 -L/usr/lib -lifport -lifcore -limf -lsvml -lm -lipgo -lirc -lpthread -lirc_s -ldl
configure:5551: checking for dummy main to link with Fortran 77 libraries
configure:5585: cc -o conftest -O -D__QC_LINUX -D__USE_UNIX98   conftest.c   -L/opt/intel/compilers_and_libraries_2016.3.210/linux/ipp/lib/intel64 -L/opt/intel/compilers_and_libraries_2016.3.210/linux/compiler/lib/intel64 -L/opt/intel/compilers_and_libraries_2016.3.210/linux/mkl/lib/intel64 -L/opt/intel/compilers_and_libraries_2016.3.210/linux/tbb/lib/intel64/gcc4.4 -L/opt/intel/debugger_2016/libipt/intel64/lib -L/opt/intel/compilers_and_libraries_2016.3.210/linux/daal/lib/intel64_lin -L/opt/intel/compilers_and_libraries_2016.3.210/linux/tbb/lib/intel64_lin/gcc4.4 -L/opt/intel/compilers_and_libraries_2016.3.210/linux/compiler/lib/intel64_lin -L/usr/lib/gcc/x86_64-redhat-linux/4.8.5/ -L/usr/lib/gcc/x86_64-redhat-linux/4.8.5/../../../../lib64 -L/usr/lib/gcc/x86_64-redhat-linux/4.8.5/../../../../lib64/ -L/lib/../lib64 -L/lib/../lib64/ -L/usr/lib/../lib64 -L/usr/lib/../lib64/ -L/opt/intel/compilers_and_libraries_2016.3.210/linux/ipp/lib/intel64/ -L/opt/intel/compilers_and_libraries_2016.3.210/linux/compiler/lib/intel64/ -L/opt/intel/compilers_and_libraries_2016.3.210/linux/mkl/lib/intel64/ -L/opt/intel/compilers_and_libraries_2016.3.210/linux/tbb/lib/intel64/gcc4.4/ -L/opt/intel/debugger_2016/libipt/intel64/lib/ -L/opt/intel/compilers_and_libraries_2016.3.210/linux/daal/lib/intel64_lin/ -L/opt/intel/compilers_and_libraries_2016.3.210/linux/tbb/lib/intel64_lin/gcc4.4/ -L/opt/intel/compilers_and_libraries_2016.3.210/linux/compiler/lib/intel64_lin/ -L/usr/lib/gcc/x86_64-redhat-linux/4.8.5/../../../ -L/lib64 -L/lib/ -L/usr/lib64 -L/usr/lib -lifport -lifcore -limf -lsvml -lm -lipgo -lirc -lpthread -lirc_s -ldl >&5
configure:5585: $? = 0
configure:5630: result: none
configure:5663: checking for Fortran 77 name-mangling scheme
configure:5676: ifort -c -O conftest.f >&5
configure:5676: $? = 0
configure:5717: cc -o conftest -O -D__QC_LINUX -D__USE_UNIX98   conftest.c cfortran_test.o   -L/opt/intel/compilers_and_libraries_2016.3.210/linux/ipp/lib/intel64 -L/opt/intel/compilers_and_libraries_2016.3.210/linux/compiler/lib/intel64 -L/opt/intel/compilers_and_libraries_2016.3.210/linux/mkl/lib/intel64 -L/opt/intel/compilers_and_libraries_2016.3.210/linux/tbb/lib/intel64/gcc4.4 -L/opt/intel/debugger_2016/libipt/intel64/lib -L/opt/intel/compilers_and_libraries_2016.3.210/linux/daal/lib/intel64_lin -L/opt/intel/compilers_and_libraries_2016.3.210/linux/tbb/lib/intel64_lin/gcc4.4 -L/opt/intel/compilers_and_libraries_2016.3.210/linux/compiler/lib/intel64_lin -L/usr/lib/gcc/x86_64-redhat-linux/4.8.5/ -L/usr/lib/gcc/x86_64-redhat-linux/4.8.5/../../../../lib64 -L/usr/lib/gcc/x86_64-redhat-linux/4.8.5/../../../../lib64/ -L/lib/../lib64 -L/lib/../lib64/ -L/usr/lib/../lib64 -L/usr/lib/../lib64/ -L/opt/intel/compilers_and_libraries_2016.3.210/linux/ipp/lib/intel64/ -L/opt/intel/compilers_and_libraries_2016.3.210/linux/compiler/lib/intel64/ -L/opt/intel/compilers_and_libraries_2016.3.210/linux/mkl/lib/intel64/ -L/opt/intel/compilers_and_libraries_2016.3.210/linux/tbb/lib/intel64/gcc4.4/ -L/opt/intel/debugger_2016/libipt/intel64/lib/ -L/opt/intel/compilers_and_libraries_2016.3.210/linux/daal/lib/intel64_lin/ -L/opt/intel/compilers_and_libraries_2016.3.210/linux/tbb/lib/intel64_lin/gcc4.4/ -L/opt/intel/compilers_and_libraries_2016.3.210/linux/compiler/lib/intel64_lin/ -L/usr/lib/gcc/x86_64-redhat-linux/4.8.5/../../../ -L/lib64 -L/lib/ -L/usr/lib64 -L/usr/lib -lifport -lifcore -limf -lsvml -lm -lipgo -lirc -lpthread -lirc_s -ldl >&5
/tmp/ccnjZOdQ.o: In function `main':
conftest.c:(.text+0xa): undefined reference to `foobar'
collect2: error: ld returned 1 exit status
configure:5717: $? = 1
configure: failed program was:
| /* confdefs.h */
| #define PACKAGE_NAME ""
| #define PACKAGE_TARNAME ""
| #define PACKAGE_VERSION ""
| #define PACKAGE_STRING ""
| #define PACKAGE_BUGREPORT ""
| #define PACKAGE_URL ""
| #define PACKAGE "triangulation_libraries"
| #define VERSION " "
| /* end confdefs.h.  */
| 
| /* Override any GCC internal prototype to avoid an error.
|    Use char because int might match the return type of a GCC
|    builtin and then its argument prototype would still apply.  */
| #ifdef __cplusplus
| extern "C"
| #endif
| char foobar ();
| #ifdef F77_DUMMY_MAIN
| 
| #  ifdef __cplusplus
|      extern "C"
| #  endif
|    int F77_DUMMY_MAIN() { return 1; }
| 
| #endif
| int
| main ()
| {
| return foobar ();
|   ;
|   return 0;
| }
configure:5717: cc -o conftest -O -D__QC_LINUX -D__USE_UNIX98   conftest.c cfortran_test.o   -L/opt/intel/compilers_and_libraries_2016.3.210/linux/ipp/lib/intel64 -L/opt/intel/compilers_and_libraries_2016.3.210/linux/compiler/lib/intel64 -L/opt/intel/compilers_and_libraries_2016.3.210/linux/mkl/lib/intel64 -L/opt/intel/compilers_and_libraries_2016.3.210/linux/tbb/lib/intel64/gcc4.4 -L/opt/intel/debugger_2016/libipt/intel64/lib -L/opt/intel/compilers_and_libraries_2016.3.210/linux/daal/lib/intel64_lin -L/opt/intel/compilers_and_libraries_2016.3.210/linux/tbb/lib/intel64_lin/gcc4.4 -L/opt/intel/compilers_and_libraries_2016.3.210/linux/compiler/lib/intel64_lin -L/usr/lib/gcc/x86_64-redhat-linux/4.8.5/ -L/usr/lib/gcc/x86_64-redhat-linux/4.8.5/../../../../lib64 -L/usr/lib/gcc/x86_64-redhat-linux/4.8.5/../../../../lib64/ -L/lib/../lib64 -L/lib/../lib64/ -L/usr/lib/../lib64 -L/usr/lib/../lib64/ -L/opt/intel/compilers_and_libraries_2016.3.210/linux/ipp/lib/intel64/ -L/opt/intel/compilers_and_libraries_2016.3.210/linux/compiler/lib/intel64/ -L/opt/intel/compilers_and_libraries_2016.3.210/linux/mkl/lib/intel64/ -L/opt/intel/compilers_and_libraries_2016.3.210/linux/tbb/lib/intel64/gcc4.4/ -L/opt/intel/debugger_2016/libipt/intel64/lib/ -L/opt/intel/compilers_and_libraries_2016.3.210/linux/daal/lib/intel64_lin/ -L/opt/intel/compilers_and_libraries_2016.3.210/linux/tbb/lib/intel64_lin/gcc4.4/ -L/opt/intel/compilers_and_libraries_2016.3.210/linux/compiler/lib/intel64_lin/ -L/usr/lib/gcc/x86_64-redhat-linux/4.8.5/../../../ -L/lib64 -L/lib/ -L/usr/lib64 -L/usr/lib -lifport -lifcore -limf -lsvml -lm -lipgo -lirc -lpthread -lirc_s -ldl >&5
configure:5717: $? = 0
configure:5775: cc -o conftest -O -D__QC_LINUX -D__USE_UNIX98   conftest.c cfortran_test.o   -L/opt/intel/compilers_and_libraries_2016.3.210/linux/ipp/lib/intel64 -L/opt/intel/compilers_and_libraries_2016.3.210/linux/compiler/lib/intel64 -L/opt/intel/compilers_and_libraries_2016.3.210/linux/mkl/lib/intel64 -L/opt/intel/compilers_and_libraries_2016.3.210/linux/tbb/lib/intel64/gcc4.4 -L/opt/intel/debugger_2016/libipt/intel64/lib -L/opt/intel/compilers_and_libraries_2016.3.210/linux/daal/lib/intel64_lin -L/opt/intel/compilers_and_libraries_2016.3.210/linux/tbb/lib/intel64_lin/gcc4.4 -L/opt/intel/compilers_and_libraries_2016.3.210/linux/compiler/lib/intel64_lin -L/usr/lib/gcc/x86_64-redhat-linux/4.8.5/ -L/usr/lib/gcc/x86_64-redhat-linux/4.8.5/../../../../lib64 -L/usr/lib/gcc/x86_64-redhat-linux/4.8.5/../../../../lib64/ -L/lib/../lib64 -L/lib/../lib64/ -L/usr/lib/../lib64 -L/usr/lib/../lib64/ -L/opt/intel/compilers_and_libraries_2016.3.210/linux/ipp/lib/intel64/ -L/opt/intel/compilers_and_libraries_2016.3.210/linux/compiler/lib/intel64/ -L/opt/intel/compilers_and_libraries_2016.3.210/linux/mkl/lib/intel64/ -L/opt/intel/compilers_and_libraries_2016.3.210/linux/tbb/lib/intel64/gcc4.4/ -L/opt/intel/debugger_2016/libipt/intel64/lib/ -L/opt/intel/compilers_and_libraries_2016.3.210/linux/daal/lib/intel64_lin/ -L/opt/intel/compilers_and_libraries_2016.3.210/linux/tbb/lib/intel64_lin/gcc4.4/ -L/opt/intel/compilers_and_libraries_2016.3.210/linux/compiler/lib/intel64_lin/ -L/usr/lib/gcc/x86_64-redhat-linux/4.8.5/../../../ -L/lib64 -L/lib/ -L/usr/lib64 -L/usr/lib -lifport -lifcore -limf -lsvml -lm -lipgo -lirc -lpthread -lirc_s -ldl >&5
configure:5775: $? = 0
configure:5817: result: lower case, underscore, no extra underscore
configure:5932: checking for gcc
configure:5959: result: cc
configure:6188: checking for C compiler version
configure:6197: cc --version >&5
cc (GCC) 4.8.5 20150623 (Red Hat 4.8.5-4)
Copyright (C) 2015 Free Software Foundation, Inc.
This is free software; see the source for copying conditions.  There is NO
warranty; not even for MERCHANTABILITY or FITNESS FOR A PARTICULAR PURPOSE.

configure:6208: $? = 0
configure:6197: cc -v >&5
Using built-in specs.
COLLECT_GCC=/usr/bin/cc
COLLECT_LTO_WRAPPER=/usr/libexec/gcc/x86_64-redhat-linux/4.8.5/lto-wrapper
Target: x86_64-redhat-linux
Configured with: ../configure --prefix=/usr --mandir=/usr/share/man --infodir=/usr/share/info --with-bugurl=http://bugzilla.redhat.com/bugzilla --enable-bootstrap --enable-shared --enable-threads=posix --enable-checking=release --with-system-zlib --enable-__cxa_atexit --disable-libunwind-exceptions --enable-gnu-unique-object --enable-linker-build-id --with-linker-hash-style=gnu --enable-languages=c,c++,objc,obj-c++,java,fortran,ada,go,lto --enable-plugin --enable-initfini-array --disable-libgcj --with-isl=/builddir/build/BUILD/gcc-4.8.5-20150702/obj-x86_64-redhat-linux/isl-install --with-cloog=/builddir/build/BUILD/gcc-4.8.5-20150702/obj-x86_64-redhat-linux/cloog-install --enable-gnu-indirect-function --with-tune=generic --with-arch_32=x86-64 --build=x86_64-redhat-linux
Thread model: posix
gcc version 4.8.5 20150623 (Red Hat 4.8.5-4) (GCC) 
configure:6208: $? = 0
configure:6197: cc -V >&5
cc: error: unrecognized command line option '-V'
cc: fatal error: no input files
compilation terminated.
configure:6208: $? = 4
configure:6197: cc -qversion >&5
cc: error: unrecognized command line option '-qversion'
cc: fatal error: no input files
compilation terminated.
configure:6208: $? = 4
configure:6212: checking whether we are using the GNU C compiler
configure:6248: result: yes
configure:6257: checking whether cc accepts -g
configure:6342: result: yes
configure:6359: checking for cc option to accept ISO C89
configure:6443: result: none needed
configure:6468: checking whether cc understands -c and -o together
configure:6513: result: yes
configure:6532: checking dependency style of cc
configure:6643: result: gcc3
configure:6764: checking for Fortran 77 compiler version
configure:6773: ifort --version >&5
ifort (IFORT) 16.0.3 20160415
Copyright (C) 1985-2016 Intel Corporation.  All rights reserved.

configure:6784: $? = 0
configure:6773: ifort -v >&5
ifort version 16.0.3
configure:6784: $? = 0
configure:6773: ifort -V >&5
Intel(R) Fortran Intel(R) 64 Compiler for applications running on Intel(R) 64, Version 16.0.3.210 Build 20160415
Copyright (C) 1985-2016 Intel Corporation.  All rights reserved.

configure:6784: $? = 0
configure:6773: ifort -qversion >&5
ifort: command line warning #10006: ignoring unknown option '-qversion'
ifort: command line error: no files specified; for help type "ifort -help"
configure:6784: $? = 1
configure:6793: checking whether we are using the GNU Fortran 77 compiler
configure:6815: result: no
configure:6821: checking whether ifort accepts -g
configure:6840: result: yes
configure:6915: checking how to print strings
configure:6942: result: printf
configure:6963: checking for a sed that does not truncate output
configure:7027: result: /usr/bin/sed
configure:7045: checking for grep that handles long lines and -e
configure:7103: result: /usr/bin/grep
configure:7108: checking for egrep
configure:7170: result: /usr/bin/grep -E
configure:7175: checking for fgrep
configure:7237: result: /usr/bin/grep -F
configure:7272: checking for ld used by cc
configure:7339: result: /usr/bin/ld
configure:7346: checking if the linker (/usr/bin/ld) is GNU ld
configure:7361: result: yes
configure:7373: checking for BSD- or MS-compatible name lister (nm)
configure:7427: result: /usr/bin/nm -B
configure:7557: checking the name lister (/usr/bin/nm -B) interface
configure:7564: cc -c -O -D__QC_LINUX -D__USE_UNIX98  conftest.c >&5
configure:7567: /usr/bin/nm -B "conftest.o"
configure:7570: output
0000000000000000 B some_variable
configure:7577: result: BSD nm
configure:7580: checking whether ln -s works
configure:7584: result: yes
configure:7592: checking the maximum length of command line arguments
configure:7723: result: 201326592
configure:7771: checking how to convert x86_64-pc-linux-gnu file names to x86_64-pc-linux-gnu format
configure:7811: result: func_convert_file_noop
configure:7818: checking how to convert x86_64-pc-linux-gnu file names to toolchain format
configure:7838: result: func_convert_file_noop
configure:7845: checking for /usr/bin/ld option to reload object files
configure:7852: result: -r
configure:7926: checking for objdump
configure:7942: found /usr/bin/objdump
configure:7953: result: objdump
configure:7985: checking how to recognize dependent libraries
configure:8185: result: pass_all
configure:8270: checking for dlltool
configure:8300: result: no
configure:8330: checking how to associate runtime and link libraries
configure:8357: result: printf %s\n
configure:8481: checking for archiver @FILE support
configure:8506: cc -c -O -D__QC_LINUX -D__USE_UNIX98  conftest.c >&5
configure:8506: $? = 0
configure:8509: ar cru libconftest.a @conftest.lst >&5
configure:8512: $? = 0
configure:8517: ar cru libconftest.a @conftest.lst >&5
ar: conftest.o: No such file or directory
configure:8520: $? = 1
configure:8532: result: @
configure:8590: checking for strip
configure:8606: found /usr/bin/strip
configure:8617: result: strip
configure:8689: checking for ranlib
configure:8705: found /usr/bin/ranlib
configure:8716: result: ranlib
configure:8818: checking command to parse /usr/bin/nm -B output from cc object
configure:8971: cc -c -O -D__QC_LINUX -D__USE_UNIX98  conftest.c >&5
configure:8974: $? = 0
configure:8978: /usr/bin/nm -B conftest.o \| sed -n -e 's/^.*[ ]\([ABCDGIRSTW][ABCDGIRSTW]*\)[ ][ ]*\([_A-Za-z][_A-Za-z0-9]*\)$/\1 \2 \2/p' | sed '/ __gnu_lto/d' \> conftest.nm
configure:8981: $? = 0
configure:9047: cc -o conftest -O -D__QC_LINUX -D__USE_UNIX98   conftest.c conftstm.o >&5
configure:9050: $? = 0
configure:9088: result: ok
configure:9135: checking for sysroot
configure:9165: result: no
configure:9172: checking for a working dd
configure:9210: result: /usr/bin/dd
configure:9214: checking how to truncate binary pipes
configure:9229: result: /usr/bin/dd bs=4096 count=1
configure:9365: cc -c -O -D__QC_LINUX -D__USE_UNIX98  conftest.c >&5
configure:9368: $? = 0
configure:9566: checking for mt
configure:9596: result: no
configure:9616: checking if : is a manifest tool
configure:9622: : '-?'
configure:9630: result: no
configure:10311: checking for ANSI C header files
configure:10339: cc -c -O -D__QC_LINUX -D__USE_UNIX98  conftest.c >&5
configure:10339: $? = 0
configure:10412: cc -o conftest -O -D__QC_LINUX -D__USE_UNIX98   conftest.c  >&5
configure:10412: $? = 0
configure:10412: ./conftest
configure:10412: $? = 0
configure:10423: result: yes
configure:10436: checking for sys/types.h
configure:10436: cc -c -O -D__QC_LINUX -D__USE_UNIX98  conftest.c >&5
configure:10436: $? = 0
configure:10436: result: yes
configure:10436: checking for sys/stat.h
configure:10436: cc -c -O -D__QC_LINUX -D__USE_UNIX98  conftest.c >&5
configure:10436: $? = 0
configure:10436: result: yes
configure:10436: checking for stdlib.h
configure:10436: cc -c -O -D__QC_LINUX -D__USE_UNIX98  conftest.c >&5
configure:10436: $? = 0
configure:10436: result: yes
configure:10436: checking for string.h
configure:10436: cc -c -O -D__QC_LINUX -D__USE_UNIX98  conftest.c >&5
configure:10436: $? = 0
configure:10436: result: yes
configure:10436: checking for memory.h
configure:10436: cc -c -O -D__QC_LINUX -D__USE_UNIX98  conftest.c >&5
configure:10436: $? = 0
configure:10436: result: yes
configure:10436: checking for strings.h
configure:10436: cc -c -O -D__QC_LINUX -D__USE_UNIX98  conftest.c >&5
configure:10436: $? = 0
configure:10436: result: yes
configure:10436: checking for inttypes.h
configure:10436: cc -c -O -D__QC_LINUX -D__USE_UNIX98  conftest.c >&5
configure:10436: $? = 0
configure:10436: result: yes
configure:10436: checking for stdint.h
configure:10436: cc -c -O -D__QC_LINUX -D__USE_UNIX98  conftest.c >&5
configure:10436: $? = 0
configure:10436: result: yes
configure:10436: checking for unistd.h
configure:10436: cc -c -O -D__QC_LINUX -D__USE_UNIX98  conftest.c >&5
configure:10436: $? = 0
configure:10436: result: yes
configure:10450: checking for dlfcn.h
configure:10450: cc -c -O -D__QC_LINUX -D__USE_UNIX98  conftest.c >&5
configure:10450: $? = 0
configure:10450: result: yes
configure:10687: checking for objdir
configure:10702: result: .libs
configure:10962: checking if cc supports -fno-rtti -fno-exceptions
configure:10980: cc -c -O -D__QC_LINUX -D__USE_UNIX98  -fno-rtti -fno-exceptions conftest.c >&5
cc1: warning: command line option '-fno-rtti' is valid for C++/ObjC++ but not for C [enabled by default]
cc1: warning: command line option '-fno-rtti' is valid for C++/ObjC++ but not for C [enabled by default]
configure:10984: $? = 0
configure:10997: result: no
configure:11355: checking for cc option to produce PIC
configure:11362: result: -fPIC -DPIC
configure:11370: checking if cc PIC flag -fPIC -DPIC works
configure:11388: cc -c -O -D__QC_LINUX -D__USE_UNIX98  -fPIC -DPIC -DPIC conftest.c >&5
configure:11392: $? = 0
configure:11405: result: yes
configure:11434: checking if cc static flag -static works
configure:11462: result: yes
configure:11477: checking if cc supports -c -o file.o
configure:11498: cc -c -O -D__QC_LINUX -D__USE_UNIX98  -o out/conftest2.o conftest.c >&5
configure:11502: $? = 0
configure:11524: result: yes
configure:11532: checking if cc supports -c -o file.o
configure:11579: result: yes
configure:11612: checking whether the cc linker (/usr/bin/ld -m elf_x86_64) supports shared libraries
configure:12891: result: yes
configure:13131: checking dynamic linker characteristics
configure:13720: cc -o conftest -O -D__QC_LINUX -D__USE_UNIX98   -Wl,-rpath -Wl,/foo conftest.c  >&5
configure:13720: $? = 0
configure:13969: result: GNU/Linux ld.so
configure:14091: checking how to hardcode library paths into programs
configure:14116: result: immediate
configure:14704: checking whether stripping libraries is possible
configure:14709: result: yes
configure:14744: checking if libtool supports shared libraries
configure:14746: result: yes
configure:14749: checking whether to build shared libraries
configure:14774: result: no
configure:14777: checking whether to build static libraries
configure:14781: result: yes
configure:14804: checking how to run the C++ preprocessor
configure:14870: result: c++ -E
configure:14890: c++ -E  conftest.cpp
configure:14890: $? = 0
configure:14904: c++ -E  conftest.cpp
conftest.cpp:25:28: fatal error: ac_nonexistent.h: No such file or directory
 #include <ac_nonexistent.h>
                            ^
compilation terminated.
configure:14904: $? = 1
configure: failed program was:
| /* confdefs.h */
| #define PACKAGE_NAME ""
| #define PACKAGE_TARNAME ""
| #define PACKAGE_VERSION ""
| #define PACKAGE_STRING ""
| #define PACKAGE_BUGREPORT ""
| #define PACKAGE_URL ""
| #define PACKAGE "triangulation_libraries"
| #define VERSION " "
| #define F77_FUNC(name,NAME) name ## _
| #define F77_FUNC_(name,NAME) name ## _
| #define STDC_HEADERS 1
| #define HAVE_SYS_TYPES_H 1
| #define HAVE_SYS_STAT_H 1
| #define HAVE_STDLIB_H 1
| #define HAVE_STRING_H 1
| #define HAVE_MEMORY_H 1
| #define HAVE_STRINGS_H 1
| #define HAVE_INTTYPES_H 1
| #define HAVE_STDINT_H 1
| #define HAVE_UNISTD_H 1
| #define HAVE_DLFCN_H 1
| #define LT_OBJDIR ".libs/"
| /* end confdefs.h.  */
| #include <ac_nonexistent.h>
configure:15210: checking whether the c++ linker (/usr/bin/ld -m elf_x86_64) supports shared libraries
configure:16299: result: yes
configure:16335: c++ -c -O -D__QC_LINUX -D__USE_UNIX98  conftest.cpp >&5
configure:16338: $? = 0
configure:16819: checking for c++ option to produce PIC
configure:16826: result:  -DPIC
configure:16834: checking if c++ PIC flag  -DPIC works
configure:16852: c++ -c -O -D__QC_LINUX -D__USE_UNIX98   -DPIC -DPIC conftest.cpp >&5
configure:16856: $? = 0
configure:16869: result: yes
configure:16892: checking if c++ static flag  works
configure:16920: result: yes
configure:16932: checking if c++ supports -c -o file.o
configure:16953: c++ -c -O -D__QC_LINUX -D__USE_UNIX98  -o out/conftest2.o conftest.cpp >&5
configure:16957: $? = 0
configure:16979: result: yes
configure:16984: checking if c++ supports -c -o file.o
configure:17031: result: yes
configure:17061: checking whether the c++ linker (/usr/bin/ld -m elf_x86_64) supports shared libraries
configure:17104: result: yes
configure:17245: checking dynamic linker characteristics
configure:18010: result: GNU/Linux ld.so
configure:18075: checking how to hardcode library paths into programs
configure:18100: result: unsupported
configure:18241: checking if libtool supports shared libraries
configure:18243: result: yes
configure:18246: checking whether to build shared libraries
configure:18270: result: no
configure:18273: checking whether to build static libraries
configure:18277: result: yes
configure:18629: checking for ifort option to produce PIC
configure:18636: result: -fPIC
configure:18644: checking if ifort PIC flag -fPIC works
configure:18662: ifort -c -O -fPIC conftest.f >&5
configure:18666: $? = 0
configure:18679: result: yes
configure:18702: checking if ifort static flag -static works
/usr/lib/gcc/x86_64-redhat-linux/4.8.5/../../../../lib64/libpthread.a(libpthread.o): In function `sem_open':
(.text+0x682b): warning: the use of `mktemp' is dangerous, better use `mkstemp'
configure:18730: result: no
configure:18742: checking if ifort supports -c -o file.o
configure:18763: ifort -c -O -o out/conftest2.o conftest.f >&5
configure:18767: $? = 0
configure:18789: result: yes
configure:18794: checking if ifort supports -c -o file.o
configure:18841: result: yes
configure:18871: checking whether the ifort linker (/usr/bin/ld -m elf_x86_64) supports shared libraries
configure:20084: result: yes
configure:20225: checking dynamic linker characteristics
configure:20976: result: GNU/Linux ld.so
configure:21041: checking how to hardcode library paths into programs
configure:21066: result: immediate
configure:21238: checking that generated files are newer than configure
configure:21244: result: done
configure:21279: creating ./config.status

## ---------------------- ##
## Running config.status. ##
## ---------------------- ##

This file was extended by config.status, which was
generated by GNU Autoconf 2.69.  Invocation command line was

  CONFIG_FILES    = 
  CONFIG_HEADERS  = 
  CONFIG_LINKS    = 
  CONFIG_COMMANDS = 
  $ ./config.status 

on br006.pvt.bridges.psc.edu

config.status:1223: creating Makefile
config.status:1223: creating config.h
config.status:1389: config.h is unchanged
config.status:1437: executing depfiles commands
config.status:1437: executing libtool commands
configure:23992: === configuring in geompack (/home/grasinge/Dev/qc/QuasiSRC/triangulation_server/geompack)
configure:24055: running /bin/sh /home/grasinge/Dev/qc/QuasiSRC/triangulation_server/geompack/configure --disable-option-checking '--prefix=/usr/local'  'CXXFLAGS=-std=c++14 -O3 -Wall -Wextra' 'F77=ifort' --cache-file=/dev/null --srcdir=/home/grasinge/Dev/qc/QuasiSRC/triangulation_server/geompack
configure:23992: === configuring in src (/home/grasinge/Dev/qc/QuasiSRC/triangulation_server/src)
configure:24055: running /bin/sh /home/grasinge/Dev/qc/QuasiSRC/triangulation_server/src/configure --disable-option-checking '--prefix=/usr/local'  'CXXFLAGS=-std=c++14 -O3 -Wall -Wextra' 'F77=ifort' --cache-file=/dev/null --srcdir=/home/grasinge/Dev/qc/QuasiSRC/triangulation_server/src

## ---------------- ##
## Cache variables. ##
## ---------------- ##

ac_cv_build=x86_64-pc-linux-gnu
ac_cv_c_compiler_gnu=yes
ac_cv_cxx_compiler_gnu=no
ac_cv_env_CCC_set=
ac_cv_env_CCC_value=
ac_cv_env_CC_set=
ac_cv_env_CC_value=
ac_cv_env_CFLAGS_set=
ac_cv_env_CFLAGS_value=
ac_cv_env_CPPFLAGS_set=
ac_cv_env_CPPFLAGS_value=
ac_cv_env_CPP_set=
ac_cv_env_CPP_value=
ac_cv_env_CXXCPP_set=
ac_cv_env_CXXCPP_value=
ac_cv_env_CXXFLAGS_set=set
ac_cv_env_CXXFLAGS_value='-std=c++14 -O3 -Wall -Wextra'
ac_cv_env_CXX_set=
ac_cv_env_CXX_value=
ac_cv_env_F77_set=set
ac_cv_env_F77_value=ifort
ac_cv_env_FFLAGS_set=
ac_cv_env_FFLAGS_value=
ac_cv_env_LDFLAGS_set=
ac_cv_env_LDFLAGS_value=
ac_cv_env_LIBS_set=
ac_cv_env_LIBS_value=
ac_cv_env_LT_SYS_LIBRARY_PATH_set=
ac_cv_env_LT_SYS_LIBRARY_PATH_value=
ac_cv_env_build_alias_set=
ac_cv_env_build_alias_value=
ac_cv_env_host_alias_set=
ac_cv_env_host_alias_value=
ac_cv_env_target_alias_set=
ac_cv_env_target_alias_value=
ac_cv_f77_compiler_gnu=no
ac_cv_f77_dummy_main=none
ac_cv_f77_libs=' -L/opt/intel/compilers_and_libraries_2016.3.210/linux/ipp/lib/intel64 -L/opt/intel/compilers_and_libraries_2016.3.210/linux/compiler/lib/intel64 -L/opt/intel/compilers_and_libraries_2016.3.210/linux/mkl/lib/intel64 -L/opt/intel/compilers_and_libraries_2016.3.210/linux/tbb/lib/intel64/gcc4.4 -L/opt/intel/debugger_2016/libipt/intel64/lib -L/opt/intel/compilers_and_libraries_2016.3.210/linux/daal/lib/intel64_lin -L/opt/intel/compilers_and_libraries_2016.3.210/linux/tbb/lib/intel64_lin/gcc4.4 -L/opt/intel/compilers_and_libraries_2016.3.210/linux/compiler/lib/intel64_lin -L/usr/lib/gcc/x86_64-redhat-linux/4.8.5/ -L/usr/lib/gcc/x86_64-redhat-linux/4.8.5/../../../../lib64 -L/usr/lib/gcc/x86_64-redhat-linux/4.8.5/../../../../lib64/ -L/lib/../lib64 -L/lib/../lib64/ -L/usr/lib/../lib64 -L/usr/lib/../lib64/ -L/opt/intel/compilers_and_libraries_2016.3.210/linux/ipp/lib/intel64/ -L/opt/intel/compilers_and_libraries_2016.3.210/linux/compiler/lib/intel64/ -L/opt/intel/compilers_and_libraries_2016.3.210/linux/mkl/lib/intel64/ -L/opt/intel/compilers_and_libraries_2016.3.210/linux/tbb/lib/intel64/gcc4.4/ -L/opt/intel/debugger_2016/libipt/intel64/lib/ -L/opt/intel/compilers_and_libraries_2016.3.210/linux/daal/lib/intel64_lin/ -L/opt/intel/compilers_and_libraries_2016.3.210/linux/tbb/lib/intel64_lin/gcc4.4/ -L/opt/intel/compilers_and_libraries_2016.3.210/linux/compiler/lib/intel64_lin/ -L/usr/lib/gcc/x86_64-redhat-linux/4.8.5/../../../ -L/lib64 -L/lib/ -L/usr/lib64 -L/usr/lib -lifport -lifcore -limf -lsvml -lm -lipgo -lirc -lpthread -lirc_s -ldl'
ac_cv_f77_mangling='lower case, underscore, no extra underscore'
ac_cv_fortran_dummy_main=none
ac_cv_header_dlfcn_h=yes
ac_cv_header_inttypes_h=yes
ac_cv_header_memory_h=yes
ac_cv_header_stdc=yes
ac_cv_header_stdint_h=yes
ac_cv_header_stdlib_h=yes
ac_cv_header_string_h=yes
ac_cv_header_strings_h=yes
ac_cv_header_sys_stat_h=yes
ac_cv_header_sys_types_h=yes
ac_cv_header_unistd_h=yes
ac_cv_host=x86_64-pc-linux-gnu
ac_cv_objext=o
ac_cv_path_EGREP='/usr/bin/grep -E'
ac_cv_path_FGREP='/usr/bin/grep -F'
ac_cv_path_GREP=/usr/bin/grep
ac_cv_path_SED=/usr/bin/sed
ac_cv_path_install='/usr/bin/install -c'
ac_cv_path_lt_DD=/usr/bin/dd
ac_cv_path_mkdir=/usr/bin/mkdir
ac_cv_prog_AWK=gawk
ac_cv_prog_CPP='cc -E'
ac_cv_prog_CXXCPP='c++ -E'
ac_cv_prog_ac_ct_CC=cc
ac_cv_prog_ac_ct_CXX=c++
ac_cv_prog_ac_ct_OBJDUMP=objdump
ac_cv_prog_ac_ct_RANLIB=ranlib
ac_cv_prog_ac_ct_STRIP=strip
ac_cv_prog_cc_c89=
ac_cv_prog_cc_g=yes
ac_cv_prog_cxx_g=yes
ac_cv_prog_f77_g=yes
ac_cv_prog_f77_v=-v
ac_cv_prog_make_make_set=yes
am_cv_CC_dependencies_compiler_type=gcc3
am_cv_CXX_dependencies_compiler_type=gcc3
am_cv_make_support_nested_variables=yes
am_cv_prog_cc_c_o=yes
lt_cv_ar_at_file=@
lt_cv_deplibs_check_method=pass_all
lt_cv_file_magic_cmd='$MAGIC_CMD'
lt_cv_file_magic_test_file=
lt_cv_ld_reload_flag=-r
lt_cv_nm_interface='BSD nm'
lt_cv_objdir=.libs
lt_cv_path_LD=/usr/bin/ld
lt_cv_path_LDCXX=
lt_cv_path_NM='/usr/bin/nm -B'
lt_cv_path_mainfest_tool=no
lt_cv_prog_compiler_c_o=yes
lt_cv_prog_compiler_c_o_CXX=yes
lt_cv_prog_compiler_c_o_F77=yes
lt_cv_prog_compiler_pic='-fPIC -DPIC'
lt_cv_prog_compiler_pic_CXX=' -DPIC'
lt_cv_prog_compiler_pic_F77=-fPIC
lt_cv_prog_compiler_pic_works=yes
lt_cv_prog_compiler_pic_works_CXX=yes
lt_cv_prog_compiler_pic_works_F77=yes
lt_cv_prog_compiler_rtti_exceptions=no
lt_cv_prog_compiler_static_works=yes
lt_cv_prog_compiler_static_works_CXX=yes
lt_cv_prog_compiler_static_works_F77=no
lt_cv_prog_gnu_ld=yes
lt_cv_prog_gnu_ldcxx=
lt_cv_sharedlib_from_linklib_cmd='printf %s\n'
lt_cv_shlibpath_overrides_runpath=no
lt_cv_sys_global_symbol_pipe='sed -n -e '\''s/^.*[	 ]\([ABCDGIRSTW][ABCDGIRSTW]*\)[	 ][	 ]*\([_A-Za-z][_A-Za-z0-9]*\)$/\1 \2 \2/p'\'' | sed '\''/ __gnu_lto/d'\'''
lt_cv_sys_global_symbol_to_c_name_address='sed -n -e '\''s/^: \(.*\) .*$/  {"\1", (void *) 0},/p'\'' -e '\''s/^[ABCDGIRSTW][ABCDGIRSTW]* .* \(.*\)$/  {"\1", (void *) \&\1},/p'\'''
lt_cv_sys_global_symbol_to_c_name_address_lib_prefix='sed -n -e '\''s/^: \(.*\) .*$/  {"\1", (void *) 0},/p'\'' -e '\''s/^[ABCDGIRSTW][ABCDGIRSTW]* .* \(lib.*\)$/  {"\1", (void *) \&\1},/p'\'' -e '\''s/^[ABCDGIRSTW][ABCDGIRSTW]* .* \(.*\)$/  {"lib\1", (void *) \&\1},/p'\'''
lt_cv_sys_global_symbol_to_cdecl='sed -n -e '\''s/^T .* \(.*\)$/extern int \1();/p'\'' -e '\''s/^[ABCDGIRSTW][ABCDGIRSTW]* .* \(.*\)$/extern char \1;/p'\'''
lt_cv_sys_global_symbol_to_import=
lt_cv_sys_max_cmd_len=201326592
lt_cv_to_host_file_cmd=func_convert_file_noop
lt_cv_to_tool_file_cmd=func_convert_file_noop
lt_cv_truncate_bin='/usr/bin/dd bs=4096 count=1'

## ----------------- ##
## Output variables. ##
## ----------------- ##

ACLOCAL='${SHELL} /home/grasinge/Dev/qc/QuasiSRC/bin/missing aclocal-1.15'
AMDEPBACKSLASH='\'
AMDEP_FALSE='#'
AMDEP_TRUE=''
AMTAR='$${TAR-tar}'
AM_BACKSLASH='\'
AM_DEFAULT_V='$(AM_DEFAULT_VERBOSITY)'
AM_DEFAULT_VERBOSITY='1'
AM_V='$(V)'
AR='ar'
AR_FLAGS='cru'
AUTOCONF='${SHELL} /home/grasinge/Dev/qc/QuasiSRC/bin/missing autoconf'
AUTOHEADER='${SHELL} /home/grasinge/Dev/qc/QuasiSRC/bin/missing autoheader'
AUTOMAKE='${SHELL} /home/grasinge/Dev/qc/QuasiSRC/bin/missing automake-1.15'
AWK='gawk'
CC='cc'
CCDEPMODE='depmode=gcc3'
CFLAGS='-O -D__QC_LINUX -D__USE_UNIX98'
CPP='cc -E'
CPPFLAGS=''
CXX='c++'
CXXCPP='c++ -E'
CXXDEPMODE='depmode=gcc3'
CXXFLAGS='-O -D__QC_LINUX -D__USE_UNIX98'
CYGPATH_W='echo'
DEFS='-DHAVE_CONFIG_H'
DEPDIR='.deps'
DLLTOOL='false'
DSYMUTIL=''
DUMPBIN=''
ECHO_C=''
ECHO_N='-n'
ECHO_T=''
EGREP='/usr/bin/grep -E'
EXEEXT=''
F77='ifort'
FFLAGS='-O'
FGREP='/usr/bin/grep -F'
FLIBS=' -L/opt/intel/compilers_and_libraries_2016.3.210/linux/ipp/lib/intel64 -L/opt/intel/compilers_and_libraries_2016.3.210/linux/compiler/lib/intel64 -L/opt/intel/compilers_and_libraries_2016.3.210/linux/mkl/lib/intel64 -L/opt/intel/compilers_and_libraries_2016.3.210/linux/tbb/lib/intel64/gcc4.4 -L/opt/intel/debugger_2016/libipt/intel64/lib -L/opt/intel/compilers_and_libraries_2016.3.210/linux/daal/lib/intel64_lin -L/opt/intel/compilers_and_libraries_2016.3.210/linux/tbb/lib/intel64_lin/gcc4.4 -L/opt/intel/compilers_and_libraries_2016.3.210/linux/compiler/lib/intel64_lin -L/usr/lib/gcc/x86_64-redhat-linux/4.8.5/ -L/usr/lib/gcc/x86_64-redhat-linux/4.8.5/../../../../lib64 -L/usr/lib/gcc/x86_64-redhat-linux/4.8.5/../../../../lib64/ -L/lib/../lib64 -L/lib/../lib64/ -L/usr/lib/../lib64 -L/usr/lib/../lib64/ -L/opt/intel/compilers_and_libraries_2016.3.210/linux/ipp/lib/intel64/ -L/opt/intel/compilers_and_libraries_2016.3.210/linux/compiler/lib/intel64/ -L/opt/intel/compilers_and_libraries_2016.3.210/linux/mkl/lib/intel64/ -L/opt/intel/compilers_and_libraries_2016.3.210/linux/tbb/lib/intel64/gcc4.4/ -L/opt/intel/debugger_2016/libipt/intel64/lib/ -L/opt/intel/compilers_and_libraries_2016.3.210/linux/daal/lib/intel64_lin/ -L/opt/intel/compilers_and_libraries_2016.3.210/linux/tbb/lib/intel64_lin/gcc4.4/ -L/opt/intel/compilers_and_libraries_2016.3.210/linux/compiler/lib/intel64_lin/ -L/usr/lib/gcc/x86_64-redhat-linux/4.8.5/../../../ -L/lib64 -L/lib/ -L/usr/lib64 -L/usr/lib -lifport -lifcore -limf -lsvml -lm -lipgo -lirc -lpthread -lirc_s -ldl'
GREP='/usr/bin/grep'
INSTALL_DATA='${INSTALL} -m 644'
INSTALL_PROGRAM='${INSTALL}'
INSTALL_SCRIPT='${INSTALL}'
INSTALL_STRIP_PROGRAM='$(install_sh) -c -s'
LD='/usr/bin/ld -m elf_x86_64'
LDFLAGS=''
LIBOBJS=''
LIBS=''
LIBTOOL='$(SHELL) $(top_builddir)/libtool'
LIPO=''
LN_S='ln -s'
LTLIBOBJS=''
LT_SYS_LIBRARY_PATH=''
MAINT='#'
MAINTAINER_MODE_FALSE=''
MAINTAINER_MODE_TRUE='#'
MAKEINFO='${SHELL} /home/grasinge/Dev/qc/QuasiSRC/bin/missing makeinfo'
MANIFEST_TOOL=':'
MKDIR_P='/usr/bin/mkdir -p'
NM='/usr/bin/nm -B'
NMEDIT=''
OBJDUMP='objdump'
OBJEXT='o'
OTOOL64=''
OTOOL=''
PACKAGE='triangulation_libraries'
PACKAGE_BUGREPORT=''
PACKAGE_NAME=''
PACKAGE_STRING=''
PACKAGE_TARNAME=''
PACKAGE_URL=''
PACKAGE_VERSION=''
PATH_SEPARATOR=':'
RANLIB='ranlib'
SED='/usr/bin/sed'
SET_MAKE=''
SHELL='/bin/sh'
STRIP='strip'
VERSION=' '
ac_ct_AR=''
ac_ct_CC='cc'
ac_ct_CXX='c++'
ac_ct_DUMPBIN=''
ac_ct_F77=''
am__EXEEXT_FALSE=''
am__EXEEXT_TRUE='#'
am__fastdepCC_FALSE='#'
am__fastdepCC_TRUE=''
am__fastdepCXX_FALSE='#'
am__fastdepCXX_TRUE=''
am__include='include'
am__isrc=''
am__leading_dot='.'
am__nodep='_no'
am__quote=''
am__tar='$${TAR-tar} chof - "$$tardir"'
am__untar='$${TAR-tar} xf -'
bindir='${exec_prefix}/bin'
build='x86_64-pc-linux-gnu'
build_alias=''
build_cpu='x86_64'
build_os='linux-gnu'
build_vendor='pc'
datadir='${datarootdir}'
datarootdir='${prefix}/share'
docdir='${datarootdir}/doc/${PACKAGE}'
dvidir='${docdir}'
exec_prefix='${prefix}'
host='x86_64-pc-linux-gnu'
host_alias=''
host_cpu='x86_64'
host_os='linux-gnu'
host_vendor='pc'
htmldir='${docdir}'
includedir='${prefix}/include'
infodir='${datarootdir}/info'
install_sh='${SHELL} /home/grasinge/Dev/qc/QuasiSRC/bin/install-sh'
libdir='${exec_prefix}/lib'
libexecdir='${exec_prefix}/libexec'
localedir='${datarootdir}/locale'
localstatedir='${prefix}/var'
mandir='${datarootdir}/man'
mkdir_p='$(MKDIR_P)'
oldincludedir='/usr/include'
pdfdir='${docdir}'
prefix='/usr/local'
program_transform_name='s,x,x,'
psdir='${docdir}'
runstatedir='${localstatedir}/run'
sbindir='${exec_prefix}/sbin'
sharedstatedir='${prefix}/com'
subdirs=' geompack src'
sysconfdir='${prefix}/etc'
target_alias=''

## ----------- ##
## confdefs.h. ##
## ----------- ##

/* confdefs.h */
#define PACKAGE_NAME ""
#define PACKAGE_TARNAME ""
#define PACKAGE_VERSION ""
#define PACKAGE_STRING ""
#define PACKAGE_BUGREPORT ""
#define PACKAGE_URL ""
#define PACKAGE "triangulation_libraries"
#define VERSION " "
#define F77_FUNC(name,NAME) name ## _
#define F77_FUNC_(name,NAME) name ## _
#define STDC_HEADERS 1
#define HAVE_SYS_TYPES_H 1
#define HAVE_SYS_STAT_H 1
#define HAVE_STDLIB_H 1
#define HAVE_STRING_H 1
#define HAVE_MEMORY_H 1
#define HAVE_STRINGS_H 1
#define HAVE_INTTYPES_H 1
#define HAVE_STDINT_H 1
#define HAVE_UNISTD_H 1
#define HAVE_DLFCN_H 1
#define LT_OBJDIR ".libs/"

configure: exit 0
