0   0.000000  0.000000   0.000000   0
1   1.614617  0.932200   2.581444   1
2   0.000000  0.000000   1.990655   2
3   1.614617  0.932200   4.572100   3
4   0.000000  0.000000   1.987573   4
5   1.614617  0.932200   4.569017   5
6   0.000000  0.000000   5.162889   0
7   0.000000  0.000000   5.162889   0
8   0.000000  0.000000   5.162889   0
9   0.000000  0.000000   5.162889   0
10   0.000000  0.000000   5.162889   0
11   0.000000  0.000000   5.162889   0
12   1.614617  2.796599   0.000000   0
13   1.614617  2.796599   0.000000   0
14   1.614617  2.796599   0.000000   0
15   1.614617  2.796599   0.000000   0
16   1.614617  2.796599   0.000000   0
17   1.614617  2.796599   0.000000   0
18   1.614617  2.796599   5.162889   0
19   1.614617  2.796599   5.162889   0
20   1.614617  2.796599   5.162889   0
21   1.614617  2.796599   5.162889   0
22   1.614617  2.796599   5.162889   0
23   1.614617  2.796599   5.162889   0
24   3.229234  0.000000   0.000000   0
25   3.229234  0.000000   0.000000   0
26   3.229234  0.000000   0.000000   0
27   3.229234  0.000000   0.000000   0
28   3.229234  0.000000   0.000000   0
29   3.229234  0.000000   0.000000   0
30   3.229234  0.000000   5.162889   0
31   3.229234  0.000000   5.162889   0
32   3.229234  0.000000   5.162889   0
33   3.229234  0.000000   5.162889   0
34   3.229234  0.000000   5.162889   0
35   3.229234  0.000000   5.162889   0
36   4.843851  2.796599   0.000000   0
37   4.843851  2.796599   0.000000   0
38   4.843851  2.796599   0.000000   0
39   4.843851  2.796599   0.000000   0
40   4.843851  2.796599   0.000000   0
41   4.843851  2.796599   0.000000   0
42   4.843851  2.796599   5.162889   0
43   4.843851  2.796599   5.162889   0
44   4.843851  2.796599   5.162889   0
45   4.843851  2.796599   5.162889   0
46   4.843851  2.796599   5.162889   0
47   4.843851  2.796599   5.162889   0
