0  0  0
32  0  0
0  32  0
32  32  0
12  12  12
13  12  12
14  12  12
15  12  12
16  12  12
17  12  12
18  12  12
19  12  12
20  12  12
12  13  12
13  13  12
14  13  12
15  13  12
16  13  12
17  13  12
18  13  12
19  13  12
20  13  12
12  14  12
13  14  12
14  14  12
15  14  12
16  14  12
17  14  12
18  14  12
19  14  12
20  14  12
12  15  12
13  15  12
14  15  12
15  15  12
16  15  12
17  15  12
18  15  12
19  15  12
20  15  12
12  16  12
13  16  12
14  16  12
15  16  12
16  16  12
17  16  12
18  16  12
19  16  12
20  16  12
12  17  12
13  17  12
14  17  12
15  17  12
16  17  12
17  17  12
18  17  12
19  17  12
20  17  12
12  18  12
13  18  12
14  18  12
15  18  12
16  18  12
17  18  12
18  18  12
19  18  12
20  18  12
12  19  12
13  19  12
14  19  12
15  19  12
16  19  12
17  19  12
18  19  12
19  19  12
20  19  12
12  20  12
13  20  12
14  20  12
15  20  12
16  20  12
17  20  12
18  20  12
19  20  12
20  20  12
12  12  13
13  12  13
14  12  13
15  12  13
16  12  13
17  12  13
18  12  13
19  12  13
20  12  13
12  13  13
13  13  13
14  13  13
15  13  13
16  13  13
17  13  13
18  13  13
19  13  13
20  13  13
12  14  13
13  14  13
14  14  13
15  14  13
16  14  13
17  14  13
18  14  13
19  14  13
20  14  13
12  15  13
13  15  13
14  15  13
15  15  13
16  15  13
17  15  13
18  15  13
19  15  13
20  15  13
12  16  13
13  16  13
14  16  13
15  16  13
16  16  13
17  16  13
18  16  13
19  16  13
20  16  13
12  17  13
13  17  13
14  17  13
15  17  13
16  17  13
17  17  13
18  17  13
19  17  13
20  17  13
12  18  13
13  18  13
14  18  13
15  18  13
16  18  13
17  18  13
18  18  13
19  18  13
20  18  13
12  19  13
13  19  13
14  19  13
15  19  13
16  19  13
17  19  13
18  19  13
19  19  13
20  19  13
12  20  13
13  20  13
14  20  13
15  20  13
16  20  13
17  20  13
18  20  13
19  20  13
20  20  13
12  12  14
13  12  14
14  12  14
15  12  14
16  12  14
17  12  14
18  12  14
19  12  14
20  12  14
12  13  14
13  13  14
14  13  14
15  13  14
16  13  14
17  13  14
18  13  14
19  13  14
20  13  14
12  14  14
13  14  14
14  14  14
15  14  14
16  14  14
17  14  14
18  14  14
19  14  14
20  14  14
12  15  14
13  15  14
14  15  14
15  15  14
16  15  14
17  15  14
18  15  14
19  15  14
20  15  14
12  16  14
13  16  14
14  16  14
15  16  14
16  16  14
17  16  14
18  16  14
19  16  14
20  16  14
12  17  14
13  17  14
14  17  14
15  17  14
16  17  14
17  17  14
18  17  14
19  17  14
20  17  14
12  18  14
13  18  14
14  18  14
15  18  14
16  18  14
17  18  14
18  18  14
19  18  14
20  18  14
12  19  14
13  19  14
14  19  14
15  19  14
16  19  14
17  19  14
18  19  14
19  19  14
20  19  14
12  20  14
13  20  14
14  20  14
15  20  14
16  20  14
17  20  14
18  20  14
19  20  14
20  20  14
12  12  15
13  12  15
14  12  15
15  12  15
16  12  15
17  12  15
18  12  15
19  12  15
20  12  15
12  13  15
13  13  15
14  13  15
15  13  15
16  13  15
17  13  15
18  13  15
19  13  15
20  13  15
12  14  15
13  14  15
14  14  15
15  14  15
16  14  15
17  14  15
18  14  15
19  14  15
20  14  15
12  15  15
13  15  15
14  15  15
15  15  15
16  15  15
17  15  15
18  15  15
19  15  15
20  15  15
12  16  15
13  16  15
14  16  15
15  16  15
16  16  15
17  16  15
18  16  15
19  16  15
20  16  15
12  17  15
13  17  15
14  17  15
15  17  15
16  17  15
17  17  15
18  17  15
19  17  15
20  17  15
12  18  15
13  18  15
14  18  15
15  18  15
16  18  15
17  18  15
18  18  15
19  18  15
20  18  15
12  19  15
13  19  15
14  19  15
15  19  15
16  19  15
17  19  15
18  19  15
19  19  15
20  19  15
12  20  15
13  20  15
14  20  15
15  20  15
16  20  15
17  20  15
18  20  15
19  20  15
20  20  15
0  0  16
32  0  16
12  12  16
13  12  16
14  12  16
15  12  16
16  12  16
17  12  16
18  12  16
19  12  16
20  12  16
12  13  16
13  13  16
14  13  16
15  13  16
16  13  16
17  13  16
18  13  16
19  13  16
20  13  16
12  14  16
13  14  16
14  14  16
15  14  16
16  14  16
17  14  16
18  14  16
19  14  16
20  14  16
12  15  16
13  15  16
14  15  16
15  15  16
16  15  16
17  15  16
18  15  16
19  15  16
20  15  16
12  16  16
13  16  16
14  16  16
15  16  16
16  16  16
17  16  16
18  16  16
19  16  16
20  16  16
12  17  16
13  17  16
14  17  16
15  17  16
16  17  16
17  17  16
18  17  16
19  17  16
20  17  16
12  18  16
13  18  16
14  18  16
15  18  16
16  18  16
17  18  16
18  18  16
19  18  16
20  18  16
12  19  16
13  19  16
14  19  16
15  19  16
16  19  16
17  19  16
18  19  16
19  19  16
20  19  16
12  20  16
13  20  16
14  20  16
15  20  16
16  20  16
17  20  16
18  20  16
19  20  16
20  20  16
0  32  16
32  32  16
10  10  10
12  10  10
14  10  10
16  10  10
18  10  10
20  10  10
22  10  10
10  12  10
12  12  10
14  12  10
16  12  10
18  12  10
20  12  10
22  12  10
10  14  10
12  14  10
14  14  10
16  14  10
18  14  10
20  14  10
22  14  10
10  16  10
12  16  10
14  16  10
16  16  10
18  16  10
20  16  10
22  16  10
10  18  10
12  18  10
14  18  10
16  18  10
18  18  10
20  18  10
22  18  10
10  20  10
12  20  10
14  20  10
16  20  10
18  20  10
20  20  10
22  20  10
10  22  10
12  22  10
14  22  10
16  22  10
18  22  10
20  22  10
22  22  10
8  8  8
10  8  8
12  8  8
14  8  8
16  8  8
18  8  8
20  8  8
22  8  8
24  8  8
8  10  8
10  10  8
12  10  8
14  10  8
16  10  8
18  10  8
20  10  8
22  10  8
24  10  8
8  12  8
10  12  8
12  12  8
14  12  8
16  12  8
18  12  8
20  12  8
22  12  8
24  12  8
8  14  8
10  14  8
12  14  8
14  14  8
16  14  8
18  14  8
20  14  8
22  14  8
24  14  8
8  16  8
10  16  8
12  16  8
14  16  8
16  16  8
18  16  8
20  16  8
22  16  8
24  16  8
8  18  8
10  18  8
12  18  8
14  18  8
16  18  8
18  18  8
20  18  8
22  18  8
24  18  8
8  20  8
10  20  8
12  20  8
14  20  8
16  20  8
18  20  8
20  20  8
22  20  8
24  20  8
8  22  8
10  22  8
12  22  8
14  22  8
16  22  8
18  22  8
20  22  8
22  22  8
24  22  8
8  24  8
10  24  8
12  24  8
14  24  8
16  24  8
18  24  8
20  24  8
22  24  8
24  24  8
8  0  0
16  0  0
24  0  0
0  8  0
8  8  0
16  8  0
24  8  0
32  8  0
0  16  0
8  16  0
16  16  0
24  16  0
32  16  0
0  24  0
8  24  0
16  24  0
24  24  0
32  24  0
8  32  0
16  32  0
24  32  0
22  10  12
22  10  14
22  10  16
22  12  12
22  12  14
22  12  16
22  14  12
22  14  14
22  14  16
22  16  12
22  16  14
22  16  16
22  18  12
22  18  14
22  18  16
22  20  12
22  20  14
22  20  16
22  22  12
22  22  14
22  22  16
24  8  10
24  8  12
24  8  14
24  8  16
24  10  10
24  10  12
24  10  14
24  10  16
24  12  10
24  12  12
24  12  14
24  12  16
24  14  10
24  14  12
24  14  14
24  14  16
24  16  10
24  16  12
24  16  14
24  16  16
24  18  10
24  18  12
24  18  14
24  18  16
24  20  10
24  20  12
24  20  14
24  20  16
24  22  10
24  22  12
24  22  14
24  22  16
24  24  10
24  24  12
24  24  14
24  24  16
32  0  8
32  8  8
32  8  16
32  16  8
32  16  16
32  24  8
32  24  16
32  32  8
10  10  12
10  10  14
10  10  16
10  12  12
10  12  14
10  12  16
10  14  12
10  14  14
10  14  16
10  16  12
10  16  14
10  16  16
10  18  12
10  18  14
10  18  16
10  20  12
10  20  14
10  20  16
10  22  12
10  22  14
10  22  16
8  8  10
8  8  12
8  8  14
8  8  16
8  10  10
8  10  12
8  10  14
8  10  16
8  12  10
8  12  12
8  12  14
8  12  16
8  14  10
8  14  12
8  14  14
8  14  16
8  16  10
8  16  12
8  16  14
8  16  16
8  18  10
8  18  12
8  18  14
8  18  16
8  20  10
8  20  12
8  20  14
8  20  16
8  22  10
8  22  12
8  22  14
8  22  16
8  24  10
8  24  12
8  24  14
8  24  16
0  0  8
0  8  8
0  8  16
0  16  8
0  16  16
0  24  8
0  24  16
0  32  8
12  10  12
12  10  14
12  10  16
14  10  12
14  10  14
14  10  16
16  10  12
16  10  14
16  10  16
18  10  12
18  10  14
18  10  16
20  10  12
20  10  14
20  10  16
10  8  10
10  8  12
10  8  14
10  8  16
12  8  10
12  8  12
12  8  14
12  8  16
14  8  10
14  8  12
14  8  14
14  8  16
16  8  10
16  8  12
16  8  14
16  8  16
18  8  10
18  8  12
18  8  14
18  8  16
20  8  10
20  8  12
20  8  14
20  8  16
22  8  10
22  8  12
22  8  14
22  8  16
8  0  8
8  0  16
16  0  8
16  0  16
24  0  8
24  0  16
12  22  12
12  22  14
12  22  16
14  22  12
14  22  14
14  22  16
16  22  12
16  22  14
16  22  16
18  22  12
18  22  14
18  22  16
20  22  12
20  22  14
20  22  16
10  24  10
10  24  12
10  24  14
10  24  16
12  24  10
12  24  12
12  24  14
12  24  16
14  24  10
14  24  12
14  24  14
14  24  16
16  24  10
16  24  12
16  24  14
16  24  16
18  24  10
18  24  12
18  24  14
18  24  16
20  24  10
20  24  12
20  24  14
20  24  16
22  24  10
22  24  12
22  24  14
22  24  16
8  32  8
8  32  16
16  32  8
16  32  16
24  32  8
24  32  16
