0  0  0
96  0  0
0  96  0
96  96  0
44  44  44
45  44  44
46  44  44
47  44  44
48  44  44
49  44  44
50  44  44
51  44  44
52  44  44
44  45  44
45  45  44
46  45  44
47  45  44
48  45  44
49  45  44
50  45  44
51  45  44
52  45  44
44  46  44
45  46  44
46  46  44
47  46  44
48  46  44
49  46  44
50  46  44
51  46  44
52  46  44
44  47  44
45  47  44
46  47  44
47  47  44
48  47  44
49  47  44
50  47  44
51  47  44
52  47  44
44  48  44
45  48  44
46  48  44
47  48  44
48  48  44
49  48  44
50  48  44
51  48  44
52  48  44
44  49  44
45  49  44
46  49  44
47  49  44
48  49  44
49  49  44
50  49  44
51  49  44
52  49  44
44  50  44
45  50  44
46  50  44
47  50  44
48  50  44
49  50  44
50  50  44
51  50  44
52  50  44
44  51  44
45  51  44
46  51  44
47  51  44
48  51  44
49  51  44
50  51  44
51  51  44
52  51  44
44  52  44
45  52  44
46  52  44
47  52  44
48  52  44
49  52  44
50  52  44
51  52  44
52  52  44
44  44  45
45  44  45
46  44  45
47  44  45
48  44  45
49  44  45
50  44  45
51  44  45
52  44  45
44  45  45
45  45  45
46  45  45
47  45  45
48  45  45
49  45  45
50  45  45
51  45  45
52  45  45
44  46  45
45  46  45
46  46  45
47  46  45
48  46  45
49  46  45
50  46  45
51  46  45
52  46  45
44  47  45
45  47  45
46  47  45
47  47  45
48  47  45
49  47  45
50  47  45
51  47  45
52  47  45
44  48  45
45  48  45
46  48  45
47  48  45
48  48  45
49  48  45
50  48  45
51  48  45
52  48  45
44  49  45
45  49  45
46  49  45
47  49  45
48  49  45
49  49  45
50  49  45
51  49  45
52  49  45
44  50  45
45  50  45
46  50  45
47  50  45
48  50  45
49  50  45
50  50  45
51  50  45
52  50  45
44  51  45
45  51  45
46  51  45
47  51  45
48  51  45
49  51  45
50  51  45
51  51  45
52  51  45
44  52  45
45  52  45
46  52  45
47  52  45
48  52  45
49  52  45
50  52  45
51  52  45
52  52  45
44  44  46
45  44  46
46  44  46
47  44  46
48  44  46
49  44  46
50  44  46
51  44  46
52  44  46
44  45  46
45  45  46
46  45  46
47  45  46
48  45  46
49  45  46
50  45  46
51  45  46
52  45  46
44  46  46
45  46  46
46  46  46
47  46  46
48  46  46
49  46  46
50  46  46
51  46  46
52  46  46
44  47  46
45  47  46
46  47  46
47  47  46
48  47  46
49  47  46
50  47  46
51  47  46
52  47  46
44  48  46
45  48  46
46  48  46
47  48  46
48  48  46
49  48  46
50  48  46
51  48  46
52  48  46
44  49  46
45  49  46
46  49  46
47  49  46
48  49  46
49  49  46
50  49  46
51  49  46
52  49  46
44  50  46
45  50  46
46  50  46
47  50  46
48  50  46
49  50  46
50  50  46
51  50  46
52  50  46
44  51  46
45  51  46
46  51  46
47  51  46
48  51  46
49  51  46
50  51  46
51  51  46
52  51  46
44  52  46
45  52  46
46  52  46
47  52  46
48  52  46
49  52  46
50  52  46
51  52  46
52  52  46
44  44  47
45  44  47
46  44  47
47  44  47
48  44  47
49  44  47
50  44  47
51  44  47
52  44  47
44  45  47
45  45  47
46  45  47
47  45  47
48  45  47
49  45  47
50  45  47
51  45  47
52  45  47
44  46  47
45  46  47
46  46  47
47  46  47
48  46  47
49  46  47
50  46  47
51  46  47
52  46  47
44  47  47
45  47  47
46  47  47
47  47  47
48  47  47
49  47  47
50  47  47
51  47  47
52  47  47
44  48  47
45  48  47
46  48  47
47  48  47
48  48  47
49  48  47
50  48  47
51  48  47
52  48  47
44  49  47
45  49  47
46  49  47
47  49  47
48  49  47
49  49  47
50  49  47
51  49  47
52  49  47
44  50  47
45  50  47
46  50  47
47  50  47
48  50  47
49  50  47
50  50  47
51  50  47
52  50  47
44  51  47
45  51  47
46  51  47
47  51  47
48  51  47
49  51  47
50  51  47
51  51  47
52  51  47
44  52  47
45  52  47
46  52  47
47  52  47
48  52  47
49  52  47
50  52  47
51  52  47
52  52  47
0  0  48
96  0  48
44  44  48
45  44  48
46  44  48
47  44  48
48  44  48
49  44  48
50  44  48
51  44  48
52  44  48
44  45  48
45  45  48
46  45  48
47  45  48
48  45  48
49  45  48
50  45  48
51  45  48
52  45  48
44  46  48
45  46  48
46  46  48
47  46  48
48  46  48
49  46  48
50  46  48
51  46  48
52  46  48
44  47  48
45  47  48
46  47  48
47  47  48
48  47  48
49  47  48
50  47  48
51  47  48
52  47  48
44  48  48
45  48  48
46  48  48
47  48  48
48  48  48
49  48  48
50  48  48
51  48  48
52  48  48
44  49  48
45  49  48
46  49  48
47  49  48
48  49  48
49  49  48
50  49  48
51  49  48
52  49  48
44  50  48
45  50  48
46  50  48
47  50  48
48  50  48
49  50  48
50  50  48
51  50  48
52  50  48
44  51  48
45  51  48
46  51  48
47  51  48
48  51  48
49  51  48
50  51  48
51  51  48
52  51  48
44  52  48
45  52  48
46  52  48
47  52  48
48  52  48
49  52  48
50  52  48
51  52  48
52  52  48
0  96  48
96  96  48
42  42  42
44  42  42
46  42  42
48  42  42
50  42  42
52  42  42
54  42  42
42  44  42
44  44  42
46  44  42
48  44  42
50  44  42
52  44  42
54  44  42
42  46  42
44  46  42
46  46  42
48  46  42
50  46  42
52  46  42
54  46  42
42  48  42
44  48  42
46  48  42
48  48  42
50  48  42
52  48  42
54  48  42
42  50  42
44  50  42
46  50  42
48  50  42
50  50  42
52  50  42
54  50  42
42  52  42
44  52  42
46  52  42
48  52  42
50  52  42
52  52  42
54  52  42
42  54  42
44  54  42
46  54  42
48  54  42
50  54  42
52  54  42
54  54  42
36  36  36
42  36  36
48  36  36
54  36  36
60  36  36
36  42  36
42  42  36
48  42  36
54  42  36
60  42  36
36  48  36
42  48  36
48  48  36
54  48  36
60  48  36
36  54  36
42  54  36
48  54  36
54  54  36
60  54  36
36  60  36
42  60  36
48  60  36
54  60  36
60  60  36
24  24  24
36  24  24
48  24  24
60  24  24
72  24  24
24  36  24
36  36  24
48  36  24
60  36  24
72  36  24
24  48  24
36  48  24
48  48  24
60  48  24
72  48  24
24  60  24
36  60  24
48  60  24
60  60  24
72  60  24
24  72  24
36  72  24
48  72  24
60  72  24
72  72  24
24  0  0
48  0  0
72  0  0
0  24  0
24  24  0
48  24  0
72  24  0
96  24  0
0  48  0
24  48  0
48  48  0
72  48  0
96  48  0
0  72  0
24  72  0
48  72  0
72  72  0
96  72  0
24  96  0
48  96  0
72  96  0
54  42  44
54  42  46
54  42  48
54  44  44
54  44  46
54  44  48
54  46  44
54  46  46
54  46  48
54  48  44
54  48  46
54  48  48
54  50  44
54  50  46
54  50  48
54  52  44
54  52  46
54  52  48
54  54  44
54  54  46
54  54  48
60  36  42
60  36  48
60  42  42
60  42  48
60  48  42
60  48  48
60  54  42
60  54  48
60  60  42
60  60  48
72  24  36
72  24  48
72  36  36
72  36  48
72  48  36
72  48  48
72  60  36
72  60  48
72  72  36
72  72  48
96  0  24
96  24  24
96  24  48
96  48  24
96  48  48
96  72  24
96  72  48
96  96  24
42  42  44
42  42  46
42  42  48
42  44  44
42  44  46
42  44  48
42  46  44
42  46  46
42  46  48
42  48  44
42  48  46
42  48  48
42  50  44
42  50  46
42  50  48
42  52  44
42  52  46
42  52  48
42  54  44
42  54  46
42  54  48
36  36  42
36  36  48
36  42  42
36  42  48
36  48  42
36  48  48
36  54  42
36  54  48
36  60  42
36  60  48
24  24  36
24  24  48
24  36  36
24  36  48
24  48  36
24  48  48
24  60  36
24  60  48
24  72  36
24  72  48
0  0  24
0  24  24
0  24  48
0  48  24
0  48  48
0  72  24
0  72  48
0  96  24
44  42  44
44  42  46
44  42  48
46  42  44
46  42  46
46  42  48
48  42  44
48  42  46
48  42  48
50  42  44
50  42  46
50  42  48
52  42  44
52  42  46
52  42  48
42  36  42
42  36  48
48  36  42
48  36  48
54  36  42
54  36  48
36  24  36
36  24  48
48  24  36
48  24  48
60  24  36
60  24  48
24  0  24
24  0  48
48  0  24
48  0  48
72  0  24
72  0  48
44  54  44
44  54  46
44  54  48
46  54  44
46  54  46
46  54  48
48  54  44
48  54  46
48  54  48
50  54  44
50  54  46
50  54  48
52  54  44
52  54  46
52  54  48
42  60  42
42  60  48
48  60  42
48  60  48
54  60  42
54  60  48
36  72  36
36  72  48
48  72  36
48  72  48
60  72  36
60  72  48
24  96  24
24  96  48
48  96  24
48  96  48
72  96  24
72  96  48
