data_file                                           Ar_lj.inp.gz
system_name                                           (null)
mesh_flag                                           0
numLattice                                           1
a1                                           3.669730   0.000000   0.000000
a2                                           0.000000   3.669730   0.000000
a3                                           0.000000   0.000000   3.669730
lattice_type                                           1
atomistic                                           10  10  10
full                                           512  512  256
mesh_levels                                           6
n_level                                           0  2
n_level                                           1  4
n_level                                           2  16
n_level                                           3  32
n_level                                           4  64
n_level                                           5  128
problem_size                                           0
material                                           0   Ar
+++++++++++++++++++++++++++++++++++++++++++++++
++++++++++++++++ output data ++++++++++++++++++
+++++++++++++++++++++++++++++++++++++++++++++++
material    (0, Ar)   
lattice name    bcc
lattice type    BCC
lattice constants : 
a1       3.669730  0.000000  0.000000
a2       0.000000  3.669730  0.000000
a3       0.000000  0.000000  3.669730
l_start       0  0  0
l_end       512  512  256
+++++++++++++++++++  node data  ++++++++++++++++++
number nodes    5745
0  0  0
512  0  0
0  512  0
512  512  0
246  246  246
247  246  246
248  246  246
249  246  246
250  246  246
251  246  246
252  246  246
253  246  246
254  246  246
255  246  246
256  246  246
257  246  246
258  246  246
259  246  246
260  246  246
261  246  246
262  246  246
263  246  246
264  246  246
265  246  246
266  246  246
246  247  246
247  247  246
248  247  246
249  247  246
250  247  246
251  247  246
252  247  246
253  247  246
254  247  246
255  247  246
256  247  246
257  247  246
258  247  246
259  247  246
260  247  246
261  247  246
262  247  246
263  247  246
264  247  246
265  247  246
266  247  246
246  248  246
247  248  246
248  248  246
249  248  246
250  248  246
251  248  246
252  248  246
253  248  246
254  248  246
255  248  246
256  248  246
257  248  246
258  248  246
259  248  246
260  248  246
261  248  246
262  248  246
263  248  246
264  248  246
265  248  246
266  248  246
246  249  246
247  249  246
248  249  246
249  249  246
250  249  246
251  249  246
252  249  246
253  249  246
254  249  246
255  249  246
256  249  246
257  249  246
258  249  246
259  249  246
260  249  246
261  249  246
262  249  246
263  249  246
264  249  246
265  249  246
266  249  246
246  250  246
247  250  246
248  250  246
249  250  246
250  250  246
251  250  246
252  250  246
253  250  246
254  250  246
255  250  246
256  250  246
257  250  246
258  250  246
259  250  246
260  250  246
261  250  246
262  250  246
263  250  246
264  250  246
265  250  246
266  250  246
246  251  246
247  251  246
248  251  246
249  251  246
250  251  246
251  251  246
252  251  246
253  251  246
254  251  246
255  251  246
256  251  246
257  251  246
258  251  246
259  251  246
260  251  246
261  251  246
262  251  246
263  251  246
264  251  246
265  251  246
266  251  246
246  252  246
247  252  246
248  252  246
249  252  246
250  252  246
251  252  246
252  252  246
253  252  246
254  252  246
255  252  246
256  252  246
257  252  246
258  252  246
259  252  246
260  252  246
261  252  246
262  252  246
263  252  246
264  252  246
265  252  246
266  252  246
246  253  246
247  253  246
248  253  246
249  253  246
250  253  246
251  253  246
252  253  246
253  253  246
254  253  246
255  253  246
256  253  246
257  253  246
258  253  246
259  253  246
260  253  246
261  253  246
262  253  246
263  253  246
264  253  246
265  253  246
266  253  246
246  254  246
247  254  246
248  254  246
249  254  246
250  254  246
251  254  246
252  254  246
253  254  246
254  254  246
255  254  246
256  254  246
257  254  246
258  254  246
259  254  246
260  254  246
261  254  246
262  254  246
263  254  246
264  254  246
265  254  246
266  254  246
246  255  246
247  255  246
248  255  246
249  255  246
250  255  246
251  255  246
252  255  246
253  255  246
254  255  246
255  255  246
256  255  246
257  255  246
258  255  246
259  255  246
260  255  246
261  255  246
262  255  246
263  255  246
264  255  246
265  255  246
266  255  246
246  256  246
247  256  246
248  256  246
249  256  246
250  256  246
251  256  246
252  256  246
253  256  246
254  256  246
255  256  246
256  256  246
257  256  246
258  256  246
259  256  246
260  256  246
261  256  246
262  256  246
263  256  246
264  256  246
265  256  246
266  256  246
246  257  246
247  257  246
248  257  246
249  257  246
250  257  246
251  257  246
252  257  246
253  257  246
254  257  246
255  257  246
256  257  246
257  257  246
258  257  246
259  257  246
260  257  246
261  257  246
262  257  246
263  257  246
264  257  246
265  257  246
266  257  246
246  258  246
247  258  246
248  258  246
249  258  246
250  258  246
251  258  246
252  258  246
253  258  246
254  258  246
255  258  246
256  258  246
257  258  246
258  258  246
259  258  246
260  258  246
261  258  246
262  258  246
263  258  246
264  258  246
265  258  246
266  258  246
246  259  246
247  259  246
248  259  246
249  259  246
250  259  246
251  259  246
252  259  246
253  259  246
254  259  246
255  259  246
256  259  246
257  259  246
258  259  246
259  259  246
260  259  246
261  259  246
262  259  246
263  259  246
264  259  246
265  259  246
266  259  246
246  260  246
247  260  246
248  260  246
249  260  246
250  260  246
251  260  246
252  260  246
253  260  246
254  260  246
255  260  246
256  260  246
257  260  246
258  260  246
259  260  246
260  260  246
261  260  246
262  260  246
263  260  246
264  260  246
265  260  246
266  260  246
246  261  246
247  261  246
248  261  246
249  261  246
250  261  246
251  261  246
252  261  246
253  261  246
254  261  246
255  261  246
256  261  246
257  261  246
258  261  246
259  261  246
260  261  246
261  261  246
262  261  246
263  261  246
264  261  246
265  261  246
266  261  246
246  262  246
247  262  246
248  262  246
249  262  246
250  262  246
251  262  246
252  262  246
253  262  246
254  262  246
255  262  246
256  262  246
257  262  246
258  262  246
259  262  246
260  262  246
261  262  246
262  262  246
263  262  246
264  262  246
265  262  246
266  262  246
246  263  246
247  263  246
248  263  246
249  263  246
250  263  246
251  263  246
252  263  246
253  263  246
254  263  246
255  263  246
256  263  246
257  263  246
258  263  246
259  263  246
260  263  246
261  263  246
262  263  246
263  263  246
264  263  246
265  263  246
266  263  246
246  264  246
247  264  246
248  264  246
249  264  246
250  264  246
251  264  246
252  264  246
253  264  246
254  264  246
255  264  246
256  264  246
257  264  246
258  264  246
259  264  246
260  264  246
261  264  246
262  264  246
263  264  246
264  264  246
265  264  246
266  264  246
246  265  246
247  265  246
248  265  246
249  265  246
250  265  246
251  265  246
252  265  246
253  265  246
254  265  246
255  265  246
256  265  246
257  265  246
258  265  246
259  265  246
260  265  246
261  265  246
262  265  246
263  265  246
264  265  246
265  265  246
266  265  246
246  266  246
247  266  246
248  266  246
249  266  246
250  266  246
251  266  246
252  266  246
253  266  246
254  266  246
255  266  246
256  266  246
257  266  246
258  266  246
259  266  246
260  266  246
261  266  246
262  266  246
263  266  246
264  266  246
265  266  246
266  266  246
246  246  247
247  246  247
248  246  247
249  246  247
250  246  247
251  246  247
252  246  247
253  246  247
254  246  247
255  246  247
256  246  247
257  246  247
258  246  247
259  246  247
260  246  247
261  246  247
262  246  247
263  246  247
264  246  247
265  246  247
266  246  247
246  247  247
247  247  247
248  247  247
249  247  247
250  247  247
251  247  247
252  247  247
253  247  247
254  247  247
255  247  247
256  247  247
257  247  247
258  247  247
259  247  247
260  247  247
261  247  247
262  247  247
263  247  247
264  247  247
265  247  247
266  247  247
246  248  247
247  248  247
248  248  247
249  248  247
250  248  247
251  248  247
252  248  247
253  248  247
254  248  247
255  248  247
256  248  247
257  248  247
258  248  247
259  248  247
260  248  247
261  248  247
262  248  247
263  248  247
264  248  247
265  248  247
266  248  247
246  249  247
247  249  247
248  249  247
249  249  247
250  249  247
251  249  247
252  249  247
253  249  247
254  249  247
255  249  247
256  249  247
257  249  247
258  249  247
259  249  247
260  249  247
261  249  247
262  249  247
263  249  247
264  249  247
265  249  247
266  249  247
246  250  247
247  250  247
248  250  247
249  250  247
250  250  247
251  250  247
252  250  247
253  250  247
254  250  247
255  250  247
256  250  247
257  250  247
258  250  247
259  250  247
260  250  247
261  250  247
262  250  247
263  250  247
264  250  247
265  250  247
266  250  247
246  251  247
247  251  247
248  251  247
249  251  247
250  251  247
251  251  247
252  251  247
253  251  247
254  251  247
255  251  247
256  251  247
257  251  247
258  251  247
259  251  247
260  251  247
261  251  247
262  251  247
263  251  247
264  251  247
265  251  247
266  251  247
246  252  247
247  252  247
248  252  247
249  252  247
250  252  247
251  252  247
252  252  247
253  252  247
254  252  247
255  252  247
256  252  247
257  252  247
258  252  247
259  252  247
260  252  247
261  252  247
262  252  247
263  252  247
264  252  247
265  252  247
266  252  247
246  253  247
247  253  247
248  253  247
249  253  247
250  253  247
251  253  247
252  253  247
253  253  247
254  253  247
255  253  247
256  253  247
257  253  247
258  253  247
259  253  247
260  253  247
261  253  247
262  253  247
263  253  247
264  253  247
265  253  247
266  253  247
246  254  247
247  254  247
248  254  247
249  254  247
250  254  247
251  254  247
252  254  247
253  254  247
254  254  247
255  254  247
256  254  247
257  254  247
258  254  247
259  254  247
260  254  247
261  254  247
262  254  247
263  254  247
264  254  247
265  254  247
266  254  247
246  255  247
247  255  247
248  255  247
249  255  247
250  255  247
251  255  247
252  255  247
253  255  247
254  255  247
255  255  247
256  255  247
257  255  247
258  255  247
259  255  247
260  255  247
261  255  247
262  255  247
263  255  247
264  255  247
265  255  247
266  255  247
246  256  247
247  256  247
248  256  247
249  256  247
250  256  247
251  256  247
252  256  247
253  256  247
254  256  247
255  256  247
256  256  247
257  256  247
258  256  247
259  256  247
260  256  247
261  256  247
262  256  247
263  256  247
264  256  247
265  256  247
266  256  247
246  257  247
247  257  247
248  257  247
249  257  247
250  257  247
251  257  247
252  257  247
253  257  247
254  257  247
255  257  247
256  257  247
257  257  247
258  257  247
259  257  247
260  257  247
261  257  247
262  257  247
263  257  247
264  257  247
265  257  247
266  257  247
246  258  247
247  258  247
248  258  247
249  258  247
250  258  247
251  258  247
252  258  247
253  258  247
254  258  247
255  258  247
256  258  247
257  258  247
258  258  247
259  258  247
260  258  247
261  258  247
262  258  247
263  258  247
264  258  247
265  258  247
266  258  247
246  259  247
247  259  247
248  259  247
249  259  247
250  259  247
251  259  247
252  259  247
253  259  247
254  259  247
255  259  247
256  259  247
257  259  247
258  259  247
259  259  247
260  259  247
261  259  247
262  259  247
263  259  247
264  259  247
265  259  247
266  259  247
246  260  247
247  260  247
248  260  247
249  260  247
250  260  247
251  260  247
252  260  247
253  260  247
254  260  247
255  260  247
256  260  247
257  260  247
258  260  247
259  260  247
260  260  247
261  260  247
262  260  247
263  260  247
264  260  247
265  260  247
266  260  247
246  261  247
247  261  247
248  261  247
249  261  247
250  261  247
251  261  247
252  261  247
253  261  247
254  261  247
255  261  247
256  261  247
257  261  247
258  261  247
259  261  247
260  261  247
261  261  247
262  261  247
263  261  247
264  261  247
265  261  247
266  261  247
246  262  247
247  262  247
248  262  247
249  262  247
250  262  247
251  262  247
252  262  247
253  262  247
254  262  247
255  262  247
256  262  247
257  262  247
258  262  247
259  262  247
260  262  247
261  262  247
262  262  247
263  262  247
264  262  247
265  262  247
266  262  247
246  263  247
247  263  247
248  263  247
249  263  247
250  263  247
251  263  247
252  263  247
253  263  247
254  263  247
255  263  247
256  263  247
257  263  247
258  263  247
259  263  247
260  263  247
261  263  247
262  263  247
263  263  247
264  263  247
265  263  247
266  263  247
246  264  247
247  264  247
248  264  247
249  264  247
250  264  247
251  264  247
252  264  247
253  264  247
254  264  247
255  264  247
256  264  247
257  264  247
258  264  247
259  264  247
260  264  247
261  264  247
262  264  247
263  264  247
264  264  247
265  264  247
266  264  247
246  265  247
247  265  247
248  265  247
249  265  247
250  265  247
251  265  247
252  265  247
253  265  247
254  265  247
255  265  247
256  265  247
257  265  247
258  265  247
259  265  247
260  265  247
261  265  247
262  265  247
263  265  247
264  265  247
265  265  247
266  265  247
246  266  247
247  266  247
248  266  247
249  266  247
250  266  247
251  266  247
252  266  247
253  266  247
254  266  247
255  266  247
256  266  247
257  266  247
258  266  247
259  266  247
260  266  247
261  266  247
262  266  247
263  266  247
264  266  247
265  266  247
266  266  247
246  246  248
247  246  248
248  246  248
249  246  248
250  246  248
251  246  248
252  246  248
253  246  248
254  246  248
255  246  248
256  246  248
257  246  248
258  246  248
259  246  248
260  246  248
261  246  248
262  246  248
263  246  248
264  246  248
265  246  248
266  246  248
246  247  248
247  247  248
248  247  248
249  247  248
250  247  248
251  247  248
252  247  248
253  247  248
254  247  248
255  247  248
256  247  248
257  247  248
258  247  248
259  247  248
260  247  248
261  247  248
262  247  248
263  247  248
264  247  248
265  247  248
266  247  248
246  248  248
247  248  248
248  248  248
249  248  248
250  248  248
251  248  248
252  248  248
253  248  248
254  248  248
255  248  248
256  248  248
257  248  248
258  248  248
259  248  248
260  248  248
261  248  248
262  248  248
263  248  248
264  248  248
265  248  248
266  248  248
246  249  248
247  249  248
248  249  248
249  249  248
250  249  248
251  249  248
252  249  248
253  249  248
254  249  248
255  249  248
256  249  248
257  249  248
258  249  248
259  249  248
260  249  248
261  249  248
262  249  248
263  249  248
264  249  248
265  249  248
266  249  248
246  250  248
247  250  248
248  250  248
249  250  248
250  250  248
251  250  248
252  250  248
253  250  248
254  250  248
255  250  248
256  250  248
257  250  248
258  250  248
259  250  248
260  250  248
261  250  248
262  250  248
263  250  248
264  250  248
265  250  248
266  250  248
246  251  248
247  251  248
248  251  248
249  251  248
250  251  248
251  251  248
252  251  248
253  251  248
254  251  248
255  251  248
256  251  248
257  251  248
258  251  248
259  251  248
260  251  248
261  251  248
262  251  248
263  251  248
264  251  248
265  251  248
266  251  248
246  252  248
247  252  248
248  252  248
249  252  248
250  252  248
251  252  248
252  252  248
253  252  248
254  252  248
255  252  248
256  252  248
257  252  248
258  252  248
259  252  248
260  252  248
261  252  248
262  252  248
263  252  248
264  252  248
265  252  248
266  252  248
246  253  248
247  253  248
248  253  248
249  253  248
250  253  248
251  253  248
252  253  248
253  253  248
254  253  248
255  253  248
256  253  248
257  253  248
258  253  248
259  253  248
260  253  248
261  253  248
262  253  248
263  253  248
264  253  248
265  253  248
266  253  248
246  254  248
247  254  248
248  254  248
249  254  248
250  254  248
251  254  248
252  254  248
253  254  248
254  254  248
255  254  248
256  254  248
257  254  248
258  254  248
259  254  248
260  254  248
261  254  248
262  254  248
263  254  248
264  254  248
265  254  248
266  254  248
246  255  248
247  255  248
248  255  248
249  255  248
250  255  248
251  255  248
252  255  248
253  255  248
254  255  248
255  255  248
256  255  248
257  255  248
258  255  248
259  255  248
260  255  248
261  255  248
262  255  248
263  255  248
264  255  248
265  255  248
266  255  248
246  256  248
247  256  248
248  256  248
249  256  248
250  256  248
251  256  248
252  256  248
253  256  248
254  256  248
255  256  248
256  256  248
257  256  248
258  256  248
259  256  248
260  256  248
261  256  248
262  256  248
263  256  248
264  256  248
265  256  248
266  256  248
246  257  248
247  257  248
248  257  248
249  257  248
250  257  248
251  257  248
252  257  248
253  257  248
254  257  248
255  257  248
256  257  248
257  257  248
258  257  248
259  257  248
260  257  248
261  257  248
262  257  248
263  257  248
264  257  248
265  257  248
266  257  248
246  258  248
247  258  248
248  258  248
249  258  248
250  258  248
251  258  248
252  258  248
253  258  248
254  258  248
255  258  248
256  258  248
257  258  248
258  258  248
259  258  248
260  258  248
261  258  248
262  258  248
263  258  248
264  258  248
265  258  248
266  258  248
246  259  248
247  259  248
248  259  248
249  259  248
250  259  248
251  259  248
252  259  248
253  259  248
254  259  248
255  259  248
256  259  248
257  259  248
258  259  248
259  259  248
260  259  248
261  259  248
262  259  248
263  259  248
264  259  248
265  259  248
266  259  248
246  260  248
247  260  248
248  260  248
249  260  248
250  260  248
251  260  248
252  260  248
253  260  248
254  260  248
255  260  248
256  260  248
257  260  248
258  260  248
259  260  248
260  260  248
261  260  248
262  260  248
263  260  248
264  260  248
265  260  248
266  260  248
246  261  248
247  261  248
248  261  248
249  261  248
250  261  248
251  261  248
252  261  248
253  261  248
254  261  248
255  261  248
256  261  248
257  261  248
258  261  248
259  261  248
260  261  248
261  261  248
262  261  248
263  261  248
264  261  248
265  261  248
266  261  248
246  262  248
247  262  248
248  262  248
249  262  248
250  262  248
251  262  248
252  262  248
253  262  248
254  262  248
255  262  248
256  262  248
257  262  248
258  262  248
259  262  248
260  262  248
261  262  248
262  262  248
263  262  248
264  262  248
265  262  248
266  262  248
246  263  248
247  263  248
248  263  248
249  263  248
250  263  248
251  263  248
252  263  248
253  263  248
254  263  248
255  263  248
256  263  248
257  263  248
258  263  248
259  263  248
260  263  248
261  263  248
262  263  248
263  263  248
264  263  248
265  263  248
266  263  248
246  264  248
247  264  248
248  264  248
249  264  248
250  264  248
251  264  248
252  264  248
253  264  248
254  264  248
255  264  248
256  264  248
257  264  248
258  264  248
259  264  248
260  264  248
261  264  248
262  264  248
263  264  248
264  264  248
265  264  248
266  264  248
246  265  248
247  265  248
248  265  248
249  265  248
250  265  248
251  265  248
252  265  248
253  265  248
254  265  248
255  265  248
256  265  248
257  265  248
258  265  248
259  265  248
260  265  248
261  265  248
262  265  248
263  265  248
264  265  248
265  265  248
266  265  248
246  266  248
247  266  248
248  266  248
249  266  248
250  266  248
251  266  248
252  266  248
253  266  248
254  266  248
255  266  248
256  266  248
257  266  248
258  266  248
259  266  248
260  266  248
261  266  248
262  266  248
263  266  248
264  266  248
265  266  248
266  266  248
246  246  249
247  246  249
248  246  249
249  246  249
250  246  249
251  246  249
252  246  249
253  246  249
254  246  249
255  246  249
256  246  249
257  246  249
258  246  249
259  246  249
260  246  249
261  246  249
262  246  249
263  246  249
264  246  249
265  246  249
266  246  249
246  247  249
247  247  249
248  247  249
249  247  249
250  247  249
251  247  249
252  247  249
253  247  249
254  247  249
255  247  249
256  247  249
257  247  249
258  247  249
259  247  249
260  247  249
261  247  249
262  247  249
263  247  249
264  247  249
265  247  249
266  247  249
246  248  249
247  248  249
248  248  249
249  248  249
250  248  249
251  248  249
252  248  249
253  248  249
254  248  249
255  248  249
256  248  249
257  248  249
258  248  249
259  248  249
260  248  249
261  248  249
262  248  249
263  248  249
264  248  249
265  248  249
266  248  249
246  249  249
247  249  249
248  249  249
249  249  249
250  249  249
251  249  249
252  249  249
253  249  249
254  249  249
255  249  249
256  249  249
257  249  249
258  249  249
259  249  249
260  249  249
261  249  249
262  249  249
263  249  249
264  249  249
265  249  249
266  249  249
246  250  249
247  250  249
248  250  249
249  250  249
250  250  249
251  250  249
252  250  249
253  250  249
254  250  249
255  250  249
256  250  249
257  250  249
258  250  249
259  250  249
260  250  249
261  250  249
262  250  249
263  250  249
264  250  249
265  250  249
266  250  249
246  251  249
247  251  249
248  251  249
249  251  249
250  251  249
251  251  249
252  251  249
253  251  249
254  251  249
255  251  249
256  251  249
257  251  249
258  251  249
259  251  249
260  251  249
261  251  249
262  251  249
263  251  249
264  251  249
265  251  249
266  251  249
246  252  249
247  252  249
248  252  249
249  252  249
250  252  249
251  252  249
252  252  249
253  252  249
254  252  249
255  252  249
256  252  249
257  252  249
258  252  249
259  252  249
260  252  249
261  252  249
262  252  249
263  252  249
264  252  249
265  252  249
266  252  249
246  253  249
247  253  249
248  253  249
249  253  249
250  253  249
251  253  249
252  253  249
253  253  249
254  253  249
255  253  249
256  253  249
257  253  249
258  253  249
259  253  249
260  253  249
261  253  249
262  253  249
263  253  249
264  253  249
265  253  249
266  253  249
246  254  249
247  254  249
248  254  249
249  254  249
250  254  249
251  254  249
252  254  249
253  254  249
254  254  249
255  254  249
256  254  249
257  254  249
258  254  249
259  254  249
260  254  249
261  254  249
262  254  249
263  254  249
264  254  249
265  254  249
266  254  249
246  255  249
247  255  249
248  255  249
249  255  249
250  255  249
251  255  249
252  255  249
253  255  249
254  255  249
255  255  249
256  255  249
257  255  249
258  255  249
259  255  249
260  255  249
261  255  249
262  255  249
263  255  249
264  255  249
265  255  249
266  255  249
246  256  249
247  256  249
248  256  249
249  256  249
250  256  249
251  256  249
252  256  249
253  256  249
254  256  249
255  256  249
256  256  249
257  256  249
258  256  249
259  256  249
260  256  249
261  256  249
262  256  249
263  256  249
264  256  249
265  256  249
266  256  249
246  257  249
247  257  249
248  257  249
249  257  249
250  257  249
251  257  249
252  257  249
253  257  249
254  257  249
255  257  249
256  257  249
257  257  249
258  257  249
259  257  249
260  257  249
261  257  249
262  257  249
263  257  249
264  257  249
265  257  249
266  257  249
246  258  249
247  258  249
248  258  249
249  258  249
250  258  249
251  258  249
252  258  249
253  258  249
254  258  249
255  258  249
256  258  249
257  258  249
258  258  249
259  258  249
260  258  249
261  258  249
262  258  249
263  258  249
264  258  249
265  258  249
266  258  249
246  259  249
247  259  249
248  259  249
249  259  249
250  259  249
251  259  249
252  259  249
253  259  249
254  259  249
255  259  249
256  259  249
257  259  249
258  259  249
259  259  249
260  259  249
261  259  249
262  259  249
263  259  249
264  259  249
265  259  249
266  259  249
246  260  249
247  260  249
248  260  249
249  260  249
250  260  249
251  260  249
252  260  249
253  260  249
254  260  249
255  260  249
256  260  249
257  260  249
258  260  249
259  260  249
260  260  249
261  260  249
262  260  249
263  260  249
264  260  249
265  260  249
266  260  249
246  261  249
247  261  249
248  261  249
249  261  249
250  261  249
251  261  249
252  261  249
253  261  249
254  261  249
255  261  249
256  261  249
257  261  249
258  261  249
259  261  249
260  261  249
261  261  249
262  261  249
263  261  249
264  261  249
265  261  249
266  261  249
246  262  249
247  262  249
248  262  249
249  262  249
250  262  249
251  262  249
252  262  249
253  262  249
254  262  249
255  262  249
256  262  249
257  262  249
258  262  249
259  262  249
260  262  249
261  262  249
262  262  249
263  262  249
264  262  249
265  262  249
266  262  249
246  263  249
247  263  249
248  263  249
249  263  249
250  263  249
251  263  249
252  263  249
253  263  249
254  263  249
255  263  249
256  263  249
257  263  249
258  263  249
259  263  249
260  263  249
261  263  249
262  263  249
263  263  249
264  263  249
265  263  249
266  263  249
246  264  249
247  264  249
248  264  249
249  264  249
250  264  249
251  264  249
252  264  249
253  264  249
254  264  249
255  264  249
256  264  249
257  264  249
258  264  249
259  264  249
260  264  249
261  264  249
262  264  249
263  264  249
264  264  249
265  264  249
266  264  249
246  265  249
247  265  249
248  265  249
249  265  249
250  265  249
251  265  249
252  265  249
253  265  249
254  265  249
255  265  249
256  265  249
257  265  249
258  265  249
259  265  249
260  265  249
261  265  249
262  265  249
263  265  249
264  265  249
265  265  249
266  265  249
246  266  249
247  266  249
248  266  249
249  266  249
250  266  249
251  266  249
252  266  249
253  266  249
254  266  249
255  266  249
256  266  249
257  266  249
258  266  249
259  266  249
260  266  249
261  266  249
262  266  249
263  266  249
264  266  249
265  266  249
266  266  249
246  246  250
247  246  250
248  246  250
249  246  250
250  246  250
251  246  250
252  246  250
253  246  250
254  246  250
255  246  250
256  246  250
257  246  250
258  246  250
259  246  250
260  246  250
261  246  250
262  246  250
263  246  250
264  246  250
265  246  250
266  246  250
246  247  250
247  247  250
248  247  250
249  247  250
250  247  250
251  247  250
252  247  250
253  247  250
254  247  250
255  247  250
256  247  250
257  247  250
258  247  250
259  247  250
260  247  250
261  247  250
262  247  250
263  247  250
264  247  250
265  247  250
266  247  250
246  248  250
247  248  250
248  248  250
249  248  250
250  248  250
251  248  250
252  248  250
253  248  250
254  248  250
255  248  250
256  248  250
257  248  250
258  248  250
259  248  250
260  248  250
261  248  250
262  248  250
263  248  250
264  248  250
265  248  250
266  248  250
246  249  250
247  249  250
248  249  250
249  249  250
250  249  250
251  249  250
252  249  250
253  249  250
254  249  250
255  249  250
256  249  250
257  249  250
258  249  250
259  249  250
260  249  250
261  249  250
262  249  250
263  249  250
264  249  250
265  249  250
266  249  250
246  250  250
247  250  250
248  250  250
249  250  250
250  250  250
251  250  250
252  250  250
253  250  250
254  250  250
255  250  250
256  250  250
257  250  250
258  250  250
259  250  250
260  250  250
261  250  250
262  250  250
263  250  250
264  250  250
265  250  250
266  250  250
246  251  250
247  251  250
248  251  250
249  251  250
250  251  250
251  251  250
252  251  250
253  251  250
254  251  250
255  251  250
256  251  250
257  251  250
258  251  250
259  251  250
260  251  250
261  251  250
262  251  250
263  251  250
264  251  250
265  251  250
266  251  250
246  252  250
247  252  250
248  252  250
249  252  250
250  252  250
251  252  250
252  252  250
253  252  250
254  252  250
255  252  250
256  252  250
257  252  250
258  252  250
259  252  250
260  252  250
261  252  250
262  252  250
263  252  250
264  252  250
265  252  250
266  252  250
246  253  250
247  253  250
248  253  250
249  253  250
250  253  250
251  253  250
252  253  250
253  253  250
254  253  250
255  253  250
256  253  250
257  253  250
258  253  250
259  253  250
260  253  250
261  253  250
262  253  250
263  253  250
264  253  250
265  253  250
266  253  250
246  254  250
247  254  250
248  254  250
249  254  250
250  254  250
251  254  250
252  254  250
253  254  250
254  254  250
255  254  250
256  254  250
257  254  250
258  254  250
259  254  250
260  254  250
261  254  250
262  254  250
263  254  250
264  254  250
265  254  250
266  254  250
246  255  250
247  255  250
248  255  250
249  255  250
250  255  250
251  255  250
252  255  250
253  255  250
254  255  250
255  255  250
256  255  250
257  255  250
258  255  250
259  255  250
260  255  250
261  255  250
262  255  250
263  255  250
264  255  250
265  255  250
266  255  250
246  256  250
247  256  250
248  256  250
249  256  250
250  256  250
251  256  250
252  256  250
253  256  250
254  256  250
255  256  250
256  256  250
257  256  250
258  256  250
259  256  250
260  256  250
261  256  250
262  256  250
263  256  250
264  256  250
265  256  250
266  256  250
246  257  250
247  257  250
248  257  250
249  257  250
250  257  250
251  257  250
252  257  250
253  257  250
254  257  250
255  257  250
256  257  250
257  257  250
258  257  250
259  257  250
260  257  250
261  257  250
262  257  250
263  257  250
264  257  250
265  257  250
266  257  250
246  258  250
247  258  250
248  258  250
249  258  250
250  258  250
251  258  250
252  258  250
253  258  250
254  258  250
255  258  250
256  258  250
257  258  250
258  258  250
259  258  250
260  258  250
261  258  250
262  258  250
263  258  250
264  258  250
265  258  250
266  258  250
246  259  250
247  259  250
248  259  250
249  259  250
250  259  250
251  259  250
252  259  250
253  259  250
254  259  250
255  259  250
256  259  250
257  259  250
258  259  250
259  259  250
260  259  250
261  259  250
262  259  250
263  259  250
264  259  250
265  259  250
266  259  250
246  260  250
247  260  250
248  260  250
249  260  250
250  260  250
251  260  250
252  260  250
253  260  250
254  260  250
255  260  250
256  260  250
257  260  250
258  260  250
259  260  250
260  260  250
261  260  250
262  260  250
263  260  250
264  260  250
265  260  250
266  260  250
246  261  250
247  261  250
248  261  250
249  261  250
250  261  250
251  261  250
252  261  250
253  261  250
254  261  250
255  261  250
256  261  250
257  261  250
258  261  250
259  261  250
260  261  250
261  261  250
262  261  250
263  261  250
264  261  250
265  261  250
266  261  250
246  262  250
247  262  250
248  262  250
249  262  250
250  262  250
251  262  250
252  262  250
253  262  250
254  262  250
255  262  250
256  262  250
257  262  250
258  262  250
259  262  250
260  262  250
261  262  250
262  262  250
263  262  250
264  262  250
265  262  250
266  262  250
246  263  250
247  263  250
248  263  250
249  263  250
250  263  250
251  263  250
252  263  250
253  263  250
254  263  250
255  263  250
256  263  250
257  263  250
258  263  250
259  263  250
260  263  250
261  263  250
262  263  250
263  263  250
264  263  250
265  263  250
266  263  250
246  264  250
247  264  250
248  264  250
249  264  250
250  264  250
251  264  250
252  264  250
253  264  250
254  264  250
255  264  250
256  264  250
257  264  250
258  264  250
259  264  250
260  264  250
261  264  250
262  264  250
263  264  250
264  264  250
265  264  250
266  264  250
246  265  250
247  265  250
248  265  250
249  265  250
250  265  250
251  265  250
252  265  250
253  265  250
254  265  250
255  265  250
256  265  250
257  265  250
258  265  250
259  265  250
260  265  250
261  265  250
262  265  250
263  265  250
264  265  250
265  265  250
266  265  250
246  266  250
247  266  250
248  266  250
249  266  250
250  266  250
251  266  250
252  266  250
253  266  250
254  266  250
255  266  250
256  266  250
257  266  250
258  266  250
259  266  250
260  266  250
261  266  250
262  266  250
263  266  250
264  266  250
265  266  250
266  266  250
246  246  251
247  246  251
248  246  251
249  246  251
250  246  251
251  246  251
252  246  251
253  246  251
254  246  251
255  246  251
256  246  251
257  246  251
258  246  251
259  246  251
260  246  251
261  246  251
262  246  251
263  246  251
264  246  251
265  246  251
266  246  251
246  247  251
247  247  251
248  247  251
249  247  251
250  247  251
251  247  251
252  247  251
253  247  251
254  247  251
255  247  251
256  247  251
257  247  251
258  247  251
259  247  251
260  247  251
261  247  251
262  247  251
263  247  251
264  247  251
265  247  251
266  247  251
246  248  251
247  248  251
248  248  251
249  248  251
250  248  251
251  248  251
252  248  251
253  248  251
254  248  251
255  248  251
256  248  251
257  248  251
258  248  251
259  248  251
260  248  251
261  248  251
262  248  251
263  248  251
264  248  251
265  248  251
266  248  251
246  249  251
247  249  251
248  249  251
249  249  251
250  249  251
251  249  251
252  249  251
253  249  251
254  249  251
255  249  251
256  249  251
257  249  251
258  249  251
259  249  251
260  249  251
261  249  251
262  249  251
263  249  251
264  249  251
265  249  251
266  249  251
246  250  251
247  250  251
248  250  251
249  250  251
250  250  251
251  250  251
252  250  251
253  250  251
254  250  251
255  250  251
256  250  251
257  250  251
258  250  251
259  250  251
260  250  251
261  250  251
262  250  251
263  250  251
264  250  251
265  250  251
266  250  251
246  251  251
247  251  251
248  251  251
249  251  251
250  251  251
251  251  251
252  251  251
253  251  251
254  251  251
255  251  251
256  251  251
257  251  251
258  251  251
259  251  251
260  251  251
261  251  251
262  251  251
263  251  251
264  251  251
265  251  251
266  251  251
246  252  251
247  252  251
248  252  251
249  252  251
250  252  251
251  252  251
252  252  251
253  252  251
254  252  251
255  252  251
256  252  251
257  252  251
258  252  251
259  252  251
260  252  251
261  252  251
262  252  251
263  252  251
264  252  251
265  252  251
266  252  251
246  253  251
247  253  251
248  253  251
249  253  251
250  253  251
251  253  251
252  253  251
253  253  251
254  253  251
255  253  251
256  253  251
257  253  251
258  253  251
259  253  251
260  253  251
261  253  251
262  253  251
263  253  251
264  253  251
265  253  251
266  253  251
246  254  251
247  254  251
248  254  251
249  254  251
250  254  251
251  254  251
252  254  251
253  254  251
254  254  251
255  254  251
256  254  251
257  254  251
258  254  251
259  254  251
260  254  251
261  254  251
262  254  251
263  254  251
264  254  251
265  254  251
266  254  251
246  255  251
247  255  251
248  255  251
249  255  251
250  255  251
251  255  251
252  255  251
253  255  251
254  255  251
255  255  251
256  255  251
257  255  251
258  255  251
259  255  251
260  255  251
261  255  251
262  255  251
263  255  251
264  255  251
265  255  251
266  255  251
246  256  251
247  256  251
248  256  251
249  256  251
250  256  251
251  256  251
252  256  251
253  256  251
254  256  251
255  256  251
256  256  251
257  256  251
258  256  251
259  256  251
260  256  251
261  256  251
262  256  251
263  256  251
264  256  251
265  256  251
266  256  251
246  257  251
247  257  251
248  257  251
249  257  251
250  257  251
251  257  251
252  257  251
253  257  251
254  257  251
255  257  251
256  257  251
257  257  251
258  257  251
259  257  251
260  257  251
261  257  251
262  257  251
263  257  251
264  257  251
265  257  251
266  257  251
246  258  251
247  258  251
248  258  251
249  258  251
250  258  251
251  258  251
252  258  251
253  258  251
254  258  251
255  258  251
256  258  251
257  258  251
258  258  251
259  258  251
260  258  251
261  258  251
262  258  251
263  258  251
264  258  251
265  258  251
266  258  251
246  259  251
247  259  251
248  259  251
249  259  251
250  259  251
251  259  251
252  259  251
253  259  251
254  259  251
255  259  251
256  259  251
257  259  251
258  259  251
259  259  251
260  259  251
261  259  251
262  259  251
263  259  251
264  259  251
265  259  251
266  259  251
246  260  251
247  260  251
248  260  251
249  260  251
250  260  251
251  260  251
252  260  251
253  260  251
254  260  251
255  260  251
256  260  251
257  260  251
258  260  251
259  260  251
260  260  251
261  260  251
262  260  251
263  260  251
264  260  251
265  260  251
266  260  251
246  261  251
247  261  251
248  261  251
249  261  251
250  261  251
251  261  251
252  261  251
253  261  251
254  261  251
255  261  251
256  261  251
257  261  251
258  261  251
259  261  251
260  261  251
261  261  251
262  261  251
263  261  251
264  261  251
265  261  251
266  261  251
246  262  251
247  262  251
248  262  251
249  262  251
250  262  251
251  262  251
252  262  251
253  262  251
254  262  251
255  262  251
256  262  251
257  262  251
258  262  251
259  262  251
260  262  251
261  262  251
262  262  251
263  262  251
264  262  251
265  262  251
266  262  251
246  263  251
247  263  251
248  263  251
249  263  251
250  263  251
251  263  251
252  263  251
253  263  251
254  263  251
255  263  251
256  263  251
257  263  251
258  263  251
259  263  251
260  263  251
261  263  251
262  263  251
263  263  251
264  263  251
265  263  251
266  263  251
246  264  251
247  264  251
248  264  251
249  264  251
250  264  251
251  264  251
252  264  251
253  264  251
254  264  251
255  264  251
256  264  251
257  264  251
258  264  251
259  264  251
260  264  251
261  264  251
262  264  251
263  264  251
264  264  251
265  264  251
266  264  251
246  265  251
247  265  251
248  265  251
249  265  251
250  265  251
251  265  251
252  265  251
253  265  251
254  265  251
255  265  251
256  265  251
257  265  251
258  265  251
259  265  251
260  265  251
261  265  251
262  265  251
263  265  251
264  265  251
265  265  251
266  265  251
246  266  251
247  266  251
248  266  251
249  266  251
250  266  251
251  266  251
252  266  251
253  266  251
254  266  251
255  266  251
256  266  251
257  266  251
258  266  251
259  266  251
260  266  251
261  266  251
262  266  251
263  266  251
264  266  251
265  266  251
266  266  251
246  246  252
247  246  252
248  246  252
249  246  252
250  246  252
251  246  252
252  246  252
253  246  252
254  246  252
255  246  252
256  246  252
257  246  252
258  246  252
259  246  252
260  246  252
261  246  252
262  246  252
263  246  252
264  246  252
265  246  252
266  246  252
246  247  252
247  247  252
248  247  252
249  247  252
250  247  252
251  247  252
252  247  252
253  247  252
254  247  252
255  247  252
256  247  252
257  247  252
258  247  252
259  247  252
260  247  252
261  247  252
262  247  252
263  247  252
264  247  252
265  247  252
266  247  252
246  248  252
247  248  252
248  248  252
249  248  252
250  248  252
251  248  252
252  248  252
253  248  252
254  248  252
255  248  252
256  248  252
257  248  252
258  248  252
259  248  252
260  248  252
261  248  252
262  248  252
263  248  252
264  248  252
265  248  252
266  248  252
246  249  252
247  249  252
248  249  252
249  249  252
250  249  252
251  249  252
252  249  252
253  249  252
254  249  252
255  249  252
256  249  252
257  249  252
258  249  252
259  249  252
260  249  252
261  249  252
262  249  252
263  249  252
264  249  252
265  249  252
266  249  252
246  250  252
247  250  252
248  250  252
249  250  252
250  250  252
251  250  252
252  250  252
253  250  252
254  250  252
255  250  252
256  250  252
257  250  252
258  250  252
259  250  252
260  250  252
261  250  252
262  250  252
263  250  252
264  250  252
265  250  252
266  250  252
246  251  252
247  251  252
248  251  252
249  251  252
250  251  252
251  251  252
252  251  252
253  251  252
254  251  252
255  251  252
256  251  252
257  251  252
258  251  252
259  251  252
260  251  252
261  251  252
262  251  252
263  251  252
264  251  252
265  251  252
266  251  252
246  252  252
247  252  252
248  252  252
249  252  252
250  252  252
251  252  252
252  252  252
253  252  252
254  252  252
255  252  252
256  252  252
257  252  252
258  252  252
259  252  252
260  252  252
261  252  252
262  252  252
263  252  252
264  252  252
265  252  252
266  252  252
246  253  252
247  253  252
248  253  252
249  253  252
250  253  252
251  253  252
252  253  252
253  253  252
254  253  252
255  253  252
256  253  252
257  253  252
258  253  252
259  253  252
260  253  252
261  253  252
262  253  252
263  253  252
264  253  252
265  253  252
266  253  252
246  254  252
247  254  252
248  254  252
249  254  252
250  254  252
251  254  252
252  254  252
253  254  252
254  254  252
255  254  252
256  254  252
257  254  252
258  254  252
259  254  252
260  254  252
261  254  252
262  254  252
263  254  252
264  254  252
265  254  252
266  254  252
246  255  252
247  255  252
248  255  252
249  255  252
250  255  252
251  255  252
252  255  252
253  255  252
254  255  252
255  255  252
256  255  252
257  255  252
258  255  252
259  255  252
260  255  252
261  255  252
262  255  252
263  255  252
264  255  252
265  255  252
266  255  252
246  256  252
247  256  252
248  256  252
249  256  252
250  256  252
251  256  252
252  256  252
253  256  252
254  256  252
255  256  252
256  256  252
257  256  252
258  256  252
259  256  252
260  256  252
261  256  252
262  256  252
263  256  252
264  256  252
265  256  252
266  256  252
246  257  252
247  257  252
248  257  252
249  257  252
250  257  252
251  257  252
252  257  252
253  257  252
254  257  252
255  257  252
256  257  252
257  257  252
258  257  252
259  257  252
260  257  252
261  257  252
262  257  252
263  257  252
264  257  252
265  257  252
266  257  252
246  258  252
247  258  252
248  258  252
249  258  252
250  258  252
251  258  252
252  258  252
253  258  252
254  258  252
255  258  252
256  258  252
257  258  252
258  258  252
259  258  252
260  258  252
261  258  252
262  258  252
263  258  252
264  258  252
265  258  252
266  258  252
246  259  252
247  259  252
248  259  252
249  259  252
250  259  252
251  259  252
252  259  252
253  259  252
254  259  252
255  259  252
256  259  252
257  259  252
258  259  252
259  259  252
260  259  252
261  259  252
262  259  252
263  259  252
264  259  252
265  259  252
266  259  252
246  260  252
247  260  252
248  260  252
249  260  252
250  260  252
251  260  252
252  260  252
253  260  252
254  260  252
255  260  252
256  260  252
257  260  252
258  260  252
259  260  252
260  260  252
261  260  252
262  260  252
263  260  252
264  260  252
265  260  252
266  260  252
246  261  252
247  261  252
248  261  252
249  261  252
250  261  252
251  261  252
252  261  252
253  261  252
254  261  252
255  261  252
256  261  252
257  261  252
258  261  252
259  261  252
260  261  252
261  261  252
262  261  252
263  261  252
264  261  252
265  261  252
266  261  252
246  262  252
247  262  252
248  262  252
249  262  252
250  262  252
251  262  252
252  262  252
253  262  252
254  262  252
255  262  252
256  262  252
257  262  252
258  262  252
259  262  252
260  262  252
261  262  252
262  262  252
263  262  252
264  262  252
265  262  252
266  262  252
246  263  252
247  263  252
248  263  252
249  263  252
250  263  252
251  263  252
252  263  252
253  263  252
254  263  252
255  263  252
256  263  252
257  263  252
258  263  252
259  263  252
260  263  252
261  263  252
262  263  252
263  263  252
264  263  252
265  263  252
266  263  252
246  264  252
247  264  252
248  264  252
249  264  252
250  264  252
251  264  252
252  264  252
253  264  252
254  264  252
255  264  252
256  264  252
257  264  252
258  264  252
259  264  252
260  264  252
261  264  252
262  264  252
263  264  252
264  264  252
265  264  252
266  264  252
246  265  252
247  265  252
248  265  252
249  265  252
250  265  252
251  265  252
252  265  252
253  265  252
254  265  252
255  265  252
256  265  252
257  265  252
258  265  252
259  265  252
260  265  252
261  265  252
262  265  252
263  265  252
264  265  252
265  265  252
266  265  252
246  266  252
247  266  252
248  266  252
249  266  252
250  266  252
251  266  252
252  266  252
253  266  252
254  266  252
255  266  252
256  266  252
257  266  252
258  266  252
259  266  252
260  266  252
261  266  252
262  266  252
263  266  252
264  266  252
265  266  252
266  266  252
246  246  253
247  246  253
248  246  253
249  246  253
250  246  253
251  246  253
252  246  253
253  246  253
254  246  253
255  246  253
256  246  253
257  246  253
258  246  253
259  246  253
260  246  253
261  246  253
262  246  253
263  246  253
264  246  253
265  246  253
266  246  253
246  247  253
247  247  253
248  247  253
249  247  253
250  247  253
251  247  253
252  247  253
253  247  253
254  247  253
255  247  253
256  247  253
257  247  253
258  247  253
259  247  253
260  247  253
261  247  253
262  247  253
263  247  253
264  247  253
265  247  253
266  247  253
246  248  253
247  248  253
248  248  253
249  248  253
250  248  253
251  248  253
252  248  253
253  248  253
254  248  253
255  248  253
256  248  253
257  248  253
258  248  253
259  248  253
260  248  253
261  248  253
262  248  253
263  248  253
264  248  253
265  248  253
266  248  253
246  249  253
247  249  253
248  249  253
249  249  253
250  249  253
251  249  253
252  249  253
253  249  253
254  249  253
255  249  253
256  249  253
257  249  253
258  249  253
259  249  253
260  249  253
261  249  253
262  249  253
263  249  253
264  249  253
265  249  253
266  249  253
246  250  253
247  250  253
248  250  253
249  250  253
250  250  253
251  250  253
252  250  253
253  250  253
254  250  253
255  250  253
256  250  253
257  250  253
258  250  253
259  250  253
260  250  253
261  250  253
262  250  253
263  250  253
264  250  253
265  250  253
266  250  253
246  251  253
247  251  253
248  251  253
249  251  253
250  251  253
251  251  253
252  251  253
253  251  253
254  251  253
255  251  253
256  251  253
257  251  253
258  251  253
259  251  253
260  251  253
261  251  253
262  251  253
263  251  253
264  251  253
265  251  253
266  251  253
246  252  253
247  252  253
248  252  253
249  252  253
250  252  253
251  252  253
252  252  253
253  252  253
254  252  253
255  252  253
256  252  253
257  252  253
258  252  253
259  252  253
260  252  253
261  252  253
262  252  253
263  252  253
264  252  253
265  252  253
266  252  253
246  253  253
247  253  253
248  253  253
249  253  253
250  253  253
251  253  253
252  253  253
253  253  253
254  253  253
255  253  253
256  253  253
257  253  253
258  253  253
259  253  253
260  253  253
261  253  253
262  253  253
263  253  253
264  253  253
265  253  253
266  253  253
246  254  253
247  254  253
248  254  253
249  254  253
250  254  253
251  254  253
252  254  253
253  254  253
254  254  253
255  254  253
256  254  253
257  254  253
258  254  253
259  254  253
260  254  253
261  254  253
262  254  253
263  254  253
264  254  253
265  254  253
266  254  253
246  255  253
247  255  253
248  255  253
249  255  253
250  255  253
251  255  253
252  255  253
253  255  253
254  255  253
255  255  253
256  255  253
257  255  253
258  255  253
259  255  253
260  255  253
261  255  253
262  255  253
263  255  253
264  255  253
265  255  253
266  255  253
246  256  253
247  256  253
248  256  253
249  256  253
250  256  253
251  256  253
252  256  253
253  256  253
254  256  253
255  256  253
256  256  253
257  256  253
258  256  253
259  256  253
260  256  253
261  256  253
262  256  253
263  256  253
264  256  253
265  256  253
266  256  253
246  257  253
247  257  253
248  257  253
249  257  253
250  257  253
251  257  253
252  257  253
253  257  253
254  257  253
255  257  253
256  257  253
257  257  253
258  257  253
259  257  253
260  257  253
261  257  253
262  257  253
263  257  253
264  257  253
265  257  253
266  257  253
246  258  253
247  258  253
248  258  253
249  258  253
250  258  253
251  258  253
252  258  253
253  258  253
254  258  253
255  258  253
256  258  253
257  258  253
258  258  253
259  258  253
260  258  253
261  258  253
262  258  253
263  258  253
264  258  253
265  258  253
266  258  253
246  259  253
247  259  253
248  259  253
249  259  253
250  259  253
251  259  253
252  259  253
253  259  253
254  259  253
255  259  253
256  259  253
257  259  253
258  259  253
259  259  253
260  259  253
261  259  253
262  259  253
263  259  253
264  259  253
265  259  253
266  259  253
246  260  253
247  260  253
248  260  253
249  260  253
250  260  253
251  260  253
252  260  253
253  260  253
254  260  253
255  260  253
256  260  253
257  260  253
258  260  253
259  260  253
260  260  253
261  260  253
262  260  253
263  260  253
264  260  253
265  260  253
266  260  253
246  261  253
247  261  253
248  261  253
249  261  253
250  261  253
251  261  253
252  261  253
253  261  253
254  261  253
255  261  253
256  261  253
257  261  253
258  261  253
259  261  253
260  261  253
261  261  253
262  261  253
263  261  253
264  261  253
265  261  253
266  261  253
246  262  253
247  262  253
248  262  253
249  262  253
250  262  253
251  262  253
252  262  253
253  262  253
254  262  253
255  262  253
256  262  253
257  262  253
258  262  253
259  262  253
260  262  253
261  262  253
262  262  253
263  262  253
264  262  253
265  262  253
266  262  253
246  263  253
247  263  253
248  263  253
249  263  253
250  263  253
251  263  253
252  263  253
253  263  253
254  263  253
255  263  253
256  263  253
257  263  253
258  263  253
259  263  253
260  263  253
261  263  253
262  263  253
263  263  253
264  263  253
265  263  253
266  263  253
246  264  253
247  264  253
248  264  253
249  264  253
250  264  253
251  264  253
252  264  253
253  264  253
254  264  253
255  264  253
256  264  253
257  264  253
258  264  253
259  264  253
260  264  253
261  264  253
262  264  253
263  264  253
264  264  253
265  264  253
266  264  253
246  265  253
247  265  253
248  265  253
249  265  253
250  265  253
251  265  253
252  265  253
253  265  253
254  265  253
255  265  253
256  265  253
257  265  253
258  265  253
259  265  253
260  265  253
261  265  253
262  265  253
263  265  253
264  265  253
265  265  253
266  265  253
246  266  253
247  266  253
248  266  253
249  266  253
250  266  253
251  266  253
252  266  253
253  266  253
254  266  253
255  266  253
256  266  253
257  266  253
258  266  253
259  266  253
260  266  253
261  266  253
262  266  253
263  266  253
264  266  253
265  266  253
266  266  253
246  246  254
247  246  254
248  246  254
249  246  254
250  246  254
251  246  254
252  246  254
253  246  254
254  246  254
255  246  254
256  246  254
257  246  254
258  246  254
259  246  254
260  246  254
261  246  254
262  246  254
263  246  254
264  246  254
265  246  254
266  246  254
246  247  254
247  247  254
248  247  254
249  247  254
250  247  254
251  247  254
252  247  254
253  247  254
254  247  254
255  247  254
256  247  254
257  247  254
258  247  254
259  247  254
260  247  254
261  247  254
262  247  254
263  247  254
264  247  254
265  247  254
266  247  254
246  248  254
247  248  254
248  248  254
249  248  254
250  248  254
251  248  254
252  248  254
253  248  254
254  248  254
255  248  254
256  248  254
257  248  254
258  248  254
259  248  254
260  248  254
261  248  254
262  248  254
263  248  254
264  248  254
265  248  254
266  248  254
246  249  254
247  249  254
248  249  254
249  249  254
250  249  254
251  249  254
252  249  254
253  249  254
254  249  254
255  249  254
256  249  254
257  249  254
258  249  254
259  249  254
260  249  254
261  249  254
262  249  254
263  249  254
264  249  254
265  249  254
266  249  254
246  250  254
247  250  254
248  250  254
249  250  254
250  250  254
251  250  254
252  250  254
253  250  254
254  250  254
255  250  254
256  250  254
257  250  254
258  250  254
259  250  254
260  250  254
261  250  254
262  250  254
263  250  254
264  250  254
265  250  254
266  250  254
246  251  254
247  251  254
248  251  254
249  251  254
250  251  254
251  251  254
252  251  254
253  251  254
254  251  254
255  251  254
256  251  254
257  251  254
258  251  254
259  251  254
260  251  254
261  251  254
262  251  254
263  251  254
264  251  254
265  251  254
266  251  254
246  252  254
247  252  254
248  252  254
249  252  254
250  252  254
251  252  254
252  252  254
253  252  254
254  252  254
255  252  254
256  252  254
257  252  254
258  252  254
259  252  254
260  252  254
261  252  254
262  252  254
263  252  254
264  252  254
265  252  254
266  252  254
246  253  254
247  253  254
248  253  254
249  253  254
250  253  254
251  253  254
252  253  254
253  253  254
254  253  254
255  253  254
256  253  254
257  253  254
258  253  254
259  253  254
260  253  254
261  253  254
262  253  254
263  253  254
264  253  254
265  253  254
266  253  254
246  254  254
247  254  254
248  254  254
249  254  254
250  254  254
251  254  254
252  254  254
253  254  254
254  254  254
255  254  254
256  254  254
257  254  254
258  254  254
259  254  254
260  254  254
261  254  254
262  254  254
263  254  254
264  254  254
265  254  254
266  254  254
246  255  254
247  255  254
248  255  254
249  255  254
250  255  254
251  255  254
252  255  254
253  255  254
254  255  254
255  255  254
256  255  254
257  255  254
258  255  254
259  255  254
260  255  254
261  255  254
262  255  254
263  255  254
264  255  254
265  255  254
266  255  254
246  256  254
247  256  254
248  256  254
249  256  254
250  256  254
251  256  254
252  256  254
253  256  254
254  256  254
255  256  254
256  256  254
257  256  254
258  256  254
259  256  254
260  256  254
261  256  254
262  256  254
263  256  254
264  256  254
265  256  254
266  256  254
246  257  254
247  257  254
248  257  254
249  257  254
250  257  254
251  257  254
252  257  254
253  257  254
254  257  254
255  257  254
256  257  254
257  257  254
258  257  254
259  257  254
260  257  254
261  257  254
262  257  254
263  257  254
264  257  254
265  257  254
266  257  254
246  258  254
247  258  254
248  258  254
249  258  254
250  258  254
251  258  254
252  258  254
253  258  254
254  258  254
255  258  254
256  258  254
257  258  254
258  258  254
259  258  254
260  258  254
261  258  254
262  258  254
263  258  254
264  258  254
265  258  254
266  258  254
246  259  254
247  259  254
248  259  254
249  259  254
250  259  254
251  259  254
252  259  254
253  259  254
254  259  254
255  259  254
256  259  254
257  259  254
258  259  254
259  259  254
260  259  254
261  259  254
262  259  254
263  259  254
264  259  254
265  259  254
266  259  254
246  260  254
247  260  254
248  260  254
249  260  254
250  260  254
251  260  254
252  260  254
253  260  254
254  260  254
255  260  254
256  260  254
257  260  254
258  260  254
259  260  254
260  260  254
261  260  254
262  260  254
263  260  254
264  260  254
265  260  254
266  260  254
246  261  254
247  261  254
248  261  254
249  261  254
250  261  254
251  261  254
252  261  254
253  261  254
254  261  254
255  261  254
256  261  254
257  261  254
258  261  254
259  261  254
260  261  254
261  261  254
262  261  254
263  261  254
264  261  254
265  261  254
266  261  254
246  262  254
247  262  254
248  262  254
249  262  254
250  262  254
251  262  254
252  262  254
253  262  254
254  262  254
255  262  254
256  262  254
257  262  254
258  262  254
259  262  254
260  262  254
261  262  254
262  262  254
263  262  254
264  262  254
265  262  254
266  262  254
246  263  254
247  263  254
248  263  254
249  263  254
250  263  254
251  263  254
252  263  254
253  263  254
254  263  254
255  263  254
256  263  254
257  263  254
258  263  254
259  263  254
260  263  254
261  263  254
262  263  254
263  263  254
264  263  254
265  263  254
266  263  254
246  264  254
247  264  254
248  264  254
249  264  254
250  264  254
251  264  254
252  264  254
253  264  254
254  264  254
255  264  254
256  264  254
257  264  254
258  264  254
259  264  254
260  264  254
261  264  254
262  264  254
263  264  254
264  264  254
265  264  254
266  264  254
246  265  254
247  265  254
248  265  254
249  265  254
250  265  254
251  265  254
252  265  254
253  265  254
254  265  254
255  265  254
256  265  254
257  265  254
258  265  254
259  265  254
260  265  254
261  265  254
262  265  254
263  265  254
264  265  254
265  265  254
266  265  254
246  266  254
247  266  254
248  266  254
249  266  254
250  266  254
251  266  254
252  266  254
253  266  254
254  266  254
255  266  254
256  266  254
257  266  254
258  266  254
259  266  254
260  266  254
261  266  254
262  266  254
263  266  254
264  266  254
265  266  254
266  266  254
246  246  255
247  246  255
248  246  255
249  246  255
250  246  255
251  246  255
252  246  255
253  246  255
254  246  255
255  246  255
256  246  255
257  246  255
258  246  255
259  246  255
260  246  255
261  246  255
262  246  255
263  246  255
264  246  255
265  246  255
266  246  255
246  247  255
247  247  255
248  247  255
249  247  255
250  247  255
251  247  255
252  247  255
253  247  255
254  247  255
255  247  255
256  247  255
257  247  255
258  247  255
259  247  255
260  247  255
261  247  255
262  247  255
263  247  255
264  247  255
265  247  255
266  247  255
246  248  255
247  248  255
248  248  255
249  248  255
250  248  255
251  248  255
252  248  255
253  248  255
254  248  255
255  248  255
256  248  255
257  248  255
258  248  255
259  248  255
260  248  255
261  248  255
262  248  255
263  248  255
264  248  255
265  248  255
266  248  255
246  249  255
247  249  255
248  249  255
249  249  255
250  249  255
251  249  255
252  249  255
253  249  255
254  249  255
255  249  255
256  249  255
257  249  255
258  249  255
259  249  255
260  249  255
261  249  255
262  249  255
263  249  255
264  249  255
265  249  255
266  249  255
246  250  255
247  250  255
248  250  255
249  250  255
250  250  255
251  250  255
252  250  255
253  250  255
254  250  255
255  250  255
256  250  255
257  250  255
258  250  255
259  250  255
260  250  255
261  250  255
262  250  255
263  250  255
264  250  255
265  250  255
266  250  255
246  251  255
247  251  255
248  251  255
249  251  255
250  251  255
251  251  255
252  251  255
253  251  255
254  251  255
255  251  255
256  251  255
257  251  255
258  251  255
259  251  255
260  251  255
261  251  255
262  251  255
263  251  255
264  251  255
265  251  255
266  251  255
246  252  255
247  252  255
248  252  255
249  252  255
250  252  255
251  252  255
252  252  255
253  252  255
254  252  255
255  252  255
256  252  255
257  252  255
258  252  255
259  252  255
260  252  255
261  252  255
262  252  255
263  252  255
264  252  255
265  252  255
266  252  255
246  253  255
247  253  255
248  253  255
249  253  255
250  253  255
251  253  255
252  253  255
253  253  255
254  253  255
255  253  255
256  253  255
257  253  255
258  253  255
259  253  255
260  253  255
261  253  255
262  253  255
263  253  255
264  253  255
265  253  255
266  253  255
246  254  255
247  254  255
248  254  255
249  254  255
250  254  255
251  254  255
252  254  255
253  254  255
254  254  255
255  254  255
256  254  255
257  254  255
258  254  255
259  254  255
260  254  255
261  254  255
262  254  255
263  254  255
264  254  255
265  254  255
266  254  255
246  255  255
247  255  255
248  255  255
249  255  255
250  255  255
251  255  255
252  255  255
253  255  255
254  255  255
255  255  255
256  255  255
257  255  255
258  255  255
259  255  255
260  255  255
261  255  255
262  255  255
263  255  255
264  255  255
265  255  255
266  255  255
246  256  255
247  256  255
248  256  255
249  256  255
250  256  255
251  256  255
252  256  255
253  256  255
254  256  255
255  256  255
256  256  255
257  256  255
258  256  255
259  256  255
260  256  255
261  256  255
262  256  255
263  256  255
264  256  255
265  256  255
266  256  255
246  257  255
247  257  255
248  257  255
249  257  255
250  257  255
251  257  255
252  257  255
253  257  255
254  257  255
255  257  255
256  257  255
257  257  255
258  257  255
259  257  255
260  257  255
261  257  255
262  257  255
263  257  255
264  257  255
265  257  255
266  257  255
246  258  255
247  258  255
248  258  255
249  258  255
250  258  255
251  258  255
252  258  255
253  258  255
254  258  255
255  258  255
256  258  255
257  258  255
258  258  255
259  258  255
260  258  255
261  258  255
262  258  255
263  258  255
264  258  255
265  258  255
266  258  255
246  259  255
247  259  255
248  259  255
249  259  255
250  259  255
251  259  255
252  259  255
253  259  255
254  259  255
255  259  255
256  259  255
257  259  255
258  259  255
259  259  255
260  259  255
261  259  255
262  259  255
263  259  255
264  259  255
265  259  255
266  259  255
246  260  255
247  260  255
248  260  255
249  260  255
250  260  255
251  260  255
252  260  255
253  260  255
254  260  255
255  260  255
256  260  255
257  260  255
258  260  255
259  260  255
260  260  255
261  260  255
262  260  255
263  260  255
264  260  255
265  260  255
266  260  255
246  261  255
247  261  255
248  261  255
249  261  255
250  261  255
251  261  255
252  261  255
253  261  255
254  261  255
255  261  255
256  261  255
257  261  255
258  261  255
259  261  255
260  261  255
261  261  255
262  261  255
263  261  255
264  261  255
265  261  255
266  261  255
246  262  255
247  262  255
248  262  255
249  262  255
250  262  255
251  262  255
252  262  255
253  262  255
254  262  255
255  262  255
256  262  255
257  262  255
258  262  255
259  262  255
260  262  255
261  262  255
262  262  255
263  262  255
264  262  255
265  262  255
266  262  255
246  263  255
247  263  255
248  263  255
249  263  255
250  263  255
251  263  255
252  263  255
253  263  255
254  263  255
255  263  255
256  263  255
257  263  255
258  263  255
259  263  255
260  263  255
261  263  255
262  263  255
263  263  255
264  263  255
265  263  255
266  263  255
246  264  255
247  264  255
248  264  255
249  264  255
250  264  255
251  264  255
252  264  255
253  264  255
254  264  255
255  264  255
256  264  255
257  264  255
258  264  255
259  264  255
260  264  255
261  264  255
262  264  255
263  264  255
264  264  255
265  264  255
266  264  255
246  265  255
247  265  255
248  265  255
249  265  255
250  265  255
251  265  255
252  265  255
253  265  255
254  265  255
255  265  255
256  265  255
257  265  255
258  265  255
259  265  255
260  265  255
261  265  255
262  265  255
263  265  255
264  265  255
265  265  255
266  265  255
246  266  255
247  266  255
248  266  255
249  266  255
250  266  255
251  266  255
252  266  255
253  266  255
254  266  255
255  266  255
256  266  255
257  266  255
258  266  255
259  266  255
260  266  255
261  266  255
262  266  255
263  266  255
264  266  255
265  266  255
266  266  255
0  0  256
512  0  256
246  246  256
247  246  256
248  246  256
249  246  256
250  246  256
251  246  256
252  246  256
253  246  256
254  246  256
255  246  256
256  246  256
257  246  256
258  246  256
259  246  256
260  246  256
261  246  256
262  246  256
263  246  256
264  246  256
265  246  256
266  246  256
246  247  256
247  247  256
248  247  256
249  247  256
250  247  256
251  247  256
252  247  256
253  247  256
254  247  256
255  247  256
256  247  256
257  247  256
258  247  256
259  247  256
260  247  256
261  247  256
262  247  256
263  247  256
264  247  256
265  247  256
266  247  256
246  248  256
247  248  256
248  248  256
249  248  256
250  248  256
251  248  256
252  248  256
253  248  256
254  248  256
255  248  256
256  248  256
257  248  256
258  248  256
259  248  256
260  248  256
261  248  256
262  248  256
263  248  256
264  248  256
265  248  256
266  248  256
246  249  256
247  249  256
248  249  256
249  249  256
250  249  256
251  249  256
252  249  256
253  249  256
254  249  256
255  249  256
256  249  256
257  249  256
258  249  256
259  249  256
260  249  256
261  249  256
262  249  256
263  249  256
264  249  256
265  249  256
266  249  256
246  250  256
247  250  256
248  250  256
249  250  256
250  250  256
251  250  256
252  250  256
253  250  256
254  250  256
255  250  256
256  250  256
257  250  256
258  250  256
259  250  256
260  250  256
261  250  256
262  250  256
263  250  256
264  250  256
265  250  256
266  250  256
246  251  256
247  251  256
248  251  256
249  251  256
250  251  256
251  251  256
252  251  256
253  251  256
254  251  256
255  251  256
256  251  256
257  251  256
258  251  256
259  251  256
260  251  256
261  251  256
262  251  256
263  251  256
264  251  256
265  251  256
266  251  256
246  252  256
247  252  256
248  252  256
249  252  256
250  252  256
251  252  256
252  252  256
253  252  256
254  252  256
255  252  256
256  252  256
257  252  256
258  252  256
259  252  256
260  252  256
261  252  256
262  252  256
263  252  256
264  252  256
265  252  256
266  252  256
246  253  256
247  253  256
248  253  256
249  253  256
250  253  256
251  253  256
252  253  256
253  253  256
254  253  256
255  253  256
256  253  256
257  253  256
258  253  256
259  253  256
260  253  256
261  253  256
262  253  256
263  253  256
264  253  256
265  253  256
266  253  256
246  254  256
247  254  256
248  254  256
249  254  256
250  254  256
251  254  256
252  254  256
253  254  256
254  254  256
255  254  256
256  254  256
257  254  256
258  254  256
259  254  256
260  254  256
261  254  256
262  254  256
263  254  256
264  254  256
265  254  256
266  254  256
246  255  256
247  255  256
248  255  256
249  255  256
250  255  256
251  255  256
252  255  256
253  255  256
254  255  256
255  255  256
256  255  256
257  255  256
258  255  256
259  255  256
260  255  256
261  255  256
262  255  256
263  255  256
264  255  256
265  255  256
266  255  256
246  256  256
247  256  256
248  256  256
249  256  256
250  256  256
251  256  256
252  256  256
253  256  256
254  256  256
255  256  256
256  256  256
257  256  256
258  256  256
259  256  256
260  256  256
261  256  256
262  256  256
263  256  256
264  256  256
265  256  256
266  256  256
246  257  256
247  257  256
248  257  256
249  257  256
250  257  256
251  257  256
252  257  256
253  257  256
254  257  256
255  257  256
256  257  256
257  257  256
258  257  256
259  257  256
260  257  256
261  257  256
262  257  256
263  257  256
264  257  256
265  257  256
266  257  256
246  258  256
247  258  256
248  258  256
249  258  256
250  258  256
251  258  256
252  258  256
253  258  256
254  258  256
255  258  256
256  258  256
257  258  256
258  258  256
259  258  256
260  258  256
261  258  256
262  258  256
263  258  256
264  258  256
265  258  256
266  258  256
246  259  256
247  259  256
248  259  256
249  259  256
250  259  256
251  259  256
252  259  256
253  259  256
254  259  256
255  259  256
256  259  256
257  259  256
258  259  256
259  259  256
260  259  256
261  259  256
262  259  256
263  259  256
264  259  256
265  259  256
266  259  256
246  260  256
247  260  256
248  260  256
249  260  256
250  260  256
251  260  256
252  260  256
253  260  256
254  260  256
255  260  256
256  260  256
257  260  256
258  260  256
259  260  256
260  260  256
261  260  256
262  260  256
263  260  256
264  260  256
265  260  256
266  260  256
246  261  256
247  261  256
248  261  256
249  261  256
250  261  256
251  261  256
252  261  256
253  261  256
254  261  256
255  261  256
256  261  256
257  261  256
258  261  256
259  261  256
260  261  256
261  261  256
262  261  256
263  261  256
264  261  256
265  261  256
266  261  256
246  262  256
247  262  256
248  262  256
249  262  256
250  262  256
251  262  256
252  262  256
253  262  256
254  262  256
255  262  256
256  262  256
257  262  256
258  262  256
259  262  256
260  262  256
261  262  256
262  262  256
263  262  256
264  262  256
265  262  256
266  262  256
246  263  256
247  263  256
248  263  256
249  263  256
250  263  256
251  263  256
252  263  256
253  263  256
254  263  256
255  263  256
256  263  256
257  263  256
258  263  256
259  263  256
260  263  256
261  263  256
262  263  256
263  263  256
264  263  256
265  263  256
266  263  256
246  264  256
247  264  256
248  264  256
249  264  256
250  264  256
251  264  256
252  264  256
253  264  256
254  264  256
255  264  256
256  264  256
257  264  256
258  264  256
259  264  256
260  264  256
261  264  256
262  264  256
263  264  256
264  264  256
265  264  256
266  264  256
246  265  256
247  265  256
248  265  256
249  265  256
250  265  256
251  265  256
252  265  256
253  265  256
254  265  256
255  265  256
256  265  256
257  265  256
258  265  256
259  265  256
260  265  256
261  265  256
262  265  256
263  265  256
264  265  256
265  265  256
266  265  256
246  266  256
247  266  256
248  266  256
249  266  256
250  266  256
251  266  256
252  266  256
253  266  256
254  266  256
255  266  256
256  266  256
257  266  256
258  266  256
259  266  256
260  266  256
261  266  256
262  266  256
263  266  256
264  266  256
265  266  256
266  266  256
0  512  256
512  512  256
244  244  244
246  244  244
248  244  244
250  244  244
252  244  244
254  244  244
256  244  244
258  244  244
260  244  244
262  244  244
264  244  244
266  244  244
268  244  244
244  246  244
246  246  244
248  246  244
250  246  244
252  246  244
254  246  244
256  246  244
258  246  244
260  246  244
262  246  244
264  246  244
266  246  244
268  246  244
244  248  244
246  248  244
248  248  244
250  248  244
252  248  244
254  248  244
256  248  244
258  248  244
260  248  244
262  248  244
264  248  244
266  248  244
268  248  244
244  250  244
246  250  244
248  250  244
250  250  244
252  250  244
254  250  244
256  250  244
258  250  244
260  250  244
262  250  244
264  250  244
266  250  244
268  250  244
244  252  244
246  252  244
248  252  244
250  252  244
252  252  244
254  252  244
256  252  244
258  252  244
260  252  244
262  252  244
264  252  244
266  252  244
268  252  244
244  254  244
246  254  244
248  254  244
250  254  244
252  254  244
254  254  244
256  254  244
258  254  244
260  254  244
262  254  244
264  254  244
266  254  244
268  254  244
244  256  244
246  256  244
248  256  244
250  256  244
252  256  244
254  256  244
256  256  244
258  256  244
260  256  244
262  256  244
264  256  244
266  256  244
268  256  244
244  258  244
246  258  244
248  258  244
250  258  244
252  258  244
254  258  244
256  258  244
258  258  244
260  258  244
262  258  244
264  258  244
266  258  244
268  258  244
244  260  244
246  260  244
248  260  244
250  260  244
252  260  244
254  260  244
256  260  244
258  260  244
260  260  244
262  260  244
264  260  244
266  260  244
268  260  244
244  262  244
246  262  244
248  262  244
250  262  244
252  262  244
254  262  244
256  262  244
258  262  244
260  262  244
262  262  244
264  262  244
266  262  244
268  262  244
244  264  244
246  264  244
248  264  244
250  264  244
252  264  244
254  264  244
256  264  244
258  264  244
260  264  244
262  264  244
264  264  244
266  264  244
268  264  244
244  266  244
246  266  244
248  266  244
250  266  244
252  266  244
254  266  244
256  266  244
258  266  244
260  266  244
262  266  244
264  266  244
266  266  244
268  266  244
244  268  244
246  268  244
248  268  244
250  268  244
252  268  244
254  268  244
256  268  244
258  268  244
260  268  244
262  268  244
264  268  244
266  268  244
268  268  244
240  240  240
244  240  240
248  240  240
252  240  240
256  240  240
260  240  240
264  240  240
268  240  240
272  240  240
240  244  240
244  244  240
248  244  240
252  244  240
256  244  240
260  244  240
264  244  240
268  244  240
272  244  240
240  248  240
244  248  240
248  248  240
252  248  240
256  248  240
260  248  240
264  248  240
268  248  240
272  248  240
240  252  240
244  252  240
248  252  240
252  252  240
256  252  240
260  252  240
264  252  240
268  252  240
272  252  240
240  256  240
244  256  240
248  256  240
252  256  240
256  256  240
260  256  240
264  256  240
268  256  240
272  256  240
240  260  240
244  260  240
248  260  240
252  260  240
256  260  240
260  260  240
264  260  240
268  260  240
272  260  240
240  264  240
244  264  240
248  264  240
252  264  240
256  264  240
260  264  240
264  264  240
268  264  240
272  264  240
240  268  240
244  268  240
248  268  240
252  268  240
256  268  240
260  268  240
264  268  240
268  268  240
272  268  240
240  272  240
244  272  240
248  272  240
252  272  240
256  272  240
260  272  240
264  272  240
268  272  240
272  272  240
224  224  224
240  224  224
256  224  224
272  224  224
288  224  224
224  240  224
240  240  224
256  240  224
272  240  224
288  240  224
224  256  224
240  256  224
256  256  224
272  256  224
288  256  224
224  272  224
240  272  224
256  272  224
272  272  224
288  272  224
224  288  224
240  288  224
256  288  224
272  288  224
288  288  224
192  192  192
224  192  192
256  192  192
288  192  192
320  192  192
192  224  192
224  224  192
256  224  192
288  224  192
320  224  192
192  256  192
224  256  192
256  256  192
288  256  192
320  256  192
192  288  192
224  288  192
256  288  192
288  288  192
320  288  192
192  320  192
224  320  192
256  320  192
288  320  192
320  320  192
128  128  128
192  128  128
256  128  128
320  128  128
384  128  128
128  192  128
192  192  128
256  192  128
320  192  128
384  192  128
128  256  128
192  256  128
256  256  128
320  256  128
384  256  128
128  320  128
192  320  128
256  320  128
320  320  128
384  320  128
128  384  128
192  384  128
256  384  128
320  384  128
384  384  128
128  0  0
256  0  0
384  0  0
0  128  0
128  128  0
256  128  0
384  128  0
512  128  0
0  256  0
128  256  0
256  256  0
384  256  0
512  256  0
0  384  0
128  384  0
256  384  0
384  384  0
512  384  0
128  512  0
256  512  0
384  512  0
268  244  246
268  244  248
268  244  250
268  244  252
268  244  254
268  244  256
268  246  246
268  246  248
268  246  250
268  246  252
268  246  254
268  246  256
268  248  246
268  248  248
268  248  250
268  248  252
268  248  254
268  248  256
268  250  246
268  250  248
268  250  250
268  250  252
268  250  254
268  250  256
268  252  246
268  252  248
268  252  250
268  252  252
268  252  254
268  252  256
268  254  246
268  254  248
268  254  250
268  254  252
268  254  254
268  254  256
268  256  246
268  256  248
268  256  250
268  256  252
268  256  254
268  256  256
268  258  246
268  258  248
268  258  250
268  258  252
268  258  254
268  258  256
268  260  246
268  260  248
268  260  250
268  260  252
268  260  254
268  260  256
268  262  246
268  262  248
268  262  250
268  262  252
268  262  254
268  262  256
268  264  246
268  264  248
268  264  250
268  264  252
268  264  254
268  264  256
268  266  246
268  266  248
268  266  250
268  266  252
268  266  254
268  266  256
268  268  246
268  268  248
268  268  250
268  268  252
268  268  254
268  268  256
272  240  244
272  240  248
272  240  252
272  240  256
272  244  244
272  244  248
272  244  252
272  244  256
272  248  244
272  248  248
272  248  252
272  248  256
272  252  244
272  252  248
272  252  252
272  252  256
272  256  244
272  256  248
272  256  252
272  256  256
272  260  244
272  260  248
272  260  252
272  260  256
272  264  244
272  264  248
272  264  252
272  264  256
272  268  244
272  268  248
272  268  252
272  268  256
272  272  244
272  272  248
272  272  252
272  272  256
288  224  240
288  224  256
288  240  240
288  240  256
288  256  240
288  256  256
288  272  240
288  272  256
288  288  240
288  288  256
320  192  224
320  192  256
320  224  224
320  224  256
320  256  224
320  256  256
320  288  224
320  288  256
320  320  224
320  320  256
384  128  192
384  128  256
384  192  192
384  192  256
384  256  192
384  256  256
384  320  192
384  320  256
384  384  192
384  384  256
512  0  128
512  128  128
512  128  256
512  256  128
512  256  256
512  384  128
512  384  256
512  512  128
244  244  246
244  244  248
244  244  250
244  244  252
244  244  254
244  244  256
244  246  246
244  246  248
244  246  250
244  246  252
244  246  254
244  246  256
244  248  246
244  248  248
244  248  250
244  248  252
244  248  254
244  248  256
244  250  246
244  250  248
244  250  250
244  250  252
244  250  254
244  250  256
244  252  246
244  252  248
244  252  250
244  252  252
244  252  254
244  252  256
244  254  246
244  254  248
244  254  250
244  254  252
244  254  254
244  254  256
244  256  246
244  256  248
244  256  250
244  256  252
244  256  254
244  256  256
244  258  246
244  258  248
244  258  250
244  258  252
244  258  254
244  258  256
244  260  246
244  260  248
244  260  250
244  260  252
244  260  254
244  260  256
244  262  246
244  262  248
244  262  250
244  262  252
244  262  254
244  262  256
244  264  246
244  264  248
244  264  250
244  264  252
244  264  254
244  264  256
244  266  246
244  266  248
244  266  250
244  266  252
244  266  254
244  266  256
244  268  246
244  268  248
244  268  250
244  268  252
244  268  254
244  268  256
240  240  244
240  240  248
240  240  252
240  240  256
240  244  244
240  244  248
240  244  252
240  244  256
240  248  244
240  248  248
240  248  252
240  248  256
240  252  244
240  252  248
240  252  252
240  252  256
240  256  244
240  256  248
240  256  252
240  256  256
240  260  244
240  260  248
240  260  252
240  260  256
240  264  244
240  264  248
240  264  252
240  264  256
240  268  244
240  268  248
240  268  252
240  268  256
240  272  244
240  272  248
240  272  252
240  272  256
224  224  240
224  224  256
224  240  240
224  240  256
224  256  240
224  256  256
224  272  240
224  272  256
224  288  240
224  288  256
192  192  224
192  192  256
192  224  224
192  224  256
192  256  224
192  256  256
192  288  224
192  288  256
192  320  224
192  320  256
128  128  192
128  128  256
128  192  192
128  192  256
128  256  192
128  256  256
128  320  192
128  320  256
128  384  192
128  384  256
0  0  128
0  128  128
0  128  256
0  256  128
0  256  256
0  384  128
0  384  256
0  512  128
246  244  246
246  244  248
246  244  250
246  244  252
246  244  254
246  244  256
248  244  246
248  244  248
248  244  250
248  244  252
248  244  254
248  244  256
250  244  246
250  244  248
250  244  250
250  244  252
250  244  254
250  244  256
252  244  246
252  244  248
252  244  250
252  244  252
252  244  254
252  244  256
254  244  246
254  244  248
254  244  250
254  244  252
254  244  254
254  244  256
256  244  246
256  244  248
256  244  250
256  244  252
256  244  254
256  244  256
258  244  246
258  244  248
258  244  250
258  244  252
258  244  254
258  244  256
260  244  246
260  244  248
260  244  250
260  244  252
260  244  254
260  244  256
262  244  246
262  244  248
262  244  250
262  244  252
262  244  254
262  244  256
264  244  246
264  244  248
264  244  250
264  244  252
264  244  254
264  244  256
266  244  246
266  244  248
266  244  250
266  244  252
266  244  254
266  244  256
244  240  244
244  240  248
244  240  252
244  240  256
248  240  244
248  240  248
248  240  252
248  240  256
252  240  244
252  240  248
252  240  252
252  240  256
256  240  244
256  240  248
256  240  252
256  240  256
260  240  244
260  240  248
260  240  252
260  240  256
264  240  244
264  240  248
264  240  252
264  240  256
268  240  244
268  240  248
268  240  252
268  240  256
240  224  240
240  224  256
256  224  240
256  224  256
272  224  240
272  224  256
224  192  224
224  192  256
256  192  224
256  192  256
288  192  224
288  192  256
192  128  192
192  128  256
256  128  192
256  128  256
320  128  192
320  128  256
128  0  128
128  0  256
256  0  128
256  0  256
384  0  128
384  0  256
246  268  246
246  268  248
246  268  250
246  268  252
246  268  254
246  268  256
248  268  246
248  268  248
248  268  250
248  268  252
248  268  254
248  268  256
250  268  246
250  268  248
250  268  250
250  268  252
250  268  254
250  268  256
252  268  246
252  268  248
252  268  250
252  268  252
252  268  254
252  268  256
254  268  246
254  268  248
254  268  250
254  268  252
254  268  254
254  268  256
256  268  246
256  268  248
256  268  250
256  268  252
256  268  254
256  268  256
258  268  246
258  268  248
258  268  250
258  268  252
258  268  254
258  268  256
260  268  246
260  268  248
260  268  250
260  268  252
260  268  254
260  268  256
262  268  246
262  268  248
262  268  250
262  268  252
262  268  254
262  268  256
264  268  246
264  268  248
264  268  250
264  268  252
264  268  254
264  268  256
266  268  246
266  268  248
266  268  250
266  268  252
266  268  254
266  268  256
244  272  244
244  272  248
244  272  252
244  272  256
248  272  244
248  272  248
248  272  252
248  272  256
252  272  244
252  272  248
252  272  252
252  272  256
256  272  244
256  272  248
256  272  252
256  272  256
260  272  244
260  272  248
260  272  252
260  272  256
264  272  244
264  272  248
264  272  252
264  272  256
268  272  244
268  272  248
268  272  252
268  272  256
240  288  240
240  288  256
256  288  240
256  288  256
272  288  240
272  288  256
224  320  224
224  320  256
256  320  224
256  320  256
288  320  224
288  320  256
192  384  192
192  384  256
256  384  192
256  384  256
320  384  192
320  384  256
128  512  128
128  512  256
256  512  128
256  512  256
384  512  128
384  512  256
