This file contains any messages produced by compilers while
running configure, to aid debugging if configure makes a mistake.

It was created by configure, which was
generated by GNU Autoconf 2.69.  Invocation command line was

  $ /home/grasinge/Dev/qc/QuasiSRC/triangulation_server/geompack/configure --disable-option-checking --prefix=/usr/local CXXFLAGS=-std=c++14 -O3 -Wall -Wextra F77=ifort --cache-file=/dev/null --srcdir=/home/grasinge/Dev/qc/QuasiSRC/triangulation_server/geompack

## --------- ##
## Platform. ##
## --------- ##

hostname = br006.pvt.bridges.psc.edu
uname -m = x86_64
uname -r = 3.10.0-327.4.5.el7.x86_64
uname -s = Linux
uname -v = #1 SMP Thu Nov 3 16:18:35 EDT 2016

/usr/bin/uname -p = x86_64
/bin/uname -X     = unknown

/bin/arch              = x86_64
/usr/bin/arch -k       = unknown
/usr/convex/getsysinfo = unknown
/usr/bin/hostinfo      = unknown
/bin/machine           = unknown
/usr/bin/oslevel       = unknown
/bin/universe          = unknown

PATH: /usr/lib64/qt-3.3/bin
PATH: /opt/intel/compilers_and_libraries_2016.3.210/linux/mpi/intel64/bin
PATH: /opt/intel/compilers_and_libraries_2016.3.210/linux/bin/intel64
PATH: /opt/intel/debugger_2016/gdb/intel64_mic/bin
PATH: /opt/packages/slurm/15.08.8/bin
PATH: /opt/packages/allocations
PATH: /opt/packages/interact/bin
PATH: /usr/lib64/ccache
PATH: /usr/local/bin
PATH: /usr/bin
PATH: /usr/local/sbin
PATH: /usr/sbin
PATH: /opt/puppetlabs/puppet/bin
PATH: /opt/packages/slash2/psc/sbin
PATH: /opt/puppetlabs/bin
PATH: ./
PATH: /home/grasinge/.local/bin
PATH: /home/grasinge/bin


## ----------- ##
## Core tests. ##
## ----------- ##

configure:2289: checking for a BSD-compatible install
configure:2357: result: /usr/bin/install -c
configure:2368: checking whether build environment is sane
configure:2423: result: yes
configure:2574: checking for a thread-safe mkdir -p
configure:2613: result: /usr/bin/mkdir -p
configure:2620: checking for gawk
configure:2636: found /usr/bin/gawk
configure:2647: result: gawk
configure:2658: checking whether make sets $(MAKE)
configure:2680: result: yes
configure:2709: checking whether make supports nested variables
configure:2726: result: yes
configure:2854: checking whether to enable maintainer-specific portions of Makefiles
configure:2863: result: no
configure:2880: checking build system type
configure:2894: result: x86_64-pc-linux-gnu
configure:2914: checking host system type
configure:2927: result: x86_64-pc-linux-gnu
configure:2953: checking whether make sets $(MAKE)
configure:2975: result: yes
configure:3017: checking whether to enable debugging
configure:3036: result: no
configure:3061: checking whether to use 64-bit compiler mode
configure:3074: result: no
configure:3161: checking for xlc_r
configure:3191: result: no
configure:3161: checking for cc
configure:3177: found /usr/lib64/ccache/cc
configure:3188: result: cc
configure:3219: checking for C compiler version
configure:3228: cc --version >&5
cc (GCC) 4.8.5 20150623 (Red Hat 4.8.5-4)
Copyright (C) 2015 Free Software Foundation, Inc.
This is free software; see the source for copying conditions.  There is NO
warranty; not even for MERCHANTABILITY or FITNESS FOR A PARTICULAR PURPOSE.

configure:3239: $? = 0
configure:3228: cc -v >&5
Using built-in specs.
COLLECT_GCC=/usr/bin/cc
COLLECT_LTO_WRAPPER=/usr/libexec/gcc/x86_64-redhat-linux/4.8.5/lto-wrapper
Target: x86_64-redhat-linux
Configured with: ../configure --prefix=/usr --mandir=/usr/share/man --infodir=/usr/share/info --with-bugurl=http://bugzilla.redhat.com/bugzilla --enable-bootstrap --enable-shared --enable-threads=posix --enable-checking=release --with-system-zlib --enable-__cxa_atexit --disable-libunwind-exceptions --enable-gnu-unique-object --enable-linker-build-id --with-linker-hash-style=gnu --enable-languages=c,c++,objc,obj-c++,java,fortran,ada,go,lto --enable-plugin --enable-initfini-array --disable-libgcj --with-isl=/builddir/build/BUILD/gcc-4.8.5-20150702/obj-x86_64-redhat-linux/isl-install --with-cloog=/builddir/build/BUILD/gcc-4.8.5-20150702/obj-x86_64-redhat-linux/cloog-install --enable-gnu-indirect-function --with-tune=generic --with-arch_32=x86-64 --build=x86_64-redhat-linux
Thread model: posix
gcc version 4.8.5 20150623 (Red Hat 4.8.5-4) (GCC) 
configure:3239: $? = 0
configure:3228: cc -V >&5
cc: error: unrecognized command line option '-V'
cc: fatal error: no input files
compilation terminated.
configure:3239: $? = 4
configure:3228: cc -qversion >&5
cc: error: unrecognized command line option '-qversion'
cc: fatal error: no input files
compilation terminated.
configure:3239: $? = 4
configure:3259: checking whether the C compiler works
configure:3281: cc    conftest.c  >&5
configure:3285: $? = 0
configure:3333: result: yes
configure:3336: checking for C compiler default output file name
configure:3338: result: a.out
configure:3344: checking for suffix of executables
configure:3351: cc -o conftest    conftest.c  >&5
configure:3355: $? = 0
configure:3377: result: 
configure:3399: checking whether we are cross compiling
configure:3407: cc -o conftest    conftest.c  >&5
configure:3411: $? = 0
configure:3418: ./conftest
configure:3422: $? = 0
configure:3437: result: no
configure:3442: checking for suffix of object files
configure:3464: cc -c   conftest.c >&5
configure:3468: $? = 0
configure:3489: result: o
configure:3493: checking whether we are using the GNU C compiler
configure:3512: cc -c   conftest.c >&5
configure:3512: $? = 0
configure:3521: result: yes
configure:3530: checking whether cc accepts -g
configure:3550: cc -c -g  conftest.c >&5
configure:3550: $? = 0
configure:3591: result: yes
configure:3608: checking for cc option to accept ISO C89
configure:3671: cc  -c -g -O2  conftest.c >&5
configure:3671: $? = 0
configure:3684: result: none needed
configure:3709: checking whether cc understands -c and -o together
configure:3731: cc -c conftest.c -o conftest2.o
configure:3734: $? = 0
configure:3731: cc -c conftest.c -o conftest2.o
configure:3734: $? = 0
configure:3746: result: yes
configure:3774: checking for style of include used by make
configure:3802: result: GNU
configure:3828: checking dependency style of cc
configure:3939: result: gcc3
configure:3958: checking how to run the C preprocessor
configure:3989: cc -E  conftest.c
configure:3989: $? = 0
configure:4003: cc -E  conftest.c
conftest.c:11:28: fatal error: ac_nonexistent.h: No such file or directory
 #include <ac_nonexistent.h>
                            ^
compilation terminated.
configure:4003: $? = 1
configure: failed program was:
| /* confdefs.h */
| #define PACKAGE_NAME ""
| #define PACKAGE_TARNAME ""
| #define PACKAGE_VERSION ""
| #define PACKAGE_STRING ""
| #define PACKAGE_BUGREPORT ""
| #define PACKAGE_URL ""
| #define PACKAGE "geompack"
| #define VERSION " "
| /* end confdefs.h.  */
| #include <ac_nonexistent.h>
configure:4028: result: cc -E
configure:4048: cc -E  conftest.c
configure:4048: $? = 0
configure:4062: cc -E  conftest.c
conftest.c:11:28: fatal error: ac_nonexistent.h: No such file or directory
 #include <ac_nonexistent.h>
                            ^
compilation terminated.
configure:4062: $? = 1
configure: failed program was:
| /* confdefs.h */
| #define PACKAGE_NAME ""
| #define PACKAGE_TARNAME ""
| #define PACKAGE_VERSION ""
| #define PACKAGE_STRING ""
| #define PACKAGE_BUGREPORT ""
| #define PACKAGE_URL ""
| #define PACKAGE "geompack"
| #define VERSION " "
| /* end confdefs.h.  */
| #include <ac_nonexistent.h>
configure:4268: checking for Fortran 77 compiler version
configure:4277: ifort --version >&5
ifort (IFORT) 16.0.3 20160415
Copyright (C) 1985-2016 Intel Corporation.  All rights reserved.

configure:4288: $? = 0
configure:4277: ifort -v >&5
ifort version 16.0.3
configure:4288: $? = 0
configure:4277: ifort -V >&5
Intel(R) Fortran Intel(R) 64 Compiler for applications running on Intel(R) 64, Version 16.0.3.210 Build 20160415
Copyright (C) 1985-2016 Intel Corporation.  All rights reserved.

configure:4288: $? = 0
configure:4277: ifort -qversion >&5
ifort: command line warning #10006: ignoring unknown option '-qversion'
ifort: command line error: no files specified; for help type "ifort -help"
configure:4288: $? = 1
configure:4297: checking whether we are using the GNU Fortran 77 compiler
configure:4310: ifort -c  conftest.F >&5
conftest.F(3): error #5082: Syntax error, found END-OF-STATEMENT when expecting one of: => = . [ % ( :
       choke me
---------------^
compilation aborted for conftest.F (code 1)
configure:4310: $? = 1
configure: failed program was:
|       program main
| #ifndef __GNUC__
|        choke me
| #endif
| 
|       end
configure:4319: result: no
configure:4325: checking whether ifort accepts -g
configure:4336: ifort -c -g conftest.f >&5
configure:4336: $? = 0
configure:4344: result: yes
configure:4455: checking how to get verbose linking output from ifort
configure:4465: ifort -c -O conftest.f >&5
configure:4465: $? = 0
configure:4483: ifort -o conftest -O -v conftest.f
ifort version 16.0.3
/opt/intel/compilers_and_libraries_2016.3.210/linux/bin/intel64/fortcom    -D__INTEL_COMPILER=1600 -D__INTEL_COMPILER_UPDATE=3 -D__unix__ -D__unix -D__linux__ -D__linux -D__gnu_linux__ -Dunix -Dlinux -D__ELF__ -D__x86_64 -D__x86_64__ -D__amd64 -D__amd64__ -D__INTEL_COMPILER_BUILD_DATE=20160415 -D__INTEL_OFFLOAD -D__i686 -D__i686__ -D__pentiumpro -D__pentiumpro__ -D__pentium4 -D__pentium4__ -D__tune_pentium4__ -D__SSE2__ -D__SSE2_MATH__ -D__SSE__ -D__SSE_MATH__ -D__MMX__ -mGLOB_pack_sort_init_list -I. -I/opt/intel/compilers_and_libraries_2016.3.210/linux/ipp/include -I/opt/intel/compilers_and_libraries_2016.3.210/linux/mkl/include -I/opt/intel/compilers_and_libraries_2016.3.210/linux/tbb/include -I/opt/intel/compilers_and_libraries_2016.3.210/linux/daal/include -I/home/grasinge/include -I/opt/intel/compilers_and_libraries_2016.3.210/linux/compiler/include/intel64 -I/opt/intel/compilers_and_libraries_2016.3.210/linux/compiler/include -I/usr/local/include -I/usr/lib/gcc/x86_64-redhat-linux/4.8.5/include -I/usr/include/ -I/usr/include -O2 -simd -offload_host -mGLOB_em64t=TRUE -mP1OPT_version=16.0-intel64 -mGLOB_diag_file=/tmp/iforttXWvCr.diag -mGLOB_source_language=GLOB_SOURCE_LANGUAGE_F90 -mP2OPT_static_promotion -mP1OPT_print_version=FALSE -mCG_use_gas_got_workaround=F -mP2OPT_align_option_used=TRUE -mGLOB_gcc_version=485 "-mGLOB_options_string=-o conftest -O -v" -mGLOB_cxx_limited_range=FALSE -mCG_extend_parms=FALSE -mGLOB_compiler_bin_directory=/opt/intel/compilers_and_libraries_2016.3.210/linux/bin/intel64 -mGLOB_as_output_backup_file_name=/tmp/ifortUt0RW9as_.s -mGLOB_dashboard_use_source_name -mIPOPT_activate -mIPOPT_lite -mGLOB_instruction_tuning=0x0 -mGLOB_product_id_code=0x22006d8f -mCG_bnl_movbe=T -mGLOB_extended_instructions=0x8 -mP3OPT_use_mspp_call_convention -mP2OPT_subs_out_of_bound=FALSE -mP2OPT_disam_type_based_disam=2 -mGLOB_ansi_alias -mPGOPTI_value_profile_use=T -mGLOB_opt_report_use_source_name -mP2OPT_il0_array_sections=TRUE -mGLOB_offload_mode=1 -mP2OPT_offload_unique_var_string=ifort01014347668587EJQPA -mGLOB_opt_level=2 -mP2OPT_hlo_level=2 -mP2OPT_hlo -mP2OPT_hpo_rtt_control=0 -mIPOPT_args_in_regs=0 -mP2OPT_disam_assume_nonstd_intent_in=FALSE -mGLOB_imf_mapping_library=/opt/intel/compilers_and_libraries_2016.3.210/linux/bin/intel64/libiml_attr.so -mIPOPT_single_file_compile_and_link=TRUE -mPGOPTI_gen_threadsafe_level=0 -mIPOPT_lto_object_enabled -mIPOPT_lto_object_value=1 -mIPOPT_obj_output_file_name=/tmp/iforttXWvCr.o -mIPOPT_whole_archive_fixup_file_name=/tmp/ifortwarchW8nShS -mGLOB_linker_version=2.23.52.0.1 -mGLOB_long_size_64 -mGLOB_routine_pointer_size_64 -mGLOB_driver_tempfile_name=/tmp/iforttempfileCS0tse -mP3OPT_asm_target=P3OPT_ASM_TARGET_GAS -mGLOB_async_unwind_tables=TRUE -mGLOB_obj_output_file=/tmp/iforttXWvCr.o -mGLOB_source_dialect=GLOB_SOURCE_DIALECT_FORTRAN -mP1OPT_source_file_name=conftest.f -mP2OPT_symtab_type_copy=true conftest.f
#include "..." search starts here:
#include <...> search starts here:
 .
 /opt/intel/compilers_and_libraries_2016.3.210/linux/ipp/include
 /opt/intel/compilers_and_libraries_2016.3.210/linux/mkl/include
 /opt/intel/compilers_and_libraries_2016.3.210/linux/tbb/include
 /opt/intel/compilers_and_libraries_2016.3.210/linux/daal/include
 /home/grasinge/include
 /opt/intel/compilers_and_libraries_2016.3.210/linux/compiler/include/intel64
 /opt/intel/compilers_and_libraries_2016.3.210/linux/compiler/include
 /usr/local/include
 /usr/lib/gcc/x86_64-redhat-linux/4.8.5/include
 /usr/include/
 /usr/include
End of search list.
ld    /usr/lib/gcc/x86_64-redhat-linux/4.8.5/../../../../lib64/crt1.o /usr/lib/gcc/x86_64-redhat-linux/4.8.5/../../../../lib64/crti.o /usr/lib/gcc/x86_64-redhat-linux/4.8.5/crtbegin.o --eh-frame-hdr --build-id -dynamic-linker /lib64/ld-linux-x86-64.so.2 -m elf_x86_64 -o conftest /opt/intel/compilers_and_libraries_2016.3.210/linux/compiler/lib/intel64_lin/for_main.o -L/opt/intel/compilers_and_libraries_2016.3.210/linux/ipp/lib/intel64 -L/opt/intel/compilers_and_libraries_2016.3.210/linux/compiler/lib/intel64 -L/opt/intel/compilers_and_libraries_2016.3.210/linux/mkl/lib/intel64 -L/opt/intel/compilers_and_libraries_2016.3.210/linux/tbb/lib/intel64/gcc4.4 -L/opt/intel/debugger_2016/libipt/intel64/lib -L/opt/intel/compilers_and_libraries_2016.3.210/linux/daal/lib/intel64_lin -L/opt/intel/compilers_and_libraries_2016.3.210/linux/tbb/lib/intel64_lin/gcc4.4 -L/opt/intel/compilers_and_libraries_2016.3.210/linux/compiler/lib/intel64_lin -L/opt/intel/compilers_and_libraries_2016.3.210/linux/compiler/lib/intel64_lin -L/usr/lib/gcc/x86_64-redhat-linux/4.8.5/ -L/usr/lib/gcc/x86_64-redhat-linux/4.8.5/../../../../lib64 -L/usr/lib/gcc/x86_64-redhat-linux/4.8.5/../../../../lib64/ -L/lib/../lib64 -L/lib/../lib64/ -L/usr/lib/../lib64 -L/usr/lib/../lib64/ -L/opt/intel/compilers_and_libraries_2016.3.210/linux/ipp/lib/intel64/ -L/opt/intel/compilers_and_libraries_2016.3.210/linux/compiler/lib/intel64/ -L/opt/intel/compilers_and_libraries_2016.3.210/linux/mkl/lib/intel64/ -L/opt/intel/compilers_and_libraries_2016.3.210/linux/tbb/lib/intel64/gcc4.4/ -L/opt/intel/debugger_2016/libipt/intel64/lib/ -L/opt/intel/compilers_and_libraries_2016.3.210/linux/daal/lib/intel64_lin/ -L/opt/intel/compilers_and_libraries_2016.3.210/linux/tbb/lib/intel64_lin/gcc4.4/ -L/opt/intel/compilers_and_libraries_2016.3.210/linux/compiler/lib/intel64_lin/ -L/usr/lib/gcc/x86_64-redhat-linux/4.8.5/../../../ -L/lib64 -L/lib/ -L/usr/lib64 -L/usr/lib /tmp/iforttXWvCr.o -Bdynamic -Bstatic -lifport -lifcore -limf -lsvml -Bdynamic -lm -Bstatic -lipgo -lirc -Bdynamic -lpthread -Bstatic -lsvml -Bdynamic -lc -lgcc -lgcc_s -Bstatic -lirc_s -Bdynamic -ldl -lc /usr/lib/gcc/x86_64-redhat-linux/4.8.5/crtend.o /usr/lib/gcc/x86_64-redhat-linux/4.8.5/../../../../lib64/crtn.o
configure:4566: result: -v
configure:4568: checking for Fortran 77 libraries of ifort
configure:4591: ifort -o conftest -O -v conftest.f
ifort version 16.0.3
/opt/intel/compilers_and_libraries_2016.3.210/linux/bin/intel64/fortcom    -D__INTEL_COMPILER=1600 -D__INTEL_COMPILER_UPDATE=3 -D__unix__ -D__unix -D__linux__ -D__linux -D__gnu_linux__ -Dunix -Dlinux -D__ELF__ -D__x86_64 -D__x86_64__ -D__amd64 -D__amd64__ -D__INTEL_COMPILER_BUILD_DATE=20160415 -D__INTEL_OFFLOAD -D__i686 -D__i686__ -D__pentiumpro -D__pentiumpro__ -D__pentium4 -D__pentium4__ -D__tune_pentium4__ -D__SSE2__ -D__SSE2_MATH__ -D__SSE__ -D__SSE_MATH__ -D__MMX__ -mGLOB_pack_sort_init_list -I. -I/opt/intel/compilers_and_libraries_2016.3.210/linux/ipp/include -I/opt/intel/compilers_and_libraries_2016.3.210/linux/mkl/include -I/opt/intel/compilers_and_libraries_2016.3.210/linux/tbb/include -I/opt/intel/compilers_and_libraries_2016.3.210/linux/daal/include -I/home/grasinge/include -I/opt/intel/compilers_and_libraries_2016.3.210/linux/compiler/include/intel64 -I/opt/intel/compilers_and_libraries_2016.3.210/linux/compiler/include -I/usr/local/include -I/usr/lib/gcc/x86_64-redhat-linux/4.8.5/include -I/usr/include/ -I/usr/include -O2 -simd -offload_host -mGLOB_em64t=TRUE -mP1OPT_version=16.0-intel64 -mGLOB_diag_file=/tmp/ifortgd1LM4.diag -mGLOB_source_language=GLOB_SOURCE_LANGUAGE_F90 -mP2OPT_static_promotion -mP1OPT_print_version=FALSE -mCG_use_gas_got_workaround=F -mP2OPT_align_option_used=TRUE -mGLOB_gcc_version=485 "-mGLOB_options_string=-o conftest -O -v" -mGLOB_cxx_limited_range=FALSE -mCG_extend_parms=FALSE -mGLOB_compiler_bin_directory=/opt/intel/compilers_and_libraries_2016.3.210/linux/bin/intel64 -mGLOB_as_output_backup_file_name=/tmp/ifortWRFaCPas_.s -mGLOB_dashboard_use_source_name -mIPOPT_activate -mIPOPT_lite -mGLOB_instruction_tuning=0x0 -mGLOB_product_id_code=0x22006d8f -mCG_bnl_movbe=T -mGLOB_extended_instructions=0x8 -mP3OPT_use_mspp_call_convention -mP2OPT_subs_out_of_bound=FALSE -mP2OPT_disam_type_based_disam=2 -mGLOB_ansi_alias -mPGOPTI_value_profile_use=T -mGLOB_opt_report_use_source_name -mP2OPT_il0_array_sections=TRUE -mGLOB_offload_mode=1 -mP2OPT_offload_unique_var_string=ifort010837322213oaI923 -mGLOB_opt_level=2 -mP2OPT_hlo_level=2 -mP2OPT_hlo -mP2OPT_hpo_rtt_control=0 -mIPOPT_args_in_regs=0 -mP2OPT_disam_assume_nonstd_intent_in=FALSE -mGLOB_imf_mapping_library=/opt/intel/compilers_and_libraries_2016.3.210/linux/bin/intel64/libiml_attr.so -mIPOPT_single_file_compile_and_link=TRUE -mPGOPTI_gen_threadsafe_level=0 -mIPOPT_lto_object_enabled -mIPOPT_lto_object_value=1 -mIPOPT_obj_output_file_name=/tmp/ifortgd1LM4.o -mIPOPT_whole_archive_fixup_file_name=/tmp/ifortwarchaN6asA -mGLOB_linker_version=2.23.52.0.1 -mGLOB_long_size_64 -mGLOB_routine_pointer_size_64 -mGLOB_driver_tempfile_name=/tmp/iforttempfile60RhSX -mP3OPT_asm_target=P3OPT_ASM_TARGET_GAS -mGLOB_async_unwind_tables=TRUE -mGLOB_obj_output_file=/tmp/ifortgd1LM4.o -mGLOB_source_dialect=GLOB_SOURCE_DIALECT_FORTRAN -mP1OPT_source_file_name=conftest.f -mP2OPT_symtab_type_copy=true conftest.f
#include "..." search starts here:
#include <...> search starts here:
 .
 /opt/intel/compilers_and_libraries_2016.3.210/linux/ipp/include
 /opt/intel/compilers_and_libraries_2016.3.210/linux/mkl/include
 /opt/intel/compilers_and_libraries_2016.3.210/linux/tbb/include
 /opt/intel/compilers_and_libraries_2016.3.210/linux/daal/include
 /home/grasinge/include
 /opt/intel/compilers_and_libraries_2016.3.210/linux/compiler/include/intel64
 /opt/intel/compilers_and_libraries_2016.3.210/linux/compiler/include
 /usr/local/include
 /usr/lib/gcc/x86_64-redhat-linux/4.8.5/include
 /usr/include/
 /usr/include
End of search list.
ld    /usr/lib/gcc/x86_64-redhat-linux/4.8.5/../../../../lib64/crt1.o /usr/lib/gcc/x86_64-redhat-linux/4.8.5/../../../../lib64/crti.o /usr/lib/gcc/x86_64-redhat-linux/4.8.5/crtbegin.o --eh-frame-hdr --build-id -dynamic-linker /lib64/ld-linux-x86-64.so.2 -m elf_x86_64 -o conftest /opt/intel/compilers_and_libraries_2016.3.210/linux/compiler/lib/intel64_lin/for_main.o -L/opt/intel/compilers_and_libraries_2016.3.210/linux/ipp/lib/intel64 -L/opt/intel/compilers_and_libraries_2016.3.210/linux/compiler/lib/intel64 -L/opt/intel/compilers_and_libraries_2016.3.210/linux/mkl/lib/intel64 -L/opt/intel/compilers_and_libraries_2016.3.210/linux/tbb/lib/intel64/gcc4.4 -L/opt/intel/debugger_2016/libipt/intel64/lib -L/opt/intel/compilers_and_libraries_2016.3.210/linux/daal/lib/intel64_lin -L/opt/intel/compilers_and_libraries_2016.3.210/linux/tbb/lib/intel64_lin/gcc4.4 -L/opt/intel/compilers_and_libraries_2016.3.210/linux/compiler/lib/intel64_lin -L/opt/intel/compilers_and_libraries_2016.3.210/linux/compiler/lib/intel64_lin -L/usr/lib/gcc/x86_64-redhat-linux/4.8.5/ -L/usr/lib/gcc/x86_64-redhat-linux/4.8.5/../../../../lib64 -L/usr/lib/gcc/x86_64-redhat-linux/4.8.5/../../../../lib64/ -L/lib/../lib64 -L/lib/../lib64/ -L/usr/lib/../lib64 -L/usr/lib/../lib64/ -L/opt/intel/compilers_and_libraries_2016.3.210/linux/ipp/lib/intel64/ -L/opt/intel/compilers_and_libraries_2016.3.210/linux/compiler/lib/intel64/ -L/opt/intel/compilers_and_libraries_2016.3.210/linux/mkl/lib/intel64/ -L/opt/intel/compilers_and_libraries_2016.3.210/linux/tbb/lib/intel64/gcc4.4/ -L/opt/intel/debugger_2016/libipt/intel64/lib/ -L/opt/intel/compilers_and_libraries_2016.3.210/linux/daal/lib/intel64_lin/ -L/opt/intel/compilers_and_libraries_2016.3.210/linux/tbb/lib/intel64_lin/gcc4.4/ -L/opt/intel/compilers_and_libraries_2016.3.210/linux/compiler/lib/intel64_lin/ -L/usr/lib/gcc/x86_64-redhat-linux/4.8.5/../../../ -L/lib64 -L/lib/ -L/usr/lib64 -L/usr/lib /tmp/ifortgd1LM4.o -Bdynamic -Bstatic -lifport -lifcore -limf -lsvml -Bdynamic -lm -Bstatic -lipgo -lirc -Bdynamic -lpthread -Bstatic -lsvml -Bdynamic -lc -lgcc -lgcc_s -Bstatic -lirc_s -Bdynamic -ldl -lc /usr/lib/gcc/x86_64-redhat-linux/4.8.5/crtend.o /usr/lib/gcc/x86_64-redhat-linux/4.8.5/../../../../lib64/crtn.o
configure:4787: result:  -L/opt/intel/compilers_and_libraries_2016.3.210/linux/ipp/lib/intel64 -L/opt/intel/compilers_and_libraries_2016.3.210/linux/compiler/lib/intel64 -L/opt/intel/compilers_and_libraries_2016.3.210/linux/mkl/lib/intel64 -L/opt/intel/compilers_and_libraries_2016.3.210/linux/tbb/lib/intel64/gcc4.4 -L/opt/intel/debugger_2016/libipt/intel64/lib -L/opt/intel/compilers_and_libraries_2016.3.210/linux/daal/lib/intel64_lin -L/opt/intel/compilers_and_libraries_2016.3.210/linux/tbb/lib/intel64_lin/gcc4.4 -L/opt/intel/compilers_and_libraries_2016.3.210/linux/compiler/lib/intel64_lin -L/usr/lib/gcc/x86_64-redhat-linux/4.8.5/ -L/usr/lib/gcc/x86_64-redhat-linux/4.8.5/../../../../lib64 -L/usr/lib/gcc/x86_64-redhat-linux/4.8.5/../../../../lib64/ -L/lib/../lib64 -L/lib/../lib64/ -L/usr/lib/../lib64 -L/usr/lib/../lib64/ -L/opt/intel/compilers_and_libraries_2016.3.210/linux/ipp/lib/intel64/ -L/opt/intel/compilers_and_libraries_2016.3.210/linux/compiler/lib/intel64/ -L/opt/intel/compilers_and_libraries_2016.3.210/linux/mkl/lib/intel64/ -L/opt/intel/compilers_and_libraries_2016.3.210/linux/tbb/lib/intel64/gcc4.4/ -L/opt/intel/debugger_2016/libipt/intel64/lib/ -L/opt/intel/compilers_and_libraries_2016.3.210/linux/daal/lib/intel64_lin/ -L/opt/intel/compilers_and_libraries_2016.3.210/linux/tbb/lib/intel64_lin/gcc4.4/ -L/opt/intel/compilers_and_libraries_2016.3.210/linux/compiler/lib/intel64_lin/ -L/usr/lib/gcc/x86_64-redhat-linux/4.8.5/../../../ -L/lib64 -L/lib/ -L/usr/lib64 -L/usr/lib -lifport -lifcore -limf -lsvml -lm -lipgo -lirc -lpthread -lirc_s -ldl
configure:4804: checking for dummy main to link with Fortran 77 libraries
configure:4838: cc -o conftest -O -D__QC_LINUX -D__USE_UNIX98   conftest.c   -L/opt/intel/compilers_and_libraries_2016.3.210/linux/ipp/lib/intel64 -L/opt/intel/compilers_and_libraries_2016.3.210/linux/compiler/lib/intel64 -L/opt/intel/compilers_and_libraries_2016.3.210/linux/mkl/lib/intel64 -L/opt/intel/compilers_and_libraries_2016.3.210/linux/tbb/lib/intel64/gcc4.4 -L/opt/intel/debugger_2016/libipt/intel64/lib -L/opt/intel/compilers_and_libraries_2016.3.210/linux/daal/lib/intel64_lin -L/opt/intel/compilers_and_libraries_2016.3.210/linux/tbb/lib/intel64_lin/gcc4.4 -L/opt/intel/compilers_and_libraries_2016.3.210/linux/compiler/lib/intel64_lin -L/usr/lib/gcc/x86_64-redhat-linux/4.8.5/ -L/usr/lib/gcc/x86_64-redhat-linux/4.8.5/../../../../lib64 -L/usr/lib/gcc/x86_64-redhat-linux/4.8.5/../../../../lib64/ -L/lib/../lib64 -L/lib/../lib64/ -L/usr/lib/../lib64 -L/usr/lib/../lib64/ -L/opt/intel/compilers_and_libraries_2016.3.210/linux/ipp/lib/intel64/ -L/opt/intel/compilers_and_libraries_2016.3.210/linux/compiler/lib/intel64/ -L/opt/intel/compilers_and_libraries_2016.3.210/linux/mkl/lib/intel64/ -L/opt/intel/compilers_and_libraries_2016.3.210/linux/tbb/lib/intel64/gcc4.4/ -L/opt/intel/debugger_2016/libipt/intel64/lib/ -L/opt/intel/compilers_and_libraries_2016.3.210/linux/daal/lib/intel64_lin/ -L/opt/intel/compilers_and_libraries_2016.3.210/linux/tbb/lib/intel64_lin/gcc4.4/ -L/opt/intel/compilers_and_libraries_2016.3.210/linux/compiler/lib/intel64_lin/ -L/usr/lib/gcc/x86_64-redhat-linux/4.8.5/../../../ -L/lib64 -L/lib/ -L/usr/lib64 -L/usr/lib -lifport -lifcore -limf -lsvml -lm -lipgo -lirc -lpthread -lirc_s -ldl >&5
configure:4838: $? = 0
configure:4883: result: none
configure:4916: checking for Fortran 77 name-mangling scheme
configure:4929: ifort -c -O conftest.f >&5
configure:4929: $? = 0
configure:4970: cc -o conftest -O -D__QC_LINUX -D__USE_UNIX98   conftest.c cfortran_test.o   -L/opt/intel/compilers_and_libraries_2016.3.210/linux/ipp/lib/intel64 -L/opt/intel/compilers_and_libraries_2016.3.210/linux/compiler/lib/intel64 -L/opt/intel/compilers_and_libraries_2016.3.210/linux/mkl/lib/intel64 -L/opt/intel/compilers_and_libraries_2016.3.210/linux/tbb/lib/intel64/gcc4.4 -L/opt/intel/debugger_2016/libipt/intel64/lib -L/opt/intel/compilers_and_libraries_2016.3.210/linux/daal/lib/intel64_lin -L/opt/intel/compilers_and_libraries_2016.3.210/linux/tbb/lib/intel64_lin/gcc4.4 -L/opt/intel/compilers_and_libraries_2016.3.210/linux/compiler/lib/intel64_lin -L/usr/lib/gcc/x86_64-redhat-linux/4.8.5/ -L/usr/lib/gcc/x86_64-redhat-linux/4.8.5/../../../../lib64 -L/usr/lib/gcc/x86_64-redhat-linux/4.8.5/../../../../lib64/ -L/lib/../lib64 -L/lib/../lib64/ -L/usr/lib/../lib64 -L/usr/lib/../lib64/ -L/opt/intel/compilers_and_libraries_2016.3.210/linux/ipp/lib/intel64/ -L/opt/intel/compilers_and_libraries_2016.3.210/linux/compiler/lib/intel64/ -L/opt/intel/compilers_and_libraries_2016.3.210/linux/mkl/lib/intel64/ -L/opt/intel/compilers_and_libraries_2016.3.210/linux/tbb/lib/intel64/gcc4.4/ -L/opt/intel/debugger_2016/libipt/intel64/lib/ -L/opt/intel/compilers_and_libraries_2016.3.210/linux/daal/lib/intel64_lin/ -L/opt/intel/compilers_and_libraries_2016.3.210/linux/tbb/lib/intel64_lin/gcc4.4/ -L/opt/intel/compilers_and_libraries_2016.3.210/linux/compiler/lib/intel64_lin/ -L/usr/lib/gcc/x86_64-redhat-linux/4.8.5/../../../ -L/lib64 -L/lib/ -L/usr/lib64 -L/usr/lib -lifport -lifcore -limf -lsvml -lm -lipgo -lirc -lpthread -lirc_s -ldl >&5
/tmp/cc3JDbZ2.o: In function `main':
conftest.c:(.text+0xa): undefined reference to `foobar'
collect2: error: ld returned 1 exit status
configure:4970: $? = 1
configure: failed program was:
| /* confdefs.h */
| #define PACKAGE_NAME ""
| #define PACKAGE_TARNAME ""
| #define PACKAGE_VERSION ""
| #define PACKAGE_STRING ""
| #define PACKAGE_BUGREPORT ""
| #define PACKAGE_URL ""
| #define PACKAGE "geompack"
| #define VERSION " "
| /* end confdefs.h.  */
| 
| /* Override any GCC internal prototype to avoid an error.
|    Use char because int might match the return type of a GCC
|    builtin and then its argument prototype would still apply.  */
| #ifdef __cplusplus
| extern "C"
| #endif
| char foobar ();
| #ifdef F77_DUMMY_MAIN
| 
| #  ifdef __cplusplus
|      extern "C"
| #  endif
|    int F77_DUMMY_MAIN() { return 1; }
| 
| #endif
| int
| main ()
| {
| return foobar ();
|   ;
|   return 0;
| }
configure:4970: cc -o conftest -O -D__QC_LINUX -D__USE_UNIX98   conftest.c cfortran_test.o   -L/opt/intel/compilers_and_libraries_2016.3.210/linux/ipp/lib/intel64 -L/opt/intel/compilers_and_libraries_2016.3.210/linux/compiler/lib/intel64 -L/opt/intel/compilers_and_libraries_2016.3.210/linux/mkl/lib/intel64 -L/opt/intel/compilers_and_libraries_2016.3.210/linux/tbb/lib/intel64/gcc4.4 -L/opt/intel/debugger_2016/libipt/intel64/lib -L/opt/intel/compilers_and_libraries_2016.3.210/linux/daal/lib/intel64_lin -L/opt/intel/compilers_and_libraries_2016.3.210/linux/tbb/lib/intel64_lin/gcc4.4 -L/opt/intel/compilers_and_libraries_2016.3.210/linux/compiler/lib/intel64_lin -L/usr/lib/gcc/x86_64-redhat-linux/4.8.5/ -L/usr/lib/gcc/x86_64-redhat-linux/4.8.5/../../../../lib64 -L/usr/lib/gcc/x86_64-redhat-linux/4.8.5/../../../../lib64/ -L/lib/../lib64 -L/lib/../lib64/ -L/usr/lib/../lib64 -L/usr/lib/../lib64/ -L/opt/intel/compilers_and_libraries_2016.3.210/linux/ipp/lib/intel64/ -L/opt/intel/compilers_and_libraries_2016.3.210/linux/compiler/lib/intel64/ -L/opt/intel/compilers_and_libraries_2016.3.210/linux/mkl/lib/intel64/ -L/opt/intel/compilers_and_libraries_2016.3.210/linux/tbb/lib/intel64/gcc4.4/ -L/opt/intel/debugger_2016/libipt/intel64/lib/ -L/opt/intel/compilers_and_libraries_2016.3.210/linux/daal/lib/intel64_lin/ -L/opt/intel/compilers_and_libraries_2016.3.210/linux/tbb/lib/intel64_lin/gcc4.4/ -L/opt/intel/compilers_and_libraries_2016.3.210/linux/compiler/lib/intel64_lin/ -L/usr/lib/gcc/x86_64-redhat-linux/4.8.5/../../../ -L/lib64 -L/lib/ -L/usr/lib64 -L/usr/lib -lifport -lifcore -limf -lsvml -lm -lipgo -lirc -lpthread -lirc_s -ldl >&5
configure:4970: $? = 0
configure:5028: cc -o conftest -O -D__QC_LINUX -D__USE_UNIX98   conftest.c cfortran_test.o   -L/opt/intel/compilers_and_libraries_2016.3.210/linux/ipp/lib/intel64 -L/opt/intel/compilers_and_libraries_2016.3.210/linux/compiler/lib/intel64 -L/opt/intel/compilers_and_libraries_2016.3.210/linux/mkl/lib/intel64 -L/opt/intel/compilers_and_libraries_2016.3.210/linux/tbb/lib/intel64/gcc4.4 -L/opt/intel/debugger_2016/libipt/intel64/lib -L/opt/intel/compilers_and_libraries_2016.3.210/linux/daal/lib/intel64_lin -L/opt/intel/compilers_and_libraries_2016.3.210/linux/tbb/lib/intel64_lin/gcc4.4 -L/opt/intel/compilers_and_libraries_2016.3.210/linux/compiler/lib/intel64_lin -L/usr/lib/gcc/x86_64-redhat-linux/4.8.5/ -L/usr/lib/gcc/x86_64-redhat-linux/4.8.5/../../../../lib64 -L/usr/lib/gcc/x86_64-redhat-linux/4.8.5/../../../../lib64/ -L/lib/../lib64 -L/lib/../lib64/ -L/usr/lib/../lib64 -L/usr/lib/../lib64/ -L/opt/intel/compilers_and_libraries_2016.3.210/linux/ipp/lib/intel64/ -L/opt/intel/compilers_and_libraries_2016.3.210/linux/compiler/lib/intel64/ -L/opt/intel/compilers_and_libraries_2016.3.210/linux/mkl/lib/intel64/ -L/opt/intel/compilers_and_libraries_2016.3.210/linux/tbb/lib/intel64/gcc4.4/ -L/opt/intel/debugger_2016/libipt/intel64/lib/ -L/opt/intel/compilers_and_libraries_2016.3.210/linux/daal/lib/intel64_lin/ -L/opt/intel/compilers_and_libraries_2016.3.210/linux/tbb/lib/intel64_lin/gcc4.4/ -L/opt/intel/compilers_and_libraries_2016.3.210/linux/compiler/lib/intel64_lin/ -L/usr/lib/gcc/x86_64-redhat-linux/4.8.5/../../../ -L/lib64 -L/lib/ -L/usr/lib64 -L/usr/lib -lifport -lifcore -limf -lsvml -lm -lipgo -lirc -lpthread -lirc_s -ldl >&5
configure:5028: $? = 0
configure:5070: result: lower case, underscore, no extra underscore
configure:5185: checking for gcc
configure:5212: result: cc
configure:5441: checking for C compiler version
configure:5450: cc --version >&5
cc (GCC) 4.8.5 20150623 (Red Hat 4.8.5-4)
Copyright (C) 2015 Free Software Foundation, Inc.
This is free software; see the source for copying conditions.  There is NO
warranty; not even for MERCHANTABILITY or FITNESS FOR A PARTICULAR PURPOSE.

configure:5461: $? = 0
configure:5450: cc -v >&5
Using built-in specs.
COLLECT_GCC=/usr/bin/cc
COLLECT_LTO_WRAPPER=/usr/libexec/gcc/x86_64-redhat-linux/4.8.5/lto-wrapper
Target: x86_64-redhat-linux
Configured with: ../configure --prefix=/usr --mandir=/usr/share/man --infodir=/usr/share/info --with-bugurl=http://bugzilla.redhat.com/bugzilla --enable-bootstrap --enable-shared --enable-threads=posix --enable-checking=release --with-system-zlib --enable-__cxa_atexit --disable-libunwind-exceptions --enable-gnu-unique-object --enable-linker-build-id --with-linker-hash-style=gnu --enable-languages=c,c++,objc,obj-c++,java,fortran,ada,go,lto --enable-plugin --enable-initfini-array --disable-libgcj --with-isl=/builddir/build/BUILD/gcc-4.8.5-20150702/obj-x86_64-redhat-linux/isl-install --with-cloog=/builddir/build/BUILD/gcc-4.8.5-20150702/obj-x86_64-redhat-linux/cloog-install --enable-gnu-indirect-function --with-tune=generic --with-arch_32=x86-64 --build=x86_64-redhat-linux
Thread model: posix
gcc version 4.8.5 20150623 (Red Hat 4.8.5-4) (GCC) 
configure:5461: $? = 0
configure:5450: cc -V >&5
cc: error: unrecognized command line option '-V'
cc: fatal error: no input files
compilation terminated.
configure:5461: $? = 4
configure:5450: cc -qversion >&5
cc: error: unrecognized command line option '-qversion'
cc: fatal error: no input files
compilation terminated.
configure:5461: $? = 4
configure:5465: checking whether we are using the GNU C compiler
configure:5501: result: yes
configure:5510: checking whether cc accepts -g
configure:5595: result: yes
configure:5612: checking for cc option to accept ISO C89
configure:5696: result: none needed
configure:5721: checking whether cc understands -c and -o together
configure:5766: result: yes
configure:5785: checking dependency style of cc
configure:5896: result: gcc3
configure:6017: checking for Fortran 77 compiler version
configure:6026: ifort --version >&5
ifort (IFORT) 16.0.3 20160415
Copyright (C) 1985-2016 Intel Corporation.  All rights reserved.

configure:6037: $? = 0
configure:6026: ifort -v >&5
ifort version 16.0.3
configure:6037: $? = 0
configure:6026: ifort -V >&5
Intel(R) Fortran Intel(R) 64 Compiler for applications running on Intel(R) 64, Version 16.0.3.210 Build 20160415
Copyright (C) 1985-2016 Intel Corporation.  All rights reserved.

configure:6037: $? = 0
configure:6026: ifort -qversion >&5
ifort: command line warning #10006: ignoring unknown option '-qversion'
ifort: command line error: no files specified; for help type "ifort -help"
configure:6037: $? = 1
configure:6046: checking whether we are using the GNU Fortran 77 compiler
configure:6068: result: no
configure:6074: checking whether ifort accepts -g
configure:6093: result: yes
configure:6168: checking how to print strings
configure:6195: result: printf
configure:6216: checking for a sed that does not truncate output
configure:6280: result: /usr/bin/sed
configure:6298: checking for grep that handles long lines and -e
configure:6356: result: /usr/bin/grep
configure:6361: checking for egrep
configure:6423: result: /usr/bin/grep -E
configure:6428: checking for fgrep
configure:6490: result: /usr/bin/grep -F
configure:6525: checking for ld used by cc
configure:6592: result: /usr/bin/ld
configure:6599: checking if the linker (/usr/bin/ld) is GNU ld
configure:6614: result: yes
configure:6626: checking for BSD- or MS-compatible name lister (nm)
configure:6680: result: /usr/bin/nm -B
configure:6810: checking the name lister (/usr/bin/nm -B) interface
configure:6817: cc -c -O -D__QC_LINUX -D__USE_UNIX98  conftest.c >&5
configure:6820: /usr/bin/nm -B "conftest.o"
configure:6823: output
0000000000000000 B some_variable
configure:6830: result: BSD nm
configure:6833: checking whether ln -s works
configure:6837: result: yes
configure:6845: checking the maximum length of command line arguments
configure:6976: result: 201326592
configure:7024: checking how to convert x86_64-pc-linux-gnu file names to x86_64-pc-linux-gnu format
configure:7064: result: func_convert_file_noop
configure:7071: checking how to convert x86_64-pc-linux-gnu file names to toolchain format
configure:7091: result: func_convert_file_noop
configure:7098: checking for /usr/bin/ld option to reload object files
configure:7105: result: -r
configure:7179: checking for objdump
configure:7195: found /usr/bin/objdump
configure:7206: result: objdump
configure:7238: checking how to recognize dependent libraries
configure:7438: result: pass_all
configure:7523: checking for dlltool
configure:7553: result: no
configure:7583: checking how to associate runtime and link libraries
configure:7610: result: printf %s\n
configure:7734: checking for archiver @FILE support
configure:7759: cc -c -O -D__QC_LINUX -D__USE_UNIX98  conftest.c >&5
configure:7759: $? = 0
configure:7762: ar cru libconftest.a @conftest.lst >&5
configure:7765: $? = 0
configure:7770: ar cru libconftest.a @conftest.lst >&5
ar: conftest.o: No such file or directory
configure:7773: $? = 1
configure:7785: result: @
configure:7843: checking for strip
configure:7859: found /usr/bin/strip
configure:7870: result: strip
configure:7942: checking for ranlib
configure:7958: found /usr/bin/ranlib
configure:7969: result: ranlib
configure:8071: checking command to parse /usr/bin/nm -B output from cc object
configure:8224: cc -c -O -D__QC_LINUX -D__USE_UNIX98  conftest.c >&5
configure:8227: $? = 0
configure:8231: /usr/bin/nm -B conftest.o \| sed -n -e 's/^.*[ ]\([ABCDGIRSTW][ABCDGIRSTW]*\)[ ][ ]*\([_A-Za-z][_A-Za-z0-9]*\)$/\1 \2 \2/p' | sed '/ __gnu_lto/d' \> conftest.nm
configure:8234: $? = 0
configure:8300: cc -o conftest -O -D__QC_LINUX -D__USE_UNIX98   conftest.c conftstm.o >&5
configure:8303: $? = 0
configure:8341: result: ok
configure:8388: checking for sysroot
configure:8418: result: no
configure:8425: checking for a working dd
configure:8463: result: /usr/bin/dd
configure:8467: checking how to truncate binary pipes
configure:8482: result: /usr/bin/dd bs=4096 count=1
configure:8618: cc -c -O -D__QC_LINUX -D__USE_UNIX98  conftest.c >&5
configure:8621: $? = 0
configure:8819: checking for mt
configure:8849: result: no
configure:8869: checking if : is a manifest tool
configure:8875: : '-?'
configure:8883: result: no
configure:9564: checking for ANSI C header files
configure:9592: cc -c -O -D__QC_LINUX -D__USE_UNIX98  conftest.c >&5
configure:9592: $? = 0
configure:9665: cc -o conftest -O -D__QC_LINUX -D__USE_UNIX98   conftest.c  >&5
configure:9665: $? = 0
configure:9665: ./conftest
configure:9665: $? = 0
configure:9676: result: yes
configure:9689: checking for sys/types.h
configure:9689: cc -c -O -D__QC_LINUX -D__USE_UNIX98  conftest.c >&5
configure:9689: $? = 0
configure:9689: result: yes
configure:9689: checking for sys/stat.h
configure:9689: cc -c -O -D__QC_LINUX -D__USE_UNIX98  conftest.c >&5
configure:9689: $? = 0
configure:9689: result: yes
configure:9689: checking for stdlib.h
configure:9689: cc -c -O -D__QC_LINUX -D__USE_UNIX98  conftest.c >&5
configure:9689: $? = 0
configure:9689: result: yes
configure:9689: checking for string.h
configure:9689: cc -c -O -D__QC_LINUX -D__USE_UNIX98  conftest.c >&5
configure:9689: $? = 0
configure:9689: result: yes
configure:9689: checking for memory.h
configure:9689: cc -c -O -D__QC_LINUX -D__USE_UNIX98  conftest.c >&5
configure:9689: $? = 0
configure:9689: result: yes
configure:9689: checking for strings.h
configure:9689: cc -c -O -D__QC_LINUX -D__USE_UNIX98  conftest.c >&5
configure:9689: $? = 0
configure:9689: result: yes
configure:9689: checking for inttypes.h
configure:9689: cc -c -O -D__QC_LINUX -D__USE_UNIX98  conftest.c >&5
configure:9689: $? = 0
configure:9689: result: yes
configure:9689: checking for stdint.h
configure:9689: cc -c -O -D__QC_LINUX -D__USE_UNIX98  conftest.c >&5
configure:9689: $? = 0
configure:9689: result: yes
configure:9689: checking for unistd.h
configure:9689: cc -c -O -D__QC_LINUX -D__USE_UNIX98  conftest.c >&5
configure:9689: $? = 0
configure:9689: result: yes
configure:9703: checking for dlfcn.h
configure:9703: cc -c -O -D__QC_LINUX -D__USE_UNIX98  conftest.c >&5
configure:9703: $? = 0
configure:9703: result: yes
configure:9929: checking for objdir
configure:9944: result: .libs
configure:10204: checking if cc supports -fno-rtti -fno-exceptions
configure:10222: cc -c -O -D__QC_LINUX -D__USE_UNIX98  -fno-rtti -fno-exceptions conftest.c >&5
cc1: warning: command line option '-fno-rtti' is valid for C++/ObjC++ but not for C [enabled by default]
cc1: warning: command line option '-fno-rtti' is valid for C++/ObjC++ but not for C [enabled by default]
configure:10226: $? = 0
configure:10239: result: no
configure:10597: checking for cc option to produce PIC
configure:10604: result: -fPIC -DPIC
configure:10612: checking if cc PIC flag -fPIC -DPIC works
configure:10630: cc -c -O -D__QC_LINUX -D__USE_UNIX98  -fPIC -DPIC -DPIC conftest.c >&5
configure:10634: $? = 0
configure:10647: result: yes
configure:10676: checking if cc static flag -static works
configure:10704: result: yes
configure:10719: checking if cc supports -c -o file.o
configure:10740: cc -c -O -D__QC_LINUX -D__USE_UNIX98  -o out/conftest2.o conftest.c >&5
configure:10744: $? = 0
configure:10766: result: yes
configure:10774: checking if cc supports -c -o file.o
configure:10821: result: yes
configure:10854: checking whether the cc linker (/usr/bin/ld -m elf_x86_64) supports shared libraries
configure:12133: result: yes
configure:12373: checking dynamic linker characteristics
configure:12962: cc -o conftest -O -D__QC_LINUX -D__USE_UNIX98   -Wl,-rpath -Wl,/foo conftest.c  >&5
configure:12962: $? = 0
configure:13211: result: GNU/Linux ld.so
configure:13333: checking how to hardcode library paths into programs
configure:13358: result: immediate
configure:13946: checking whether stripping libraries is possible
configure:13951: result: yes
configure:13986: checking if libtool supports shared libraries
configure:13988: result: yes
configure:13991: checking whether to build shared libraries
configure:14016: result: no
configure:14019: checking whether to build static libraries
configure:14023: result: yes
configure:14140: checking if libtool supports shared libraries
configure:14142: result: yes
configure:14145: checking whether to build shared libraries
configure:14169: result: no
configure:14172: checking whether to build static libraries
configure:14176: result: yes
configure:14528: checking for ifort option to produce PIC
configure:14535: result: -fPIC
configure:14543: checking if ifort PIC flag -fPIC works
configure:14561: ifort -c -O -fPIC conftest.f >&5
configure:14565: $? = 0
configure:14578: result: yes
configure:14601: checking if ifort static flag -static works
/usr/lib/gcc/x86_64-redhat-linux/4.8.5/../../../../lib64/libpthread.a(libpthread.o): In function `sem_open':
(.text+0x682b): warning: the use of `mktemp' is dangerous, better use `mkstemp'
configure:14629: result: no
configure:14641: checking if ifort supports -c -o file.o
configure:14662: ifort -c -O -o out/conftest2.o conftest.f >&5
configure:14666: $? = 0
configure:14688: result: yes
configure:14693: checking if ifort supports -c -o file.o
configure:14740: result: yes
configure:14770: checking whether the ifort linker (/usr/bin/ld -m elf_x86_64) supports shared libraries
configure:15983: result: yes
configure:16124: checking dynamic linker characteristics
configure:16875: result: GNU/Linux ld.so
configure:16940: checking how to hardcode library paths into programs
configure:16965: result: immediate
configure:17137: checking that generated files are newer than configure
configure:17143: result: done
configure:17174: creating ./config.status

## ---------------------- ##
## Running config.status. ##
## ---------------------- ##

This file was extended by config.status, which was
generated by GNU Autoconf 2.69.  Invocation command line was

  CONFIG_FILES    = 
  CONFIG_HEADERS  = 
  CONFIG_LINKS    = 
  CONFIG_COMMANDS = 
  $ ./config.status 

on br006.pvt.bridges.psc.edu

config.status:1154: creating Makefile
config.status:1154: creating config.h
config.status:1320: config.h is unchanged
config.status:1368: executing depfiles commands
config.status:1368: executing libtool commands
configure:19596: === configuring in basic3d (/home/grasinge/Dev/qc/QuasiSRC/triangulation_server/geompack/basic3d)
configure:19659: running /bin/sh /home/grasinge/Dev/qc/QuasiSRC/triangulation_server/geompack/basic3d/configure --disable-option-checking '--prefix=/usr/local'  'CXXFLAGS=-std=c++14 -O3 -Wall -Wextra' 'F77=ifort' --cache-file=/dev/null --srcdir=/home/grasinge/Dev/qc/QuasiSRC/triangulation_server/geompack/basic3d
configure:19596: === configuring in deltr3d (/home/grasinge/Dev/qc/QuasiSRC/triangulation_server/geompack/deltr3d)
configure:19659: running /bin/sh /home/grasinge/Dev/qc/QuasiSRC/triangulation_server/geompack/deltr3d/configure --disable-option-checking '--prefix=/usr/local'  'CXXFLAGS=-std=c++14 -O3 -Wall -Wextra' 'F77=ifort' --cache-file=/dev/null --srcdir=/home/grasinge/Dev/qc/QuasiSRC/triangulation_server/geompack/deltr3d
configure:19596: === configuring in general (/home/grasinge/Dev/qc/QuasiSRC/triangulation_server/geompack/general)
configure:19659: running /bin/sh /home/grasinge/Dev/qc/QuasiSRC/triangulation_server/geompack/general/configure --disable-option-checking '--prefix=/usr/local'  'CXXFLAGS=-std=c++14 -O3 -Wall -Wextra' 'F77=ifort' --cache-file=/dev/null --srcdir=/home/grasinge/Dev/qc/QuasiSRC/triangulation_server/geompack/general

## ---------------- ##
## Cache variables. ##
## ---------------- ##

ac_cv_build=x86_64-pc-linux-gnu
ac_cv_c_compiler_gnu=yes
ac_cv_env_CC_set=
ac_cv_env_CC_value=
ac_cv_env_CFLAGS_set=
ac_cv_env_CFLAGS_value=
ac_cv_env_CPPFLAGS_set=
ac_cv_env_CPPFLAGS_value=
ac_cv_env_CPP_set=
ac_cv_env_CPP_value=
ac_cv_env_F77_set=set
ac_cv_env_F77_value=ifort
ac_cv_env_FFLAGS_set=
ac_cv_env_FFLAGS_value=
ac_cv_env_LDFLAGS_set=
ac_cv_env_LDFLAGS_value=
ac_cv_env_LIBS_set=
ac_cv_env_LIBS_value=
ac_cv_env_LT_SYS_LIBRARY_PATH_set=
ac_cv_env_LT_SYS_LIBRARY_PATH_value=
ac_cv_env_build_alias_set=
ac_cv_env_build_alias_value=
ac_cv_env_host_alias_set=
ac_cv_env_host_alias_value=
ac_cv_env_target_alias_set=
ac_cv_env_target_alias_value=
ac_cv_f77_compiler_gnu=no
ac_cv_f77_dummy_main=none
ac_cv_f77_libs=' -L/opt/intel/compilers_and_libraries_2016.3.210/linux/ipp/lib/intel64 -L/opt/intel/compilers_and_libraries_2016.3.210/linux/compiler/lib/intel64 -L/opt/intel/compilers_and_libraries_2016.3.210/linux/mkl/lib/intel64 -L/opt/intel/compilers_and_libraries_2016.3.210/linux/tbb/lib/intel64/gcc4.4 -L/opt/intel/debugger_2016/libipt/intel64/lib -L/opt/intel/compilers_and_libraries_2016.3.210/linux/daal/lib/intel64_lin -L/opt/intel/compilers_and_libraries_2016.3.210/linux/tbb/lib/intel64_lin/gcc4.4 -L/opt/intel/compilers_and_libraries_2016.3.210/linux/compiler/lib/intel64_lin -L/usr/lib/gcc/x86_64-redhat-linux/4.8.5/ -L/usr/lib/gcc/x86_64-redhat-linux/4.8.5/../../../../lib64 -L/usr/lib/gcc/x86_64-redhat-linux/4.8.5/../../../../lib64/ -L/lib/../lib64 -L/lib/../lib64/ -L/usr/lib/../lib64 -L/usr/lib/../lib64/ -L/opt/intel/compilers_and_libraries_2016.3.210/linux/ipp/lib/intel64/ -L/opt/intel/compilers_and_libraries_2016.3.210/linux/compiler/lib/intel64/ -L/opt/intel/compilers_and_libraries_2016.3.210/linux/mkl/lib/intel64/ -L/opt/intel/compilers_and_libraries_2016.3.210/linux/tbb/lib/intel64/gcc4.4/ -L/opt/intel/debugger_2016/libipt/intel64/lib/ -L/opt/intel/compilers_and_libraries_2016.3.210/linux/daal/lib/intel64_lin/ -L/opt/intel/compilers_and_libraries_2016.3.210/linux/tbb/lib/intel64_lin/gcc4.4/ -L/opt/intel/compilers_and_libraries_2016.3.210/linux/compiler/lib/intel64_lin/ -L/usr/lib/gcc/x86_64-redhat-linux/4.8.5/../../../ -L/lib64 -L/lib/ -L/usr/lib64 -L/usr/lib -lifport -lifcore -limf -lsvml -lm -lipgo -lirc -lpthread -lirc_s -ldl'
ac_cv_f77_mangling='lower case, underscore, no extra underscore'
ac_cv_fortran_dummy_main=none
ac_cv_header_dlfcn_h=yes
ac_cv_header_inttypes_h=yes
ac_cv_header_memory_h=yes
ac_cv_header_stdc=yes
ac_cv_header_stdint_h=yes
ac_cv_header_stdlib_h=yes
ac_cv_header_string_h=yes
ac_cv_header_strings_h=yes
ac_cv_header_sys_stat_h=yes
ac_cv_header_sys_types_h=yes
ac_cv_header_unistd_h=yes
ac_cv_host=x86_64-pc-linux-gnu
ac_cv_objext=o
ac_cv_path_EGREP='/usr/bin/grep -E'
ac_cv_path_FGREP='/usr/bin/grep -F'
ac_cv_path_GREP=/usr/bin/grep
ac_cv_path_SED=/usr/bin/sed
ac_cv_path_install='/usr/bin/install -c'
ac_cv_path_lt_DD=/usr/bin/dd
ac_cv_path_mkdir=/usr/bin/mkdir
ac_cv_prog_AWK=gawk
ac_cv_prog_CPP='cc -E'
ac_cv_prog_ac_ct_CC=cc
ac_cv_prog_ac_ct_OBJDUMP=objdump
ac_cv_prog_ac_ct_RANLIB=ranlib
ac_cv_prog_ac_ct_STRIP=strip
ac_cv_prog_cc_c89=
ac_cv_prog_cc_g=yes
ac_cv_prog_f77_g=yes
ac_cv_prog_f77_v=-v
ac_cv_prog_make_make_set=yes
am_cv_CC_dependencies_compiler_type=gcc3
am_cv_make_support_nested_variables=yes
am_cv_prog_cc_c_o=yes
lt_cv_ar_at_file=@
lt_cv_deplibs_check_method=pass_all
lt_cv_file_magic_cmd='$MAGIC_CMD'
lt_cv_file_magic_test_file=
lt_cv_ld_reload_flag=-r
lt_cv_nm_interface='BSD nm'
lt_cv_objdir=.libs
lt_cv_path_LD=/usr/bin/ld
lt_cv_path_NM='/usr/bin/nm -B'
lt_cv_path_mainfest_tool=no
lt_cv_prog_compiler_c_o=yes
lt_cv_prog_compiler_c_o_F77=yes
lt_cv_prog_compiler_pic='-fPIC -DPIC'
lt_cv_prog_compiler_pic_F77=-fPIC
lt_cv_prog_compiler_pic_works=yes
lt_cv_prog_compiler_pic_works_F77=yes
lt_cv_prog_compiler_rtti_exceptions=no
lt_cv_prog_compiler_static_works=yes
lt_cv_prog_compiler_static_works_F77=no
lt_cv_prog_gnu_ld=yes
lt_cv_sharedlib_from_linklib_cmd='printf %s\n'
lt_cv_shlibpath_overrides_runpath=no
lt_cv_sys_global_symbol_pipe='sed -n -e '\''s/^.*[	 ]\([ABCDGIRSTW][ABCDGIRSTW]*\)[	 ][	 ]*\([_A-Za-z][_A-Za-z0-9]*\)$/\1 \2 \2/p'\'' | sed '\''/ __gnu_lto/d'\'''
lt_cv_sys_global_symbol_to_c_name_address='sed -n -e '\''s/^: \(.*\) .*$/  {"\1", (void *) 0},/p'\'' -e '\''s/^[ABCDGIRSTW][ABCDGIRSTW]* .* \(.*\)$/  {"\1", (void *) \&\1},/p'\'''
lt_cv_sys_global_symbol_to_c_name_address_lib_prefix='sed -n -e '\''s/^: \(.*\) .*$/  {"\1", (void *) 0},/p'\'' -e '\''s/^[ABCDGIRSTW][ABCDGIRSTW]* .* \(lib.*\)$/  {"\1", (void *) \&\1},/p'\'' -e '\''s/^[ABCDGIRSTW][ABCDGIRSTW]* .* \(.*\)$/  {"lib\1", (void *) \&\1},/p'\'''
lt_cv_sys_global_symbol_to_cdecl='sed -n -e '\''s/^T .* \(.*\)$/extern int \1();/p'\'' -e '\''s/^[ABCDGIRSTW][ABCDGIRSTW]* .* \(.*\)$/extern char \1;/p'\'''
lt_cv_sys_global_symbol_to_import=
lt_cv_sys_max_cmd_len=201326592
lt_cv_to_host_file_cmd=func_convert_file_noop
lt_cv_to_tool_file_cmd=func_convert_file_noop
lt_cv_truncate_bin='/usr/bin/dd bs=4096 count=1'

## ----------------- ##
## Output variables. ##
## ----------------- ##

ACLOCAL='${SHELL} /home/grasinge/Dev/qc/QuasiSRC/bin/missing aclocal-1.15'
AMDEPBACKSLASH='\'
AMDEP_FALSE='#'
AMDEP_TRUE=''
AMTAR='$${TAR-tar}'
AM_BACKSLASH='\'
AM_DEFAULT_V='$(AM_DEFAULT_VERBOSITY)'
AM_DEFAULT_VERBOSITY='1'
AM_V='$(V)'
AR='ar'
AR_FLAGS='cru'
AUTOCONF='${SHELL} /home/grasinge/Dev/qc/QuasiSRC/bin/missing autoconf'
AUTOHEADER='${SHELL} /home/grasinge/Dev/qc/QuasiSRC/bin/missing autoheader'
AUTOMAKE='${SHELL} /home/grasinge/Dev/qc/QuasiSRC/bin/missing automake-1.15'
AWK='gawk'
CC='cc'
CCDEPMODE='depmode=gcc3'
CFLAGS='-O -D__QC_LINUX -D__USE_UNIX98'
CPP='cc -E'
CPPFLAGS=''
CYGPATH_W='echo'
DEFS='-DHAVE_CONFIG_H'
DEPDIR='.deps'
DLLTOOL='false'
DSYMUTIL=''
DUMPBIN=''
ECHO_C=''
ECHO_N='-n'
ECHO_T=''
EGREP='/usr/bin/grep -E'
EXEEXT=''
F77='ifort'
FFLAGS='-O'
FGREP='/usr/bin/grep -F'
FLIBS=' -L/opt/intel/compilers_and_libraries_2016.3.210/linux/ipp/lib/intel64 -L/opt/intel/compilers_and_libraries_2016.3.210/linux/compiler/lib/intel64 -L/opt/intel/compilers_and_libraries_2016.3.210/linux/mkl/lib/intel64 -L/opt/intel/compilers_and_libraries_2016.3.210/linux/tbb/lib/intel64/gcc4.4 -L/opt/intel/debugger_2016/libipt/intel64/lib -L/opt/intel/compilers_and_libraries_2016.3.210/linux/daal/lib/intel64_lin -L/opt/intel/compilers_and_libraries_2016.3.210/linux/tbb/lib/intel64_lin/gcc4.4 -L/opt/intel/compilers_and_libraries_2016.3.210/linux/compiler/lib/intel64_lin -L/usr/lib/gcc/x86_64-redhat-linux/4.8.5/ -L/usr/lib/gcc/x86_64-redhat-linux/4.8.5/../../../../lib64 -L/usr/lib/gcc/x86_64-redhat-linux/4.8.5/../../../../lib64/ -L/lib/../lib64 -L/lib/../lib64/ -L/usr/lib/../lib64 -L/usr/lib/../lib64/ -L/opt/intel/compilers_and_libraries_2016.3.210/linux/ipp/lib/intel64/ -L/opt/intel/compilers_and_libraries_2016.3.210/linux/compiler/lib/intel64/ -L/opt/intel/compilers_and_libraries_2016.3.210/linux/mkl/lib/intel64/ -L/opt/intel/compilers_and_libraries_2016.3.210/linux/tbb/lib/intel64/gcc4.4/ -L/opt/intel/debugger_2016/libipt/intel64/lib/ -L/opt/intel/compilers_and_libraries_2016.3.210/linux/daal/lib/intel64_lin/ -L/opt/intel/compilers_and_libraries_2016.3.210/linux/tbb/lib/intel64_lin/gcc4.4/ -L/opt/intel/compilers_and_libraries_2016.3.210/linux/compiler/lib/intel64_lin/ -L/usr/lib/gcc/x86_64-redhat-linux/4.8.5/../../../ -L/lib64 -L/lib/ -L/usr/lib64 -L/usr/lib -lifport -lifcore -limf -lsvml -lm -lipgo -lirc -lpthread -lirc_s -ldl'
GREP='/usr/bin/grep'
INSTALL_DATA='${INSTALL} -m 644'
INSTALL_PROGRAM='${INSTALL}'
INSTALL_SCRIPT='${INSTALL}'
INSTALL_STRIP_PROGRAM='$(install_sh) -c -s'
LD='/usr/bin/ld -m elf_x86_64'
LDFLAGS=''
LIBOBJS=''
LIBS=''
LIBTOOL='$(SHELL) $(top_builddir)/libtool'
LIPO=''
LN_S='ln -s'
LTLIBOBJS=''
LT_SYS_LIBRARY_PATH=''
MAINT='#'
MAINTAINER_MODE_FALSE=''
MAINTAINER_MODE_TRUE='#'
MAKEINFO='${SHELL} /home/grasinge/Dev/qc/QuasiSRC/bin/missing makeinfo'
MANIFEST_TOOL=':'
MKDIR_P='/usr/bin/mkdir -p'
NM='/usr/bin/nm -B'
NMEDIT=''
OBJDUMP='objdump'
OBJEXT='o'
OTOOL64=''
OTOOL=''
PACKAGE='geompack'
PACKAGE_BUGREPORT=''
PACKAGE_NAME=''
PACKAGE_STRING=''
PACKAGE_TARNAME=''
PACKAGE_URL=''
PACKAGE_VERSION=''
PATH_SEPARATOR=':'
RANLIB='ranlib'
SED='/usr/bin/sed'
SET_MAKE=''
SHELL='/bin/sh'
STRIP='strip'
VERSION=' '
ac_ct_AR=''
ac_ct_CC='cc'
ac_ct_DUMPBIN=''
ac_ct_F77=''
am__EXEEXT_FALSE=''
am__EXEEXT_TRUE='#'
am__fastdepCC_FALSE='#'
am__fastdepCC_TRUE=''
am__include='include'
am__isrc=''
am__leading_dot='.'
am__nodep='_no'
am__quote=''
am__tar='$${TAR-tar} chof - "$$tardir"'
am__untar='$${TAR-tar} xf -'
bindir='${exec_prefix}/bin'
build='x86_64-pc-linux-gnu'
build_alias=''
build_cpu='x86_64'
build_os='linux-gnu'
build_vendor='pc'
datadir='${datarootdir}'
datarootdir='${prefix}/share'
docdir='${datarootdir}/doc/${PACKAGE}'
dvidir='${docdir}'
exec_prefix='${prefix}'
host='x86_64-pc-linux-gnu'
host_alias=''
host_cpu='x86_64'
host_os='linux-gnu'
host_vendor='pc'
htmldir='${docdir}'
includedir='${prefix}/include'
infodir='${datarootdir}/info'
install_sh='${SHELL} /home/grasinge/Dev/qc/QuasiSRC/bin/install-sh'
libdir='${exec_prefix}/lib'
libexecdir='${exec_prefix}/libexec'
localedir='${datarootdir}/locale'
localstatedir='${prefix}/var'
mandir='${datarootdir}/man'
mkdir_p='$(MKDIR_P)'
oldincludedir='/usr/include'
pdfdir='${docdir}'
prefix='/usr/local'
program_transform_name='s,x,x,'
psdir='${docdir}'
runstatedir='${localstatedir}/run'
sbindir='${exec_prefix}/sbin'
sharedstatedir='${prefix}/com'
subdirs=' basic3d deltr3d general'
sysconfdir='${prefix}/etc'
target_alias=''

## ----------- ##
## confdefs.h. ##
## ----------- ##

/* confdefs.h */
#define PACKAGE_NAME ""
#define PACKAGE_TARNAME ""
#define PACKAGE_VERSION ""
#define PACKAGE_STRING ""
#define PACKAGE_BUGREPORT ""
#define PACKAGE_URL ""
#define PACKAGE "geompack"
#define VERSION " "
#define F77_FUNC(name,NAME) name ## _
#define F77_FUNC_(name,NAME) name ## _
#define STDC_HEADERS 1
#define HAVE_SYS_TYPES_H 1
#define HAVE_SYS_STAT_H 1
#define HAVE_STDLIB_H 1
#define HAVE_STRING_H 1
#define HAVE_MEMORY_H 1
#define HAVE_STRINGS_H 1
#define HAVE_INTTYPES_H 1
#define HAVE_STDINT_H 1
#define HAVE_UNISTD_H 1
#define HAVE_DLFCN_H 1
#define LT_OBJDIR ".libs/"

configure: exit 0
