This file contains any messages produced by compilers while
running configure, to aid debugging if configure makes a mistake.

It was created by configure, which was
generated by GNU Autoconf 2.69.  Invocation command line was

  $ /home/grasinge/Dev/qc/QuasiSRC/triangulation_server/geompack/deltr3d/configure --disable-option-checking --prefix=/usr/local CXXFLAGS=-std=c++14 -O3 -Wall -Wextra F77=ifort --cache-file=/dev/null --srcdir=/home/grasinge/Dev/qc/QuasiSRC/triangulation_server/geompack/deltr3d

## --------- ##
## Platform. ##
## --------- ##

hostname = br006.pvt.bridges.psc.edu
uname -m = x86_64
uname -r = 3.10.0-327.4.5.el7.x86_64
uname -s = Linux
uname -v = #1 SMP Thu Nov 3 16:18:35 EDT 2016

/usr/bin/uname -p = x86_64
/bin/uname -X     = unknown

/bin/arch              = x86_64
/usr/bin/arch -k       = unknown
/usr/convex/getsysinfo = unknown
/usr/bin/hostinfo      = unknown
/bin/machine           = unknown
/usr/bin/oslevel       = unknown
/bin/universe          = unknown

PATH: /usr/lib64/qt-3.3/bin
PATH: /opt/intel/compilers_and_libraries_2016.3.210/linux/mpi/intel64/bin
PATH: /opt/intel/compilers_and_libraries_2016.3.210/linux/bin/intel64
PATH: /opt/intel/debugger_2016/gdb/intel64_mic/bin
PATH: /opt/packages/slurm/15.08.8/bin
PATH: /opt/packages/allocations
PATH: /opt/packages/interact/bin
PATH: /usr/lib64/ccache
PATH: /usr/local/bin
PATH: /usr/bin
PATH: /usr/local/sbin
PATH: /usr/sbin
PATH: /opt/puppetlabs/puppet/bin
PATH: /opt/packages/slash2/psc/sbin
PATH: /opt/puppetlabs/bin
PATH: ./
PATH: /home/grasinge/.local/bin
PATH: /home/grasinge/bin


## ----------- ##
## Core tests. ##
## ----------- ##

configure:2287: checking for a BSD-compatible install
configure:2355: result: /usr/bin/install -c
configure:2366: checking whether build environment is sane
configure:2421: result: yes
configure:2572: checking for a thread-safe mkdir -p
configure:2611: result: /usr/bin/mkdir -p
configure:2618: checking for gawk
configure:2634: found /usr/bin/gawk
configure:2645: result: gawk
configure:2656: checking whether make sets $(MAKE)
configure:2678: result: yes
configure:2707: checking whether make supports nested variables
configure:2724: result: yes
configure:2852: checking whether to enable maintainer-specific portions of Makefiles
configure:2861: result: no
configure:2878: checking build system type
configure:2892: result: x86_64-pc-linux-gnu
configure:2912: checking host system type
configure:2925: result: x86_64-pc-linux-gnu
configure:2951: checking whether make sets $(MAKE)
configure:2973: result: yes
configure:3015: checking whether to enable debugging
configure:3034: result: no
configure:3059: checking whether to use 64-bit compiler mode
configure:3072: result: no
configure:3159: checking for xlc_r
configure:3189: result: no
configure:3159: checking for cc
configure:3175: found /usr/lib64/ccache/cc
configure:3186: result: cc
configure:3217: checking for C compiler version
configure:3226: cc --version >&5
cc (GCC) 4.8.5 20150623 (Red Hat 4.8.5-4)
Copyright (C) 2015 Free Software Foundation, Inc.
This is free software; see the source for copying conditions.  There is NO
warranty; not even for MERCHANTABILITY or FITNESS FOR A PARTICULAR PURPOSE.

configure:3237: $? = 0
configure:3226: cc -v >&5
Using built-in specs.
COLLECT_GCC=/usr/bin/cc
COLLECT_LTO_WRAPPER=/usr/libexec/gcc/x86_64-redhat-linux/4.8.5/lto-wrapper
Target: x86_64-redhat-linux
Configured with: ../configure --prefix=/usr --mandir=/usr/share/man --infodir=/usr/share/info --with-bugurl=http://bugzilla.redhat.com/bugzilla --enable-bootstrap --enable-shared --enable-threads=posix --enable-checking=release --with-system-zlib --enable-__cxa_atexit --disable-libunwind-exceptions --enable-gnu-unique-object --enable-linker-build-id --with-linker-hash-style=gnu --enable-languages=c,c++,objc,obj-c++,java,fortran,ada,go,lto --enable-plugin --enable-initfini-array --disable-libgcj --with-isl=/builddir/build/BUILD/gcc-4.8.5-20150702/obj-x86_64-redhat-linux/isl-install --with-cloog=/builddir/build/BUILD/gcc-4.8.5-20150702/obj-x86_64-redhat-linux/cloog-install --enable-gnu-indirect-function --with-tune=generic --with-arch_32=x86-64 --build=x86_64-redhat-linux
Thread model: posix
gcc version 4.8.5 20150623 (Red Hat 4.8.5-4) (GCC) 
configure:3237: $? = 0
configure:3226: cc -V >&5
cc: error: unrecognized command line option '-V'
cc: fatal error: no input files
compilation terminated.
configure:3237: $? = 4
configure:3226: cc -qversion >&5
cc: error: unrecognized command line option '-qversion'
cc: fatal error: no input files
compilation terminated.
configure:3237: $? = 4
configure:3257: checking whether the C compiler works
configure:3279: cc    conftest.c  >&5
configure:3283: $? = 0
configure:3331: result: yes
configure:3334: checking for C compiler default output file name
configure:3336: result: a.out
configure:3342: checking for suffix of executables
configure:3349: cc -o conftest    conftest.c  >&5
configure:3353: $? = 0
configure:3375: result: 
configure:3397: checking whether we are cross compiling
configure:3405: cc -o conftest    conftest.c  >&5
configure:3409: $? = 0
configure:3416: ./conftest
configure:3420: $? = 0
configure:3435: result: no
configure:3440: checking for suffix of object files
configure:3462: cc -c   conftest.c >&5
configure:3466: $? = 0
configure:3487: result: o
configure:3491: checking whether we are using the GNU C compiler
configure:3510: cc -c   conftest.c >&5
configure:3510: $? = 0
configure:3519: result: yes
configure:3528: checking whether cc accepts -g
configure:3548: cc -c -g  conftest.c >&5
configure:3548: $? = 0
configure:3589: result: yes
configure:3606: checking for cc option to accept ISO C89
configure:3669: cc  -c -g -O2  conftest.c >&5
configure:3669: $? = 0
configure:3682: result: none needed
configure:3707: checking whether cc understands -c and -o together
configure:3729: cc -c conftest.c -o conftest2.o
configure:3732: $? = 0
configure:3729: cc -c conftest.c -o conftest2.o
configure:3732: $? = 0
configure:3744: result: yes
configure:3772: checking for style of include used by make
configure:3800: result: GNU
configure:3826: checking dependency style of cc
configure:3937: result: gcc3
configure:3956: checking how to run the C preprocessor
configure:3987: cc -E  conftest.c
configure:3987: $? = 0
configure:4001: cc -E  conftest.c
conftest.c:11:28: fatal error: ac_nonexistent.h: No such file or directory
 #include <ac_nonexistent.h>
                            ^
compilation terminated.
configure:4001: $? = 1
configure: failed program was:
| /* confdefs.h */
| #define PACKAGE_NAME ""
| #define PACKAGE_TARNAME ""
| #define PACKAGE_VERSION ""
| #define PACKAGE_STRING ""
| #define PACKAGE_BUGREPORT ""
| #define PACKAGE_URL ""
| #define PACKAGE "deltr3d"
| #define VERSION " "
| /* end confdefs.h.  */
| #include <ac_nonexistent.h>
configure:4026: result: cc -E
configure:4046: cc -E  conftest.c
configure:4046: $? = 0
configure:4060: cc -E  conftest.c
conftest.c:11:28: fatal error: ac_nonexistent.h: No such file or directory
 #include <ac_nonexistent.h>
                            ^
compilation terminated.
configure:4060: $? = 1
configure: failed program was:
| /* confdefs.h */
| #define PACKAGE_NAME ""
| #define PACKAGE_TARNAME ""
| #define PACKAGE_VERSION ""
| #define PACKAGE_STRING ""
| #define PACKAGE_BUGREPORT ""
| #define PACKAGE_URL ""
| #define PACKAGE "deltr3d"
| #define VERSION " "
| /* end confdefs.h.  */
| #include <ac_nonexistent.h>
configure:4266: checking for Fortran 77 compiler version
configure:4275: ifort --version >&5
ifort (IFORT) 16.0.3 20160415
Copyright (C) 1985-2016 Intel Corporation.  All rights reserved.

configure:4286: $? = 0
configure:4275: ifort -v >&5
ifort version 16.0.3
configure:4286: $? = 0
configure:4275: ifort -V >&5
Intel(R) Fortran Intel(R) 64 Compiler for applications running on Intel(R) 64, Version 16.0.3.210 Build 20160415
Copyright (C) 1985-2016 Intel Corporation.  All rights reserved.

configure:4286: $? = 0
configure:4275: ifort -qversion >&5
ifort: command line warning #10006: ignoring unknown option '-qversion'
ifort: command line error: no files specified; for help type "ifort -help"
configure:4286: $? = 1
configure:4295: checking whether we are using the GNU Fortran 77 compiler
configure:4308: ifort -c  conftest.F >&5
conftest.F(3): error #5082: Syntax error, found END-OF-STATEMENT when expecting one of: => = . [ % ( :
       choke me
---------------^
compilation aborted for conftest.F (code 1)
configure:4308: $? = 1
configure: failed program was:
|       program main
| #ifndef __GNUC__
|        choke me
| #endif
| 
|       end
configure:4317: result: no
configure:4323: checking whether ifort accepts -g
configure:4334: ifort -c -g conftest.f >&5
configure:4334: $? = 0
configure:4342: result: yes
configure:4453: checking how to get verbose linking output from ifort
configure:4463: ifort -c -O conftest.f >&5
configure:4463: $? = 0
configure:4481: ifort -o conftest -O -v conftest.f
ifort version 16.0.3
/opt/intel/compilers_and_libraries_2016.3.210/linux/bin/intel64/fortcom    -D__INTEL_COMPILER=1600 -D__INTEL_COMPILER_UPDATE=3 -D__unix__ -D__unix -D__linux__ -D__linux -D__gnu_linux__ -Dunix -Dlinux -D__ELF__ -D__x86_64 -D__x86_64__ -D__amd64 -D__amd64__ -D__INTEL_COMPILER_BUILD_DATE=20160415 -D__INTEL_OFFLOAD -D__i686 -D__i686__ -D__pentiumpro -D__pentiumpro__ -D__pentium4 -D__pentium4__ -D__tune_pentium4__ -D__SSE2__ -D__SSE2_MATH__ -D__SSE__ -D__SSE_MATH__ -D__MMX__ -mGLOB_pack_sort_init_list -I. -I/opt/intel/compilers_and_libraries_2016.3.210/linux/ipp/include -I/opt/intel/compilers_and_libraries_2016.3.210/linux/mkl/include -I/opt/intel/compilers_and_libraries_2016.3.210/linux/tbb/include -I/opt/intel/compilers_and_libraries_2016.3.210/linux/daal/include -I/home/grasinge/include -I/opt/intel/compilers_and_libraries_2016.3.210/linux/compiler/include/intel64 -I/opt/intel/compilers_and_libraries_2016.3.210/linux/compiler/include -I/usr/local/include -I/usr/lib/gcc/x86_64-redhat-linux/4.8.5/include -I/usr/include/ -I/usr/include -O2 -simd -offload_host -mGLOB_em64t=TRUE -mP1OPT_version=16.0-intel64 -mGLOB_diag_file=/tmp/iforte4NKtV.diag -mGLOB_source_language=GLOB_SOURCE_LANGUAGE_F90 -mP2OPT_static_promotion -mP1OPT_print_version=FALSE -mCG_use_gas_got_workaround=F -mP2OPT_align_option_used=TRUE -mGLOB_gcc_version=485 "-mGLOB_options_string=-o conftest -O -v" -mGLOB_cxx_limited_range=FALSE -mCG_extend_parms=FALSE -mGLOB_compiler_bin_directory=/opt/intel/compilers_and_libraries_2016.3.210/linux/bin/intel64 -mGLOB_as_output_backup_file_name=/tmp/ifortr5noMKas_.s -mGLOB_dashboard_use_source_name -mIPOPT_activate -mIPOPT_lite -mGLOB_instruction_tuning=0x0 -mGLOB_product_id_code=0x22006d8f -mCG_bnl_movbe=T -mGLOB_extended_instructions=0x8 -mP3OPT_use_mspp_call_convention -mP2OPT_subs_out_of_bound=FALSE -mP2OPT_disam_type_based_disam=2 -mGLOB_ansi_alias -mPGOPTI_value_profile_use=T -mGLOB_opt_report_use_source_name -mP2OPT_il0_array_sections=TRUE -mGLOB_offload_mode=1 -mP2OPT_offload_unique_var_string=ifort01010103235789GzgNC -mGLOB_opt_level=2 -mP2OPT_hlo_level=2 -mP2OPT_hlo -mP2OPT_hpo_rtt_control=0 -mIPOPT_args_in_regs=0 -mP2OPT_disam_assume_nonstd_intent_in=FALSE -mGLOB_imf_mapping_library=/opt/intel/compilers_and_libraries_2016.3.210/linux/bin/intel64/libiml_attr.so -mIPOPT_single_file_compile_and_link=TRUE -mPGOPTI_gen_threadsafe_level=0 -mIPOPT_lto_object_enabled -mIPOPT_lto_object_value=1 -mIPOPT_obj_output_file_name=/tmp/iforte4NKtV.o -mIPOPT_whole_archive_fixup_file_name=/tmp/ifortwarchbvAC5z -mGLOB_linker_version=2.23.52.0.1 -mGLOB_long_size_64 -mGLOB_routine_pointer_size_64 -mGLOB_driver_tempfile_name=/tmp/iforttempfileMMWkKZ -mP3OPT_asm_target=P3OPT_ASM_TARGET_GAS -mGLOB_async_unwind_tables=TRUE -mGLOB_obj_output_file=/tmp/iforte4NKtV.o -mGLOB_source_dialect=GLOB_SOURCE_DIALECT_FORTRAN -mP1OPT_source_file_name=conftest.f -mP2OPT_symtab_type_copy=true conftest.f
#include "..." search starts here:
#include <...> search starts here:
 .
 /opt/intel/compilers_and_libraries_2016.3.210/linux/ipp/include
 /opt/intel/compilers_and_libraries_2016.3.210/linux/mkl/include
 /opt/intel/compilers_and_libraries_2016.3.210/linux/tbb/include
 /opt/intel/compilers_and_libraries_2016.3.210/linux/daal/include
 /home/grasinge/include
 /opt/intel/compilers_and_libraries_2016.3.210/linux/compiler/include/intel64
 /opt/intel/compilers_and_libraries_2016.3.210/linux/compiler/include
 /usr/local/include
 /usr/lib/gcc/x86_64-redhat-linux/4.8.5/include
 /usr/include/
 /usr/include
End of search list.
ld    /usr/lib/gcc/x86_64-redhat-linux/4.8.5/../../../../lib64/crt1.o /usr/lib/gcc/x86_64-redhat-linux/4.8.5/../../../../lib64/crti.o /usr/lib/gcc/x86_64-redhat-linux/4.8.5/crtbegin.o --eh-frame-hdr --build-id -dynamic-linker /lib64/ld-linux-x86-64.so.2 -m elf_x86_64 -o conftest /opt/intel/compilers_and_libraries_2016.3.210/linux/compiler/lib/intel64_lin/for_main.o -L/opt/intel/compilers_and_libraries_2016.3.210/linux/ipp/lib/intel64 -L/opt/intel/compilers_and_libraries_2016.3.210/linux/compiler/lib/intel64 -L/opt/intel/compilers_and_libraries_2016.3.210/linux/mkl/lib/intel64 -L/opt/intel/compilers_and_libraries_2016.3.210/linux/tbb/lib/intel64/gcc4.4 -L/opt/intel/debugger_2016/libipt/intel64/lib -L/opt/intel/compilers_and_libraries_2016.3.210/linux/daal/lib/intel64_lin -L/opt/intel/compilers_and_libraries_2016.3.210/linux/tbb/lib/intel64_lin/gcc4.4 -L/opt/intel/compilers_and_libraries_2016.3.210/linux/compiler/lib/intel64_lin -L/opt/intel/compilers_and_libraries_2016.3.210/linux/compiler/lib/intel64_lin -L/usr/lib/gcc/x86_64-redhat-linux/4.8.5/ -L/usr/lib/gcc/x86_64-redhat-linux/4.8.5/../../../../lib64 -L/usr/lib/gcc/x86_64-redhat-linux/4.8.5/../../../../lib64/ -L/lib/../lib64 -L/lib/../lib64/ -L/usr/lib/../lib64 -L/usr/lib/../lib64/ -L/opt/intel/compilers_and_libraries_2016.3.210/linux/ipp/lib/intel64/ -L/opt/intel/compilers_and_libraries_2016.3.210/linux/compiler/lib/intel64/ -L/opt/intel/compilers_and_libraries_2016.3.210/linux/mkl/lib/intel64/ -L/opt/intel/compilers_and_libraries_2016.3.210/linux/tbb/lib/intel64/gcc4.4/ -L/opt/intel/debugger_2016/libipt/intel64/lib/ -L/opt/intel/compilers_and_libraries_2016.3.210/linux/daal/lib/intel64_lin/ -L/opt/intel/compilers_and_libraries_2016.3.210/linux/tbb/lib/intel64_lin/gcc4.4/ -L/opt/intel/compilers_and_libraries_2016.3.210/linux/compiler/lib/intel64_lin/ -L/usr/lib/gcc/x86_64-redhat-linux/4.8.5/../../../ -L/lib64 -L/lib/ -L/usr/lib64 -L/usr/lib /tmp/iforte4NKtV.o -Bdynamic -Bstatic -lifport -lifcore -limf -lsvml -Bdynamic -lm -Bstatic -lipgo -lirc -Bdynamic -lpthread -Bstatic -lsvml -Bdynamic -lc -lgcc -lgcc_s -Bstatic -lirc_s -Bdynamic -ldl -lc /usr/lib/gcc/x86_64-redhat-linux/4.8.5/crtend.o /usr/lib/gcc/x86_64-redhat-linux/4.8.5/../../../../lib64/crtn.o
configure:4564: result: -v
configure:4566: checking for Fortran 77 libraries of ifort
configure:4589: ifort -o conftest -O -v conftest.f
ifort version 16.0.3
/opt/intel/compilers_and_libraries_2016.3.210/linux/bin/intel64/fortcom    -D__INTEL_COMPILER=1600 -D__INTEL_COMPILER_UPDATE=3 -D__unix__ -D__unix -D__linux__ -D__linux -D__gnu_linux__ -Dunix -Dlinux -D__ELF__ -D__x86_64 -D__x86_64__ -D__amd64 -D__amd64__ -D__INTEL_COMPILER_BUILD_DATE=20160415 -D__INTEL_OFFLOAD -D__i686 -D__i686__ -D__pentiumpro -D__pentiumpro__ -D__pentium4 -D__pentium4__ -D__tune_pentium4__ -D__SSE2__ -D__SSE2_MATH__ -D__SSE__ -D__SSE_MATH__ -D__MMX__ -mGLOB_pack_sort_init_list -I. -I/opt/intel/compilers_and_libraries_2016.3.210/linux/ipp/include -I/opt/intel/compilers_and_libraries_2016.3.210/linux/mkl/include -I/opt/intel/compilers_and_libraries_2016.3.210/linux/tbb/include -I/opt/intel/compilers_and_libraries_2016.3.210/linux/daal/include -I/home/grasinge/include -I/opt/intel/compilers_and_libraries_2016.3.210/linux/compiler/include/intel64 -I/opt/intel/compilers_and_libraries_2016.3.210/linux/compiler/include -I/usr/local/include -I/usr/lib/gcc/x86_64-redhat-linux/4.8.5/include -I/usr/include/ -I/usr/include -O2 -simd -offload_host -mGLOB_em64t=TRUE -mP1OPT_version=16.0-intel64 -mGLOB_diag_file=/tmp/ifortX61rIz.diag -mGLOB_source_language=GLOB_SOURCE_LANGUAGE_F90 -mP2OPT_static_promotion -mP1OPT_print_version=FALSE -mCG_use_gas_got_workaround=F -mP2OPT_align_option_used=TRUE -mGLOB_gcc_version=485 "-mGLOB_options_string=-o conftest -O -v" -mGLOB_cxx_limited_range=FALSE -mCG_extend_parms=FALSE -mGLOB_compiler_bin_directory=/opt/intel/compilers_and_libraries_2016.3.210/linux/bin/intel64 -mGLOB_as_output_backup_file_name=/tmp/ifortaPZl2qas_.s -mGLOB_dashboard_use_source_name -mIPOPT_activate -mIPOPT_lite -mGLOB_instruction_tuning=0x0 -mGLOB_product_id_code=0x22006d8f -mCG_bnl_movbe=T -mGLOB_extended_instructions=0x8 -mP3OPT_use_mspp_call_convention -mP2OPT_subs_out_of_bound=FALSE -mP2OPT_disam_type_based_disam=2 -mGLOB_ansi_alias -mPGOPTI_value_profile_use=T -mGLOB_opt_report_use_source_name -mP2OPT_il0_array_sections=TRUE -mGLOB_offload_mode=1 -mP2OPT_offload_unique_var_string=ifort0101212503316ejGzZ8 -mGLOB_opt_level=2 -mP2OPT_hlo_level=2 -mP2OPT_hlo -mP2OPT_hpo_rtt_control=0 -mIPOPT_args_in_regs=0 -mP2OPT_disam_assume_nonstd_intent_in=FALSE -mGLOB_imf_mapping_library=/opt/intel/compilers_and_libraries_2016.3.210/linux/bin/intel64/libiml_attr.so -mIPOPT_single_file_compile_and_link=TRUE -mPGOPTI_gen_threadsafe_level=0 -mIPOPT_lto_object_enabled -mIPOPT_lto_object_value=1 -mIPOPT_obj_output_file_name=/tmp/ifortX61rIz.o -mIPOPT_whole_archive_fixup_file_name=/tmp/ifortwarchiwATmi -mGLOB_linker_version=2.23.52.0.1 -mGLOB_long_size_64 -mGLOB_routine_pointer_size_64 -mGLOB_driver_tempfile_name=/tmp/iforttempfile2ppi2I -mP3OPT_asm_target=P3OPT_ASM_TARGET_GAS -mGLOB_async_unwind_tables=TRUE -mGLOB_obj_output_file=/tmp/ifortX61rIz.o -mGLOB_source_dialect=GLOB_SOURCE_DIALECT_FORTRAN -mP1OPT_source_file_name=conftest.f -mP2OPT_symtab_type_copy=true conftest.f
#include "..." search starts here:
#include <...> search starts here:
 .
 /opt/intel/compilers_and_libraries_2016.3.210/linux/ipp/include
 /opt/intel/compilers_and_libraries_2016.3.210/linux/mkl/include
 /opt/intel/compilers_and_libraries_2016.3.210/linux/tbb/include
 /opt/intel/compilers_and_libraries_2016.3.210/linux/daal/include
 /home/grasinge/include
 /opt/intel/compilers_and_libraries_2016.3.210/linux/compiler/include/intel64
 /opt/intel/compilers_and_libraries_2016.3.210/linux/compiler/include
 /usr/local/include
 /usr/lib/gcc/x86_64-redhat-linux/4.8.5/include
 /usr/include/
 /usr/include
End of search list.
ld    /usr/lib/gcc/x86_64-redhat-linux/4.8.5/../../../../lib64/crt1.o /usr/lib/gcc/x86_64-redhat-linux/4.8.5/../../../../lib64/crti.o /usr/lib/gcc/x86_64-redhat-linux/4.8.5/crtbegin.o --eh-frame-hdr --build-id -dynamic-linker /lib64/ld-linux-x86-64.so.2 -m elf_x86_64 -o conftest /opt/intel/compilers_and_libraries_2016.3.210/linux/compiler/lib/intel64_lin/for_main.o -L/opt/intel/compilers_and_libraries_2016.3.210/linux/ipp/lib/intel64 -L/opt/intel/compilers_and_libraries_2016.3.210/linux/compiler/lib/intel64 -L/opt/intel/compilers_and_libraries_2016.3.210/linux/mkl/lib/intel64 -L/opt/intel/compilers_and_libraries_2016.3.210/linux/tbb/lib/intel64/gcc4.4 -L/opt/intel/debugger_2016/libipt/intel64/lib -L/opt/intel/compilers_and_libraries_2016.3.210/linux/daal/lib/intel64_lin -L/opt/intel/compilers_and_libraries_2016.3.210/linux/tbb/lib/intel64_lin/gcc4.4 -L/opt/intel/compilers_and_libraries_2016.3.210/linux/compiler/lib/intel64_lin -L/opt/intel/compilers_and_libraries_2016.3.210/linux/compiler/lib/intel64_lin -L/usr/lib/gcc/x86_64-redhat-linux/4.8.5/ -L/usr/lib/gcc/x86_64-redhat-linux/4.8.5/../../../../lib64 -L/usr/lib/gcc/x86_64-redhat-linux/4.8.5/../../../../lib64/ -L/lib/../lib64 -L/lib/../lib64/ -L/usr/lib/../lib64 -L/usr/lib/../lib64/ -L/opt/intel/compilers_and_libraries_2016.3.210/linux/ipp/lib/intel64/ -L/opt/intel/compilers_and_libraries_2016.3.210/linux/compiler/lib/intel64/ -L/opt/intel/compilers_and_libraries_2016.3.210/linux/mkl/lib/intel64/ -L/opt/intel/compilers_and_libraries_2016.3.210/linux/tbb/lib/intel64/gcc4.4/ -L/opt/intel/debugger_2016/libipt/intel64/lib/ -L/opt/intel/compilers_and_libraries_2016.3.210/linux/daal/lib/intel64_lin/ -L/opt/intel/compilers_and_libraries_2016.3.210/linux/tbb/lib/intel64_lin/gcc4.4/ -L/opt/intel/compilers_and_libraries_2016.3.210/linux/compiler/lib/intel64_lin/ -L/usr/lib/gcc/x86_64-redhat-linux/4.8.5/../../../ -L/lib64 -L/lib/ -L/usr/lib64 -L/usr/lib /tmp/ifortX61rIz.o -Bdynamic -Bstatic -lifport -lifcore -limf -lsvml -Bdynamic -lm -Bstatic -lipgo -lirc -Bdynamic -lpthread -Bstatic -lsvml -Bdynamic -lc -lgcc -lgcc_s -Bstatic -lirc_s -Bdynamic -ldl -lc /usr/lib/gcc/x86_64-redhat-linux/4.8.5/crtend.o /usr/lib/gcc/x86_64-redhat-linux/4.8.5/../../../../lib64/crtn.o
configure:4785: result:  -L/opt/intel/compilers_and_libraries_2016.3.210/linux/ipp/lib/intel64 -L/opt/intel/compilers_and_libraries_2016.3.210/linux/compiler/lib/intel64 -L/opt/intel/compilers_and_libraries_2016.3.210/linux/mkl/lib/intel64 -L/opt/intel/compilers_and_libraries_2016.3.210/linux/tbb/lib/intel64/gcc4.4 -L/opt/intel/debugger_2016/libipt/intel64/lib -L/opt/intel/compilers_and_libraries_2016.3.210/linux/daal/lib/intel64_lin -L/opt/intel/compilers_and_libraries_2016.3.210/linux/tbb/lib/intel64_lin/gcc4.4 -L/opt/intel/compilers_and_libraries_2016.3.210/linux/compiler/lib/intel64_lin -L/usr/lib/gcc/x86_64-redhat-linux/4.8.5/ -L/usr/lib/gcc/x86_64-redhat-linux/4.8.5/../../../../lib64 -L/usr/lib/gcc/x86_64-redhat-linux/4.8.5/../../../../lib64/ -L/lib/../lib64 -L/lib/../lib64/ -L/usr/lib/../lib64 -L/usr/lib/../lib64/ -L/opt/intel/compilers_and_libraries_2016.3.210/linux/ipp/lib/intel64/ -L/opt/intel/compilers_and_libraries_2016.3.210/linux/compiler/lib/intel64/ -L/opt/intel/compilers_and_libraries_2016.3.210/linux/mkl/lib/intel64/ -L/opt/intel/compilers_and_libraries_2016.3.210/linux/tbb/lib/intel64/gcc4.4/ -L/opt/intel/debugger_2016/libipt/intel64/lib/ -L/opt/intel/compilers_and_libraries_2016.3.210/linux/daal/lib/intel64_lin/ -L/opt/intel/compilers_and_libraries_2016.3.210/linux/tbb/lib/intel64_lin/gcc4.4/ -L/opt/intel/compilers_and_libraries_2016.3.210/linux/compiler/lib/intel64_lin/ -L/usr/lib/gcc/x86_64-redhat-linux/4.8.5/../../../ -L/lib64 -L/lib/ -L/usr/lib64 -L/usr/lib -lifport -lifcore -limf -lsvml -lm -lipgo -lirc -lpthread -lirc_s -ldl
configure:4802: checking for dummy main to link with Fortran 77 libraries
configure:4836: cc -o conftest -O -D__QC_LINUX -D__USE_UNIX98   conftest.c   -L/opt/intel/compilers_and_libraries_2016.3.210/linux/ipp/lib/intel64 -L/opt/intel/compilers_and_libraries_2016.3.210/linux/compiler/lib/intel64 -L/opt/intel/compilers_and_libraries_2016.3.210/linux/mkl/lib/intel64 -L/opt/intel/compilers_and_libraries_2016.3.210/linux/tbb/lib/intel64/gcc4.4 -L/opt/intel/debugger_2016/libipt/intel64/lib -L/opt/intel/compilers_and_libraries_2016.3.210/linux/daal/lib/intel64_lin -L/opt/intel/compilers_and_libraries_2016.3.210/linux/tbb/lib/intel64_lin/gcc4.4 -L/opt/intel/compilers_and_libraries_2016.3.210/linux/compiler/lib/intel64_lin -L/usr/lib/gcc/x86_64-redhat-linux/4.8.5/ -L/usr/lib/gcc/x86_64-redhat-linux/4.8.5/../../../../lib64 -L/usr/lib/gcc/x86_64-redhat-linux/4.8.5/../../../../lib64/ -L/lib/../lib64 -L/lib/../lib64/ -L/usr/lib/../lib64 -L/usr/lib/../lib64/ -L/opt/intel/compilers_and_libraries_2016.3.210/linux/ipp/lib/intel64/ -L/opt/intel/compilers_and_libraries_2016.3.210/linux/compiler/lib/intel64/ -L/opt/intel/compilers_and_libraries_2016.3.210/linux/mkl/lib/intel64/ -L/opt/intel/compilers_and_libraries_2016.3.210/linux/tbb/lib/intel64/gcc4.4/ -L/opt/intel/debugger_2016/libipt/intel64/lib/ -L/opt/intel/compilers_and_libraries_2016.3.210/linux/daal/lib/intel64_lin/ -L/opt/intel/compilers_and_libraries_2016.3.210/linux/tbb/lib/intel64_lin/gcc4.4/ -L/opt/intel/compilers_and_libraries_2016.3.210/linux/compiler/lib/intel64_lin/ -L/usr/lib/gcc/x86_64-redhat-linux/4.8.5/../../../ -L/lib64 -L/lib/ -L/usr/lib64 -L/usr/lib -lifport -lifcore -limf -lsvml -lm -lipgo -lirc -lpthread -lirc_s -ldl >&5
configure:4836: $? = 0
configure:4881: result: none
configure:4914: checking for Fortran 77 name-mangling scheme
configure:4927: ifort -c -O conftest.f >&5
configure:4927: $? = 0
configure:4968: cc -o conftest -O -D__QC_LINUX -D__USE_UNIX98   conftest.c cfortran_test.o   -L/opt/intel/compilers_and_libraries_2016.3.210/linux/ipp/lib/intel64 -L/opt/intel/compilers_and_libraries_2016.3.210/linux/compiler/lib/intel64 -L/opt/intel/compilers_and_libraries_2016.3.210/linux/mkl/lib/intel64 -L/opt/intel/compilers_and_libraries_2016.3.210/linux/tbb/lib/intel64/gcc4.4 -L/opt/intel/debugger_2016/libipt/intel64/lib -L/opt/intel/compilers_and_libraries_2016.3.210/linux/daal/lib/intel64_lin -L/opt/intel/compilers_and_libraries_2016.3.210/linux/tbb/lib/intel64_lin/gcc4.4 -L/opt/intel/compilers_and_libraries_2016.3.210/linux/compiler/lib/intel64_lin -L/usr/lib/gcc/x86_64-redhat-linux/4.8.5/ -L/usr/lib/gcc/x86_64-redhat-linux/4.8.5/../../../../lib64 -L/usr/lib/gcc/x86_64-redhat-linux/4.8.5/../../../../lib64/ -L/lib/../lib64 -L/lib/../lib64/ -L/usr/lib/../lib64 -L/usr/lib/../lib64/ -L/opt/intel/compilers_and_libraries_2016.3.210/linux/ipp/lib/intel64/ -L/opt/intel/compilers_and_libraries_2016.3.210/linux/compiler/lib/intel64/ -L/opt/intel/compilers_and_libraries_2016.3.210/linux/mkl/lib/intel64/ -L/opt/intel/compilers_and_libraries_2016.3.210/linux/tbb/lib/intel64/gcc4.4/ -L/opt/intel/debugger_2016/libipt/intel64/lib/ -L/opt/intel/compilers_and_libraries_2016.3.210/linux/daal/lib/intel64_lin/ -L/opt/intel/compilers_and_libraries_2016.3.210/linux/tbb/lib/intel64_lin/gcc4.4/ -L/opt/intel/compilers_and_libraries_2016.3.210/linux/compiler/lib/intel64_lin/ -L/usr/lib/gcc/x86_64-redhat-linux/4.8.5/../../../ -L/lib64 -L/lib/ -L/usr/lib64 -L/usr/lib -lifport -lifcore -limf -lsvml -lm -lipgo -lirc -lpthread -lirc_s -ldl >&5
/tmp/cciQNuKd.o: In function `main':
conftest.c:(.text+0xa): undefined reference to `foobar'
collect2: error: ld returned 1 exit status
configure:4968: $? = 1
configure: failed program was:
| /* confdefs.h */
| #define PACKAGE_NAME ""
| #define PACKAGE_TARNAME ""
| #define PACKAGE_VERSION ""
| #define PACKAGE_STRING ""
| #define PACKAGE_BUGREPORT ""
| #define PACKAGE_URL ""
| #define PACKAGE "deltr3d"
| #define VERSION " "
| /* end confdefs.h.  */
| 
| /* Override any GCC internal prototype to avoid an error.
|    Use char because int might match the return type of a GCC
|    builtin and then its argument prototype would still apply.  */
| #ifdef __cplusplus
| extern "C"
| #endif
| char foobar ();
| #ifdef F77_DUMMY_MAIN
| 
| #  ifdef __cplusplus
|      extern "C"
| #  endif
|    int F77_DUMMY_MAIN() { return 1; }
| 
| #endif
| int
| main ()
| {
| return foobar ();
|   ;
|   return 0;
| }
configure:4968: cc -o conftest -O -D__QC_LINUX -D__USE_UNIX98   conftest.c cfortran_test.o   -L/opt/intel/compilers_and_libraries_2016.3.210/linux/ipp/lib/intel64 -L/opt/intel/compilers_and_libraries_2016.3.210/linux/compiler/lib/intel64 -L/opt/intel/compilers_and_libraries_2016.3.210/linux/mkl/lib/intel64 -L/opt/intel/compilers_and_libraries_2016.3.210/linux/tbb/lib/intel64/gcc4.4 -L/opt/intel/debugger_2016/libipt/intel64/lib -L/opt/intel/compilers_and_libraries_2016.3.210/linux/daal/lib/intel64_lin -L/opt/intel/compilers_and_libraries_2016.3.210/linux/tbb/lib/intel64_lin/gcc4.4 -L/opt/intel/compilers_and_libraries_2016.3.210/linux/compiler/lib/intel64_lin -L/usr/lib/gcc/x86_64-redhat-linux/4.8.5/ -L/usr/lib/gcc/x86_64-redhat-linux/4.8.5/../../../../lib64 -L/usr/lib/gcc/x86_64-redhat-linux/4.8.5/../../../../lib64/ -L/lib/../lib64 -L/lib/../lib64/ -L/usr/lib/../lib64 -L/usr/lib/../lib64/ -L/opt/intel/compilers_and_libraries_2016.3.210/linux/ipp/lib/intel64/ -L/opt/intel/compilers_and_libraries_2016.3.210/linux/compiler/lib/intel64/ -L/opt/intel/compilers_and_libraries_2016.3.210/linux/mkl/lib/intel64/ -L/opt/intel/compilers_and_libraries_2016.3.210/linux/tbb/lib/intel64/gcc4.4/ -L/opt/intel/debugger_2016/libipt/intel64/lib/ -L/opt/intel/compilers_and_libraries_2016.3.210/linux/daal/lib/intel64_lin/ -L/opt/intel/compilers_and_libraries_2016.3.210/linux/tbb/lib/intel64_lin/gcc4.4/ -L/opt/intel/compilers_and_libraries_2016.3.210/linux/compiler/lib/intel64_lin/ -L/usr/lib/gcc/x86_64-redhat-linux/4.8.5/../../../ -L/lib64 -L/lib/ -L/usr/lib64 -L/usr/lib -lifport -lifcore -limf -lsvml -lm -lipgo -lirc -lpthread -lirc_s -ldl >&5
configure:4968: $? = 0
configure:5026: cc -o conftest -O -D__QC_LINUX -D__USE_UNIX98   conftest.c cfortran_test.o   -L/opt/intel/compilers_and_libraries_2016.3.210/linux/ipp/lib/intel64 -L/opt/intel/compilers_and_libraries_2016.3.210/linux/compiler/lib/intel64 -L/opt/intel/compilers_and_libraries_2016.3.210/linux/mkl/lib/intel64 -L/opt/intel/compilers_and_libraries_2016.3.210/linux/tbb/lib/intel64/gcc4.4 -L/opt/intel/debugger_2016/libipt/intel64/lib -L/opt/intel/compilers_and_libraries_2016.3.210/linux/daal/lib/intel64_lin -L/opt/intel/compilers_and_libraries_2016.3.210/linux/tbb/lib/intel64_lin/gcc4.4 -L/opt/intel/compilers_and_libraries_2016.3.210/linux/compiler/lib/intel64_lin -L/usr/lib/gcc/x86_64-redhat-linux/4.8.5/ -L/usr/lib/gcc/x86_64-redhat-linux/4.8.5/../../../../lib64 -L/usr/lib/gcc/x86_64-redhat-linux/4.8.5/../../../../lib64/ -L/lib/../lib64 -L/lib/../lib64/ -L/usr/lib/../lib64 -L/usr/lib/../lib64/ -L/opt/intel/compilers_and_libraries_2016.3.210/linux/ipp/lib/intel64/ -L/opt/intel/compilers_and_libraries_2016.3.210/linux/compiler/lib/intel64/ -L/opt/intel/compilers_and_libraries_2016.3.210/linux/mkl/lib/intel64/ -L/opt/intel/compilers_and_libraries_2016.3.210/linux/tbb/lib/intel64/gcc4.4/ -L/opt/intel/debugger_2016/libipt/intel64/lib/ -L/opt/intel/compilers_and_libraries_2016.3.210/linux/daal/lib/intel64_lin/ -L/opt/intel/compilers_and_libraries_2016.3.210/linux/tbb/lib/intel64_lin/gcc4.4/ -L/opt/intel/compilers_and_libraries_2016.3.210/linux/compiler/lib/intel64_lin/ -L/usr/lib/gcc/x86_64-redhat-linux/4.8.5/../../../ -L/lib64 -L/lib/ -L/usr/lib64 -L/usr/lib -lifport -lifcore -limf -lsvml -lm -lipgo -lirc -lpthread -lirc_s -ldl >&5
configure:5026: $? = 0
configure:5068: result: lower case, underscore, no extra underscore
configure:5241: checking for Fortran 77 compiler version
configure:5250: ifort --version >&5
ifort (IFORT) 16.0.3 20160415
Copyright (C) 1985-2016 Intel Corporation.  All rights reserved.

configure:5261: $? = 0
configure:5250: ifort -v >&5
ifort version 16.0.3
configure:5261: $? = 0
configure:5250: ifort -V >&5
Intel(R) Fortran Intel(R) 64 Compiler for applications running on Intel(R) 64, Version 16.0.3.210 Build 20160415
Copyright (C) 1985-2016 Intel Corporation.  All rights reserved.

configure:5261: $? = 0
configure:5250: ifort -qversion >&5
ifort: command line warning #10006: ignoring unknown option '-qversion'
ifort: command line error: no files specified; for help type "ifort -help"
configure:5261: $? = 1
configure:5270: checking whether we are using the GNU Fortran 77 compiler
configure:5292: result: no
configure:5298: checking whether ifort accepts -g
configure:5317: result: yes
configure:5394: checking for gcc
configure:5421: result: cc
configure:5650: checking for C compiler version
configure:5659: cc --version >&5
cc (GCC) 4.8.5 20150623 (Red Hat 4.8.5-4)
Copyright (C) 2015 Free Software Foundation, Inc.
This is free software; see the source for copying conditions.  There is NO
warranty; not even for MERCHANTABILITY or FITNESS FOR A PARTICULAR PURPOSE.

configure:5670: $? = 0
configure:5659: cc -v >&5
Using built-in specs.
COLLECT_GCC=/usr/bin/cc
COLLECT_LTO_WRAPPER=/usr/libexec/gcc/x86_64-redhat-linux/4.8.5/lto-wrapper
Target: x86_64-redhat-linux
Configured with: ../configure --prefix=/usr --mandir=/usr/share/man --infodir=/usr/share/info --with-bugurl=http://bugzilla.redhat.com/bugzilla --enable-bootstrap --enable-shared --enable-threads=posix --enable-checking=release --with-system-zlib --enable-__cxa_atexit --disable-libunwind-exceptions --enable-gnu-unique-object --enable-linker-build-id --with-linker-hash-style=gnu --enable-languages=c,c++,objc,obj-c++,java,fortran,ada,go,lto --enable-plugin --enable-initfini-array --disable-libgcj --with-isl=/builddir/build/BUILD/gcc-4.8.5-20150702/obj-x86_64-redhat-linux/isl-install --with-cloog=/builddir/build/BUILD/gcc-4.8.5-20150702/obj-x86_64-redhat-linux/cloog-install --enable-gnu-indirect-function --with-tune=generic --with-arch_32=x86-64 --build=x86_64-redhat-linux
Thread model: posix
gcc version 4.8.5 20150623 (Red Hat 4.8.5-4) (GCC) 
configure:5670: $? = 0
configure:5659: cc -V >&5
cc: error: unrecognized command line option '-V'
cc: fatal error: no input files
compilation terminated.
configure:5670: $? = 4
configure:5659: cc -qversion >&5
cc: error: unrecognized command line option '-qversion'
cc: fatal error: no input files
compilation terminated.
configure:5670: $? = 4
configure:5674: checking whether we are using the GNU C compiler
configure:5710: result: yes
configure:5719: checking whether cc accepts -g
configure:5804: result: yes
configure:5821: checking for cc option to accept ISO C89
configure:5905: result: none needed
configure:5930: checking whether cc understands -c and -o together
configure:5975: result: yes
configure:5994: checking dependency style of cc
configure:6105: result: gcc3
configure:6166: checking how to print strings
configure:6193: result: printf
configure:6214: checking for a sed that does not truncate output
configure:6278: result: /usr/bin/sed
configure:6296: checking for grep that handles long lines and -e
configure:6354: result: /usr/bin/grep
configure:6359: checking for egrep
configure:6421: result: /usr/bin/grep -E
configure:6426: checking for fgrep
configure:6488: result: /usr/bin/grep -F
configure:6523: checking for ld used by cc
configure:6590: result: /usr/bin/ld
configure:6597: checking if the linker (/usr/bin/ld) is GNU ld
configure:6612: result: yes
configure:6624: checking for BSD- or MS-compatible name lister (nm)
configure:6678: result: /usr/bin/nm -B
configure:6808: checking the name lister (/usr/bin/nm -B) interface
configure:6815: cc -c -O -D__QC_LINUX -D__USE_UNIX98  conftest.c >&5
configure:6818: /usr/bin/nm -B "conftest.o"
configure:6821: output
0000000000000000 B some_variable
configure:6828: result: BSD nm
configure:6831: checking whether ln -s works
configure:6835: result: yes
configure:6843: checking the maximum length of command line arguments
configure:6974: result: 201326592
configure:7022: checking how to convert x86_64-pc-linux-gnu file names to x86_64-pc-linux-gnu format
configure:7062: result: func_convert_file_noop
configure:7069: checking how to convert x86_64-pc-linux-gnu file names to toolchain format
configure:7089: result: func_convert_file_noop
configure:7096: checking for /usr/bin/ld option to reload object files
configure:7103: result: -r
configure:7177: checking for objdump
configure:7193: found /usr/bin/objdump
configure:7204: result: objdump
configure:7236: checking how to recognize dependent libraries
configure:7436: result: pass_all
configure:7521: checking for dlltool
configure:7551: result: no
configure:7581: checking how to associate runtime and link libraries
configure:7608: result: printf %s\n
configure:7732: checking for archiver @FILE support
configure:7757: cc -c -O -D__QC_LINUX -D__USE_UNIX98  conftest.c >&5
configure:7757: $? = 0
configure:7760: ar cru libconftest.a @conftest.lst >&5
configure:7763: $? = 0
configure:7768: ar cru libconftest.a @conftest.lst >&5
ar: conftest.o: No such file or directory
configure:7771: $? = 1
configure:7783: result: @
configure:7841: checking for strip
configure:7857: found /usr/bin/strip
configure:7868: result: strip
configure:7940: checking for ranlib
configure:7956: found /usr/bin/ranlib
configure:7967: result: ranlib
configure:8069: checking command to parse /usr/bin/nm -B output from cc object
configure:8222: cc -c -O -D__QC_LINUX -D__USE_UNIX98  conftest.c >&5
configure:8225: $? = 0
configure:8229: /usr/bin/nm -B conftest.o \| sed -n -e 's/^.*[ ]\([ABCDGIRSTW][ABCDGIRSTW]*\)[ ][ ]*\([_A-Za-z][_A-Za-z0-9]*\)$/\1 \2 \2/p' | sed '/ __gnu_lto/d' \> conftest.nm
configure:8232: $? = 0
configure:8298: cc -o conftest -O -D__QC_LINUX -D__USE_UNIX98   conftest.c conftstm.o >&5
configure:8301: $? = 0
configure:8339: result: ok
configure:8386: checking for sysroot
configure:8416: result: no
configure:8423: checking for a working dd
configure:8461: result: /usr/bin/dd
configure:8465: checking how to truncate binary pipes
configure:8480: result: /usr/bin/dd bs=4096 count=1
configure:8616: cc -c -O -D__QC_LINUX -D__USE_UNIX98  conftest.c >&5
configure:8619: $? = 0
configure:8817: checking for mt
configure:8847: result: no
configure:8867: checking if : is a manifest tool
configure:8873: : '-?'
configure:8881: result: no
configure:9562: checking for ANSI C header files
configure:9590: cc -c -O -D__QC_LINUX -D__USE_UNIX98  conftest.c >&5
configure:9590: $? = 0
configure:9663: cc -o conftest -O -D__QC_LINUX -D__USE_UNIX98   conftest.c  >&5
configure:9663: $? = 0
configure:9663: ./conftest
configure:9663: $? = 0
configure:9674: result: yes
configure:9687: checking for sys/types.h
configure:9687: cc -c -O -D__QC_LINUX -D__USE_UNIX98  conftest.c >&5
configure:9687: $? = 0
configure:9687: result: yes
configure:9687: checking for sys/stat.h
configure:9687: cc -c -O -D__QC_LINUX -D__USE_UNIX98  conftest.c >&5
configure:9687: $? = 0
configure:9687: result: yes
configure:9687: checking for stdlib.h
configure:9687: cc -c -O -D__QC_LINUX -D__USE_UNIX98  conftest.c >&5
configure:9687: $? = 0
configure:9687: result: yes
configure:9687: checking for string.h
configure:9687: cc -c -O -D__QC_LINUX -D__USE_UNIX98  conftest.c >&5
configure:9687: $? = 0
configure:9687: result: yes
configure:9687: checking for memory.h
configure:9687: cc -c -O -D__QC_LINUX -D__USE_UNIX98  conftest.c >&5
configure:9687: $? = 0
configure:9687: result: yes
configure:9687: checking for strings.h
configure:9687: cc -c -O -D__QC_LINUX -D__USE_UNIX98  conftest.c >&5
configure:9687: $? = 0
configure:9687: result: yes
configure:9687: checking for inttypes.h
configure:9687: cc -c -O -D__QC_LINUX -D__USE_UNIX98  conftest.c >&5
configure:9687: $? = 0
configure:9687: result: yes
configure:9687: checking for stdint.h
configure:9687: cc -c -O -D__QC_LINUX -D__USE_UNIX98  conftest.c >&5
configure:9687: $? = 0
configure:9687: result: yes
configure:9687: checking for unistd.h
configure:9687: cc -c -O -D__QC_LINUX -D__USE_UNIX98  conftest.c >&5
configure:9687: $? = 0
configure:9687: result: yes
configure:9701: checking for dlfcn.h
configure:9701: cc -c -O -D__QC_LINUX -D__USE_UNIX98  conftest.c >&5
configure:9701: $? = 0
configure:9701: result: yes
configure:9927: checking for objdir
configure:9942: result: .libs
configure:10202: checking if cc supports -fno-rtti -fno-exceptions
configure:10220: cc -c -O -D__QC_LINUX -D__USE_UNIX98  -fno-rtti -fno-exceptions conftest.c >&5
cc1: warning: command line option '-fno-rtti' is valid for C++/ObjC++ but not for C [enabled by default]
cc1: warning: command line option '-fno-rtti' is valid for C++/ObjC++ but not for C [enabled by default]
configure:10224: $? = 0
configure:10237: result: no
configure:10595: checking for cc option to produce PIC
configure:10602: result: -fPIC -DPIC
configure:10610: checking if cc PIC flag -fPIC -DPIC works
configure:10628: cc -c -O -D__QC_LINUX -D__USE_UNIX98  -fPIC -DPIC -DPIC conftest.c >&5
configure:10632: $? = 0
configure:10645: result: yes
configure:10674: checking if cc static flag -static works
configure:10702: result: yes
configure:10717: checking if cc supports -c -o file.o
configure:10738: cc -c -O -D__QC_LINUX -D__USE_UNIX98  -o out/conftest2.o conftest.c >&5
configure:10742: $? = 0
configure:10764: result: yes
configure:10772: checking if cc supports -c -o file.o
configure:10819: result: yes
configure:10852: checking whether the cc linker (/usr/bin/ld -m elf_x86_64) supports shared libraries
configure:12131: result: yes
configure:12371: checking dynamic linker characteristics
configure:12960: cc -o conftest -O -D__QC_LINUX -D__USE_UNIX98   -Wl,-rpath -Wl,/foo conftest.c  >&5
configure:12960: $? = 0
configure:13209: result: GNU/Linux ld.so
configure:13331: checking how to hardcode library paths into programs
configure:13356: result: immediate
configure:13944: checking whether stripping libraries is possible
configure:13949: result: yes
configure:13984: checking if libtool supports shared libraries
configure:13986: result: yes
configure:13989: checking whether to build shared libraries
configure:14014: result: no
configure:14017: checking whether to build static libraries
configure:14021: result: yes
configure:14138: checking if libtool supports shared libraries
configure:14140: result: yes
configure:14143: checking whether to build shared libraries
configure:14167: result: no
configure:14170: checking whether to build static libraries
configure:14174: result: yes
configure:14526: checking for ifort option to produce PIC
configure:14533: result: -fPIC
configure:14541: checking if ifort PIC flag -fPIC works
configure:14559: ifort -c -O -fPIC conftest.f >&5
configure:14563: $? = 0
configure:14576: result: yes
configure:14599: checking if ifort static flag -static works
/usr/lib/gcc/x86_64-redhat-linux/4.8.5/../../../../lib64/libpthread.a(libpthread.o): In function `sem_open':
(.text+0x682b): warning: the use of `mktemp' is dangerous, better use `mkstemp'
configure:14627: result: no
configure:14639: checking if ifort supports -c -o file.o
configure:14660: ifort -c -O -o out/conftest2.o conftest.f >&5
configure:14664: $? = 0
configure:14686: result: yes
configure:14691: checking if ifort supports -c -o file.o
configure:14738: result: yes
configure:14768: checking whether the ifort linker (/usr/bin/ld -m elf_x86_64) supports shared libraries
configure:15981: result: yes
configure:16122: checking dynamic linker characteristics
configure:16873: result: GNU/Linux ld.so
configure:16938: checking how to hardcode library paths into programs
configure:16963: result: immediate
configure:17077: checking how to get verbose linking output from ifort
configure:17188: result: -v
configure:17190: checking for Fortran 77 libraries of ifort
configure:17409: result:  -L/opt/intel/compilers_and_libraries_2016.3.210/linux/ipp/lib/intel64 -L/opt/intel/compilers_and_libraries_2016.3.210/linux/compiler/lib/intel64 -L/opt/intel/compilers_and_libraries_2016.3.210/linux/mkl/lib/intel64 -L/opt/intel/compilers_and_libraries_2016.3.210/linux/tbb/lib/intel64/gcc4.4 -L/opt/intel/debugger_2016/libipt/intel64/lib -L/opt/intel/compilers_and_libraries_2016.3.210/linux/daal/lib/intel64_lin -L/opt/intel/compilers_and_libraries_2016.3.210/linux/tbb/lib/intel64_lin/gcc4.4 -L/opt/intel/compilers_and_libraries_2016.3.210/linux/compiler/lib/intel64_lin -L/usr/lib/gcc/x86_64-redhat-linux/4.8.5/ -L/usr/lib/gcc/x86_64-redhat-linux/4.8.5/../../../../lib64 -L/usr/lib/gcc/x86_64-redhat-linux/4.8.5/../../../../lib64/ -L/lib/../lib64 -L/lib/../lib64/ -L/usr/lib/../lib64 -L/usr/lib/../lib64/ -L/opt/intel/compilers_and_libraries_2016.3.210/linux/ipp/lib/intel64/ -L/opt/intel/compilers_and_libraries_2016.3.210/linux/compiler/lib/intel64/ -L/opt/intel/compilers_and_libraries_2016.3.210/linux/mkl/lib/intel64/ -L/opt/intel/compilers_and_libraries_2016.3.210/linux/tbb/lib/intel64/gcc4.4/ -L/opt/intel/debugger_2016/libipt/intel64/lib/ -L/opt/intel/compilers_and_libraries_2016.3.210/linux/daal/lib/intel64_lin/ -L/opt/intel/compilers_and_libraries_2016.3.210/linux/tbb/lib/intel64_lin/gcc4.4/ -L/opt/intel/compilers_and_libraries_2016.3.210/linux/compiler/lib/intel64_lin/ -L/usr/lib/gcc/x86_64-redhat-linux/4.8.5/../../../ -L/lib64 -L/lib/ -L/usr/lib64 -L/usr/lib -lifport -lifcore -limf -lsvml -lm -lipgo -lirc -lpthread -lirc_s -ldl
configure:17536: checking that generated files are newer than configure
configure:17542: result: done
configure:17573: creating ./config.status

## ---------------------- ##
## Running config.status. ##
## ---------------------- ##

This file was extended by config.status, which was
generated by GNU Autoconf 2.69.  Invocation command line was

  CONFIG_FILES    = 
  CONFIG_HEADERS  = 
  CONFIG_LINKS    = 
  CONFIG_COMMANDS = 
  $ ./config.status 

on br006.pvt.bridges.psc.edu

config.status:1157: creating Makefile
config.status:1157: creating config.h
config.status:1323: config.h is unchanged
config.status:1371: executing depfiles commands
config.status:1371: executing libtool commands

## ---------------- ##
## Cache variables. ##
## ---------------- ##

ac_cv_build=x86_64-pc-linux-gnu
ac_cv_c_compiler_gnu=yes
ac_cv_env_CC_set=
ac_cv_env_CC_value=
ac_cv_env_CFLAGS_set=
ac_cv_env_CFLAGS_value=
ac_cv_env_CPPFLAGS_set=
ac_cv_env_CPPFLAGS_value=
ac_cv_env_CPP_set=
ac_cv_env_CPP_value=
ac_cv_env_F77_set=set
ac_cv_env_F77_value=ifort
ac_cv_env_FFLAGS_set=
ac_cv_env_FFLAGS_value=
ac_cv_env_LDFLAGS_set=
ac_cv_env_LDFLAGS_value=
ac_cv_env_LIBS_set=
ac_cv_env_LIBS_value=
ac_cv_env_LT_SYS_LIBRARY_PATH_set=
ac_cv_env_LT_SYS_LIBRARY_PATH_value=
ac_cv_env_build_alias_set=
ac_cv_env_build_alias_value=
ac_cv_env_host_alias_set=
ac_cv_env_host_alias_value=
ac_cv_env_target_alias_set=
ac_cv_env_target_alias_value=
ac_cv_f77_compiler_gnu=no
ac_cv_f77_dummy_main=none
ac_cv_f77_libs=' -L/opt/intel/compilers_and_libraries_2016.3.210/linux/ipp/lib/intel64 -L/opt/intel/compilers_and_libraries_2016.3.210/linux/compiler/lib/intel64 -L/opt/intel/compilers_and_libraries_2016.3.210/linux/mkl/lib/intel64 -L/opt/intel/compilers_and_libraries_2016.3.210/linux/tbb/lib/intel64/gcc4.4 -L/opt/intel/debugger_2016/libipt/intel64/lib -L/opt/intel/compilers_and_libraries_2016.3.210/linux/daal/lib/intel64_lin -L/opt/intel/compilers_and_libraries_2016.3.210/linux/tbb/lib/intel64_lin/gcc4.4 -L/opt/intel/compilers_and_libraries_2016.3.210/linux/compiler/lib/intel64_lin -L/usr/lib/gcc/x86_64-redhat-linux/4.8.5/ -L/usr/lib/gcc/x86_64-redhat-linux/4.8.5/../../../../lib64 -L/usr/lib/gcc/x86_64-redhat-linux/4.8.5/../../../../lib64/ -L/lib/../lib64 -L/lib/../lib64/ -L/usr/lib/../lib64 -L/usr/lib/../lib64/ -L/opt/intel/compilers_and_libraries_2016.3.210/linux/ipp/lib/intel64/ -L/opt/intel/compilers_and_libraries_2016.3.210/linux/compiler/lib/intel64/ -L/opt/intel/compilers_and_libraries_2016.3.210/linux/mkl/lib/intel64/ -L/opt/intel/compilers_and_libraries_2016.3.210/linux/tbb/lib/intel64/gcc4.4/ -L/opt/intel/debugger_2016/libipt/intel64/lib/ -L/opt/intel/compilers_and_libraries_2016.3.210/linux/daal/lib/intel64_lin/ -L/opt/intel/compilers_and_libraries_2016.3.210/linux/tbb/lib/intel64_lin/gcc4.4/ -L/opt/intel/compilers_and_libraries_2016.3.210/linux/compiler/lib/intel64_lin/ -L/usr/lib/gcc/x86_64-redhat-linux/4.8.5/../../../ -L/lib64 -L/lib/ -L/usr/lib64 -L/usr/lib -lifport -lifcore -limf -lsvml -lm -lipgo -lirc -lpthread -lirc_s -ldl'
ac_cv_f77_mangling='lower case, underscore, no extra underscore'
ac_cv_fortran_dummy_main=none
ac_cv_header_dlfcn_h=yes
ac_cv_header_inttypes_h=yes
ac_cv_header_memory_h=yes
ac_cv_header_stdc=yes
ac_cv_header_stdint_h=yes
ac_cv_header_stdlib_h=yes
ac_cv_header_string_h=yes
ac_cv_header_strings_h=yes
ac_cv_header_sys_stat_h=yes
ac_cv_header_sys_types_h=yes
ac_cv_header_unistd_h=yes
ac_cv_host=x86_64-pc-linux-gnu
ac_cv_objext=o
ac_cv_path_EGREP='/usr/bin/grep -E'
ac_cv_path_FGREP='/usr/bin/grep -F'
ac_cv_path_GREP=/usr/bin/grep
ac_cv_path_SED=/usr/bin/sed
ac_cv_path_install='/usr/bin/install -c'
ac_cv_path_lt_DD=/usr/bin/dd
ac_cv_path_mkdir=/usr/bin/mkdir
ac_cv_prog_AWK=gawk
ac_cv_prog_CPP='cc -E'
ac_cv_prog_ac_ct_CC=cc
ac_cv_prog_ac_ct_OBJDUMP=objdump
ac_cv_prog_ac_ct_RANLIB=ranlib
ac_cv_prog_ac_ct_STRIP=strip
ac_cv_prog_cc_c89=
ac_cv_prog_cc_g=yes
ac_cv_prog_f77_g=yes
ac_cv_prog_f77_v=-v
ac_cv_prog_make_make_set=yes
am_cv_CC_dependencies_compiler_type=gcc3
am_cv_make_support_nested_variables=yes
am_cv_prog_cc_c_o=yes
lt_cv_ar_at_file=@
lt_cv_deplibs_check_method=pass_all
lt_cv_file_magic_cmd='$MAGIC_CMD'
lt_cv_file_magic_test_file=
lt_cv_ld_reload_flag=-r
lt_cv_nm_interface='BSD nm'
lt_cv_objdir=.libs
lt_cv_path_LD=/usr/bin/ld
lt_cv_path_NM='/usr/bin/nm -B'
lt_cv_path_mainfest_tool=no
lt_cv_prog_compiler_c_o=yes
lt_cv_prog_compiler_c_o_F77=yes
lt_cv_prog_compiler_pic='-fPIC -DPIC'
lt_cv_prog_compiler_pic_F77=-fPIC
lt_cv_prog_compiler_pic_works=yes
lt_cv_prog_compiler_pic_works_F77=yes
lt_cv_prog_compiler_rtti_exceptions=no
lt_cv_prog_compiler_static_works=yes
lt_cv_prog_compiler_static_works_F77=no
lt_cv_prog_gnu_ld=yes
lt_cv_sharedlib_from_linklib_cmd='printf %s\n'
lt_cv_shlibpath_overrides_runpath=no
lt_cv_sys_global_symbol_pipe='sed -n -e '\''s/^.*[	 ]\([ABCDGIRSTW][ABCDGIRSTW]*\)[	 ][	 ]*\([_A-Za-z][_A-Za-z0-9]*\)$/\1 \2 \2/p'\'' | sed '\''/ __gnu_lto/d'\'''
lt_cv_sys_global_symbol_to_c_name_address='sed -n -e '\''s/^: \(.*\) .*$/  {"\1", (void *) 0},/p'\'' -e '\''s/^[ABCDGIRSTW][ABCDGIRSTW]* .* \(.*\)$/  {"\1", (void *) \&\1},/p'\'''
lt_cv_sys_global_symbol_to_c_name_address_lib_prefix='sed -n -e '\''s/^: \(.*\) .*$/  {"\1", (void *) 0},/p'\'' -e '\''s/^[ABCDGIRSTW][ABCDGIRSTW]* .* \(lib.*\)$/  {"\1", (void *) \&\1},/p'\'' -e '\''s/^[ABCDGIRSTW][ABCDGIRSTW]* .* \(.*\)$/  {"lib\1", (void *) \&\1},/p'\'''
lt_cv_sys_global_symbol_to_cdecl='sed -n -e '\''s/^T .* \(.*\)$/extern int \1();/p'\'' -e '\''s/^[ABCDGIRSTW][ABCDGIRSTW]* .* \(.*\)$/extern char \1;/p'\'''
lt_cv_sys_global_symbol_to_import=
lt_cv_sys_max_cmd_len=201326592
lt_cv_to_host_file_cmd=func_convert_file_noop
lt_cv_to_tool_file_cmd=func_convert_file_noop
lt_cv_truncate_bin='/usr/bin/dd bs=4096 count=1'

## ----------------- ##
## Output variables. ##
## ----------------- ##

ACLOCAL='${SHELL} /home/grasinge/Dev/qc/QuasiSRC/bin/missing aclocal-1.15'
AMDEPBACKSLASH='\'
AMDEP_FALSE='#'
AMDEP_TRUE=''
AMTAR='$${TAR-tar}'
AM_BACKSLASH='\'
AM_DEFAULT_V='$(AM_DEFAULT_VERBOSITY)'
AM_DEFAULT_VERBOSITY='1'
AM_V='$(V)'
AR='ar'
AR_FLAGS='cru'
AUTOCONF='${SHELL} /home/grasinge/Dev/qc/QuasiSRC/bin/missing autoconf'
AUTOHEADER='${SHELL} /home/grasinge/Dev/qc/QuasiSRC/bin/missing autoheader'
AUTOMAKE='${SHELL} /home/grasinge/Dev/qc/QuasiSRC/bin/missing automake-1.15'
AWK='gawk'
CC='cc'
CCDEPMODE='depmode=gcc3'
CFLAGS='-O -D__QC_LINUX -D__USE_UNIX98'
CPP='cc -E'
CPPFLAGS=''
CYGPATH_W='echo'
DEFS='-DHAVE_CONFIG_H'
DEPDIR='.deps'
DLLTOOL='false'
DSYMUTIL=''
DUMPBIN=''
ECHO_C=''
ECHO_N='-n'
ECHO_T=''
EGREP='/usr/bin/grep -E'
EXEEXT=''
F77='ifort'
FFLAGS='-O'
FGREP='/usr/bin/grep -F'
FLIBS=' -L/opt/intel/compilers_and_libraries_2016.3.210/linux/ipp/lib/intel64 -L/opt/intel/compilers_and_libraries_2016.3.210/linux/compiler/lib/intel64 -L/opt/intel/compilers_and_libraries_2016.3.210/linux/mkl/lib/intel64 -L/opt/intel/compilers_and_libraries_2016.3.210/linux/tbb/lib/intel64/gcc4.4 -L/opt/intel/debugger_2016/libipt/intel64/lib -L/opt/intel/compilers_and_libraries_2016.3.210/linux/daal/lib/intel64_lin -L/opt/intel/compilers_and_libraries_2016.3.210/linux/tbb/lib/intel64_lin/gcc4.4 -L/opt/intel/compilers_and_libraries_2016.3.210/linux/compiler/lib/intel64_lin -L/usr/lib/gcc/x86_64-redhat-linux/4.8.5/ -L/usr/lib/gcc/x86_64-redhat-linux/4.8.5/../../../../lib64 -L/usr/lib/gcc/x86_64-redhat-linux/4.8.5/../../../../lib64/ -L/lib/../lib64 -L/lib/../lib64/ -L/usr/lib/../lib64 -L/usr/lib/../lib64/ -L/opt/intel/compilers_and_libraries_2016.3.210/linux/ipp/lib/intel64/ -L/opt/intel/compilers_and_libraries_2016.3.210/linux/compiler/lib/intel64/ -L/opt/intel/compilers_and_libraries_2016.3.210/linux/mkl/lib/intel64/ -L/opt/intel/compilers_and_libraries_2016.3.210/linux/tbb/lib/intel64/gcc4.4/ -L/opt/intel/debugger_2016/libipt/intel64/lib/ -L/opt/intel/compilers_and_libraries_2016.3.210/linux/daal/lib/intel64_lin/ -L/opt/intel/compilers_and_libraries_2016.3.210/linux/tbb/lib/intel64_lin/gcc4.4/ -L/opt/intel/compilers_and_libraries_2016.3.210/linux/compiler/lib/intel64_lin/ -L/usr/lib/gcc/x86_64-redhat-linux/4.8.5/../../../ -L/lib64 -L/lib/ -L/usr/lib64 -L/usr/lib -lifport -lifcore -limf -lsvml -lm -lipgo -lirc -lpthread -lirc_s -ldl'
GREP='/usr/bin/grep'
INSTALL_DATA='${INSTALL} -m 644'
INSTALL_PROGRAM='${INSTALL}'
INSTALL_SCRIPT='${INSTALL}'
INSTALL_STRIP_PROGRAM='$(install_sh) -c -s'
LD='/usr/bin/ld -m elf_x86_64'
LDFLAGS=''
LIBOBJS=''
LIBS=''
LIBTOOL='$(SHELL) $(top_builddir)/libtool'
LIPO=''
LN_S='ln -s'
LTLIBOBJS=''
LT_SYS_LIBRARY_PATH=''
MAINT='#'
MAINTAINER_MODE_FALSE=''
MAINTAINER_MODE_TRUE='#'
MAKEINFO='${SHELL} /home/grasinge/Dev/qc/QuasiSRC/bin/missing makeinfo'
MANIFEST_TOOL=':'
MKDIR_P='/usr/bin/mkdir -p'
NM='/usr/bin/nm -B'
NMEDIT=''
OBJDUMP='objdump'
OBJEXT='o'
OTOOL64=''
OTOOL=''
PACKAGE='deltr3d'
PACKAGE_BUGREPORT=''
PACKAGE_NAME=''
PACKAGE_STRING=''
PACKAGE_TARNAME=''
PACKAGE_URL=''
PACKAGE_VERSION=''
PATH_SEPARATOR=':'
RANLIB='ranlib'
SED='/usr/bin/sed'
SET_MAKE=''
SHELL='/bin/sh'
STRIP='strip'
VERSION=' '
ac_ct_AR=''
ac_ct_CC='cc'
ac_ct_DUMPBIN=''
ac_ct_F77=''
am__EXEEXT_FALSE=''
am__EXEEXT_TRUE='#'
am__fastdepCC_FALSE='#'
am__fastdepCC_TRUE=''
am__include='include'
am__isrc=''
am__leading_dot='.'
am__nodep='_no'
am__quote=''
am__tar='$${TAR-tar} chof - "$$tardir"'
am__untar='$${TAR-tar} xf -'
bindir='${exec_prefix}/bin'
build='x86_64-pc-linux-gnu'
build_alias=''
build_cpu='x86_64'
build_os='linux-gnu'
build_vendor='pc'
datadir='${datarootdir}'
datarootdir='${prefix}/share'
docdir='${datarootdir}/doc/${PACKAGE}'
dvidir='${docdir}'
exec_prefix='${prefix}'
host='x86_64-pc-linux-gnu'
host_alias=''
host_cpu='x86_64'
host_os='linux-gnu'
host_vendor='pc'
htmldir='${docdir}'
includedir='${prefix}/include'
infodir='${datarootdir}/info'
install_sh='${SHELL} /home/grasinge/Dev/qc/QuasiSRC/bin/install-sh'
libdir='${exec_prefix}/lib'
libexecdir='${exec_prefix}/libexec'
localedir='${datarootdir}/locale'
localstatedir='${prefix}/var'
mandir='${datarootdir}/man'
mkdir_p='$(MKDIR_P)'
oldincludedir='/usr/include'
pdfdir='${docdir}'
prefix='/usr/local'
program_transform_name='s,x,x,'
psdir='${docdir}'
runstatedir='${localstatedir}/run'
sbindir='${exec_prefix}/sbin'
sharedstatedir='${prefix}/com'
sysconfdir='${prefix}/etc'
target_alias=''

## ----------- ##
## confdefs.h. ##
## ----------- ##

/* confdefs.h */
#define PACKAGE_NAME ""
#define PACKAGE_TARNAME ""
#define PACKAGE_VERSION ""
#define PACKAGE_STRING ""
#define PACKAGE_BUGREPORT ""
#define PACKAGE_URL ""
#define PACKAGE "deltr3d"
#define VERSION " "
#define F77_FUNC(name,NAME) name ## _
#define F77_FUNC_(name,NAME) name ## _
#define STDC_HEADERS 1
#define HAVE_SYS_TYPES_H 1
#define HAVE_SYS_STAT_H 1
#define HAVE_STDLIB_H 1
#define HAVE_STRING_H 1
#define HAVE_MEMORY_H 1
#define HAVE_STRINGS_H 1
#define HAVE_INTTYPES_H 1
#define HAVE_STDINT_H 1
#define HAVE_UNISTD_H 1
#define HAVE_DLFCN_H 1
#define LT_OBJDIR ".libs/"
#define F77_FUNC(name,NAME) name ## _
#define F77_FUNC_(name,NAME) name ## _

configure: exit 0
