0  0  0
32  0  0
0  32  0
32  32  0
14  14  14
15  14  14
16  14  14
17  14  14
18  14  14
14  15  14
15  15  14
16  15  14
17  15  14
18  15  14
14  16  14
15  16  14
16  16  14
17  16  14
18  16  14
14  17  14
15  17  14
16  17  14
17  17  14
18  17  14
14  18  14
15  18  14
16  18  14
17  18  14
18  18  14
14  14  15
15  14  15
16  14  15
17  14  15
18  14  15
14  15  15
15  15  15
16  15  15
17  15  15
18  15  15
14  16  15
15  16  15
16  16  15
17  16  15
18  16  15
14  17  15
15  17  15
16  17  15
17  17  15
18  17  15
14  18  15
15  18  15
16  18  15
17  18  15
18  18  15
0  0  16
32  0  16
14  14  16
15  14  16
16  14  16
17  14  16
18  14  16
14  15  16
15  15  16
16  15  16
17  15  16
18  15  16
14  16  16
15  16  16
16  16  16
17  16  16
18  16  16
14  17  16
15  17  16
16  17  16
17  17  16
18  17  16
14  18  16
15  18  16
16  18  16
17  18  16
18  18  16
0  32  16
32  32  16
12  12  12
14  12  12
16  12  12
18  12  12
20  12  12
12  14  12
14  14  12
16  14  12
18  14  12
20  14  12
12  16  12
14  16  12
16  16  12
18  16  12
20  16  12
12  18  12
14  18  12
16  18  12
18  18  12
20  18  12
12  20  12
14  20  12
16  20  12
18  20  12
20  20  12
8  8  8
12  8  8
16  8  8
20  8  8
24  8  8
8  12  8
12  12  8
16  12  8
20  12  8
24  12  8
8  16  8
12  16  8
16  16  8
20  16  8
24  16  8
8  20  8
12  20  8
16  20  8
20  20  8
24  20  8
8  24  8
12  24  8
16  24  8
20  24  8
24  24  8
8  0  0
16  0  0
24  0  0
0  8  0
8  8  0
16  8  0
24  8  0
32  8  0
0  16  0
8  16  0
16  16  0
24  16  0
32  16  0
0  24  0
8  24  0
16  24  0
24  24  0
32  24  0
8  32  0
16  32  0
24  32  0
20  12  14
20  12  16
20  14  14
20  14  16
20  16  14
20  16  16
20  18  14
20  18  16
20  20  14
20  20  16
24  8  12
24  8  16
24  12  12
24  12  16
24  16  12
24  16  16
24  20  12
24  20  16
24  24  12
24  24  16
32  0  8
32  8  8
32  8  16
32  16  8
32  16  16
32  24  8
32  24  16
32  32  8
12  12  14
12  12  16
12  14  14
12  14  16
12  16  14
12  16  16
12  18  14
12  18  16
12  20  14
12  20  16
8  8  12
8  8  16
8  12  12
8  12  16
8  16  12
8  16  16
8  20  12
8  20  16
8  24  12
8  24  16
0  0  8
0  8  8
0  8  16
0  16  8
0  16  16
0  24  8
0  24  16
0  32  8
14  12  14
14  12  16
16  12  14
16  12  16
18  12  14
18  12  16
12  8  12
12  8  16
16  8  12
16  8  16
20  8  12
20  8  16
8  0  8
8  0  16
16  0  8
16  0  16
24  0  8
24  0  16
14  20  14
14  20  16
16  20  14
16  20  16
18  20  14
18  20  16
12  24  12
12  24  16
16  24  12
16  24  16
20  24  12
20  24  16
8  32  8
8  32  16
16  32  8
16  32  16
24  32  8
24  32  16
0  0  32
32  0  32
0  32  32
32  32  32
14  14  18
15  14  18
16  14  18
17  14  18
18  14  18
14  15  18
15  15  18
16  15  18
17  15  18
18  15  18
14  16  18
15  16  18
16  16  18
17  16  18
18  16  18
14  17  18
15  17  18
16  17  18
17  17  18
18  17  18
14  18  18
15  18  18
16  18  18
17  18  18
18  18  18
14  14  17
15  14  17
16  14  17
17  14  17
18  14  17
14  15  17
15  15  17
16  15  17
17  15  17
18  15  17
14  16  17
15  16  17
16  16  17
17  16  17
18  16  17
14  17  17
15  17  17
16  17  17
17  17  17
18  17  17
14  18  17
15  18  17
16  18  17
17  18  17
18  18  17
12  12  20
14  12  20
16  12  20
18  12  20
20  12  20
12  14  20
14  14  20
16  14  20
18  14  20
20  14  20
12  16  20
14  16  20
16  16  20
18  16  20
20  16  20
12  18  20
14  18  20
16  18  20
18  18  20
20  18  20
12  20  20
14  20  20
16  20  20
18  20  20
20  20  20
8  8  24
12  8  24
16  8  24
20  8  24
24  8  24
8  12  24
12  12  24
16  12  24
20  12  24
24  12  24
8  16  24
12  16  24
16  16  24
20  16  24
24  16  24
8  20  24
12  20  24
16  20  24
20  20  24
24  20  24
8  24  24
12  24  24
16  24  24
20  24  24
24  24  24
8  0  32
16  0  32
24  0  32
0  8  32
8  8  32
16  8  32
24  8  32
32  8  32
0  16  32
8  16  32
16  16  32
24  16  32
32  16  32
0  24  32
8  24  32
16  24  32
24  24  32
32  24  32
8  32  32
16  32  32
24  32  32
20  12  18
20  14  18
20  16  18
20  18  18
20  20  18
24  8  20
24  12  20
24  16  20
24  20  20
24  24  20
32  0  24
32  8  24
32  16  24
32  24  24
32  32  24
12  12  18
12  14  18
12  16  18
12  18  18
12  20  18
8  8  20
8  12  20
8  16  20
8  20  20
8  24  20
0  0  24
0  8  24
0  16  24
0  24  24
0  32  24
14  12  18
16  12  18
18  12  18
12  8  20
16  8  20
20  8  20
8  0  24
16  0  24
24  0  24
14  20  18
16  20  18
18  20  18
12  24  20
16  24  20
20  24  20
8  32  24
16  32  24
24  32  24
