0  0  0
96  0  0
0  96  0
96  96  0
42  42  42
43  42  42
44  42  42
45  42  42
46  42  42
47  42  42
48  42  42
49  42  42
50  42  42
51  42  42
52  42  42
53  42  42
54  42  42
42  43  42
43  43  42
44  43  42
45  43  42
46  43  42
47  43  42
48  43  42
49  43  42
50  43  42
51  43  42
52  43  42
53  43  42
54  43  42
42  44  42
43  44  42
44  44  42
45  44  42
46  44  42
47  44  42
48  44  42
49  44  42
50  44  42
51  44  42
52  44  42
53  44  42
54  44  42
42  45  42
43  45  42
44  45  42
45  45  42
46  45  42
47  45  42
48  45  42
49  45  42
50  45  42
51  45  42
52  45  42
53  45  42
54  45  42
42  46  42
43  46  42
44  46  42
45  46  42
46  46  42
47  46  42
48  46  42
49  46  42
50  46  42
51  46  42
52  46  42
53  46  42
54  46  42
42  47  42
43  47  42
44  47  42
45  47  42
46  47  42
47  47  42
48  47  42
49  47  42
50  47  42
51  47  42
52  47  42
53  47  42
54  47  42
42  48  42
43  48  42
44  48  42
45  48  42
46  48  42
47  48  42
48  48  42
49  48  42
50  48  42
51  48  42
52  48  42
53  48  42
54  48  42
42  49  42
43  49  42
44  49  42
45  49  42
46  49  42
47  49  42
48  49  42
49  49  42
50  49  42
51  49  42
52  49  42
53  49  42
54  49  42
42  50  42
43  50  42
44  50  42
45  50  42
46  50  42
47  50  42
48  50  42
49  50  42
50  50  42
51  50  42
52  50  42
53  50  42
54  50  42
42  51  42
43  51  42
44  51  42
45  51  42
46  51  42
47  51  42
48  51  42
49  51  42
50  51  42
51  51  42
52  51  42
53  51  42
54  51  42
42  52  42
43  52  42
44  52  42
45  52  42
46  52  42
47  52  42
48  52  42
49  52  42
50  52  42
51  52  42
52  52  42
53  52  42
54  52  42
42  53  42
43  53  42
44  53  42
45  53  42
46  53  42
47  53  42
48  53  42
49  53  42
50  53  42
51  53  42
52  53  42
53  53  42
54  53  42
42  54  42
43  54  42
44  54  42
45  54  42
46  54  42
47  54  42
48  54  42
49  54  42
50  54  42
51  54  42
52  54  42
53  54  42
54  54  42
42  42  43
43  42  43
44  42  43
45  42  43
46  42  43
47  42  43
48  42  43
49  42  43
50  42  43
51  42  43
52  42  43
53  42  43
54  42  43
42  43  43
43  43  43
44  43  43
45  43  43
46  43  43
47  43  43
48  43  43
49  43  43
50  43  43
51  43  43
52  43  43
53  43  43
54  43  43
42  44  43
43  44  43
44  44  43
45  44  43
46  44  43
47  44  43
48  44  43
49  44  43
50  44  43
51  44  43
52  44  43
53  44  43
54  44  43
42  45  43
43  45  43
44  45  43
45  45  43
46  45  43
47  45  43
48  45  43
49  45  43
50  45  43
51  45  43
52  45  43
53  45  43
54  45  43
42  46  43
43  46  43
44  46  43
45  46  43
46  46  43
47  46  43
48  46  43
49  46  43
50  46  43
51  46  43
52  46  43
53  46  43
54  46  43
42  47  43
43  47  43
44  47  43
45  47  43
46  47  43
47  47  43
48  47  43
49  47  43
50  47  43
51  47  43
52  47  43
53  47  43
54  47  43
42  48  43
43  48  43
44  48  43
45  48  43
46  48  43
47  48  43
48  48  43
49  48  43
50  48  43
51  48  43
52  48  43
53  48  43
54  48  43
42  49  43
43  49  43
44  49  43
45  49  43
46  49  43
47  49  43
48  49  43
49  49  43
50  49  43
51  49  43
52  49  43
53  49  43
54  49  43
42  50  43
43  50  43
44  50  43
45  50  43
46  50  43
47  50  43
48  50  43
49  50  43
50  50  43
51  50  43
52  50  43
53  50  43
54  50  43
42  51  43
43  51  43
44  51  43
45  51  43
46  51  43
47  51  43
48  51  43
49  51  43
50  51  43
51  51  43
52  51  43
53  51  43
54  51  43
42  52  43
43  52  43
44  52  43
45  52  43
46  52  43
47  52  43
48  52  43
49  52  43
50  52  43
51  52  43
52  52  43
53  52  43
54  52  43
42  53  43
43  53  43
44  53  43
45  53  43
46  53  43
47  53  43
48  53  43
49  53  43
50  53  43
51  53  43
52  53  43
53  53  43
54  53  43
42  54  43
43  54  43
44  54  43
45  54  43
46  54  43
47  54  43
48  54  43
49  54  43
50  54  43
51  54  43
52  54  43
53  54  43
54  54  43
42  42  44
43  42  44
44  42  44
45  42  44
46  42  44
47  42  44
48  42  44
49  42  44
50  42  44
51  42  44
52  42  44
53  42  44
54  42  44
42  43  44
43  43  44
44  43  44
45  43  44
46  43  44
47  43  44
48  43  44
49  43  44
50  43  44
51  43  44
52  43  44
53  43  44
54  43  44
42  44  44
43  44  44
44  44  44
45  44  44
46  44  44
47  44  44
48  44  44
49  44  44
50  44  44
51  44  44
52  44  44
53  44  44
54  44  44
42  45  44
43  45  44
44  45  44
45  45  44
46  45  44
47  45  44
48  45  44
49  45  44
50  45  44
51  45  44
52  45  44
53  45  44
54  45  44
42  46  44
43  46  44
44  46  44
45  46  44
46  46  44
47  46  44
48  46  44
49  46  44
50  46  44
51  46  44
52  46  44
53  46  44
54  46  44
42  47  44
43  47  44
44  47  44
45  47  44
46  47  44
47  47  44
48  47  44
49  47  44
50  47  44
51  47  44
52  47  44
53  47  44
54  47  44
42  48  44
43  48  44
44  48  44
45  48  44
46  48  44
47  48  44
48  48  44
49  48  44
50  48  44
51  48  44
52  48  44
53  48  44
54  48  44
42  49  44
43  49  44
44  49  44
45  49  44
46  49  44
47  49  44
48  49  44
49  49  44
50  49  44
51  49  44
52  49  44
53  49  44
54  49  44
42  50  44
43  50  44
44  50  44
45  50  44
46  50  44
47  50  44
48  50  44
49  50  44
50  50  44
51  50  44
52  50  44
53  50  44
54  50  44
42  51  44
43  51  44
44  51  44
45  51  44
46  51  44
47  51  44
48  51  44
49  51  44
50  51  44
51  51  44
52  51  44
53  51  44
54  51  44
42  52  44
43  52  44
44  52  44
45  52  44
46  52  44
47  52  44
48  52  44
49  52  44
50  52  44
51  52  44
52  52  44
53  52  44
54  52  44
42  53  44
43  53  44
44  53  44
45  53  44
46  53  44
47  53  44
48  53  44
49  53  44
50  53  44
51  53  44
52  53  44
53  53  44
54  53  44
42  54  44
43  54  44
44  54  44
45  54  44
46  54  44
47  54  44
48  54  44
49  54  44
50  54  44
51  54  44
52  54  44
53  54  44
54  54  44
42  42  45
43  42  45
44  42  45
45  42  45
46  42  45
47  42  45
48  42  45
49  42  45
50  42  45
51  42  45
52  42  45
53  42  45
54  42  45
42  43  45
43  43  45
44  43  45
45  43  45
46  43  45
47  43  45
48  43  45
49  43  45
50  43  45
51  43  45
52  43  45
53  43  45
54  43  45
42  44  45
43  44  45
44  44  45
45  44  45
46  44  45
47  44  45
48  44  45
49  44  45
50  44  45
51  44  45
52  44  45
53  44  45
54  44  45
42  45  45
43  45  45
44  45  45
45  45  45
46  45  45
47  45  45
48  45  45
49  45  45
50  45  45
51  45  45
52  45  45
53  45  45
54  45  45
42  46  45
43  46  45
44  46  45
45  46  45
46  46  45
47  46  45
48  46  45
49  46  45
50  46  45
51  46  45
52  46  45
53  46  45
54  46  45
42  47  45
43  47  45
44  47  45
45  47  45
46  47  45
47  47  45
48  47  45
49  47  45
50  47  45
51  47  45
52  47  45
53  47  45
54  47  45
42  48  45
43  48  45
44  48  45
45  48  45
46  48  45
47  48  45
48  48  45
49  48  45
50  48  45
51  48  45
52  48  45
53  48  45
54  48  45
42  49  45
43  49  45
44  49  45
45  49  45
46  49  45
47  49  45
48  49  45
49  49  45
50  49  45
51  49  45
52  49  45
53  49  45
54  49  45
42  50  45
43  50  45
44  50  45
45  50  45
46  50  45
47  50  45
48  50  45
49  50  45
50  50  45
51  50  45
52  50  45
53  50  45
54  50  45
42  51  45
43  51  45
44  51  45
45  51  45
46  51  45
47  51  45
48  51  45
49  51  45
50  51  45
51  51  45
52  51  45
53  51  45
54  51  45
42  52  45
43  52  45
44  52  45
45  52  45
46  52  45
47  52  45
48  52  45
49  52  45
50  52  45
51  52  45
52  52  45
53  52  45
54  52  45
42  53  45
43  53  45
44  53  45
45  53  45
46  53  45
47  53  45
48  53  45
49  53  45
50  53  45
51  53  45
52  53  45
53  53  45
54  53  45
42  54  45
43  54  45
44  54  45
45  54  45
46  54  45
47  54  45
48  54  45
49  54  45
50  54  45
51  54  45
52  54  45
53  54  45
54  54  45
42  42  46
43  42  46
44  42  46
45  42  46
46  42  46
47  42  46
48  42  46
49  42  46
50  42  46
51  42  46
52  42  46
53  42  46
54  42  46
42  43  46
43  43  46
44  43  46
45  43  46
46  43  46
47  43  46
48  43  46
49  43  46
50  43  46
51  43  46
52  43  46
53  43  46
54  43  46
42  44  46
43  44  46
44  44  46
45  44  46
46  44  46
47  44  46
48  44  46
49  44  46
50  44  46
51  44  46
52  44  46
53  44  46
54  44  46
42  45  46
43  45  46
44  45  46
45  45  46
46  45  46
47  45  46
48  45  46
49  45  46
50  45  46
51  45  46
52  45  46
53  45  46
54  45  46
42  46  46
43  46  46
44  46  46
45  46  46
46  46  46
47  46  46
48  46  46
49  46  46
50  46  46
51  46  46
52  46  46
53  46  46
54  46  46
42  47  46
43  47  46
44  47  46
45  47  46
46  47  46
47  47  46
48  47  46
49  47  46
50  47  46
51  47  46
52  47  46
53  47  46
54  47  46
42  48  46
43  48  46
44  48  46
45  48  46
46  48  46
47  48  46
48  48  46
49  48  46
50  48  46
51  48  46
52  48  46
53  48  46
54  48  46
42  49  46
43  49  46
44  49  46
45  49  46
46  49  46
47  49  46
48  49  46
49  49  46
50  49  46
51  49  46
52  49  46
53  49  46
54  49  46
42  50  46
43  50  46
44  50  46
45  50  46
46  50  46
47  50  46
48  50  46
49  50  46
50  50  46
51  50  46
52  50  46
53  50  46
54  50  46
42  51  46
43  51  46
44  51  46
45  51  46
46  51  46
47  51  46
48  51  46
49  51  46
50  51  46
51  51  46
52  51  46
53  51  46
54  51  46
42  52  46
43  52  46
44  52  46
45  52  46
46  52  46
47  52  46
48  52  46
49  52  46
50  52  46
51  52  46
52  52  46
53  52  46
54  52  46
42  53  46
43  53  46
44  53  46
45  53  46
46  53  46
47  53  46
48  53  46
49  53  46
50  53  46
51  53  46
52  53  46
53  53  46
54  53  46
42  54  46
43  54  46
44  54  46
45  54  46
46  54  46
47  54  46
48  54  46
49  54  46
50  54  46
51  54  46
52  54  46
53  54  46
54  54  46
42  42  47
43  42  47
44  42  47
45  42  47
46  42  47
47  42  47
48  42  47
49  42  47
50  42  47
51  42  47
52  42  47
53  42  47
54  42  47
42  43  47
43  43  47
44  43  47
45  43  47
46  43  47
47  43  47
48  43  47
49  43  47
50  43  47
51  43  47
52  43  47
53  43  47
54  43  47
42  44  47
43  44  47
44  44  47
45  44  47
46  44  47
47  44  47
48  44  47
49  44  47
50  44  47
51  44  47
52  44  47
53  44  47
54  44  47
42  45  47
43  45  47
44  45  47
45  45  47
46  45  47
47  45  47
48  45  47
49  45  47
50  45  47
51  45  47
52  45  47
53  45  47
54  45  47
42  46  47
43  46  47
44  46  47
45  46  47
46  46  47
47  46  47
48  46  47
49  46  47
50  46  47
51  46  47
52  46  47
53  46  47
54  46  47
42  47  47
43  47  47
44  47  47
45  47  47
46  47  47
47  47  47
48  47  47
49  47  47
50  47  47
51  47  47
52  47  47
53  47  47
54  47  47
42  48  47
43  48  47
44  48  47
45  48  47
46  48  47
47  48  47
48  48  47
49  48  47
50  48  47
51  48  47
52  48  47
53  48  47
54  48  47
42  49  47
43  49  47
44  49  47
45  49  47
46  49  47
47  49  47
48  49  47
49  49  47
50  49  47
51  49  47
52  49  47
53  49  47
54  49  47
42  50  47
43  50  47
44  50  47
45  50  47
46  50  47
47  50  47
48  50  47
49  50  47
50  50  47
51  50  47
52  50  47
53  50  47
54  50  47
42  51  47
43  51  47
44  51  47
45  51  47
46  51  47
47  51  47
48  51  47
49  51  47
50  51  47
51  51  47
52  51  47
53  51  47
54  51  47
42  52  47
43  52  47
44  52  47
45  52  47
46  52  47
47  52  47
48  52  47
49  52  47
50  52  47
51  52  47
52  52  47
53  52  47
54  52  47
42  53  47
43  53  47
44  53  47
45  53  47
46  53  47
47  53  47
48  53  47
49  53  47
50  53  47
51  53  47
52  53  47
53  53  47
54  53  47
42  54  47
43  54  47
44  54  47
45  54  47
46  54  47
47  54  47
48  54  47
49  54  47
50  54  47
51  54  47
52  54  47
53  54  47
54  54  47
0  0  48
96  0  48
42  42  48
43  42  48
44  42  48
45  42  48
46  42  48
47  42  48
48  42  48
49  42  48
50  42  48
51  42  48
52  42  48
53  42  48
54  42  48
42  43  48
43  43  48
44  43  48
45  43  48
46  43  48
47  43  48
48  43  48
49  43  48
50  43  48
51  43  48
52  43  48
53  43  48
54  43  48
42  44  48
43  44  48
44  44  48
45  44  48
46  44  48
47  44  48
48  44  48
49  44  48
50  44  48
51  44  48
52  44  48
53  44  48
54  44  48
42  45  48
43  45  48
44  45  48
45  45  48
46  45  48
47  45  48
48  45  48
49  45  48
50  45  48
51  45  48
52  45  48
53  45  48
54  45  48
42  46  48
43  46  48
44  46  48
45  46  48
46  46  48
47  46  48
48  46  48
49  46  48
50  46  48
51  46  48
52  46  48
53  46  48
54  46  48
42  47  48
43  47  48
44  47  48
45  47  48
46  47  48
47  47  48
48  47  48
49  47  48
50  47  48
51  47  48
52  47  48
53  47  48
54  47  48
42  48  48
43  48  48
44  48  48
45  48  48
46  48  48
47  48  48
48  48  48
49  48  48
50  48  48
51  48  48
52  48  48
53  48  48
54  48  48
42  49  48
43  49  48
44  49  48
45  49  48
46  49  48
47  49  48
48  49  48
49  49  48
50  49  48
51  49  48
52  49  48
53  49  48
54  49  48
42  50  48
43  50  48
44  50  48
45  50  48
46  50  48
47  50  48
48  50  48
49  50  48
50  50  48
51  50  48
52  50  48
53  50  48
54  50  48
42  51  48
43  51  48
44  51  48
45  51  48
46  51  48
47  51  48
48  51  48
49  51  48
50  51  48
51  51  48
52  51  48
53  51  48
54  51  48
42  52  48
43  52  48
44  52  48
45  52  48
46  52  48
47  52  48
48  52  48
49  52  48
50  52  48
51  52  48
52  52  48
53  52  48
54  52  48
42  53  48
43  53  48
44  53  48
45  53  48
46  53  48
47  53  48
48  53  48
49  53  48
50  53  48
51  53  48
52  53  48
53  53  48
54  53  48
42  54  48
43  54  48
44  54  48
45  54  48
46  54  48
47  54  48
48  54  48
49  54  48
50  54  48
51  54  48
52  54  48
53  54  48
54  54  48
0  96  48
96  96  48
40  40  40
42  40  40
44  40  40
46  40  40
48  40  40
50  40  40
52  40  40
54  40  40
56  40  40
40  42  40
42  42  40
44  42  40
46  42  40
48  42  40
50  42  40
52  42  40
54  42  40
56  42  40
40  44  40
42  44  40
44  44  40
46  44  40
48  44  40
50  44  40
52  44  40
54  44  40
56  44  40
40  46  40
42  46  40
44  46  40
46  46  40
48  46  40
50  46  40
52  46  40
54  46  40
56  46  40
40  48  40
42  48  40
44  48  40
46  48  40
48  48  40
50  48  40
52  48  40
54  48  40
56  48  40
40  50  40
42  50  40
44  50  40
46  50  40
48  50  40
50  50  40
52  50  40
54  50  40
56  50  40
40  52  40
42  52  40
44  52  40
46  52  40
48  52  40
50  52  40
52  52  40
54  52  40
56  52  40
40  54  40
42  54  40
44  54  40
46  54  40
48  54  40
50  54  40
52  54  40
54  54  40
56  54  40
40  56  40
42  56  40
44  56  40
46  56  40
48  56  40
50  56  40
52  56  40
54  56  40
56  56  40
36  36  36
40  36  36
44  36  36
48  36  36
52  36  36
56  36  36
60  36  36
36  40  36
40  40  36
44  40  36
48  40  36
52  40  36
56  40  36
60  40  36
36  44  36
40  44  36
44  44  36
48  44  36
52  44  36
56  44  36
60  44  36
36  48  36
40  48  36
44  48  36
48  48  36
52  48  36
56  48  36
60  48  36
36  52  36
40  52  36
44  52  36
48  52  36
52  52  36
56  52  36
60  52  36
36  56  36
40  56  36
44  56  36
48  56  36
52  56  36
56  56  36
60  56  36
36  60  36
40  60  36
44  60  36
48  60  36
52  60  36
56  60  36
60  60  36
24  24  24
36  24  24
48  24  24
60  24  24
72  24  24
24  36  24
36  36  24
48  36  24
60  36  24
72  36  24
24  48  24
36  48  24
48  48  24
60  48  24
72  48  24
24  60  24
36  60  24
48  60  24
60  60  24
72  60  24
24  72  24
36  72  24
48  72  24
60  72  24
72  72  24
24  0  0
48  0  0
72  0  0
0  24  0
24  24  0
48  24  0
72  24  0
96  24  0
0  48  0
24  48  0
48  48  0
72  48  0
96  48  0
0  72  0
24  72  0
48  72  0
72  72  0
96  72  0
24  96  0
48  96  0
72  96  0
56  40  42
56  40  44
56  40  46
56  40  48
56  42  42
56  42  44
56  42  46
56  42  48
56  44  42
56  44  44
56  44  46
56  44  48
56  46  42
56  46  44
56  46  46
56  46  48
56  48  42
56  48  44
56  48  46
56  48  48
56  50  42
56  50  44
56  50  46
56  50  48
56  52  42
56  52  44
56  52  46
56  52  48
56  54  42
56  54  44
56  54  46
56  54  48
56  56  42
56  56  44
56  56  46
56  56  48
60  36  40
60  36  44
60  36  48
60  40  40
60  40  44
60  40  48
60  44  40
60  44  44
60  44  48
60  48  40
60  48  44
60  48  48
60  52  40
60  52  44
60  52  48
60  56  40
60  56  44
60  56  48
60  60  40
60  60  44
60  60  48
72  24  36
72  24  48
72  36  36
72  36  48
72  48  36
72  48  48
72  60  36
72  60  48
72  72  36
72  72  48
96  0  24
96  24  24
96  24  48
96  48  24
96  48  48
96  72  24
96  72  48
96  96  24
40  40  42
40  40  44
40  40  46
40  40  48
40  42  42
40  42  44
40  42  46
40  42  48
40  44  42
40  44  44
40  44  46
40  44  48
40  46  42
40  46  44
40  46  46
40  46  48
40  48  42
40  48  44
40  48  46
40  48  48
40  50  42
40  50  44
40  50  46
40  50  48
40  52  42
40  52  44
40  52  46
40  52  48
40  54  42
40  54  44
40  54  46
40  54  48
40  56  42
40  56  44
40  56  46
40  56  48
36  36  40
36  36  44
36  36  48
36  40  40
36  40  44
36  40  48
36  44  40
36  44  44
36  44  48
36  48  40
36  48  44
36  48  48
36  52  40
36  52  44
36  52  48
36  56  40
36  56  44
36  56  48
36  60  40
36  60  44
36  60  48
24  24  36
24  24  48
24  36  36
24  36  48
24  48  36
24  48  48
24  60  36
24  60  48
24  72  36
24  72  48
0  0  24
0  24  24
0  24  48
0  48  24
0  48  48
0  72  24
0  72  48
0  96  24
42  40  42
42  40  44
42  40  46
42  40  48
44  40  42
44  40  44
44  40  46
44  40  48
46  40  42
46  40  44
46  40  46
46  40  48
48  40  42
48  40  44
48  40  46
48  40  48
50  40  42
50  40  44
50  40  46
50  40  48
52  40  42
52  40  44
52  40  46
52  40  48
54  40  42
54  40  44
54  40  46
54  40  48
40  36  40
40  36  44
40  36  48
44  36  40
44  36  44
44  36  48
48  36  40
48  36  44
48  36  48
52  36  40
52  36  44
52  36  48
56  36  40
56  36  44
56  36  48
36  24  36
36  24  48
48  24  36
48  24  48
60  24  36
60  24  48
24  0  24
24  0  48
48  0  24
48  0  48
72  0  24
72  0  48
42  56  42
42  56  44
42  56  46
42  56  48
44  56  42
44  56  44
44  56  46
44  56  48
46  56  42
46  56  44
46  56  46
46  56  48
48  56  42
48  56  44
48  56  46
48  56  48
50  56  42
50  56  44
50  56  46
50  56  48
52  56  42
52  56  44
52  56  46
52  56  48
54  56  42
54  56  44
54  56  46
54  56  48
40  60  40
40  60  44
40  60  48
44  60  40
44  60  44
44  60  48
48  60  40
48  60  44
48  60  48
52  60  40
52  60  44
52  60  48
56  60  40
56  60  44
56  60  48
36  72  36
36  72  48
48  72  36
48  72  48
60  72  36
60  72  48
24  96  24
24  96  48
48  96  24
48  96  48
72  96  24
72  96  48
