0  0  0
180  0  0
0  180  0
180  180  0
84  84  84
85  84  84
86  84  84
87  84  84
88  84  84
89  84  84
90  84  84
91  84  84
92  84  84
93  84  84
94  84  84
95  84  84
96  84  84
84  85  84
85  85  84
86  85  84
87  85  84
88  85  84
89  85  84
90  85  84
91  85  84
92  85  84
93  85  84
94  85  84
95  85  84
96  85  84
84  86  84
85  86  84
86  86  84
87  86  84
88  86  84
89  86  84
90  86  84
91  86  84
92  86  84
93  86  84
94  86  84
95  86  84
96  86  84
84  87  84
85  87  84
86  87  84
87  87  84
88  87  84
89  87  84
90  87  84
91  87  84
92  87  84
93  87  84
94  87  84
95  87  84
96  87  84
84  88  84
85  88  84
86  88  84
87  88  84
88  88  84
89  88  84
90  88  84
91  88  84
92  88  84
93  88  84
94  88  84
95  88  84
96  88  84
84  89  84
85  89  84
86  89  84
87  89  84
88  89  84
89  89  84
90  89  84
91  89  84
92  89  84
93  89  84
94  89  84
95  89  84
96  89  84
84  90  84
85  90  84
86  90  84
87  90  84
88  90  84
89  90  84
90  90  84
91  90  84
92  90  84
93  90  84
94  90  84
95  90  84
96  90  84
84  91  84
85  91  84
86  91  84
87  91  84
88  91  84
89  91  84
90  91  84
91  91  84
92  91  84
93  91  84
94  91  84
95  91  84
96  91  84
84  92  84
85  92  84
86  92  84
87  92  84
88  92  84
89  92  84
90  92  84
91  92  84
92  92  84
93  92  84
94  92  84
95  92  84
96  92  84
84  93  84
85  93  84
86  93  84
87  93  84
88  93  84
89  93  84
90  93  84
91  93  84
92  93  84
93  93  84
94  93  84
95  93  84
96  93  84
84  94  84
85  94  84
86  94  84
87  94  84
88  94  84
89  94  84
90  94  84
91  94  84
92  94  84
93  94  84
94  94  84
95  94  84
96  94  84
84  95  84
85  95  84
86  95  84
87  95  84
88  95  84
89  95  84
90  95  84
91  95  84
92  95  84
93  95  84
94  95  84
95  95  84
96  95  84
84  96  84
85  96  84
86  96  84
87  96  84
88  96  84
89  96  84
90  96  84
91  96  84
92  96  84
93  96  84
94  96  84
95  96  84
96  96  84
84  84  85
85  84  85
86  84  85
87  84  85
88  84  85
89  84  85
90  84  85
91  84  85
92  84  85
93  84  85
94  84  85
95  84  85
96  84  85
84  85  85
85  85  85
86  85  85
87  85  85
88  85  85
89  85  85
90  85  85
91  85  85
92  85  85
93  85  85
94  85  85
95  85  85
96  85  85
84  86  85
85  86  85
86  86  85
87  86  85
88  86  85
89  86  85
90  86  85
91  86  85
92  86  85
93  86  85
94  86  85
95  86  85
96  86  85
84  87  85
85  87  85
86  87  85
87  87  85
88  87  85
89  87  85
90  87  85
91  87  85
92  87  85
93  87  85
94  87  85
95  87  85
96  87  85
84  88  85
85  88  85
86  88  85
87  88  85
88  88  85
89  88  85
90  88  85
91  88  85
92  88  85
93  88  85
94  88  85
95  88  85
96  88  85
84  89  85
85  89  85
86  89  85
87  89  85
88  89  85
89  89  85
90  89  85
91  89  85
92  89  85
93  89  85
94  89  85
95  89  85
96  89  85
84  90  85
85  90  85
86  90  85
87  90  85
88  90  85
89  90  85
90  90  85
91  90  85
92  90  85
93  90  85
94  90  85
95  90  85
96  90  85
84  91  85
85  91  85
86  91  85
87  91  85
88  91  85
89  91  85
90  91  85
91  91  85
92  91  85
93  91  85
94  91  85
95  91  85
96  91  85
84  92  85
85  92  85
86  92  85
87  92  85
88  92  85
89  92  85
90  92  85
91  92  85
92  92  85
93  92  85
94  92  85
95  92  85
96  92  85
84  93  85
85  93  85
86  93  85
87  93  85
88  93  85
89  93  85
90  93  85
91  93  85
92  93  85
93  93  85
94  93  85
95  93  85
96  93  85
84  94  85
85  94  85
86  94  85
87  94  85
88  94  85
89  94  85
90  94  85
91  94  85
92  94  85
93  94  85
94  94  85
95  94  85
96  94  85
84  95  85
85  95  85
86  95  85
87  95  85
88  95  85
89  95  85
90  95  85
91  95  85
92  95  85
93  95  85
94  95  85
95  95  85
96  95  85
84  96  85
85  96  85
86  96  85
87  96  85
88  96  85
89  96  85
90  96  85
91  96  85
92  96  85
93  96  85
94  96  85
95  96  85
96  96  85
84  84  86
85  84  86
86  84  86
87  84  86
88  84  86
89  84  86
90  84  86
91  84  86
92  84  86
93  84  86
94  84  86
95  84  86
96  84  86
84  85  86
85  85  86
86  85  86
87  85  86
88  85  86
89  85  86
90  85  86
91  85  86
92  85  86
93  85  86
94  85  86
95  85  86
96  85  86
84  86  86
85  86  86
86  86  86
87  86  86
88  86  86
89  86  86
90  86  86
91  86  86
92  86  86
93  86  86
94  86  86
95  86  86
96  86  86
84  87  86
85  87  86
86  87  86
87  87  86
88  87  86
89  87  86
90  87  86
91  87  86
92  87  86
93  87  86
94  87  86
95  87  86
96  87  86
84  88  86
85  88  86
86  88  86
87  88  86
88  88  86
89  88  86
90  88  86
91  88  86
92  88  86
93  88  86
94  88  86
95  88  86
96  88  86
84  89  86
85  89  86
86  89  86
87  89  86
88  89  86
89  89  86
90  89  86
91  89  86
92  89  86
93  89  86
94  89  86
95  89  86
96  89  86
84  90  86
85  90  86
86  90  86
87  90  86
88  90  86
89  90  86
90  90  86
91  90  86
92  90  86
93  90  86
94  90  86
95  90  86
96  90  86
84  91  86
85  91  86
86  91  86
87  91  86
88  91  86
89  91  86
90  91  86
91  91  86
92  91  86
93  91  86
94  91  86
95  91  86
96  91  86
84  92  86
85  92  86
86  92  86
87  92  86
88  92  86
89  92  86
90  92  86
91  92  86
92  92  86
93  92  86
94  92  86
95  92  86
96  92  86
84  93  86
85  93  86
86  93  86
87  93  86
88  93  86
89  93  86
90  93  86
91  93  86
92  93  86
93  93  86
94  93  86
95  93  86
96  93  86
84  94  86
85  94  86
86  94  86
87  94  86
88  94  86
89  94  86
90  94  86
91  94  86
92  94  86
93  94  86
94  94  86
95  94  86
96  94  86
84  95  86
85  95  86
86  95  86
87  95  86
88  95  86
89  95  86
90  95  86
91  95  86
92  95  86
93  95  86
94  95  86
95  95  86
96  95  86
84  96  86
85  96  86
86  96  86
87  96  86
88  96  86
89  96  86
90  96  86
91  96  86
92  96  86
93  96  86
94  96  86
95  96  86
96  96  86
84  84  87
85  84  87
86  84  87
87  84  87
88  84  87
89  84  87
90  84  87
91  84  87
92  84  87
93  84  87
94  84  87
95  84  87
96  84  87
84  85  87
85  85  87
86  85  87
87  85  87
88  85  87
89  85  87
90  85  87
91  85  87
92  85  87
93  85  87
94  85  87
95  85  87
96  85  87
84  86  87
85  86  87
86  86  87
87  86  87
88  86  87
89  86  87
90  86  87
91  86  87
92  86  87
93  86  87
94  86  87
95  86  87
96  86  87
84  87  87
85  87  87
86  87  87
87  87  87
88  87  87
89  87  87
90  87  87
91  87  87
92  87  87
93  87  87
94  87  87
95  87  87
96  87  87
84  88  87
85  88  87
86  88  87
87  88  87
88  88  87
89  88  87
90  88  87
91  88  87
92  88  87
93  88  87
94  88  87
95  88  87
96  88  87
84  89  87
85  89  87
86  89  87
87  89  87
88  89  87
89  89  87
90  89  87
91  89  87
92  89  87
93  89  87
94  89  87
95  89  87
96  89  87
84  90  87
85  90  87
86  90  87
87  90  87
88  90  87
89  90  87
90  90  87
91  90  87
92  90  87
93  90  87
94  90  87
95  90  87
96  90  87
84  91  87
85  91  87
86  91  87
87  91  87
88  91  87
89  91  87
90  91  87
91  91  87
92  91  87
93  91  87
94  91  87
95  91  87
96  91  87
84  92  87
85  92  87
86  92  87
87  92  87
88  92  87
89  92  87
90  92  87
91  92  87
92  92  87
93  92  87
94  92  87
95  92  87
96  92  87
84  93  87
85  93  87
86  93  87
87  93  87
88  93  87
89  93  87
90  93  87
91  93  87
92  93  87
93  93  87
94  93  87
95  93  87
96  93  87
84  94  87
85  94  87
86  94  87
87  94  87
88  94  87
89  94  87
90  94  87
91  94  87
92  94  87
93  94  87
94  94  87
95  94  87
96  94  87
84  95  87
85  95  87
86  95  87
87  95  87
88  95  87
89  95  87
90  95  87
91  95  87
92  95  87
93  95  87
94  95  87
95  95  87
96  95  87
84  96  87
85  96  87
86  96  87
87  96  87
88  96  87
89  96  87
90  96  87
91  96  87
92  96  87
93  96  87
94  96  87
95  96  87
96  96  87
84  84  88
85  84  88
86  84  88
87  84  88
88  84  88
89  84  88
90  84  88
91  84  88
92  84  88
93  84  88
94  84  88
95  84  88
96  84  88
84  85  88
85  85  88
86  85  88
87  85  88
88  85  88
89  85  88
90  85  88
91  85  88
92  85  88
93  85  88
94  85  88
95  85  88
96  85  88
84  86  88
85  86  88
86  86  88
87  86  88
88  86  88
89  86  88
90  86  88
91  86  88
92  86  88
93  86  88
94  86  88
95  86  88
96  86  88
84  87  88
85  87  88
86  87  88
87  87  88
88  87  88
89  87  88
90  87  88
91  87  88
92  87  88
93  87  88
94  87  88
95  87  88
96  87  88
84  88  88
85  88  88
86  88  88
87  88  88
88  88  88
89  88  88
90  88  88
91  88  88
92  88  88
93  88  88
94  88  88
95  88  88
96  88  88
84  89  88
85  89  88
86  89  88
87  89  88
88  89  88
89  89  88
90  89  88
91  89  88
92  89  88
93  89  88
94  89  88
95  89  88
96  89  88
84  90  88
85  90  88
86  90  88
87  90  88
88  90  88
89  90  88
90  90  88
91  90  88
92  90  88
93  90  88
94  90  88
95  90  88
96  90  88
84  91  88
85  91  88
86  91  88
87  91  88
88  91  88
89  91  88
90  91  88
91  91  88
92  91  88
93  91  88
94  91  88
95  91  88
96  91  88
84  92  88
85  92  88
86  92  88
87  92  88
88  92  88
89  92  88
90  92  88
91  92  88
92  92  88
93  92  88
94  92  88
95  92  88
96  92  88
84  93  88
85  93  88
86  93  88
87  93  88
88  93  88
89  93  88
90  93  88
91  93  88
92  93  88
93  93  88
94  93  88
95  93  88
96  93  88
84  94  88
85  94  88
86  94  88
87  94  88
88  94  88
89  94  88
90  94  88
91  94  88
92  94  88
93  94  88
94  94  88
95  94  88
96  94  88
84  95  88
85  95  88
86  95  88
87  95  88
88  95  88
89  95  88
90  95  88
91  95  88
92  95  88
93  95  88
94  95  88
95  95  88
96  95  88
84  96  88
85  96  88
86  96  88
87  96  88
88  96  88
89  96  88
90  96  88
91  96  88
92  96  88
93  96  88
94  96  88
95  96  88
96  96  88
84  84  89
85  84  89
86  84  89
87  84  89
88  84  89
89  84  89
90  84  89
91  84  89
92  84  89
93  84  89
94  84  89
95  84  89
96  84  89
84  85  89
85  85  89
86  85  89
87  85  89
88  85  89
89  85  89
90  85  89
91  85  89
92  85  89
93  85  89
94  85  89
95  85  89
96  85  89
84  86  89
85  86  89
86  86  89
87  86  89
88  86  89
89  86  89
90  86  89
91  86  89
92  86  89
93  86  89
94  86  89
95  86  89
96  86  89
84  87  89
85  87  89
86  87  89
87  87  89
88  87  89
89  87  89
90  87  89
91  87  89
92  87  89
93  87  89
94  87  89
95  87  89
96  87  89
84  88  89
85  88  89
86  88  89
87  88  89
88  88  89
89  88  89
90  88  89
91  88  89
92  88  89
93  88  89
94  88  89
95  88  89
96  88  89
84  89  89
85  89  89
86  89  89
87  89  89
88  89  89
89  89  89
90  89  89
91  89  89
92  89  89
93  89  89
94  89  89
95  89  89
96  89  89
84  90  89
85  90  89
86  90  89
87  90  89
88  90  89
89  90  89
90  90  89
91  90  89
92  90  89
93  90  89
94  90  89
95  90  89
96  90  89
84  91  89
85  91  89
86  91  89
87  91  89
88  91  89
89  91  89
90  91  89
91  91  89
92  91  89
93  91  89
94  91  89
95  91  89
96  91  89
84  92  89
85  92  89
86  92  89
87  92  89
88  92  89
89  92  89
90  92  89
91  92  89
92  92  89
93  92  89
94  92  89
95  92  89
96  92  89
84  93  89
85  93  89
86  93  89
87  93  89
88  93  89
89  93  89
90  93  89
91  93  89
92  93  89
93  93  89
94  93  89
95  93  89
96  93  89
84  94  89
85  94  89
86  94  89
87  94  89
88  94  89
89  94  89
90  94  89
91  94  89
92  94  89
93  94  89
94  94  89
95  94  89
96  94  89
84  95  89
85  95  89
86  95  89
87  95  89
88  95  89
89  95  89
90  95  89
91  95  89
92  95  89
93  95  89
94  95  89
95  95  89
96  95  89
84  96  89
85  96  89
86  96  89
87  96  89
88  96  89
89  96  89
90  96  89
91  96  89
92  96  89
93  96  89
94  96  89
95  96  89
96  96  89
0  0  90
180  0  90
84  84  90
85  84  90
86  84  90
87  84  90
88  84  90
89  84  90
90  84  90
91  84  90
92  84  90
93  84  90
94  84  90
95  84  90
96  84  90
84  85  90
85  85  90
86  85  90
87  85  90
88  85  90
89  85  90
90  85  90
91  85  90
92  85  90
93  85  90
94  85  90
95  85  90
96  85  90
84  86  90
85  86  90
86  86  90
87  86  90
88  86  90
89  86  90
90  86  90
91  86  90
92  86  90
93  86  90
94  86  90
95  86  90
96  86  90
84  87  90
85  87  90
86  87  90
87  87  90
88  87  90
89  87  90
90  87  90
91  87  90
92  87  90
93  87  90
94  87  90
95  87  90
96  87  90
84  88  90
85  88  90
86  88  90
87  88  90
88  88  90
89  88  90
90  88  90
91  88  90
92  88  90
93  88  90
94  88  90
95  88  90
96  88  90
84  89  90
85  89  90
86  89  90
87  89  90
88  89  90
89  89  90
90  89  90
91  89  90
92  89  90
93  89  90
94  89  90
95  89  90
96  89  90
84  90  90
85  90  90
86  90  90
87  90  90
88  90  90
89  90  90
90  90  90
91  90  90
92  90  90
93  90  90
94  90  90
95  90  90
96  90  90
84  91  90
85  91  90
86  91  90
87  91  90
88  91  90
89  91  90
90  91  90
91  91  90
92  91  90
93  91  90
94  91  90
95  91  90
96  91  90
84  92  90
85  92  90
86  92  90
87  92  90
88  92  90
89  92  90
90  92  90
91  92  90
92  92  90
93  92  90
94  92  90
95  92  90
96  92  90
84  93  90
85  93  90
86  93  90
87  93  90
88  93  90
89  93  90
90  93  90
91  93  90
92  93  90
93  93  90
94  93  90
95  93  90
96  93  90
84  94  90
85  94  90
86  94  90
87  94  90
88  94  90
89  94  90
90  94  90
91  94  90
92  94  90
93  94  90
94  94  90
95  94  90
96  94  90
84  95  90
85  95  90
86  95  90
87  95  90
88  95  90
89  95  90
90  95  90
91  95  90
92  95  90
93  95  90
94  95  90
95  95  90
96  95  90
84  96  90
85  96  90
86  96  90
87  96  90
88  96  90
89  96  90
90  96  90
91  96  90
92  96  90
93  96  90
94  96  90
95  96  90
96  96  90
0  180  90
180  180  90
82  82  82
84  82  82
86  82  82
88  82  82
90  82  82
92  82  82
94  82  82
96  82  82
98  82  82
82  84  82
84  84  82
86  84  82
88  84  82
90  84  82
92  84  82
94  84  82
96  84  82
98  84  82
82  86  82
84  86  82
86  86  82
88  86  82
90  86  82
92  86  82
94  86  82
96  86  82
98  86  82
82  88  82
84  88  82
86  88  82
88  88  82
90  88  82
92  88  82
94  88  82
96  88  82
98  88  82
82  90  82
84  90  82
86  90  82
88  90  82
90  90  82
92  90  82
94  90  82
96  90  82
98  90  82
82  92  82
84  92  82
86  92  82
88  92  82
90  92  82
92  92  82
94  92  82
96  92  82
98  92  82
82  94  82
84  94  82
86  94  82
88  94  82
90  94  82
92  94  82
94  94  82
96  94  82
98  94  82
82  96  82
84  96  82
86  96  82
88  96  82
90  96  82
92  96  82
94  96  82
96  96  82
98  96  82
82  98  82
84  98  82
86  98  82
88  98  82
90  98  82
92  98  82
94  98  82
96  98  82
98  98  82
74  74  74
82  74  74
90  74  74
98  74  74
106  74  74
74  82  74
82  82  74
90  82  74
98  82  74
106  82  74
74  90  74
82  90  74
90  90  74
98  90  74
106  90  74
74  98  74
82  98  74
90  98  74
98  98  74
106  98  74
74  106  74
82  106  74
90  106  74
98  106  74
106  106  74
58  58  58
74  58  58
90  58  58
106  58  58
122  58  58
58  74  58
74  74  58
90  74  58
106  74  58
122  74  58
58  90  58
74  90  58
90  90  58
106  90  58
122  90  58
58  106  58
74  106  58
90  106  58
106  106  58
122  106  58
58  122  58
74  122  58
90  122  58
106  122  58
122  122  58
26  26  26
58  26  26
90  26  26
122  26  26
154  26  26
26  58  26
58  58  26
90  58  26
122  58  26
154  58  26
26  90  26
58  90  26
90  90  26
122  90  26
154  90  26
26  122  26
58  122  26
90  122  26
122  122  26
154  122  26
26  154  26
58  154  26
90  154  26
122  154  26
154  154  26
-6  -6  -6
26  -6  -6
58  -6  -6
90  -6  -6
122  -6  -6
154  -6  -6
186  -6  -6
-6  26  -6
26  26  -6
58  26  -6
90  26  -6
122  26  -6
154  26  -6
186  26  -6
-6  58  -6
26  58  -6
58  58  -6
90  58  -6
122  58  -6
154  58  -6
186  58  -6
-6  90  -6
26  90  -6
58  90  -6
90  90  -6
122  90  -6
154  90  -6
186  90  -6
-6  122  -6
26  122  -6
58  122  -6
90  122  -6
122  122  -6
154  122  -6
186  122  -6
-6  154  -6
26  154  -6
58  154  -6
90  154  -6
122  154  -6
154  154  -6
186  154  -6
-6  186  -6
26  186  -6
58  186  -6
90  186  -6
122  186  -6
154  186  -6
186  186  -6
98  82  84
98  82  86
98  82  88
98  82  90
98  84  84
98  84  86
98  84  88
98  84  90
98  86  84
98  86  86
98  86  88
98  86  90
98  88  84
98  88  86
98  88  88
98  88  90
98  90  84
98  90  86
98  90  88
98  90  90
98  92  84
98  92  86
98  92  88
98  92  90
98  94  84
98  94  86
98  94  88
98  94  90
98  96  84
98  96  86
98  96  88
98  96  90
98  98  84
98  98  86
98  98  88
98  98  90
106  74  82
106  74  90
106  82  82
106  82  90
106  90  82
106  90  90
106  98  82
106  98  90
106  106  82
106  106  90
122  58  74
122  58  90
122  74  74
122  74  90
122  90  74
122  90  90
122  106  74
122  106  90
122  122  74
122  122  90
154  26  58
154  26  90
154  58  58
154  58  90
154  90  58
154  90  90
154  122  58
154  122  90
154  154  58
154  154  90
186  -6  26
186  -6  58
186  -6  90
186  26  26
186  26  58
186  26  90
186  58  26
186  58  58
186  58  90
186  90  26
186  90  58
186  90  90
186  122  26
186  122  58
186  122  90
186  154  26
186  154  58
186  154  90
186  186  26
186  186  58
186  186  90
82  82  84
82  82  86
82  82  88
82  82  90
82  84  84
82  84  86
82  84  88
82  84  90
82  86  84
82  86  86
82  86  88
82  86  90
82  88  84
82  88  86
82  88  88
82  88  90
82  90  84
82  90  86
82  90  88
82  90  90
82  92  84
82  92  86
82  92  88
82  92  90
82  94  84
82  94  86
82  94  88
82  94  90
82  96  84
82  96  86
82  96  88
82  96  90
82  98  84
82  98  86
82  98  88
82  98  90
74  74  82
74  74  90
74  82  82
74  82  90
74  90  82
74  90  90
74  98  82
74  98  90
74  106  82
74  106  90
58  58  74
58  58  90
58  74  74
58  74  90
58  90  74
58  90  90
58  106  74
58  106  90
58  122  74
58  122  90
26  26  58
26  26  90
26  58  58
26  58  90
26  90  58
26  90  90
26  122  58
26  122  90
26  154  58
26  154  90
-6  -6  26
-6  -6  58
-6  -6  90
-6  26  26
-6  26  58
-6  26  90
-6  58  26
-6  58  58
-6  58  90
-6  90  26
-6  90  58
-6  90  90
-6  122  26
-6  122  58
-6  122  90
-6  154  26
-6  154  58
-6  154  90
-6  186  26
-6  186  58
-6  186  90
84  82  84
84  82  86
84  82  88
84  82  90
86  82  84
86  82  86
86  82  88
86  82  90
88  82  84
88  82  86
88  82  88
88  82  90
90  82  84
90  82  86
90  82  88
90  82  90
92  82  84
92  82  86
92  82  88
92  82  90
94  82  84
94  82  86
94  82  88
94  82  90
96  82  84
96  82  86
96  82  88
96  82  90
82  74  82
82  74  90
90  74  82
90  74  90
98  74  82
98  74  90
74  58  74
74  58  90
90  58  74
90  58  90
106  58  74
106  58  90
58  26  58
58  26  90
90  26  58
90  26  90
122  26  58
122  26  90
26  -6  26
26  -6  58
26  -6  90
58  -6  26
58  -6  58
58  -6  90
90  -6  26
90  -6  58
90  -6  90
122  -6  26
122  -6  58
122  -6  90
154  -6  26
154  -6  58
154  -6  90
84  98  84
84  98  86
84  98  88
84  98  90
86  98  84
86  98  86
86  98  88
86  98  90
88  98  84
88  98  86
88  98  88
88  98  90
90  98  84
90  98  86
90  98  88
90  98  90
92  98  84
92  98  86
92  98  88
92  98  90
94  98  84
94  98  86
94  98  88
94  98  90
96  98  84
96  98  86
96  98  88
96  98  90
82  106  82
82  106  90
90  106  82
90  106  90
98  106  82
98  106  90
74  122  74
74  122  90
90  122  74
90  122  90
106  122  74
106  122  90
58  154  58
58  154  90
90  154  58
90  154  90
122  154  58
122  154  90
26  186  26
26  186  58
26  186  90
58  186  26
58  186  58
58  186  90
90  186  26
90  186  58
90  186  90
122  186  26
122  186  58
122  186  90
154  186  26
154  186  58
154  186  90
