0  0  0
48  0  0
0  48  0
48  48  0
22  22  22
23  22  22
24  22  22
25  22  22
26  22  22
22  23  22
23  23  22
24  23  22
25  23  22
26  23  22
22  24  22
23  24  22
24  24  22
25  24  22
26  24  22
22  25  22
23  25  22
24  25  22
25  25  22
26  25  22
22  26  22
23  26  22
24  26  22
25  26  22
26  26  22
22  22  23
23  22  23
24  22  23
25  22  23
26  22  23
22  23  23
23  23  23
24  23  23
25  23  23
26  23  23
22  24  23
23  24  23
24  24  23
25  24  23
26  24  23
22  25  23
23  25  23
24  25  23
25  25  23
26  25  23
22  26  23
23  26  23
24  26  23
25  26  23
26  26  23
0  0  24
48  0  24
22  22  24
23  22  24
24  22  24
25  22  24
26  22  24
22  23  24
23  23  24
24  23  24
25  23  24
26  23  24
22  24  24
23  24  24
24  24  24
25  24  24
26  24  24
22  25  24
23  25  24
24  25  24
25  25  24
26  25  24
22  26  24
23  26  24
24  26  24
25  26  24
26  26  24
0  48  24
48  48  24
20  20  20
22  20  20
24  20  20
26  20  20
28  20  20
20  22  20
22  22  20
24  22  20
26  22  20
28  22  20
20  24  20
22  24  20
24  24  20
26  24  20
28  24  20
20  26  20
22  26  20
24  26  20
26  26  20
28  26  20
20  28  20
22  28  20
24  28  20
26  28  20
28  28  20
12  12  12
20  12  12
28  12  12
36  12  12
12  20  12
20  20  12
28  20  12
36  20  12
12  28  12
20  28  12
28  28  12
36  28  12
12  36  12
20  36  12
28  36  12
36  36  12
12  0  0
24  0  0
36  0  0
0  12  0
12  12  0
24  12  0
36  12  0
48  12  0
0  24  0
12  24  0
24  24  0
36  24  0
48  24  0
0  36  0
12  36  0
24  36  0
36  36  0
48  36  0
12  48  0
24  48  0
36  48  0
28  20  22
28  20  24
28  22  22
28  22  24
28  24  22
28  24  24
28  26  22
28  26  24
28  28  22
28  28  24
36  12  20
36  20  20
36  28  20
36  36  20
48  0  12
48  12  12
48  12  24
48  24  12
48  24  24
48  36  12
48  36  24
48  48  12
20  20  22
20  20  24
20  22  22
20  22  24
20  24  22
20  24  24
20  26  22
20  26  24
20  28  22
20  28  24
12  12  20
12  20  20
12  28  20
12  36  20
0  0  12
0  12  12
0  12  24
0  24  12
0  24  24
0  36  12
0  36  24
0  48  12
22  20  22
22  20  24
24  20  22
24  20  24
26  20  22
26  20  24
20  12  20
28  12  20
12  0  12
12  0  24
24  0  12
24  0  24
36  0  12
36  0  24
22  28  22
22  28  24
24  28  22
24  28  24
26  28  22
26  28  24
20  36  20
28  36  20
12  48  12
12  48  24
24  48  12
24  48  24
36  48  12
36  48  24
0  0  48
48  0  48
0  48  48
48  48  48
22  22  26
23  22  26
24  22  26
25  22  26
26  22  26
22  23  26
23  23  26
24  23  26
25  23  26
26  23  26
22  24  26
23  24  26
24  24  26
25  24  26
26  24  26
22  25  26
23  25  26
24  25  26
25  25  26
26  25  26
22  26  26
23  26  26
24  26  26
25  26  26
26  26  26
22  22  25
23  22  25
24  22  25
25  22  25
26  22  25
22  23  25
23  23  25
24  23  25
25  23  25
26  23  25
22  24  25
23  24  25
24  24  25
25  24  25
26  24  25
22  25  25
23  25  25
24  25  25
25  25  25
26  25  25
22  26  25
23  26  25
24  26  25
25  26  25
26  26  25
20  20  28
22  20  28
24  20  28
26  20  28
28  20  28
20  22  28
22  22  28
24  22  28
26  22  28
28  22  28
20  24  28
22  24  28
24  24  28
26  24  28
28  24  28
20  26  28
22  26  28
24  26  28
26  26  28
28  26  28
20  28  28
22  28  28
24  28  28
26  28  28
28  28  28
12  12  36
20  12  36
28  12  36
36  12  36
12  20  36
20  20  36
28  20  36
36  20  36
12  28  36
20  28  36
28  28  36
36  28  36
12  36  36
20  36  36
28  36  36
36  36  36
12  0  48
24  0  48
36  0  48
0  12  48
12  12  48
24  12  48
36  12  48
48  12  48
0  24  48
12  24  48
24  24  48
36  24  48
48  24  48
0  36  48
12  36  48
24  36  48
36  36  48
48  36  48
12  48  48
24  48  48
36  48  48
28  20  26
28  22  26
28  24  26
28  26  26
28  28  26
36  12  28
36  20  28
36  28  28
36  36  28
48  0  36
48  12  36
48  24  36
48  36  36
48  48  36
20  20  26
20  22  26
20  24  26
20  26  26
20  28  26
12  12  28
12  20  28
12  28  28
12  36  28
0  0  36
0  12  36
0  24  36
0  36  36
0  48  36
22  20  26
24  20  26
26  20  26
20  12  28
28  12  28
12  0  36
24  0  36
36  0  36
22  28  26
24  28  26
26  28  26
20  36  28
28  36  28
12  48  36
24  48  36
36  48  36
