This file contains any messages produced by compilers while
running configure, to aid debugging if configure makes a mistake.

It was created by configure, which was
generated by GNU Autoconf 2.69.  Invocation command line was

  $ /home/grasinge/Dev/qc/QuasiSRC/triangulation_server/src/configure --disable-option-checking --prefix=/usr/local CXXFLAGS=-std=c++14 -O3 -Wall -Wextra F77=ifort --cache-file=/dev/null --srcdir=/home/grasinge/Dev/qc/QuasiSRC/triangulation_server/src

## --------- ##
## Platform. ##
## --------- ##

hostname = br006.pvt.bridges.psc.edu
uname -m = x86_64
uname -r = 3.10.0-327.4.5.el7.x86_64
uname -s = Linux
uname -v = #1 SMP Thu Nov 3 16:18:35 EDT 2016

/usr/bin/uname -p = x86_64
/bin/uname -X     = unknown

/bin/arch              = x86_64
/usr/bin/arch -k       = unknown
/usr/convex/getsysinfo = unknown
/usr/bin/hostinfo      = unknown
/bin/machine           = unknown
/usr/bin/oslevel       = unknown
/bin/universe          = unknown

PATH: /usr/lib64/qt-3.3/bin
PATH: /opt/intel/compilers_and_libraries_2016.3.210/linux/mpi/intel64/bin
PATH: /opt/intel/compilers_and_libraries_2016.3.210/linux/bin/intel64
PATH: /opt/intel/debugger_2016/gdb/intel64_mic/bin
PATH: /opt/packages/slurm/15.08.8/bin
PATH: /opt/packages/allocations
PATH: /opt/packages/interact/bin
PATH: /usr/lib64/ccache
PATH: /usr/local/bin
PATH: /usr/bin
PATH: /usr/local/sbin
PATH: /usr/sbin
PATH: /opt/puppetlabs/puppet/bin
PATH: /opt/packages/slash2/psc/sbin
PATH: /opt/puppetlabs/bin
PATH: ./
PATH: /home/grasinge/.local/bin
PATH: /home/grasinge/bin


## ----------- ##
## Core tests. ##
## ----------- ##

configure:2579: checking for a BSD-compatible install
configure:2647: result: /usr/bin/install -c
configure:2658: checking whether build environment is sane
configure:2713: result: yes
configure:2864: checking for a thread-safe mkdir -p
configure:2903: result: /usr/bin/mkdir -p
configure:2910: checking for gawk
configure:2926: found /usr/bin/gawk
configure:2937: result: gawk
configure:2948: checking whether make sets $(MAKE)
configure:2970: result: yes
configure:2999: checking whether make supports nested variables
configure:3016: result: yes
configure:3144: checking whether to enable maintainer-specific portions of Makefiles
configure:3153: result: no
configure:3170: checking build system type
configure:3184: result: x86_64-pc-linux-gnu
configure:3204: checking host system type
configure:3217: result: x86_64-pc-linux-gnu
configure:3243: checking whether make sets $(MAKE)
configure:3265: result: yes
configure:3308: checking whether to enable debugging
configure:3327: result: no
configure:3352: checking whether to use 64-bit compiler mode
configure:3365: result: no
configure:3452: checking for xlc_r
configure:3482: result: no
configure:3452: checking for cc
configure:3468: found /usr/lib64/ccache/cc
configure:3479: result: cc
configure:3510: checking for C compiler version
configure:3519: cc --version >&5
cc (GCC) 4.8.5 20150623 (Red Hat 4.8.5-4)
Copyright (C) 2015 Free Software Foundation, Inc.
This is free software; see the source for copying conditions.  There is NO
warranty; not even for MERCHANTABILITY or FITNESS FOR A PARTICULAR PURPOSE.

configure:3530: $? = 0
configure:3519: cc -v >&5
Using built-in specs.
COLLECT_GCC=/usr/bin/cc
COLLECT_LTO_WRAPPER=/usr/libexec/gcc/x86_64-redhat-linux/4.8.5/lto-wrapper
Target: x86_64-redhat-linux
Configured with: ../configure --prefix=/usr --mandir=/usr/share/man --infodir=/usr/share/info --with-bugurl=http://bugzilla.redhat.com/bugzilla --enable-bootstrap --enable-shared --enable-threads=posix --enable-checking=release --with-system-zlib --enable-__cxa_atexit --disable-libunwind-exceptions --enable-gnu-unique-object --enable-linker-build-id --with-linker-hash-style=gnu --enable-languages=c,c++,objc,obj-c++,java,fortran,ada,go,lto --enable-plugin --enable-initfini-array --disable-libgcj --with-isl=/builddir/build/BUILD/gcc-4.8.5-20150702/obj-x86_64-redhat-linux/isl-install --with-cloog=/builddir/build/BUILD/gcc-4.8.5-20150702/obj-x86_64-redhat-linux/cloog-install --enable-gnu-indirect-function --with-tune=generic --with-arch_32=x86-64 --build=x86_64-redhat-linux
Thread model: posix
gcc version 4.8.5 20150623 (Red Hat 4.8.5-4) (GCC) 
configure:3530: $? = 0
configure:3519: cc -V >&5
cc: error: unrecognized command line option '-V'
cc: fatal error: no input files
compilation terminated.
configure:3530: $? = 4
configure:3519: cc -qversion >&5
cc: error: unrecognized command line option '-qversion'
cc: fatal error: no input files
compilation terminated.
configure:3530: $? = 4
configure:3550: checking whether the C compiler works
configure:3572: cc    conftest.c  >&5
configure:3576: $? = 0
configure:3624: result: yes
configure:3627: checking for C compiler default output file name
configure:3629: result: a.out
configure:3635: checking for suffix of executables
configure:3642: cc -o conftest    conftest.c  >&5
configure:3646: $? = 0
configure:3668: result: 
configure:3690: checking whether we are cross compiling
configure:3698: cc -o conftest    conftest.c  >&5
configure:3702: $? = 0
configure:3709: ./conftest
configure:3713: $? = 0
configure:3728: result: no
configure:3733: checking for suffix of object files
configure:3755: cc -c   conftest.c >&5
configure:3759: $? = 0
configure:3780: result: o
configure:3784: checking whether we are using the GNU C compiler
configure:3803: cc -c   conftest.c >&5
configure:3803: $? = 0
configure:3812: result: yes
configure:3821: checking whether cc accepts -g
configure:3841: cc -c -g  conftest.c >&5
configure:3841: $? = 0
configure:3882: result: yes
configure:3899: checking for cc option to accept ISO C89
configure:3962: cc  -c -g -O2  conftest.c >&5
configure:3962: $? = 0
configure:3975: result: none needed
configure:4000: checking whether cc understands -c and -o together
configure:4022: cc -c conftest.c -o conftest2.o
configure:4025: $? = 0
configure:4022: cc -c conftest.c -o conftest2.o
configure:4025: $? = 0
configure:4037: result: yes
configure:4065: checking for style of include used by make
configure:4093: result: GNU
configure:4119: checking dependency style of cc
configure:4230: result: gcc3
configure:4249: checking how to run the C preprocessor
configure:4280: cc -E  conftest.c
configure:4280: $? = 0
configure:4294: cc -E  conftest.c
conftest.c:11:28: fatal error: ac_nonexistent.h: No such file or directory
 #include <ac_nonexistent.h>
                            ^
compilation terminated.
configure:4294: $? = 1
configure: failed program was:
| /* confdefs.h */
| #define PACKAGE_NAME ""
| #define PACKAGE_TARNAME ""
| #define PACKAGE_VERSION ""
| #define PACKAGE_STRING ""
| #define PACKAGE_BUGREPORT ""
| #define PACKAGE_URL ""
| #define PACKAGE ""
| #define VERSION " "
| /* end confdefs.h.  */
| #include <ac_nonexistent.h>
configure:4319: result: cc -E
configure:4339: cc -E  conftest.c
configure:4339: $? = 0
configure:4353: cc -E  conftest.c
conftest.c:11:28: fatal error: ac_nonexistent.h: No such file or directory
 #include <ac_nonexistent.h>
                            ^
compilation terminated.
configure:4353: $? = 1
configure: failed program was:
| /* confdefs.h */
| #define PACKAGE_NAME ""
| #define PACKAGE_TARNAME ""
| #define PACKAGE_VERSION ""
| #define PACKAGE_STRING ""
| #define PACKAGE_BUGREPORT ""
| #define PACKAGE_URL ""
| #define PACKAGE ""
| #define VERSION " "
| /* end confdefs.h.  */
| #include <ac_nonexistent.h>
configure:4511: checking for CC
configure:4541: result: no
configure:4511: checking for aCC
configure:4541: result: no
configure:4511: checking for cxx
configure:4541: result: no
configure:4511: checking for xlC_r
configure:4541: result: no
configure:4511: checking for c++
configure:4527: found /usr/lib64/ccache/c++
configure:4538: result: c++
configure:4565: checking for C++ compiler version
configure:4574: c++ --version >&5
c++ (GCC) 4.8.5 20150623 (Red Hat 4.8.5-4)
Copyright (C) 2015 Free Software Foundation, Inc.
This is free software; see the source for copying conditions.  There is NO
warranty; not even for MERCHANTABILITY or FITNESS FOR A PARTICULAR PURPOSE.

configure:4585: $? = 0
configure:4574: c++ -v >&5
Using built-in specs.
COLLECT_GCC=/usr/bin/c++
COLLECT_LTO_WRAPPER=/usr/libexec/gcc/x86_64-redhat-linux/4.8.5/lto-wrapper
Target: x86_64-redhat-linux
Configured with: ../configure --prefix=/usr --mandir=/usr/share/man --infodir=/usr/share/info --with-bugurl=http://bugzilla.redhat.com/bugzilla --enable-bootstrap --enable-shared --enable-threads=posix --enable-checking=release --with-system-zlib --enable-__cxa_atexit --disable-libunwind-exceptions --enable-gnu-unique-object --enable-linker-build-id --with-linker-hash-style=gnu --enable-languages=c,c++,objc,obj-c++,java,fortran,ada,go,lto --enable-plugin --enable-initfini-array --disable-libgcj --with-isl=/builddir/build/BUILD/gcc-4.8.5-20150702/obj-x86_64-redhat-linux/isl-install --with-cloog=/builddir/build/BUILD/gcc-4.8.5-20150702/obj-x86_64-redhat-linux/cloog-install --enable-gnu-indirect-function --with-tune=generic --with-arch_32=x86-64 --build=x86_64-redhat-linux
Thread model: posix
gcc version 4.8.5 20150623 (Red Hat 4.8.5-4) (GCC) 
configure:4585: $? = 0
configure:4574: c++ -V >&5
c++: error: unrecognized command line option '-V'
c++: fatal error: no input files
compilation terminated.
configure:4585: $? = 4
configure:4574: c++ -qversion >&5
c++: error: unrecognized command line option '-qversion'
c++: fatal error: no input files
compilation terminated.
configure:4585: $? = 4
configure:4589: checking whether we are using the GNU C++ compiler
configure:4608: c++ -c -std=c++14 -O3 -Wall -Wextra  conftest.cpp >&5
c++: error: unrecognized command line option '-std=c++14'
configure:4608: $? = 1
configure: failed program was:
| /* confdefs.h */
| #define PACKAGE_NAME ""
| #define PACKAGE_TARNAME ""
| #define PACKAGE_VERSION ""
| #define PACKAGE_STRING ""
| #define PACKAGE_BUGREPORT ""
| #define PACKAGE_URL ""
| #define PACKAGE ""
| #define VERSION " "
| /* end confdefs.h.  */
| 
| int
| main ()
| {
| #ifndef __GNUC__
|        choke me
| #endif
| 
|   ;
|   return 0;
| }
configure:4617: result: no
configure:4626: checking whether c++ accepts -g
configure:4646: c++ -c -g  conftest.cpp >&5
configure:4646: $? = 0
configure:4687: result: yes
configure:4712: checking dependency style of c++
configure:4823: result: gcc3
configure:4842: checking how to run the C++ preprocessor
configure:4869: c++ -E  conftest.cpp
configure:4869: $? = 0
configure:4883: c++ -E  conftest.cpp
conftest.cpp:11:28: fatal error: ac_nonexistent.h: No such file or directory
 #include <ac_nonexistent.h>
                            ^
compilation terminated.
configure:4883: $? = 1
configure: failed program was:
| /* confdefs.h */
| #define PACKAGE_NAME ""
| #define PACKAGE_TARNAME ""
| #define PACKAGE_VERSION ""
| #define PACKAGE_STRING ""
| #define PACKAGE_BUGREPORT ""
| #define PACKAGE_URL ""
| #define PACKAGE ""
| #define VERSION " "
| /* end confdefs.h.  */
| #include <ac_nonexistent.h>
configure:4908: result: c++ -E
configure:4928: c++ -E  conftest.cpp
configure:4928: $? = 0
configure:4942: c++ -E  conftest.cpp
conftest.cpp:11:28: fatal error: ac_nonexistent.h: No such file or directory
 #include <ac_nonexistent.h>
                            ^
compilation terminated.
configure:4942: $? = 1
configure: failed program was:
| /* confdefs.h */
| #define PACKAGE_NAME ""
| #define PACKAGE_TARNAME ""
| #define PACKAGE_VERSION ""
| #define PACKAGE_STRING ""
| #define PACKAGE_BUGREPORT ""
| #define PACKAGE_URL ""
| #define PACKAGE ""
| #define VERSION " "
| /* end confdefs.h.  */
| #include <ac_nonexistent.h>
configure:5171: checking for Fortran 77 compiler version
configure:5180: ifort --version >&5
ifort (IFORT) 16.0.3 20160415
Copyright (C) 1985-2016 Intel Corporation.  All rights reserved.

configure:5191: $? = 0
configure:5180: ifort -v >&5
ifort version 16.0.3
configure:5191: $? = 0
configure:5180: ifort -V >&5
Intel(R) Fortran Intel(R) 64 Compiler for applications running on Intel(R) 64, Version 16.0.3.210 Build 20160415
Copyright (C) 1985-2016 Intel Corporation.  All rights reserved.

configure:5191: $? = 0
configure:5180: ifort -qversion >&5
ifort: command line warning #10006: ignoring unknown option '-qversion'
ifort: command line error: no files specified; for help type "ifort -help"
configure:5191: $? = 1
configure:5200: checking whether we are using the GNU Fortran 77 compiler
configure:5213: ifort -c  conftest.F >&5
conftest.F(3): error #5082: Syntax error, found END-OF-STATEMENT when expecting one of: => = . [ % ( :
       choke me
---------------^
compilation aborted for conftest.F (code 1)
configure:5213: $? = 1
configure: failed program was:
|       program main
| #ifndef __GNUC__
|        choke me
| #endif
| 
|       end
configure:5222: result: no
configure:5228: checking whether ifort accepts -g
configure:5239: ifort -c -g conftest.f >&5
configure:5239: $? = 0
configure:5247: result: yes
configure:5358: checking how to get verbose linking output from ifort
configure:5368: ifort -c -O conftest.f >&5
configure:5368: $? = 0
configure:5386: ifort -o conftest -O -v conftest.f
ifort version 16.0.3
/opt/intel/compilers_and_libraries_2016.3.210/linux/bin/intel64/fortcom    -D__INTEL_COMPILER=1600 -D__INTEL_COMPILER_UPDATE=3 -D__unix__ -D__unix -D__linux__ -D__linux -D__gnu_linux__ -Dunix -Dlinux -D__ELF__ -D__x86_64 -D__x86_64__ -D__amd64 -D__amd64__ -D__INTEL_COMPILER_BUILD_DATE=20160415 -D__INTEL_OFFLOAD -D__i686 -D__i686__ -D__pentiumpro -D__pentiumpro__ -D__pentium4 -D__pentium4__ -D__tune_pentium4__ -D__SSE2__ -D__SSE2_MATH__ -D__SSE__ -D__SSE_MATH__ -D__MMX__ -mGLOB_pack_sort_init_list -I. -I/opt/intel/compilers_and_libraries_2016.3.210/linux/ipp/include -I/opt/intel/compilers_and_libraries_2016.3.210/linux/mkl/include -I/opt/intel/compilers_and_libraries_2016.3.210/linux/tbb/include -I/opt/intel/compilers_and_libraries_2016.3.210/linux/daal/include -I/home/grasinge/include -I/opt/intel/compilers_and_libraries_2016.3.210/linux/compiler/include/intel64 -I/opt/intel/compilers_and_libraries_2016.3.210/linux/compiler/include -I/usr/local/include -I/usr/lib/gcc/x86_64-redhat-linux/4.8.5/include -I/usr/include/ -I/usr/include -O2 -simd -offload_host -mGLOB_em64t=TRUE -mP1OPT_version=16.0-intel64 -mGLOB_diag_file=/tmp/ifort0qlR6k.diag -mGLOB_source_language=GLOB_SOURCE_LANGUAGE_F90 -mP2OPT_static_promotion -mP1OPT_print_version=FALSE -mCG_use_gas_got_workaround=F -mP2OPT_align_option_used=TRUE -mGLOB_gcc_version=485 "-mGLOB_options_string=-o conftest -O -v" -mGLOB_cxx_limited_range=FALSE -mCG_extend_parms=FALSE -mGLOB_compiler_bin_directory=/opt/intel/compilers_and_libraries_2016.3.210/linux/bin/intel64 -mGLOB_as_output_backup_file_name=/tmp/ifortFc20Njas_.s -mGLOB_dashboard_use_source_name -mIPOPT_activate -mIPOPT_lite -mGLOB_instruction_tuning=0x0 -mGLOB_product_id_code=0x22006d8f -mCG_bnl_movbe=T -mGLOB_extended_instructions=0x8 -mP3OPT_use_mspp_call_convention -mP2OPT_subs_out_of_bound=FALSE -mP2OPT_disam_type_based_disam=2 -mGLOB_ansi_alias -mPGOPTI_value_profile_use=T -mGLOB_opt_report_use_source_name -mP2OPT_il0_array_sections=TRUE -mGLOB_offload_mode=1 -mP2OPT_offload_unique_var_string=ifort0101710380669q4EKSq -mGLOB_opt_level=2 -mP2OPT_hlo_level=2 -mP2OPT_hlo -mP2OPT_hpo_rtt_control=0 -mIPOPT_args_in_regs=0 -mP2OPT_disam_assume_nonstd_intent_in=FALSE -mGLOB_imf_mapping_library=/opt/intel/compilers_and_libraries_2016.3.210/linux/bin/intel64/libiml_attr.so -mIPOPT_single_file_compile_and_link=TRUE -mPGOPTI_gen_threadsafe_level=0 -mIPOPT_lto_object_enabled -mIPOPT_lto_object_value=1 -mIPOPT_obj_output_file_name=/tmp/ifort0qlR6k.o -mIPOPT_whole_archive_fixup_file_name=/tmp/ifortwarchkB1Kvi -mGLOB_linker_version=2.23.52.0.1 -mGLOB_long_size_64 -mGLOB_routine_pointer_size_64 -mGLOB_driver_tempfile_name=/tmp/iforttempfile8p9IRM -mP3OPT_asm_target=P3OPT_ASM_TARGET_GAS -mGLOB_async_unwind_tables=TRUE -mGLOB_obj_output_file=/tmp/ifort0qlR6k.o -mGLOB_source_dialect=GLOB_SOURCE_DIALECT_FORTRAN -mP1OPT_source_file_name=conftest.f -mP2OPT_symtab_type_copy=true conftest.f
#include "..." search starts here:
#include <...> search starts here:
 .
 /opt/intel/compilers_and_libraries_2016.3.210/linux/ipp/include
 /opt/intel/compilers_and_libraries_2016.3.210/linux/mkl/include
 /opt/intel/compilers_and_libraries_2016.3.210/linux/tbb/include
 /opt/intel/compilers_and_libraries_2016.3.210/linux/daal/include
 /home/grasinge/include
 /opt/intel/compilers_and_libraries_2016.3.210/linux/compiler/include/intel64
 /opt/intel/compilers_and_libraries_2016.3.210/linux/compiler/include
 /usr/local/include
 /usr/lib/gcc/x86_64-redhat-linux/4.8.5/include
 /usr/include/
 /usr/include
End of search list.
ld    /usr/lib/gcc/x86_64-redhat-linux/4.8.5/../../../../lib64/crt1.o /usr/lib/gcc/x86_64-redhat-linux/4.8.5/../../../../lib64/crti.o /usr/lib/gcc/x86_64-redhat-linux/4.8.5/crtbegin.o --eh-frame-hdr --build-id -dynamic-linker /lib64/ld-linux-x86-64.so.2 -m elf_x86_64 -o conftest /opt/intel/compilers_and_libraries_2016.3.210/linux/compiler/lib/intel64_lin/for_main.o -L/opt/intel/compilers_and_libraries_2016.3.210/linux/ipp/lib/intel64 -L/opt/intel/compilers_and_libraries_2016.3.210/linux/compiler/lib/intel64 -L/opt/intel/compilers_and_libraries_2016.3.210/linux/mkl/lib/intel64 -L/opt/intel/compilers_and_libraries_2016.3.210/linux/tbb/lib/intel64/gcc4.4 -L/opt/intel/debugger_2016/libipt/intel64/lib -L/opt/intel/compilers_and_libraries_2016.3.210/linux/daal/lib/intel64_lin -L/opt/intel/compilers_and_libraries_2016.3.210/linux/tbb/lib/intel64_lin/gcc4.4 -L/opt/intel/compilers_and_libraries_2016.3.210/linux/compiler/lib/intel64_lin -L/opt/intel/compilers_and_libraries_2016.3.210/linux/compiler/lib/intel64_lin -L/usr/lib/gcc/x86_64-redhat-linux/4.8.5/ -L/usr/lib/gcc/x86_64-redhat-linux/4.8.5/../../../../lib64 -L/usr/lib/gcc/x86_64-redhat-linux/4.8.5/../../../../lib64/ -L/lib/../lib64 -L/lib/../lib64/ -L/usr/lib/../lib64 -L/usr/lib/../lib64/ -L/opt/intel/compilers_and_libraries_2016.3.210/linux/ipp/lib/intel64/ -L/opt/intel/compilers_and_libraries_2016.3.210/linux/compiler/lib/intel64/ -L/opt/intel/compilers_and_libraries_2016.3.210/linux/mkl/lib/intel64/ -L/opt/intel/compilers_and_libraries_2016.3.210/linux/tbb/lib/intel64/gcc4.4/ -L/opt/intel/debugger_2016/libipt/intel64/lib/ -L/opt/intel/compilers_and_libraries_2016.3.210/linux/daal/lib/intel64_lin/ -L/opt/intel/compilers_and_libraries_2016.3.210/linux/tbb/lib/intel64_lin/gcc4.4/ -L/opt/intel/compilers_and_libraries_2016.3.210/linux/compiler/lib/intel64_lin/ -L/usr/lib/gcc/x86_64-redhat-linux/4.8.5/../../../ -L/lib64 -L/lib/ -L/usr/lib64 -L/usr/lib /tmp/ifort0qlR6k.o -Bdynamic -Bstatic -lifport -lifcore -limf -lsvml -Bdynamic -lm -Bstatic -lipgo -lirc -Bdynamic -lpthread -Bstatic -lsvml -Bdynamic -lc -lgcc -lgcc_s -Bstatic -lirc_s -Bdynamic -ldl -lc /usr/lib/gcc/x86_64-redhat-linux/4.8.5/crtend.o /usr/lib/gcc/x86_64-redhat-linux/4.8.5/../../../../lib64/crtn.o
configure:5469: result: -v
configure:5471: checking for Fortran 77 libraries of ifort
configure:5494: ifort -o conftest -O -v conftest.f
ifort version 16.0.3
/opt/intel/compilers_and_libraries_2016.3.210/linux/bin/intel64/fortcom    -D__INTEL_COMPILER=1600 -D__INTEL_COMPILER_UPDATE=3 -D__unix__ -D__unix -D__linux__ -D__linux -D__gnu_linux__ -Dunix -Dlinux -D__ELF__ -D__x86_64 -D__x86_64__ -D__amd64 -D__amd64__ -D__INTEL_COMPILER_BUILD_DATE=20160415 -D__INTEL_OFFLOAD -D__i686 -D__i686__ -D__pentiumpro -D__pentiumpro__ -D__pentium4 -D__pentium4__ -D__tune_pentium4__ -D__SSE2__ -D__SSE2_MATH__ -D__SSE__ -D__SSE_MATH__ -D__MMX__ -mGLOB_pack_sort_init_list -I. -I/opt/intel/compilers_and_libraries_2016.3.210/linux/ipp/include -I/opt/intel/compilers_and_libraries_2016.3.210/linux/mkl/include -I/opt/intel/compilers_and_libraries_2016.3.210/linux/tbb/include -I/opt/intel/compilers_and_libraries_2016.3.210/linux/daal/include -I/home/grasinge/include -I/opt/intel/compilers_and_libraries_2016.3.210/linux/compiler/include/intel64 -I/opt/intel/compilers_and_libraries_2016.3.210/linux/compiler/include -I/usr/local/include -I/usr/lib/gcc/x86_64-redhat-linux/4.8.5/include -I/usr/include/ -I/usr/include -O2 -simd -offload_host -mGLOB_em64t=TRUE -mP1OPT_version=16.0-intel64 -mGLOB_diag_file=/tmp/iforthgzEdO.diag -mGLOB_source_language=GLOB_SOURCE_LANGUAGE_F90 -mP2OPT_static_promotion -mP1OPT_print_version=FALSE -mCG_use_gas_got_workaround=F -mP2OPT_align_option_used=TRUE -mGLOB_gcc_version=485 "-mGLOB_options_string=-o conftest -O -v" -mGLOB_cxx_limited_range=FALSE -mCG_extend_parms=FALSE -mGLOB_compiler_bin_directory=/opt/intel/compilers_and_libraries_2016.3.210/linux/bin/intel64 -mGLOB_as_output_backup_file_name=/tmp/ifortqadd5Oas_.s -mGLOB_dashboard_use_source_name -mIPOPT_activate -mIPOPT_lite -mGLOB_instruction_tuning=0x0 -mGLOB_product_id_code=0x22006d8f -mCG_bnl_movbe=T -mGLOB_extended_instructions=0x8 -mP3OPT_use_mspp_call_convention -mP2OPT_subs_out_of_bound=FALSE -mP2OPT_disam_type_based_disam=2 -mGLOB_ansi_alias -mPGOPTI_value_profile_use=T -mGLOB_opt_report_use_source_name -mP2OPT_il0_array_sections=TRUE -mGLOB_offload_mode=1 -mP2OPT_offload_unique_var_string=ifort0101612375103iXFlhL -mGLOB_opt_level=2 -mP2OPT_hlo_level=2 -mP2OPT_hlo -mP2OPT_hpo_rtt_control=0 -mIPOPT_args_in_regs=0 -mP2OPT_disam_assume_nonstd_intent_in=FALSE -mGLOB_imf_mapping_library=/opt/intel/compilers_and_libraries_2016.3.210/linux/bin/intel64/libiml_attr.so -mIPOPT_single_file_compile_and_link=TRUE -mPGOPTI_gen_threadsafe_level=0 -mIPOPT_lto_object_enabled -mIPOPT_lto_object_value=1 -mIPOPT_obj_output_file_name=/tmp/iforthgzEdO.o -mIPOPT_whole_archive_fixup_file_name=/tmp/ifortwarchMCglXP -mGLOB_linker_version=2.23.52.0.1 -mGLOB_long_size_64 -mGLOB_routine_pointer_size_64 -mGLOB_driver_tempfile_name=/tmp/iforttempfilep8avol -mP3OPT_asm_target=P3OPT_ASM_TARGET_GAS -mGLOB_async_unwind_tables=TRUE -mGLOB_obj_output_file=/tmp/iforthgzEdO.o -mGLOB_source_dialect=GLOB_SOURCE_DIALECT_FORTRAN -mP1OPT_source_file_name=conftest.f -mP2OPT_symtab_type_copy=true conftest.f
#include "..." search starts here:
#include <...> search starts here:
 .
 /opt/intel/compilers_and_libraries_2016.3.210/linux/ipp/include
 /opt/intel/compilers_and_libraries_2016.3.210/linux/mkl/include
 /opt/intel/compilers_and_libraries_2016.3.210/linux/tbb/include
 /opt/intel/compilers_and_libraries_2016.3.210/linux/daal/include
 /home/grasinge/include
 /opt/intel/compilers_and_libraries_2016.3.210/linux/compiler/include/intel64
 /opt/intel/compilers_and_libraries_2016.3.210/linux/compiler/include
 /usr/local/include
 /usr/lib/gcc/x86_64-redhat-linux/4.8.5/include
 /usr/include/
 /usr/include
End of search list.
ld    /usr/lib/gcc/x86_64-redhat-linux/4.8.5/../../../../lib64/crt1.o /usr/lib/gcc/x86_64-redhat-linux/4.8.5/../../../../lib64/crti.o /usr/lib/gcc/x86_64-redhat-linux/4.8.5/crtbegin.o --eh-frame-hdr --build-id -dynamic-linker /lib64/ld-linux-x86-64.so.2 -m elf_x86_64 -o conftest /opt/intel/compilers_and_libraries_2016.3.210/linux/compiler/lib/intel64_lin/for_main.o -L/opt/intel/compilers_and_libraries_2016.3.210/linux/ipp/lib/intel64 -L/opt/intel/compilers_and_libraries_2016.3.210/linux/compiler/lib/intel64 -L/opt/intel/compilers_and_libraries_2016.3.210/linux/mkl/lib/intel64 -L/opt/intel/compilers_and_libraries_2016.3.210/linux/tbb/lib/intel64/gcc4.4 -L/opt/intel/debugger_2016/libipt/intel64/lib -L/opt/intel/compilers_and_libraries_2016.3.210/linux/daal/lib/intel64_lin -L/opt/intel/compilers_and_libraries_2016.3.210/linux/tbb/lib/intel64_lin/gcc4.4 -L/opt/intel/compilers_and_libraries_2016.3.210/linux/compiler/lib/intel64_lin -L/opt/intel/compilers_and_libraries_2016.3.210/linux/compiler/lib/intel64_lin -L/usr/lib/gcc/x86_64-redhat-linux/4.8.5/ -L/usr/lib/gcc/x86_64-redhat-linux/4.8.5/../../../../lib64 -L/usr/lib/gcc/x86_64-redhat-linux/4.8.5/../../../../lib64/ -L/lib/../lib64 -L/lib/../lib64/ -L/usr/lib/../lib64 -L/usr/lib/../lib64/ -L/opt/intel/compilers_and_libraries_2016.3.210/linux/ipp/lib/intel64/ -L/opt/intel/compilers_and_libraries_2016.3.210/linux/compiler/lib/intel64/ -L/opt/intel/compilers_and_libraries_2016.3.210/linux/mkl/lib/intel64/ -L/opt/intel/compilers_and_libraries_2016.3.210/linux/tbb/lib/intel64/gcc4.4/ -L/opt/intel/debugger_2016/libipt/intel64/lib/ -L/opt/intel/compilers_and_libraries_2016.3.210/linux/daal/lib/intel64_lin/ -L/opt/intel/compilers_and_libraries_2016.3.210/linux/tbb/lib/intel64_lin/gcc4.4/ -L/opt/intel/compilers_and_libraries_2016.3.210/linux/compiler/lib/intel64_lin/ -L/usr/lib/gcc/x86_64-redhat-linux/4.8.5/../../../ -L/lib64 -L/lib/ -L/usr/lib64 -L/usr/lib /tmp/iforthgzEdO.o -Bdynamic -Bstatic -lifport -lifcore -limf -lsvml -Bdynamic -lm -Bstatic -lipgo -lirc -Bdynamic -lpthread -Bstatic -lsvml -Bdynamic -lc -lgcc -lgcc_s -Bstatic -lirc_s -Bdynamic -ldl -lc /usr/lib/gcc/x86_64-redhat-linux/4.8.5/crtend.o /usr/lib/gcc/x86_64-redhat-linux/4.8.5/../../../../lib64/crtn.o
configure:5690: result:  -L/opt/intel/compilers_and_libraries_2016.3.210/linux/ipp/lib/intel64 -L/opt/intel/compilers_and_libraries_2016.3.210/linux/compiler/lib/intel64 -L/opt/intel/compilers_and_libraries_2016.3.210/linux/mkl/lib/intel64 -L/opt/intel/compilers_and_libraries_2016.3.210/linux/tbb/lib/intel64/gcc4.4 -L/opt/intel/debugger_2016/libipt/intel64/lib -L/opt/intel/compilers_and_libraries_2016.3.210/linux/daal/lib/intel64_lin -L/opt/intel/compilers_and_libraries_2016.3.210/linux/tbb/lib/intel64_lin/gcc4.4 -L/opt/intel/compilers_and_libraries_2016.3.210/linux/compiler/lib/intel64_lin -L/usr/lib/gcc/x86_64-redhat-linux/4.8.5/ -L/usr/lib/gcc/x86_64-redhat-linux/4.8.5/../../../../lib64 -L/usr/lib/gcc/x86_64-redhat-linux/4.8.5/../../../../lib64/ -L/lib/../lib64 -L/lib/../lib64/ -L/usr/lib/../lib64 -L/usr/lib/../lib64/ -L/opt/intel/compilers_and_libraries_2016.3.210/linux/ipp/lib/intel64/ -L/opt/intel/compilers_and_libraries_2016.3.210/linux/compiler/lib/intel64/ -L/opt/intel/compilers_and_libraries_2016.3.210/linux/mkl/lib/intel64/ -L/opt/intel/compilers_and_libraries_2016.3.210/linux/tbb/lib/intel64/gcc4.4/ -L/opt/intel/debugger_2016/libipt/intel64/lib/ -L/opt/intel/compilers_and_libraries_2016.3.210/linux/daal/lib/intel64_lin/ -L/opt/intel/compilers_and_libraries_2016.3.210/linux/tbb/lib/intel64_lin/gcc4.4/ -L/opt/intel/compilers_and_libraries_2016.3.210/linux/compiler/lib/intel64_lin/ -L/usr/lib/gcc/x86_64-redhat-linux/4.8.5/../../../ -L/lib64 -L/lib/ -L/usr/lib64 -L/usr/lib -lifport -lifcore -limf -lsvml -lm -lipgo -lirc -lpthread -lirc_s -ldl
configure:5707: checking for dummy main to link with Fortran 77 libraries
configure:5741: cc -o conftest -O -D__QC_LINUX -D__USE_UNIX98   conftest.c   -L/opt/intel/compilers_and_libraries_2016.3.210/linux/ipp/lib/intel64 -L/opt/intel/compilers_and_libraries_2016.3.210/linux/compiler/lib/intel64 -L/opt/intel/compilers_and_libraries_2016.3.210/linux/mkl/lib/intel64 -L/opt/intel/compilers_and_libraries_2016.3.210/linux/tbb/lib/intel64/gcc4.4 -L/opt/intel/debugger_2016/libipt/intel64/lib -L/opt/intel/compilers_and_libraries_2016.3.210/linux/daal/lib/intel64_lin -L/opt/intel/compilers_and_libraries_2016.3.210/linux/tbb/lib/intel64_lin/gcc4.4 -L/opt/intel/compilers_and_libraries_2016.3.210/linux/compiler/lib/intel64_lin -L/usr/lib/gcc/x86_64-redhat-linux/4.8.5/ -L/usr/lib/gcc/x86_64-redhat-linux/4.8.5/../../../../lib64 -L/usr/lib/gcc/x86_64-redhat-linux/4.8.5/../../../../lib64/ -L/lib/../lib64 -L/lib/../lib64/ -L/usr/lib/../lib64 -L/usr/lib/../lib64/ -L/opt/intel/compilers_and_libraries_2016.3.210/linux/ipp/lib/intel64/ -L/opt/intel/compilers_and_libraries_2016.3.210/linux/compiler/lib/intel64/ -L/opt/intel/compilers_and_libraries_2016.3.210/linux/mkl/lib/intel64/ -L/opt/intel/compilers_and_libraries_2016.3.210/linux/tbb/lib/intel64/gcc4.4/ -L/opt/intel/debugger_2016/libipt/intel64/lib/ -L/opt/intel/compilers_and_libraries_2016.3.210/linux/daal/lib/intel64_lin/ -L/opt/intel/compilers_and_libraries_2016.3.210/linux/tbb/lib/intel64_lin/gcc4.4/ -L/opt/intel/compilers_and_libraries_2016.3.210/linux/compiler/lib/intel64_lin/ -L/usr/lib/gcc/x86_64-redhat-linux/4.8.5/../../../ -L/lib64 -L/lib/ -L/usr/lib64 -L/usr/lib -lifport -lifcore -limf -lsvml -lm -lipgo -lirc -lpthread -lirc_s -ldl >&5
configure:5741: $? = 0
configure:5786: result: none
configure:5819: checking for Fortran 77 name-mangling scheme
configure:5832: ifort -c -O conftest.f >&5
configure:5832: $? = 0
configure:5873: cc -o conftest -O -D__QC_LINUX -D__USE_UNIX98   conftest.c cfortran_test.o   -L/opt/intel/compilers_and_libraries_2016.3.210/linux/ipp/lib/intel64 -L/opt/intel/compilers_and_libraries_2016.3.210/linux/compiler/lib/intel64 -L/opt/intel/compilers_and_libraries_2016.3.210/linux/mkl/lib/intel64 -L/opt/intel/compilers_and_libraries_2016.3.210/linux/tbb/lib/intel64/gcc4.4 -L/opt/intel/debugger_2016/libipt/intel64/lib -L/opt/intel/compilers_and_libraries_2016.3.210/linux/daal/lib/intel64_lin -L/opt/intel/compilers_and_libraries_2016.3.210/linux/tbb/lib/intel64_lin/gcc4.4 -L/opt/intel/compilers_and_libraries_2016.3.210/linux/compiler/lib/intel64_lin -L/usr/lib/gcc/x86_64-redhat-linux/4.8.5/ -L/usr/lib/gcc/x86_64-redhat-linux/4.8.5/../../../../lib64 -L/usr/lib/gcc/x86_64-redhat-linux/4.8.5/../../../../lib64/ -L/lib/../lib64 -L/lib/../lib64/ -L/usr/lib/../lib64 -L/usr/lib/../lib64/ -L/opt/intel/compilers_and_libraries_2016.3.210/linux/ipp/lib/intel64/ -L/opt/intel/compilers_and_libraries_2016.3.210/linux/compiler/lib/intel64/ -L/opt/intel/compilers_and_libraries_2016.3.210/linux/mkl/lib/intel64/ -L/opt/intel/compilers_and_libraries_2016.3.210/linux/tbb/lib/intel64/gcc4.4/ -L/opt/intel/debugger_2016/libipt/intel64/lib/ -L/opt/intel/compilers_and_libraries_2016.3.210/linux/daal/lib/intel64_lin/ -L/opt/intel/compilers_and_libraries_2016.3.210/linux/tbb/lib/intel64_lin/gcc4.4/ -L/opt/intel/compilers_and_libraries_2016.3.210/linux/compiler/lib/intel64_lin/ -L/usr/lib/gcc/x86_64-redhat-linux/4.8.5/../../../ -L/lib64 -L/lib/ -L/usr/lib64 -L/usr/lib -lifport -lifcore -limf -lsvml -lm -lipgo -lirc -lpthread -lirc_s -ldl >&5
/tmp/ccStmqg3.o: In function `main':
conftest.c:(.text+0xa): undefined reference to `foobar'
collect2: error: ld returned 1 exit status
configure:5873: $? = 1
configure: failed program was:
| /* confdefs.h */
| #define PACKAGE_NAME ""
| #define PACKAGE_TARNAME ""
| #define PACKAGE_VERSION ""
| #define PACKAGE_STRING ""
| #define PACKAGE_BUGREPORT ""
| #define PACKAGE_URL ""
| #define PACKAGE ""
| #define VERSION " "
| /* end confdefs.h.  */
| 
| /* Override any GCC internal prototype to avoid an error.
|    Use char because int might match the return type of a GCC
|    builtin and then its argument prototype would still apply.  */
| #ifdef __cplusplus
| extern "C"
| #endif
| char foobar ();
| #ifdef F77_DUMMY_MAIN
| 
| #  ifdef __cplusplus
|      extern "C"
| #  endif
|    int F77_DUMMY_MAIN() { return 1; }
| 
| #endif
| int
| main ()
| {
| return foobar ();
|   ;
|   return 0;
| }
configure:5873: cc -o conftest -O -D__QC_LINUX -D__USE_UNIX98   conftest.c cfortran_test.o   -L/opt/intel/compilers_and_libraries_2016.3.210/linux/ipp/lib/intel64 -L/opt/intel/compilers_and_libraries_2016.3.210/linux/compiler/lib/intel64 -L/opt/intel/compilers_and_libraries_2016.3.210/linux/mkl/lib/intel64 -L/opt/intel/compilers_and_libraries_2016.3.210/linux/tbb/lib/intel64/gcc4.4 -L/opt/intel/debugger_2016/libipt/intel64/lib -L/opt/intel/compilers_and_libraries_2016.3.210/linux/daal/lib/intel64_lin -L/opt/intel/compilers_and_libraries_2016.3.210/linux/tbb/lib/intel64_lin/gcc4.4 -L/opt/intel/compilers_and_libraries_2016.3.210/linux/compiler/lib/intel64_lin -L/usr/lib/gcc/x86_64-redhat-linux/4.8.5/ -L/usr/lib/gcc/x86_64-redhat-linux/4.8.5/../../../../lib64 -L/usr/lib/gcc/x86_64-redhat-linux/4.8.5/../../../../lib64/ -L/lib/../lib64 -L/lib/../lib64/ -L/usr/lib/../lib64 -L/usr/lib/../lib64/ -L/opt/intel/compilers_and_libraries_2016.3.210/linux/ipp/lib/intel64/ -L/opt/intel/compilers_and_libraries_2016.3.210/linux/compiler/lib/intel64/ -L/opt/intel/compilers_and_libraries_2016.3.210/linux/mkl/lib/intel64/ -L/opt/intel/compilers_and_libraries_2016.3.210/linux/tbb/lib/intel64/gcc4.4/ -L/opt/intel/debugger_2016/libipt/intel64/lib/ -L/opt/intel/compilers_and_libraries_2016.3.210/linux/daal/lib/intel64_lin/ -L/opt/intel/compilers_and_libraries_2016.3.210/linux/tbb/lib/intel64_lin/gcc4.4/ -L/opt/intel/compilers_and_libraries_2016.3.210/linux/compiler/lib/intel64_lin/ -L/usr/lib/gcc/x86_64-redhat-linux/4.8.5/../../../ -L/lib64 -L/lib/ -L/usr/lib64 -L/usr/lib -lifport -lifcore -limf -lsvml -lm -lipgo -lirc -lpthread -lirc_s -ldl >&5
configure:5873: $? = 0
configure:5931: cc -o conftest -O -D__QC_LINUX -D__USE_UNIX98   conftest.c cfortran_test.o   -L/opt/intel/compilers_and_libraries_2016.3.210/linux/ipp/lib/intel64 -L/opt/intel/compilers_and_libraries_2016.3.210/linux/compiler/lib/intel64 -L/opt/intel/compilers_and_libraries_2016.3.210/linux/mkl/lib/intel64 -L/opt/intel/compilers_and_libraries_2016.3.210/linux/tbb/lib/intel64/gcc4.4 -L/opt/intel/debugger_2016/libipt/intel64/lib -L/opt/intel/compilers_and_libraries_2016.3.210/linux/daal/lib/intel64_lin -L/opt/intel/compilers_and_libraries_2016.3.210/linux/tbb/lib/intel64_lin/gcc4.4 -L/opt/intel/compilers_and_libraries_2016.3.210/linux/compiler/lib/intel64_lin -L/usr/lib/gcc/x86_64-redhat-linux/4.8.5/ -L/usr/lib/gcc/x86_64-redhat-linux/4.8.5/../../../../lib64 -L/usr/lib/gcc/x86_64-redhat-linux/4.8.5/../../../../lib64/ -L/lib/../lib64 -L/lib/../lib64/ -L/usr/lib/../lib64 -L/usr/lib/../lib64/ -L/opt/intel/compilers_and_libraries_2016.3.210/linux/ipp/lib/intel64/ -L/opt/intel/compilers_and_libraries_2016.3.210/linux/compiler/lib/intel64/ -L/opt/intel/compilers_and_libraries_2016.3.210/linux/mkl/lib/intel64/ -L/opt/intel/compilers_and_libraries_2016.3.210/linux/tbb/lib/intel64/gcc4.4/ -L/opt/intel/debugger_2016/libipt/intel64/lib/ -L/opt/intel/compilers_and_libraries_2016.3.210/linux/daal/lib/intel64_lin/ -L/opt/intel/compilers_and_libraries_2016.3.210/linux/tbb/lib/intel64_lin/gcc4.4/ -L/opt/intel/compilers_and_libraries_2016.3.210/linux/compiler/lib/intel64_lin/ -L/usr/lib/gcc/x86_64-redhat-linux/4.8.5/../../../ -L/lib64 -L/lib/ -L/usr/lib64 -L/usr/lib -lifport -lifcore -limf -lsvml -lm -lipgo -lirc -lpthread -lirc_s -ldl >&5
configure:5931: $? = 0
configure:5973: result: lower case, underscore, no extra underscore
configure:6089: checking for gcc
configure:6116: result: cc
configure:6345: checking for C compiler version
configure:6354: cc --version >&5
cc (GCC) 4.8.5 20150623 (Red Hat 4.8.5-4)
Copyright (C) 2015 Free Software Foundation, Inc.
This is free software; see the source for copying conditions.  There is NO
warranty; not even for MERCHANTABILITY or FITNESS FOR A PARTICULAR PURPOSE.

configure:6365: $? = 0
configure:6354: cc -v >&5
Using built-in specs.
COLLECT_GCC=/usr/bin/cc
COLLECT_LTO_WRAPPER=/usr/libexec/gcc/x86_64-redhat-linux/4.8.5/lto-wrapper
Target: x86_64-redhat-linux
Configured with: ../configure --prefix=/usr --mandir=/usr/share/man --infodir=/usr/share/info --with-bugurl=http://bugzilla.redhat.com/bugzilla --enable-bootstrap --enable-shared --enable-threads=posix --enable-checking=release --with-system-zlib --enable-__cxa_atexit --disable-libunwind-exceptions --enable-gnu-unique-object --enable-linker-build-id --with-linker-hash-style=gnu --enable-languages=c,c++,objc,obj-c++,java,fortran,ada,go,lto --enable-plugin --enable-initfini-array --disable-libgcj --with-isl=/builddir/build/BUILD/gcc-4.8.5-20150702/obj-x86_64-redhat-linux/isl-install --with-cloog=/builddir/build/BUILD/gcc-4.8.5-20150702/obj-x86_64-redhat-linux/cloog-install --enable-gnu-indirect-function --with-tune=generic --with-arch_32=x86-64 --build=x86_64-redhat-linux
Thread model: posix
gcc version 4.8.5 20150623 (Red Hat 4.8.5-4) (GCC) 
configure:6365: $? = 0
configure:6354: cc -V >&5
cc: error: unrecognized command line option '-V'
cc: fatal error: no input files
compilation terminated.
configure:6365: $? = 4
configure:6354: cc -qversion >&5
cc: error: unrecognized command line option '-qversion'
cc: fatal error: no input files
compilation terminated.
configure:6365: $? = 4
configure:6369: checking whether we are using the GNU C compiler
configure:6405: result: yes
configure:6414: checking whether cc accepts -g
configure:6499: result: yes
configure:6516: checking for cc option to accept ISO C89
configure:6600: result: none needed
configure:6625: checking whether cc understands -c and -o together
configure:6670: result: yes
configure:6689: checking dependency style of cc
configure:6800: result: gcc3
configure:6820: checking how to run the C preprocessor
configure:6890: result: cc -E
configure:6910: cc -E  conftest.c
configure:6910: $? = 0
configure:6924: cc -E  conftest.c
conftest.c:13:28: fatal error: ac_nonexistent.h: No such file or directory
 #include <ac_nonexistent.h>
                            ^
compilation terminated.
configure:6924: $? = 1
configure: failed program was:
| /* confdefs.h */
| #define PACKAGE_NAME ""
| #define PACKAGE_TARNAME ""
| #define PACKAGE_VERSION ""
| #define PACKAGE_STRING ""
| #define PACKAGE_BUGREPORT ""
| #define PACKAGE_URL ""
| #define PACKAGE ""
| #define VERSION " "
| #define F77_FUNC(name,NAME) name ## _
| #define F77_FUNC_(name,NAME) name ## _
| /* end confdefs.h.  */
| #include <ac_nonexistent.h>
configure:7058: checking for Fortran 77 compiler version
configure:7067: ifort --version >&5
ifort (IFORT) 16.0.3 20160415
Copyright (C) 1985-2016 Intel Corporation.  All rights reserved.

configure:7078: $? = 0
configure:7067: ifort -v >&5
ifort version 16.0.3
configure:7078: $? = 0
configure:7067: ifort -V >&5
Intel(R) Fortran Intel(R) 64 Compiler for applications running on Intel(R) 64, Version 16.0.3.210 Build 20160415
Copyright (C) 1985-2016 Intel Corporation.  All rights reserved.

configure:7078: $? = 0
configure:7067: ifort -qversion >&5
ifort: command line warning #10006: ignoring unknown option '-qversion'
ifort: command line error: no files specified; for help type "ifort -help"
configure:7078: $? = 1
configure:7087: checking whether we are using the GNU Fortran 77 compiler
configure:7109: result: no
configure:7115: checking whether ifort accepts -g
configure:7134: result: yes
configure:7167: checking whether cc understands -c and -o together
configure:7203: cc -c conftest.c -o conftest2.o >&5
configure:7207: $? = 0
configure:7213: cc -c conftest.c -o conftest2.o >&5
configure:7217: $? = 0
configure:7272: result: yes
configure:7328: checking how to print strings
configure:7355: result: printf
configure:7376: checking for a sed that does not truncate output
configure:7440: result: /usr/bin/sed
configure:7458: checking for grep that handles long lines and -e
configure:7516: result: /usr/bin/grep
configure:7521: checking for egrep
configure:7583: result: /usr/bin/grep -E
configure:7588: checking for fgrep
configure:7650: result: /usr/bin/grep -F
configure:7685: checking for ld used by cc
configure:7752: result: /usr/bin/ld
configure:7759: checking if the linker (/usr/bin/ld) is GNU ld
configure:7774: result: yes
configure:7786: checking for BSD- or MS-compatible name lister (nm)
configure:7840: result: /usr/bin/nm -B
configure:7970: checking the name lister (/usr/bin/nm -B) interface
configure:7977: cc -c -O -D__QC_LINUX -D__USE_UNIX98  conftest.c >&5
configure:7980: /usr/bin/nm -B "conftest.o"
configure:7983: output
0000000000000000 B some_variable
configure:7990: result: BSD nm
configure:7993: checking whether ln -s works
configure:7997: result: yes
configure:8005: checking the maximum length of command line arguments
configure:8136: result: 201326592
configure:8184: checking how to convert x86_64-pc-linux-gnu file names to x86_64-pc-linux-gnu format
configure:8224: result: func_convert_file_noop
configure:8231: checking how to convert x86_64-pc-linux-gnu file names to toolchain format
configure:8251: result: func_convert_file_noop
configure:8258: checking for /usr/bin/ld option to reload object files
configure:8265: result: -r
configure:8339: checking for objdump
configure:8355: found /usr/bin/objdump
configure:8366: result: objdump
configure:8398: checking how to recognize dependent libraries
configure:8598: result: pass_all
configure:8683: checking for dlltool
configure:8713: result: no
configure:8743: checking how to associate runtime and link libraries
configure:8770: result: printf %s\n
configure:8894: checking for archiver @FILE support
configure:8919: cc -c -O -D__QC_LINUX -D__USE_UNIX98  conftest.c >&5
configure:8919: $? = 0
configure:8922: ar cru libconftest.a @conftest.lst >&5
configure:8925: $? = 0
configure:8930: ar cru libconftest.a @conftest.lst >&5
ar: conftest.o: No such file or directory
configure:8933: $? = 1
configure:8945: result: @
configure:9003: checking for strip
configure:9019: found /usr/bin/strip
configure:9030: result: strip
configure:9102: checking for ranlib
configure:9118: found /usr/bin/ranlib
configure:9129: result: ranlib
configure:9231: checking command to parse /usr/bin/nm -B output from cc object
configure:9384: cc -c -O -D__QC_LINUX -D__USE_UNIX98  conftest.c >&5
configure:9387: $? = 0
configure:9391: /usr/bin/nm -B conftest.o \| sed -n -e 's/^.*[ ]\([ABCDGIRSTW][ABCDGIRSTW]*\)[ ][ ]*\([_A-Za-z][_A-Za-z0-9]*\)$/\1 \2 \2/p' | sed '/ __gnu_lto/d' \> conftest.nm
configure:9394: $? = 0
configure:9460: cc -o conftest -O -D__QC_LINUX -D__USE_UNIX98   conftest.c conftstm.o >&5
configure:9463: $? = 0
configure:9501: result: ok
configure:9548: checking for sysroot
configure:9578: result: no
configure:9585: checking for a working dd
configure:9623: result: /usr/bin/dd
configure:9627: checking how to truncate binary pipes
configure:9642: result: /usr/bin/dd bs=4096 count=1
configure:9778: cc -c -O -D__QC_LINUX -D__USE_UNIX98  conftest.c >&5
configure:9781: $? = 0
configure:9979: checking for mt
configure:10009: result: no
configure:10029: checking if : is a manifest tool
configure:10035: : '-?'
configure:10043: result: no
configure:10724: checking for ANSI C header files
configure:10752: cc -c -O -D__QC_LINUX -D__USE_UNIX98  conftest.c >&5
configure:10752: $? = 0
configure:10825: cc -o conftest -O -D__QC_LINUX -D__USE_UNIX98   conftest.c  >&5
configure:10825: $? = 0
configure:10825: ./conftest
configure:10825: $? = 0
configure:10836: result: yes
configure:10849: checking for sys/types.h
configure:10849: cc -c -O -D__QC_LINUX -D__USE_UNIX98  conftest.c >&5
configure:10849: $? = 0
configure:10849: result: yes
configure:10849: checking for sys/stat.h
configure:10849: cc -c -O -D__QC_LINUX -D__USE_UNIX98  conftest.c >&5
configure:10849: $? = 0
configure:10849: result: yes
configure:10849: checking for stdlib.h
configure:10849: cc -c -O -D__QC_LINUX -D__USE_UNIX98  conftest.c >&5
configure:10849: $? = 0
configure:10849: result: yes
configure:10849: checking for string.h
configure:10849: cc -c -O -D__QC_LINUX -D__USE_UNIX98  conftest.c >&5
configure:10849: $? = 0
configure:10849: result: yes
configure:10849: checking for memory.h
configure:10849: cc -c -O -D__QC_LINUX -D__USE_UNIX98  conftest.c >&5
configure:10849: $? = 0
configure:10849: result: yes
configure:10849: checking for strings.h
configure:10849: cc -c -O -D__QC_LINUX -D__USE_UNIX98  conftest.c >&5
configure:10849: $? = 0
configure:10849: result: yes
configure:10849: checking for inttypes.h
configure:10849: cc -c -O -D__QC_LINUX -D__USE_UNIX98  conftest.c >&5
configure:10849: $? = 0
configure:10849: result: yes
configure:10849: checking for stdint.h
configure:10849: cc -c -O -D__QC_LINUX -D__USE_UNIX98  conftest.c >&5
configure:10849: $? = 0
configure:10849: result: yes
configure:10849: checking for unistd.h
configure:10849: cc -c -O -D__QC_LINUX -D__USE_UNIX98  conftest.c >&5
configure:10849: $? = 0
configure:10849: result: yes
configure:10863: checking for dlfcn.h
configure:10863: cc -c -O -D__QC_LINUX -D__USE_UNIX98  conftest.c >&5
configure:10863: $? = 0
configure:10863: result: yes
configure:11100: checking for objdir
configure:11115: result: .libs
configure:11375: checking if cc supports -fno-rtti -fno-exceptions
configure:11393: cc -c -O -D__QC_LINUX -D__USE_UNIX98  -fno-rtti -fno-exceptions conftest.c >&5
cc1: warning: command line option '-fno-rtti' is valid for C++/ObjC++ but not for C [enabled by default]
cc1: warning: command line option '-fno-rtti' is valid for C++/ObjC++ but not for C [enabled by default]
configure:11397: $? = 0
configure:11410: result: no
configure:11768: checking for cc option to produce PIC
configure:11775: result: -fPIC -DPIC
configure:11783: checking if cc PIC flag -fPIC -DPIC works
configure:11801: cc -c -O -D__QC_LINUX -D__USE_UNIX98  -fPIC -DPIC -DPIC conftest.c >&5
configure:11805: $? = 0
configure:11818: result: yes
configure:11847: checking if cc static flag -static works
configure:11875: result: yes
configure:11890: checking if cc supports -c -o file.o
configure:11911: cc -c -O -D__QC_LINUX -D__USE_UNIX98  -o out/conftest2.o conftest.c >&5
configure:11915: $? = 0
configure:11937: result: yes
configure:11945: checking if cc supports -c -o file.o
configure:11992: result: yes
configure:12025: checking whether the cc linker (/usr/bin/ld -m elf_x86_64) supports shared libraries
configure:13304: result: yes
configure:13544: checking dynamic linker characteristics
configure:14133: cc -o conftest -O -D__QC_LINUX -D__USE_UNIX98   -Wl,-rpath -Wl,/foo conftest.c  >&5
configure:14133: $? = 0
configure:14382: result: GNU/Linux ld.so
configure:14504: checking how to hardcode library paths into programs
configure:14529: result: immediate
configure:15117: checking whether stripping libraries is possible
configure:15122: result: yes
configure:15157: checking if libtool supports shared libraries
configure:15159: result: yes
configure:15162: checking whether to build shared libraries
configure:15187: result: no
configure:15190: checking whether to build static libraries
configure:15194: result: yes
configure:15217: checking how to run the C++ preprocessor
configure:15283: result: c++ -E
configure:15303: c++ -E  conftest.cpp
configure:15303: $? = 0
configure:15317: c++ -E  conftest.cpp
conftest.cpp:25:28: fatal error: ac_nonexistent.h: No such file or directory
 #include <ac_nonexistent.h>
                            ^
compilation terminated.
configure:15317: $? = 1
configure: failed program was:
| /* confdefs.h */
| #define PACKAGE_NAME ""
| #define PACKAGE_TARNAME ""
| #define PACKAGE_VERSION ""
| #define PACKAGE_STRING ""
| #define PACKAGE_BUGREPORT ""
| #define PACKAGE_URL ""
| #define PACKAGE ""
| #define VERSION " "
| #define F77_FUNC(name,NAME) name ## _
| #define F77_FUNC_(name,NAME) name ## _
| #define STDC_HEADERS 1
| #define HAVE_SYS_TYPES_H 1
| #define HAVE_SYS_STAT_H 1
| #define HAVE_STDLIB_H 1
| #define HAVE_STRING_H 1
| #define HAVE_MEMORY_H 1
| #define HAVE_STRINGS_H 1
| #define HAVE_INTTYPES_H 1
| #define HAVE_STDINT_H 1
| #define HAVE_UNISTD_H 1
| #define HAVE_DLFCN_H 1
| #define LT_OBJDIR ".libs/"
| /* end confdefs.h.  */
| #include <ac_nonexistent.h>
configure:15623: checking whether the c++ linker (/usr/bin/ld -m elf_x86_64) supports shared libraries
configure:16712: result: yes
configure:16748: c++ -c -O -D__QC_LINUX -D__USE_UNIX98  conftest.cpp >&5
configure:16751: $? = 0
configure:17232: checking for c++ option to produce PIC
configure:17239: result:  -DPIC
configure:17247: checking if c++ PIC flag  -DPIC works
configure:17265: c++ -c -O -D__QC_LINUX -D__USE_UNIX98   -DPIC -DPIC conftest.cpp >&5
configure:17269: $? = 0
configure:17282: result: yes
configure:17305: checking if c++ static flag  works
configure:17333: result: yes
configure:17345: checking if c++ supports -c -o file.o
configure:17366: c++ -c -O -D__QC_LINUX -D__USE_UNIX98  -o out/conftest2.o conftest.cpp >&5
configure:17370: $? = 0
configure:17392: result: yes
configure:17397: checking if c++ supports -c -o file.o
configure:17444: result: yes
configure:17474: checking whether the c++ linker (/usr/bin/ld -m elf_x86_64) supports shared libraries
configure:17517: result: yes
configure:17658: checking dynamic linker characteristics
configure:18423: result: GNU/Linux ld.so
configure:18488: checking how to hardcode library paths into programs
configure:18513: result: unsupported
configure:18654: checking if libtool supports shared libraries
configure:18656: result: yes
configure:18659: checking whether to build shared libraries
configure:18683: result: no
configure:18686: checking whether to build static libraries
configure:18690: result: yes
configure:19042: checking for ifort option to produce PIC
configure:19049: result: -fPIC
configure:19057: checking if ifort PIC flag -fPIC works
configure:19075: ifort -c -O -fPIC conftest.f >&5
configure:19079: $? = 0
configure:19092: result: yes
configure:19115: checking if ifort static flag -static works
/usr/lib/gcc/x86_64-redhat-linux/4.8.5/../../../../lib64/libpthread.a(libpthread.o): In function `sem_open':
(.text+0x682b): warning: the use of `mktemp' is dangerous, better use `mkstemp'
configure:19143: result: no
configure:19155: checking if ifort supports -c -o file.o
configure:19176: ifort -c -O -o out/conftest2.o conftest.f >&5
configure:19180: $? = 0
configure:19202: result: yes
configure:19207: checking if ifort supports -c -o file.o
configure:19254: result: yes
configure:19284: checking whether the ifort linker (/usr/bin/ld -m elf_x86_64) supports shared libraries
configure:20497: result: yes
configure:20638: checking dynamic linker characteristics
configure:21389: result: GNU/Linux ld.so
configure:21454: checking how to hardcode library paths into programs
configure:21479: result: immediate
configure:21535: checking for gawk
configure:21562: result: gawk
configure:21637: checking how to get verbose linking output from ifort
configure:21748: result: -v
configure:21750: checking for Fortran 77 libraries of ifort
configure:21969: result:  -L/opt/intel/compilers_and_libraries_2016.3.210/linux/ipp/lib/intel64 -L/opt/intel/compilers_and_libraries_2016.3.210/linux/compiler/lib/intel64 -L/opt/intel/compilers_and_libraries_2016.3.210/linux/mkl/lib/intel64 -L/opt/intel/compilers_and_libraries_2016.3.210/linux/tbb/lib/intel64/gcc4.4 -L/opt/intel/debugger_2016/libipt/intel64/lib -L/opt/intel/compilers_and_libraries_2016.3.210/linux/daal/lib/intel64_lin -L/opt/intel/compilers_and_libraries_2016.3.210/linux/tbb/lib/intel64_lin/gcc4.4 -L/opt/intel/compilers_and_libraries_2016.3.210/linux/compiler/lib/intel64_lin -L/usr/lib/gcc/x86_64-redhat-linux/4.8.5/ -L/usr/lib/gcc/x86_64-redhat-linux/4.8.5/../../../../lib64 -L/usr/lib/gcc/x86_64-redhat-linux/4.8.5/../../../../lib64/ -L/lib/../lib64 -L/lib/../lib64/ -L/usr/lib/../lib64 -L/usr/lib/../lib64/ -L/opt/intel/compilers_and_libraries_2016.3.210/linux/ipp/lib/intel64/ -L/opt/intel/compilers_and_libraries_2016.3.210/linux/compiler/lib/intel64/ -L/opt/intel/compilers_and_libraries_2016.3.210/linux/mkl/lib/intel64/ -L/opt/intel/compilers_and_libraries_2016.3.210/linux/tbb/lib/intel64/gcc4.4/ -L/opt/intel/debugger_2016/libipt/intel64/lib/ -L/opt/intel/compilers_and_libraries_2016.3.210/linux/daal/lib/intel64_lin/ -L/opt/intel/compilers_and_libraries_2016.3.210/linux/tbb/lib/intel64_lin/gcc4.4/ -L/opt/intel/compilers_and_libraries_2016.3.210/linux/compiler/lib/intel64_lin/ -L/usr/lib/gcc/x86_64-redhat-linux/4.8.5/../../../ -L/lib64 -L/lib/ -L/usr/lib64 -L/usr/lib -lifport -lifcore -limf -lsvml -lm -lipgo -lirc -lpthread -lirc_s -ldl
configure:21982: checking for pthread_create in -lpthread
configure:22015: cc -o conftest -O -D__QC_LINUX -D__USE_UNIX98   conftest.c -lpthread   >&5
configure:22015: $? = 0
configure:22024: result: yes
configure:22035: checking for __pthread_create_system in -lpthread
configure:22068: cc -o conftest -O -D__QC_LINUX -D__USE_UNIX98   conftest.c -lpthread  -lpthread  >&5
/tmp/ccwffTRN.o: In function `main':
conftest.c:(.text+0xa): undefined reference to `__pthread_create_system'
collect2: error: ld returned 1 exit status
configure:22068: $? = 1
configure: failed program was:
| /* confdefs.h */
| #define PACKAGE_NAME ""
| #define PACKAGE_TARNAME ""
| #define PACKAGE_VERSION ""
| #define PACKAGE_STRING ""
| #define PACKAGE_BUGREPORT ""
| #define PACKAGE_URL ""
| #define PACKAGE ""
| #define VERSION " "
| #define F77_FUNC(name,NAME) name ## _
| #define F77_FUNC_(name,NAME) name ## _
| #define STDC_HEADERS 1
| #define HAVE_SYS_TYPES_H 1
| #define HAVE_SYS_STAT_H 1
| #define HAVE_STDLIB_H 1
| #define HAVE_STRING_H 1
| #define HAVE_MEMORY_H 1
| #define HAVE_STRINGS_H 1
| #define HAVE_INTTYPES_H 1
| #define HAVE_STDINT_H 1
| #define HAVE_UNISTD_H 1
| #define HAVE_DLFCN_H 1
| #define LT_OBJDIR ".libs/"
| #define F77_FUNC(name,NAME) name ## _
| #define F77_FUNC_(name,NAME) name ## _
| #define HAVE_LIBPTHREAD 1
| /* end confdefs.h.  */
| 
| /* Override any GCC internal prototype to avoid an error.
|    Use char because int might match the return type of a GCC
|    builtin and then its argument prototype would still apply.  */
| #ifdef __cplusplus
| extern "C"
| #endif
| char __pthread_create_system ();
| #ifdef F77_DUMMY_MAIN
| 
| #  ifdef __cplusplus
|      extern "C"
| #  endif
|    int F77_DUMMY_MAIN() { return 1; }
| 
| #endif
| int
| main ()
| {
| return __pthread_create_system ();
|   ;
|   return 0;
| }
configure:22077: result: no
configure:22088: checking for sin in -lm
configure:22121: cc -o conftest -O -D__QC_LINUX -D__USE_UNIX98   conftest.c -lm  -lpthread  >&5
conftest.c:35:6: warning: conflicting types for built-in function 'sin' [enabled by default]
 char sin ();
      ^
configure:22121: $? = 0
configure:22130: result: yes
configure:22141: checking for socket in -lsocket
configure:22174: cc -o conftest -O -D__QC_LINUX -D__USE_UNIX98   conftest.c -lsocket  -lm -lpthread  >&5
/usr/bin/ld: cannot find -lsocket
collect2: error: ld returned 1 exit status
configure:22174: $? = 1
configure: failed program was:
| /* confdefs.h */
| #define PACKAGE_NAME ""
| #define PACKAGE_TARNAME ""
| #define PACKAGE_VERSION ""
| #define PACKAGE_STRING ""
| #define PACKAGE_BUGREPORT ""
| #define PACKAGE_URL ""
| #define PACKAGE ""
| #define VERSION " "
| #define F77_FUNC(name,NAME) name ## _
| #define F77_FUNC_(name,NAME) name ## _
| #define STDC_HEADERS 1
| #define HAVE_SYS_TYPES_H 1
| #define HAVE_SYS_STAT_H 1
| #define HAVE_STDLIB_H 1
| #define HAVE_STRING_H 1
| #define HAVE_MEMORY_H 1
| #define HAVE_STRINGS_H 1
| #define HAVE_INTTYPES_H 1
| #define HAVE_STDINT_H 1
| #define HAVE_UNISTD_H 1
| #define HAVE_DLFCN_H 1
| #define LT_OBJDIR ".libs/"
| #define F77_FUNC(name,NAME) name ## _
| #define F77_FUNC_(name,NAME) name ## _
| #define HAVE_LIBPTHREAD 1
| #define HAVE_LIBM 1
| /* end confdefs.h.  */
| 
| /* Override any GCC internal prototype to avoid an error.
|    Use char because int might match the return type of a GCC
|    builtin and then its argument prototype would still apply.  */
| #ifdef __cplusplus
| extern "C"
| #endif
| char socket ();
| #ifdef F77_DUMMY_MAIN
| 
| #  ifdef __cplusplus
|      extern "C"
| #  endif
|    int F77_DUMMY_MAIN() { return 1; }
| 
| #endif
| int
| main ()
| {
| return socket ();
|   ;
|   return 0;
| }
configure:22183: result: no
configure:22196: checking for ANSI C header files
configure:22308: result: yes
configure:22322: checking pthread.h usability
configure:22322: cc -c -O -D__QC_LINUX -D__USE_UNIX98  conftest.c >&5
configure:22322: $? = 0
configure:22322: result: yes
configure:22322: checking pthread.h presence
configure:22322: cc -E  conftest.c
configure:22322: $? = 0
configure:22322: result: yes
configure:22322: checking for pthread.h
configure:22322: result: yes
configure:22322: checking sched.h usability
configure:22322: cc -c -O -D__QC_LINUX -D__USE_UNIX98  conftest.c >&5
configure:22322: $? = 0
configure:22322: result: yes
configure:22322: checking sched.h presence
configure:22322: cc -E  conftest.c
configure:22322: $? = 0
configure:22322: result: yes
configure:22322: checking for sched.h
configure:22322: result: yes
configure:22322: checking sys/mpctl.h usability
configure:22322: cc -c -O -D__QC_LINUX -D__USE_UNIX98  conftest.c >&5
conftest.c:65:23: fatal error: sys/mpctl.h: No such file or directory
 #include <sys/mpctl.h>
                       ^
compilation terminated.
configure:22322: $? = 1
configure: failed program was:
| /* confdefs.h */
| #define PACKAGE_NAME ""
| #define PACKAGE_TARNAME ""
| #define PACKAGE_VERSION ""
| #define PACKAGE_STRING ""
| #define PACKAGE_BUGREPORT ""
| #define PACKAGE_URL ""
| #define PACKAGE ""
| #define VERSION " "
| #define F77_FUNC(name,NAME) name ## _
| #define F77_FUNC_(name,NAME) name ## _
| #define STDC_HEADERS 1
| #define HAVE_SYS_TYPES_H 1
| #define HAVE_SYS_STAT_H 1
| #define HAVE_STDLIB_H 1
| #define HAVE_STRING_H 1
| #define HAVE_MEMORY_H 1
| #define HAVE_STRINGS_H 1
| #define HAVE_INTTYPES_H 1
| #define HAVE_STDINT_H 1
| #define HAVE_UNISTD_H 1
| #define HAVE_DLFCN_H 1
| #define LT_OBJDIR ".libs/"
| #define F77_FUNC(name,NAME) name ## _
| #define F77_FUNC_(name,NAME) name ## _
| #define HAVE_LIBPTHREAD 1
| #define HAVE_LIBM 1
| #define STDC_HEADERS 1
| #define HAVE_PTHREAD_H 1
| #define HAVE_SCHED_H 1
| /* end confdefs.h.  */
| #include <stdio.h>
| #ifdef HAVE_SYS_TYPES_H
| # include <sys/types.h>
| #endif
| #ifdef HAVE_SYS_STAT_H
| # include <sys/stat.h>
| #endif
| #ifdef STDC_HEADERS
| # include <stdlib.h>
| # include <stddef.h>
| #else
| # ifdef HAVE_STDLIB_H
| #  include <stdlib.h>
| # endif
| #endif
| #ifdef HAVE_STRING_H
| # if !defined STDC_HEADERS && defined HAVE_MEMORY_H
| #  include <memory.h>
| # endif
| # include <string.h>
| #endif
| #ifdef HAVE_STRINGS_H
| # include <strings.h>
| #endif
| #ifdef HAVE_INTTYPES_H
| # include <inttypes.h>
| #endif
| #ifdef HAVE_STDINT_H
| # include <stdint.h>
| #endif
| #ifdef HAVE_UNISTD_H
| # include <unistd.h>
| #endif
| #include <sys/mpctl.h>
configure:22322: result: no
configure:22322: checking sys/mpctl.h presence
configure:22322: cc -E  conftest.c
conftest.c:32:23: fatal error: sys/mpctl.h: No such file or directory
 #include <sys/mpctl.h>
                       ^
compilation terminated.
configure:22322: $? = 1
configure: failed program was:
| /* confdefs.h */
| #define PACKAGE_NAME ""
| #define PACKAGE_TARNAME ""
| #define PACKAGE_VERSION ""
| #define PACKAGE_STRING ""
| #define PACKAGE_BUGREPORT ""
| #define PACKAGE_URL ""
| #define PACKAGE ""
| #define VERSION " "
| #define F77_FUNC(name,NAME) name ## _
| #define F77_FUNC_(name,NAME) name ## _
| #define STDC_HEADERS 1
| #define HAVE_SYS_TYPES_H 1
| #define HAVE_SYS_STAT_H 1
| #define HAVE_STDLIB_H 1
| #define HAVE_STRING_H 1
| #define HAVE_MEMORY_H 1
| #define HAVE_STRINGS_H 1
| #define HAVE_INTTYPES_H 1
| #define HAVE_STDINT_H 1
| #define HAVE_UNISTD_H 1
| #define HAVE_DLFCN_H 1
| #define LT_OBJDIR ".libs/"
| #define F77_FUNC(name,NAME) name ## _
| #define F77_FUNC_(name,NAME) name ## _
| #define HAVE_LIBPTHREAD 1
| #define HAVE_LIBM 1
| #define STDC_HEADERS 1
| #define HAVE_PTHREAD_H 1
| #define HAVE_SCHED_H 1
| /* end confdefs.h.  */
| #include <sys/mpctl.h>
configure:22322: result: no
configure:22322: checking for sys/mpctl.h
configure:22322: result: no
configure:22322: checking errno.h usability
configure:22322: cc -c -O -D__QC_LINUX -D__USE_UNIX98  conftest.c >&5
configure:22322: $? = 0
configure:22322: result: yes
configure:22322: checking errno.h presence
configure:22322: cc -E  conftest.c
configure:22322: $? = 0
configure:22322: result: yes
configure:22322: checking for errno.h
configure:22322: result: yes
configure:22322: checking for unistd.h
configure:22322: result: yes
configure:22322: checking math.h usability
configure:22322: cc -c -O -D__QC_LINUX -D__USE_UNIX98  conftest.c >&5
configure:22322: $? = 0
configure:22322: result: yes
configure:22322: checking math.h presence
configure:22322: cc -E  conftest.c
configure:22322: $? = 0
configure:22322: result: yes
configure:22322: checking for math.h
configure:22322: result: yes
configure:22322: checking assert.h usability
configure:22322: cc -c -O -D__QC_LINUX -D__USE_UNIX98  conftest.c >&5
configure:22322: $? = 0
configure:22322: result: yes
configure:22322: checking assert.h presence
configure:22322: cc -E  conftest.c
configure:22322: $? = 0
configure:22322: result: yes
configure:22322: checking for assert.h
configure:22322: result: yes
configure:22322: checking search.h usability
configure:22322: cc -c -O -D__QC_LINUX -D__USE_UNIX98  conftest.c >&5
configure:22322: $? = 0
configure:22322: result: yes
configure:22322: checking search.h presence
configure:22322: cc -E  conftest.c
configure:22322: $? = 0
configure:22322: result: yes
configure:22322: checking for search.h
configure:22322: result: yes
configure:22322: checking signal.h usability
configure:22322: cc -c -O -D__QC_LINUX -D__USE_UNIX98  conftest.c >&5
configure:22322: $? = 0
configure:22322: result: yes
configure:22322: checking signal.h presence
configure:22322: cc -E  conftest.c
configure:22322: $? = 0
configure:22322: result: yes
configure:22322: checking for signal.h
configure:22322: result: yes
configure:22322: checking sys/wait.h usability
configure:22322: cc -c -O -D__QC_LINUX -D__USE_UNIX98  conftest.c >&5
configure:22322: $? = 0
configure:22322: result: yes
configure:22322: checking sys/wait.h presence
configure:22322: cc -E  conftest.c
configure:22322: $? = 0
configure:22322: result: yes
configure:22322: checking for sys/wait.h
configure:22322: result: yes
configure:22322: checking ctype.h usability
configure:22322: cc -c -O -D__QC_LINUX -D__USE_UNIX98  conftest.c >&5
configure:22322: $? = 0
configure:22322: result: yes
configure:22322: checking ctype.h presence
configure:22322: cc -E  conftest.c
configure:22322: $? = 0
configure:22322: result: yes
configure:22322: checking for ctype.h
configure:22322: result: yes
configure:22322: checking limits.h usability
configure:22322: cc -c -O -D__QC_LINUX -D__USE_UNIX98  conftest.c >&5
configure:22322: $? = 0
configure:22322: result: yes
configure:22322: checking limits.h presence
configure:22322: cc -E  conftest.c
configure:22322: $? = 0
configure:22322: result: yes
configure:22322: checking for limits.h
configure:22322: result: yes
configure:22322: checking fcntl.h usability
configure:22322: cc -c -O -D__QC_LINUX -D__USE_UNIX98  conftest.c >&5
configure:22322: $? = 0
configure:22322: result: yes
configure:22322: checking fcntl.h presence
configure:22322: cc -E  conftest.c
configure:22322: $? = 0
configure:22322: result: yes
configure:22322: checking for fcntl.h
configure:22322: result: yes
configure:22322: checking sys/mman.h usability
configure:22322: cc -c -O -D__QC_LINUX -D__USE_UNIX98  conftest.c >&5
configure:22322: $? = 0
configure:22322: result: yes
configure:22322: checking sys/mman.h presence
configure:22322: cc -E  conftest.c
configure:22322: $? = 0
configure:22322: result: yes
configure:22322: checking for sys/mman.h
configure:22322: result: yes
configure:22322: checking libgen.h usability
configure:22322: cc -c -O -D__QC_LINUX -D__USE_UNIX98  conftest.c >&5
configure:22322: $? = 0
configure:22322: result: yes
configure:22322: checking libgen.h presence
configure:22322: cc -E  conftest.c
configure:22322: $? = 0
configure:22322: result: yes
configure:22322: checking for libgen.h
configure:22322: result: yes
configure:22322: checking rpc/rpc.h usability
configure:22322: cc -c -O -D__QC_LINUX -D__USE_UNIX98  conftest.c >&5
configure:22322: $? = 0
configure:22322: result: yes
configure:22322: checking rpc/rpc.h presence
configure:22322: cc -E  conftest.c
configure:22322: $? = 0
configure:22322: result: yes
configure:22322: checking for rpc/rpc.h
configure:22322: result: yes
configure:22322: checking rpc/xdr.h usability
configure:22322: cc -c -O -D__QC_LINUX -D__USE_UNIX98  conftest.c >&5
configure:22322: $? = 0
configure:22322: result: yes
configure:22322: checking rpc/xdr.h presence
configure:22322: cc -E  conftest.c
configure:22322: $? = 0
configure:22322: result: yes
configure:22322: checking for rpc/xdr.h
configure:22322: result: yes
configure:22322: checking alloca.h usability
configure:22322: cc -c -O -D__QC_LINUX -D__USE_UNIX98  conftest.c >&5
configure:22322: $? = 0
configure:22322: result: yes
configure:22322: checking alloca.h presence
configure:22322: cc -E  conftest.c
configure:22322: $? = 0
configure:22322: result: yes
configure:22322: checking for alloca.h
configure:22322: result: yes
configure:22322: checking sys/time.h usability
configure:22322: cc -c -O -D__QC_LINUX -D__USE_UNIX98  conftest.c >&5
configure:22322: $? = 0
configure:22322: result: yes
configure:22322: checking sys/time.h presence
configure:22322: cc -E  conftest.c
configure:22322: $? = 0
configure:22322: result: yes
configure:22322: checking for sys/time.h
configure:22322: result: yes
configure:22322: checking sys/resource.h usability
configure:22322: cc -c -O -D__QC_LINUX -D__USE_UNIX98  conftest.c >&5
configure:22322: $? = 0
configure:22322: result: yes
configure:22322: checking sys/resource.h presence
configure:22322: cc -E  conftest.c
configure:22322: $? = 0
configure:22322: result: yes
configure:22322: checking for sys/resource.h
configure:22322: result: yes
configure:22322: checking sys/utsname.h usability
configure:22322: cc -c -O -D__QC_LINUX -D__USE_UNIX98  conftest.c >&5
configure:22322: $? = 0
configure:22322: result: yes
configure:22322: checking sys/utsname.h presence
configure:22322: cc -E  conftest.c
configure:22322: $? = 0
configure:22322: result: yes
configure:22322: checking for sys/utsname.h
configure:22322: result: yes
configure:22322: checking sys/socket.h usability
configure:22322: cc -c -O -D__QC_LINUX -D__USE_UNIX98  conftest.c >&5
configure:22322: $? = 0
configure:22322: result: yes
configure:22322: checking sys/socket.h presence
configure:22322: cc -E  conftest.c
configure:22322: $? = 0
configure:22322: result: yes
configure:22322: checking for sys/socket.h
configure:22322: result: yes
configure:22322: checking sys/un.h usability
configure:22322: cc -c -O -D__QC_LINUX -D__USE_UNIX98  conftest.c >&5
configure:22322: $? = 0
configure:22322: result: yes
configure:22322: checking sys/un.h presence
configure:22322: cc -E  conftest.c
configure:22322: $? = 0
configure:22322: result: yes
configure:22322: checking for sys/un.h
configure:22322: result: yes
configure:22334: checking for an ANSI C-conforming const
configure:22408: cc -c -O -D__QC_LINUX -D__USE_UNIX98  conftest.c >&5
configure:22408: $? = 0
configure:22415: result: yes
configure:22423: checking for size_t
configure:22423: cc -c -O -D__QC_LINUX -D__USE_UNIX98  conftest.c >&5
configure:22423: $? = 0
configure:22423: cc -c -O -D__QC_LINUX -D__USE_UNIX98  conftest.c >&5
conftest.c: In function 'main':
conftest.c:96:21: error: expected expression before ')' token
 if (sizeof ((size_t)))
                     ^
configure:22423: $? = 1
configure: failed program was:
| /* confdefs.h */
| #define PACKAGE_NAME ""
| #define PACKAGE_TARNAME ""
| #define PACKAGE_VERSION ""
| #define PACKAGE_STRING ""
| #define PACKAGE_BUGREPORT ""
| #define PACKAGE_URL ""
| #define PACKAGE ""
| #define VERSION " "
| #define F77_FUNC(name,NAME) name ## _
| #define F77_FUNC_(name,NAME) name ## _
| #define STDC_HEADERS 1
| #define HAVE_SYS_TYPES_H 1
| #define HAVE_SYS_STAT_H 1
| #define HAVE_STDLIB_H 1
| #define HAVE_STRING_H 1
| #define HAVE_MEMORY_H 1
| #define HAVE_STRINGS_H 1
| #define HAVE_INTTYPES_H 1
| #define HAVE_STDINT_H 1
| #define HAVE_UNISTD_H 1
| #define HAVE_DLFCN_H 1
| #define LT_OBJDIR ".libs/"
| #define F77_FUNC(name,NAME) name ## _
| #define F77_FUNC_(name,NAME) name ## _
| #define HAVE_LIBPTHREAD 1
| #define HAVE_LIBM 1
| #define STDC_HEADERS 1
| #define HAVE_PTHREAD_H 1
| #define HAVE_SCHED_H 1
| #define HAVE_ERRNO_H 1
| #define HAVE_UNISTD_H 1
| #define HAVE_MATH_H 1
| #define HAVE_ASSERT_H 1
| #define HAVE_SEARCH_H 1
| #define HAVE_SIGNAL_H 1
| #define HAVE_SYS_WAIT_H 1
| #define HAVE_CTYPE_H 1
| #define HAVE_LIMITS_H 1
| #define HAVE_FCNTL_H 1
| #define HAVE_SYS_MMAN_H 1
| #define HAVE_LIBGEN_H 1
| #define HAVE_RPC_RPC_H 1
| #define HAVE_RPC_XDR_H 1
| #define HAVE_ALLOCA_H 1
| #define HAVE_SYS_TIME_H 1
| #define HAVE_SYS_RESOURCE_H 1
| #define HAVE_SYS_UTSNAME_H 1
| #define HAVE_SYS_SOCKET_H 1
| #define HAVE_SYS_UN_H 1
| /* end confdefs.h.  */
| #include <stdio.h>
| #ifdef HAVE_SYS_TYPES_H
| # include <sys/types.h>
| #endif
| #ifdef HAVE_SYS_STAT_H
| # include <sys/stat.h>
| #endif
| #ifdef STDC_HEADERS
| # include <stdlib.h>
| # include <stddef.h>
| #else
| # ifdef HAVE_STDLIB_H
| #  include <stdlib.h>
| # endif
| #endif
| #ifdef HAVE_STRING_H
| # if !defined STDC_HEADERS && defined HAVE_MEMORY_H
| #  include <memory.h>
| # endif
| # include <string.h>
| #endif
| #ifdef HAVE_STRINGS_H
| # include <strings.h>
| #endif
| #ifdef HAVE_INTTYPES_H
| # include <inttypes.h>
| #endif
| #ifdef HAVE_STDINT_H
| # include <stdint.h>
| #endif
| #ifdef HAVE_UNISTD_H
| # include <unistd.h>
| #endif
| #ifdef F77_DUMMY_MAIN
| 
| #  ifdef __cplusplus
|      extern "C"
| #  endif
|    int F77_DUMMY_MAIN() { return 1; }
| 
| #endif
| int
| main ()
| {
| if (sizeof ((size_t)))
| 	    return 0;
|   ;
|   return 0;
| }
configure:22423: result: yes
configure:22434: checking for pid_t
configure:22434: cc -c -O -D__QC_LINUX -D__USE_UNIX98  conftest.c >&5
configure:22434: $? = 0
configure:22434: cc -c -O -D__QC_LINUX -D__USE_UNIX98  conftest.c >&5
conftest.c: In function 'main':
conftest.c:96:20: error: expected expression before ')' token
 if (sizeof ((pid_t)))
                    ^
configure:22434: $? = 1
configure: failed program was:
| /* confdefs.h */
| #define PACKAGE_NAME ""
| #define PACKAGE_TARNAME ""
| #define PACKAGE_VERSION ""
| #define PACKAGE_STRING ""
| #define PACKAGE_BUGREPORT ""
| #define PACKAGE_URL ""
| #define PACKAGE ""
| #define VERSION " "
| #define F77_FUNC(name,NAME) name ## _
| #define F77_FUNC_(name,NAME) name ## _
| #define STDC_HEADERS 1
| #define HAVE_SYS_TYPES_H 1
| #define HAVE_SYS_STAT_H 1
| #define HAVE_STDLIB_H 1
| #define HAVE_STRING_H 1
| #define HAVE_MEMORY_H 1
| #define HAVE_STRINGS_H 1
| #define HAVE_INTTYPES_H 1
| #define HAVE_STDINT_H 1
| #define HAVE_UNISTD_H 1
| #define HAVE_DLFCN_H 1
| #define LT_OBJDIR ".libs/"
| #define F77_FUNC(name,NAME) name ## _
| #define F77_FUNC_(name,NAME) name ## _
| #define HAVE_LIBPTHREAD 1
| #define HAVE_LIBM 1
| #define STDC_HEADERS 1
| #define HAVE_PTHREAD_H 1
| #define HAVE_SCHED_H 1
| #define HAVE_ERRNO_H 1
| #define HAVE_UNISTD_H 1
| #define HAVE_MATH_H 1
| #define HAVE_ASSERT_H 1
| #define HAVE_SEARCH_H 1
| #define HAVE_SIGNAL_H 1
| #define HAVE_SYS_WAIT_H 1
| #define HAVE_CTYPE_H 1
| #define HAVE_LIMITS_H 1
| #define HAVE_FCNTL_H 1
| #define HAVE_SYS_MMAN_H 1
| #define HAVE_LIBGEN_H 1
| #define HAVE_RPC_RPC_H 1
| #define HAVE_RPC_XDR_H 1
| #define HAVE_ALLOCA_H 1
| #define HAVE_SYS_TIME_H 1
| #define HAVE_SYS_RESOURCE_H 1
| #define HAVE_SYS_UTSNAME_H 1
| #define HAVE_SYS_SOCKET_H 1
| #define HAVE_SYS_UN_H 1
| /* end confdefs.h.  */
| #include <stdio.h>
| #ifdef HAVE_SYS_TYPES_H
| # include <sys/types.h>
| #endif
| #ifdef HAVE_SYS_STAT_H
| # include <sys/stat.h>
| #endif
| #ifdef STDC_HEADERS
| # include <stdlib.h>
| # include <stddef.h>
| #else
| # ifdef HAVE_STDLIB_H
| #  include <stdlib.h>
| # endif
| #endif
| #ifdef HAVE_STRING_H
| # if !defined STDC_HEADERS && defined HAVE_MEMORY_H
| #  include <memory.h>
| # endif
| # include <string.h>
| #endif
| #ifdef HAVE_STRINGS_H
| # include <strings.h>
| #endif
| #ifdef HAVE_INTTYPES_H
| # include <inttypes.h>
| #endif
| #ifdef HAVE_STDINT_H
| # include <stdint.h>
| #endif
| #ifdef HAVE_UNISTD_H
| # include <unistd.h>
| #endif
| #ifdef F77_DUMMY_MAIN
| 
| #  ifdef __cplusplus
|      extern "C"
| #  endif
|    int F77_DUMMY_MAIN() { return 1; }
| 
| #endif
| int
| main ()
| {
| if (sizeof ((pid_t)))
| 	    return 0;
|   ;
|   return 0;
| }
configure:22434: result: yes
configure:22451: checking vfork.h usability
configure:22451: cc -c -O -D__QC_LINUX -D__USE_UNIX98  conftest.c >&5
conftest.c:85:19: fatal error: vfork.h: No such file or directory
 #include <vfork.h>
                   ^
compilation terminated.
configure:22451: $? = 1
configure: failed program was:
| /* confdefs.h */
| #define PACKAGE_NAME ""
| #define PACKAGE_TARNAME ""
| #define PACKAGE_VERSION ""
| #define PACKAGE_STRING ""
| #define PACKAGE_BUGREPORT ""
| #define PACKAGE_URL ""
| #define PACKAGE ""
| #define VERSION " "
| #define F77_FUNC(name,NAME) name ## _
| #define F77_FUNC_(name,NAME) name ## _
| #define STDC_HEADERS 1
| #define HAVE_SYS_TYPES_H 1
| #define HAVE_SYS_STAT_H 1
| #define HAVE_STDLIB_H 1
| #define HAVE_STRING_H 1
| #define HAVE_MEMORY_H 1
| #define HAVE_STRINGS_H 1
| #define HAVE_INTTYPES_H 1
| #define HAVE_STDINT_H 1
| #define HAVE_UNISTD_H 1
| #define HAVE_DLFCN_H 1
| #define LT_OBJDIR ".libs/"
| #define F77_FUNC(name,NAME) name ## _
| #define F77_FUNC_(name,NAME) name ## _
| #define HAVE_LIBPTHREAD 1
| #define HAVE_LIBM 1
| #define STDC_HEADERS 1
| #define HAVE_PTHREAD_H 1
| #define HAVE_SCHED_H 1
| #define HAVE_ERRNO_H 1
| #define HAVE_UNISTD_H 1
| #define HAVE_MATH_H 1
| #define HAVE_ASSERT_H 1
| #define HAVE_SEARCH_H 1
| #define HAVE_SIGNAL_H 1
| #define HAVE_SYS_WAIT_H 1
| #define HAVE_CTYPE_H 1
| #define HAVE_LIMITS_H 1
| #define HAVE_FCNTL_H 1
| #define HAVE_SYS_MMAN_H 1
| #define HAVE_LIBGEN_H 1
| #define HAVE_RPC_RPC_H 1
| #define HAVE_RPC_XDR_H 1
| #define HAVE_ALLOCA_H 1
| #define HAVE_SYS_TIME_H 1
| #define HAVE_SYS_RESOURCE_H 1
| #define HAVE_SYS_UTSNAME_H 1
| #define HAVE_SYS_SOCKET_H 1
| #define HAVE_SYS_UN_H 1
| /* end confdefs.h.  */
| #include <stdio.h>
| #ifdef HAVE_SYS_TYPES_H
| # include <sys/types.h>
| #endif
| #ifdef HAVE_SYS_STAT_H
| # include <sys/stat.h>
| #endif
| #ifdef STDC_HEADERS
| # include <stdlib.h>
| # include <stddef.h>
| #else
| # ifdef HAVE_STDLIB_H
| #  include <stdlib.h>
| # endif
| #endif
| #ifdef HAVE_STRING_H
| # if !defined STDC_HEADERS && defined HAVE_MEMORY_H
| #  include <memory.h>
| # endif
| # include <string.h>
| #endif
| #ifdef HAVE_STRINGS_H
| # include <strings.h>
| #endif
| #ifdef HAVE_INTTYPES_H
| # include <inttypes.h>
| #endif
| #ifdef HAVE_STDINT_H
| # include <stdint.h>
| #endif
| #ifdef HAVE_UNISTD_H
| # include <unistd.h>
| #endif
| #include <vfork.h>
configure:22451: result: no
configure:22451: checking vfork.h presence
configure:22451: cc -E  conftest.c
conftest.c:52:19: fatal error: vfork.h: No such file or directory
 #include <vfork.h>
                   ^
compilation terminated.
configure:22451: $? = 1
configure: failed program was:
| /* confdefs.h */
| #define PACKAGE_NAME ""
| #define PACKAGE_TARNAME ""
| #define PACKAGE_VERSION ""
| #define PACKAGE_STRING ""
| #define PACKAGE_BUGREPORT ""
| #define PACKAGE_URL ""
| #define PACKAGE ""
| #define VERSION " "
| #define F77_FUNC(name,NAME) name ## _
| #define F77_FUNC_(name,NAME) name ## _
| #define STDC_HEADERS 1
| #define HAVE_SYS_TYPES_H 1
| #define HAVE_SYS_STAT_H 1
| #define HAVE_STDLIB_H 1
| #define HAVE_STRING_H 1
| #define HAVE_MEMORY_H 1
| #define HAVE_STRINGS_H 1
| #define HAVE_INTTYPES_H 1
| #define HAVE_STDINT_H 1
| #define HAVE_UNISTD_H 1
| #define HAVE_DLFCN_H 1
| #define LT_OBJDIR ".libs/"
| #define F77_FUNC(name,NAME) name ## _
| #define F77_FUNC_(name,NAME) name ## _
| #define HAVE_LIBPTHREAD 1
| #define HAVE_LIBM 1
| #define STDC_HEADERS 1
| #define HAVE_PTHREAD_H 1
| #define HAVE_SCHED_H 1
| #define HAVE_ERRNO_H 1
| #define HAVE_UNISTD_H 1
| #define HAVE_MATH_H 1
| #define HAVE_ASSERT_H 1
| #define HAVE_SEARCH_H 1
| #define HAVE_SIGNAL_H 1
| #define HAVE_SYS_WAIT_H 1
| #define HAVE_CTYPE_H 1
| #define HAVE_LIMITS_H 1
| #define HAVE_FCNTL_H 1
| #define HAVE_SYS_MMAN_H 1
| #define HAVE_LIBGEN_H 1
| #define HAVE_RPC_RPC_H 1
| #define HAVE_RPC_XDR_H 1
| #define HAVE_ALLOCA_H 1
| #define HAVE_SYS_TIME_H 1
| #define HAVE_SYS_RESOURCE_H 1
| #define HAVE_SYS_UTSNAME_H 1
| #define HAVE_SYS_SOCKET_H 1
| #define HAVE_SYS_UN_H 1
| /* end confdefs.h.  */
| #include <vfork.h>
configure:22451: result: no
configure:22451: checking for vfork.h
configure:22451: result: no
configure:22464: checking for fork
configure:22464: cc -o conftest -O -D__QC_LINUX -D__USE_UNIX98   conftest.c -lm -lpthread  >&5
conftest.c:75:6: warning: conflicting types for built-in function 'fork' [enabled by default]
 char fork ();
      ^
configure:22464: $? = 0
configure:22464: result: yes
configure:22464: checking for vfork
configure:22464: cc -o conftest -O -D__QC_LINUX -D__USE_UNIX98   conftest.c -lm -lpthread  >&5
configure:22464: $? = 0
configure:22464: result: yes
configure:22474: checking for working fork
configure:22504: cc -o conftest -O -D__QC_LINUX -D__USE_UNIX98   conftest.c -lm -lpthread  >&5
configure:22504: $? = 0
configure:22504: ./conftest
configure:22504: $? = 0
configure:22514: result: yes
configure:22535: checking for working vfork
configure:22645: result: yes
configure:22673: checking for atexit
configure:22673: cc -o conftest -O -D__QC_LINUX -D__USE_UNIX98   conftest.c -lm -lpthread  >&5
configure:22673: $? = 0
configure:22673: result: yes
configure:22673: checking for memset
configure:22673: cc -o conftest -O -D__QC_LINUX -D__USE_UNIX98   conftest.c -lm -lpthread  >&5
conftest.c:80:6: warning: conflicting types for built-in function 'memset' [enabled by default]
 char memset ();
      ^
configure:22673: $? = 0
configure:22673: result: yes
configure:22673: checking for socket
configure:22673: cc -o conftest -O -D__QC_LINUX -D__USE_UNIX98   conftest.c -lm -lpthread  >&5
configure:22673: $? = 0
configure:22673: result: yes
configure:22673: checking for sqrt
configure:22673: cc -o conftest -O -D__QC_LINUX -D__USE_UNIX98   conftest.c -lm -lpthread  >&5
conftest.c:82:6: warning: conflicting types for built-in function 'sqrt' [enabled by default]
 char sqrt ();
      ^
configure:22673: $? = 0
configure:22673: result: yes
configure:22673: checking for strchr
configure:22673: cc -o conftest -O -D__QC_LINUX -D__USE_UNIX98   conftest.c -lm -lpthread  >&5
conftest.c:83:6: warning: conflicting types for built-in function 'strchr' [enabled by default]
 char strchr ();
      ^
configure:22673: $? = 0
configure:22673: result: yes
configure:22673: checking for uname
configure:22673: cc -o conftest -O -D__QC_LINUX -D__USE_UNIX98   conftest.c -lm -lpthread  >&5
configure:22673: $? = 0
configure:22673: result: yes
configure:22684: checking for kmod
configure:22684: cc -o conftest -O -D__QC_LINUX -D__USE_UNIX98   conftest.c -lm -lpthread  >&5
/tmp/cc1y6vgg.o: In function `main':
conftest.c:(.text+0xa): undefined reference to `kmod'
collect2: error: ld returned 1 exit status
configure:22684: $? = 1
configure: failed program was:
| /* confdefs.h */
| #define PACKAGE_NAME ""
| #define PACKAGE_TARNAME ""
| #define PACKAGE_VERSION ""
| #define PACKAGE_STRING ""
| #define PACKAGE_BUGREPORT ""
| #define PACKAGE_URL ""
| #define PACKAGE ""
| #define VERSION " "
| #define F77_FUNC(name,NAME) name ## _
| #define F77_FUNC_(name,NAME) name ## _
| #define STDC_HEADERS 1
| #define HAVE_SYS_TYPES_H 1
| #define HAVE_SYS_STAT_H 1
| #define HAVE_STDLIB_H 1
| #define HAVE_STRING_H 1
| #define HAVE_MEMORY_H 1
| #define HAVE_STRINGS_H 1
| #define HAVE_INTTYPES_H 1
| #define HAVE_STDINT_H 1
| #define HAVE_UNISTD_H 1
| #define HAVE_DLFCN_H 1
| #define LT_OBJDIR ".libs/"
| #define F77_FUNC(name,NAME) name ## _
| #define F77_FUNC_(name,NAME) name ## _
| #define HAVE_LIBPTHREAD 1
| #define HAVE_LIBM 1
| #define STDC_HEADERS 1
| #define HAVE_PTHREAD_H 1
| #define HAVE_SCHED_H 1
| #define HAVE_ERRNO_H 1
| #define HAVE_UNISTD_H 1
| #define HAVE_MATH_H 1
| #define HAVE_ASSERT_H 1
| #define HAVE_SEARCH_H 1
| #define HAVE_SIGNAL_H 1
| #define HAVE_SYS_WAIT_H 1
| #define HAVE_CTYPE_H 1
| #define HAVE_LIMITS_H 1
| #define HAVE_FCNTL_H 1
| #define HAVE_SYS_MMAN_H 1
| #define HAVE_LIBGEN_H 1
| #define HAVE_RPC_RPC_H 1
| #define HAVE_RPC_XDR_H 1
| #define HAVE_ALLOCA_H 1
| #define HAVE_SYS_TIME_H 1
| #define HAVE_SYS_RESOURCE_H 1
| #define HAVE_SYS_UTSNAME_H 1
| #define HAVE_SYS_SOCKET_H 1
| #define HAVE_SYS_UN_H 1
| #define HAVE_FORK 1
| #define HAVE_VFORK 1
| #define HAVE_WORKING_VFORK 1
| #define HAVE_WORKING_FORK 1
| #define HAVE_ATEXIT 1
| #define HAVE_MEMSET 1
| #define HAVE_SOCKET 1
| #define HAVE_SQRT 1
| #define HAVE_STRCHR 1
| #define HAVE_UNAME 1
| /* end confdefs.h.  */
| /* Define kmod to an innocuous variant, in case <limits.h> declares kmod.
|    For example, HP-UX 11i <limits.h> declares gettimeofday.  */
| #define kmod innocuous_kmod
| 
| /* System header to define __stub macros and hopefully few prototypes,
|     which can conflict with char kmod (); below.
|     Prefer <limits.h> to <assert.h> if __STDC__ is defined, since
|     <limits.h> exists even on freestanding compilers.  */
| 
| #ifdef __STDC__
| # include <limits.h>
| #else
| # include <assert.h>
| #endif
| 
| #undef kmod
| 
| /* Override any GCC internal prototype to avoid an error.
|    Use char because int might match the return type of a GCC
|    builtin and then its argument prototype would still apply.  */
| #ifdef __cplusplus
| extern "C"
| #endif
| char kmod ();
| /* The GNU C library defines this for functions which it implements
|     to always fail with ENOSYS.  Some functions are actually named
|     something starting with __ and the normal name is an alias.  */
| #if defined __stub_kmod || defined __stub___kmod
| choke me
| #endif
| 
| #ifdef F77_DUMMY_MAIN
| 
| #  ifdef __cplusplus
|      extern "C"
| #  endif
|    int F77_DUMMY_MAIN() { return 1; }
| 
| #endif
| int
| main ()
| {
| return kmod ();
|   ;
|   return 0;
| }
configure:22684: result: no
configure:22804: checking that generated files are newer than configure
configure:22810: result: done
configure:22845: creating ./config.status

## ---------------------- ##
## Running config.status. ##
## ---------------------- ##

This file was extended by config.status, which was
generated by GNU Autoconf 2.69.  Invocation command line was

  CONFIG_FILES    = 
  CONFIG_HEADERS  = 
  CONFIG_LINKS    = 
  CONFIG_COMMANDS = 
  $ ./config.status 

on br006.pvt.bridges.psc.edu

config.status:1261: creating Makefile
config.status:1261: creating config.h
config.status:1427: config.h is unchanged
config.status:1475: executing depfiles commands
config.status:1475: executing libtool commands

## ---------------- ##
## Cache variables. ##
## ---------------- ##

ac_cv_build=x86_64-pc-linux-gnu
ac_cv_c_compiler_gnu=yes
ac_cv_c_const=yes
ac_cv_cxx_compiler_gnu=no
ac_cv_env_CCC_set=
ac_cv_env_CCC_value=
ac_cv_env_CC_set=
ac_cv_env_CC_value=
ac_cv_env_CFLAGS_set=
ac_cv_env_CFLAGS_value=
ac_cv_env_CPPFLAGS_set=
ac_cv_env_CPPFLAGS_value=
ac_cv_env_CPP_set=
ac_cv_env_CPP_value=
ac_cv_env_CXXCPP_set=
ac_cv_env_CXXCPP_value=
ac_cv_env_CXXFLAGS_set=set
ac_cv_env_CXXFLAGS_value='-std=c++14 -O3 -Wall -Wextra'
ac_cv_env_CXX_set=
ac_cv_env_CXX_value=
ac_cv_env_F77_set=set
ac_cv_env_F77_value=ifort
ac_cv_env_FFLAGS_set=
ac_cv_env_FFLAGS_value=
ac_cv_env_LDFLAGS_set=
ac_cv_env_LDFLAGS_value=
ac_cv_env_LIBS_set=
ac_cv_env_LIBS_value=
ac_cv_env_LT_SYS_LIBRARY_PATH_set=
ac_cv_env_LT_SYS_LIBRARY_PATH_value=
ac_cv_env_build_alias_set=
ac_cv_env_build_alias_value=
ac_cv_env_host_alias_set=
ac_cv_env_host_alias_value=
ac_cv_env_target_alias_set=
ac_cv_env_target_alias_value=
ac_cv_f77_compiler_gnu=no
ac_cv_f77_dummy_main=none
ac_cv_f77_libs=' -L/opt/intel/compilers_and_libraries_2016.3.210/linux/ipp/lib/intel64 -L/opt/intel/compilers_and_libraries_2016.3.210/linux/compiler/lib/intel64 -L/opt/intel/compilers_and_libraries_2016.3.210/linux/mkl/lib/intel64 -L/opt/intel/compilers_and_libraries_2016.3.210/linux/tbb/lib/intel64/gcc4.4 -L/opt/intel/debugger_2016/libipt/intel64/lib -L/opt/intel/compilers_and_libraries_2016.3.210/linux/daal/lib/intel64_lin -L/opt/intel/compilers_and_libraries_2016.3.210/linux/tbb/lib/intel64_lin/gcc4.4 -L/opt/intel/compilers_and_libraries_2016.3.210/linux/compiler/lib/intel64_lin -L/usr/lib/gcc/x86_64-redhat-linux/4.8.5/ -L/usr/lib/gcc/x86_64-redhat-linux/4.8.5/../../../../lib64 -L/usr/lib/gcc/x86_64-redhat-linux/4.8.5/../../../../lib64/ -L/lib/../lib64 -L/lib/../lib64/ -L/usr/lib/../lib64 -L/usr/lib/../lib64/ -L/opt/intel/compilers_and_libraries_2016.3.210/linux/ipp/lib/intel64/ -L/opt/intel/compilers_and_libraries_2016.3.210/linux/compiler/lib/intel64/ -L/opt/intel/compilers_and_libraries_2016.3.210/linux/mkl/lib/intel64/ -L/opt/intel/compilers_and_libraries_2016.3.210/linux/tbb/lib/intel64/gcc4.4/ -L/opt/intel/debugger_2016/libipt/intel64/lib/ -L/opt/intel/compilers_and_libraries_2016.3.210/linux/daal/lib/intel64_lin/ -L/opt/intel/compilers_and_libraries_2016.3.210/linux/tbb/lib/intel64_lin/gcc4.4/ -L/opt/intel/compilers_and_libraries_2016.3.210/linux/compiler/lib/intel64_lin/ -L/usr/lib/gcc/x86_64-redhat-linux/4.8.5/../../../ -L/lib64 -L/lib/ -L/usr/lib64 -L/usr/lib -lifport -lifcore -limf -lsvml -lm -lipgo -lirc -lpthread -lirc_s -ldl'
ac_cv_f77_mangling='lower case, underscore, no extra underscore'
ac_cv_fortran_dummy_main=none
ac_cv_func_atexit=yes
ac_cv_func_fork=yes
ac_cv_func_fork_works=yes
ac_cv_func_kmod=no
ac_cv_func_memset=yes
ac_cv_func_socket=yes
ac_cv_func_sqrt=yes
ac_cv_func_strchr=yes
ac_cv_func_uname=yes
ac_cv_func_vfork=yes
ac_cv_func_vfork_works=yes
ac_cv_header_alloca_h=yes
ac_cv_header_assert_h=yes
ac_cv_header_ctype_h=yes
ac_cv_header_dlfcn_h=yes
ac_cv_header_errno_h=yes
ac_cv_header_fcntl_h=yes
ac_cv_header_inttypes_h=yes
ac_cv_header_libgen_h=yes
ac_cv_header_limits_h=yes
ac_cv_header_math_h=yes
ac_cv_header_memory_h=yes
ac_cv_header_pthread_h=yes
ac_cv_header_rpc_rpc_h=yes
ac_cv_header_rpc_xdr_h=yes
ac_cv_header_sched_h=yes
ac_cv_header_search_h=yes
ac_cv_header_signal_h=yes
ac_cv_header_stdc=yes
ac_cv_header_stdint_h=yes
ac_cv_header_stdlib_h=yes
ac_cv_header_string_h=yes
ac_cv_header_strings_h=yes
ac_cv_header_sys_mman_h=yes
ac_cv_header_sys_mpctl_h=no
ac_cv_header_sys_resource_h=yes
ac_cv_header_sys_socket_h=yes
ac_cv_header_sys_stat_h=yes
ac_cv_header_sys_time_h=yes
ac_cv_header_sys_types_h=yes
ac_cv_header_sys_un_h=yes
ac_cv_header_sys_utsname_h=yes
ac_cv_header_sys_wait_h=yes
ac_cv_header_unistd_h=yes
ac_cv_header_vfork_h=no
ac_cv_host=x86_64-pc-linux-gnu
ac_cv_lib_m_sin=yes
ac_cv_lib_pthread___pthread_create_system=no
ac_cv_lib_pthread_pthread_create=yes
ac_cv_lib_socket_socket=no
ac_cv_objext=o
ac_cv_path_EGREP='/usr/bin/grep -E'
ac_cv_path_FGREP='/usr/bin/grep -F'
ac_cv_path_GREP=/usr/bin/grep
ac_cv_path_SED=/usr/bin/sed
ac_cv_path_install='/usr/bin/install -c'
ac_cv_path_lt_DD=/usr/bin/dd
ac_cv_path_mkdir=/usr/bin/mkdir
ac_cv_prog_AWK=gawk
ac_cv_prog_CPP='cc -E'
ac_cv_prog_CXXCPP='c++ -E'
ac_cv_prog_ac_ct_CC=cc
ac_cv_prog_ac_ct_CXX=c++
ac_cv_prog_ac_ct_OBJDUMP=objdump
ac_cv_prog_ac_ct_RANLIB=ranlib
ac_cv_prog_ac_ct_STRIP=strip
ac_cv_prog_cc_c89=
ac_cv_prog_cc_cc_c_o=yes
ac_cv_prog_cc_g=yes
ac_cv_prog_cxx_g=yes
ac_cv_prog_f77_g=yes
ac_cv_prog_f77_v=-v
ac_cv_prog_make_make_set=yes
ac_cv_type_pid_t=yes
ac_cv_type_size_t=yes
am_cv_CC_dependencies_compiler_type=gcc3
am_cv_CXX_dependencies_compiler_type=gcc3
am_cv_make_support_nested_variables=yes
am_cv_prog_cc_c_o=yes
lt_cv_ar_at_file=@
lt_cv_deplibs_check_method=pass_all
lt_cv_file_magic_cmd='$MAGIC_CMD'
lt_cv_file_magic_test_file=
lt_cv_ld_reload_flag=-r
lt_cv_nm_interface='BSD nm'
lt_cv_objdir=.libs
lt_cv_path_LD=/usr/bin/ld
lt_cv_path_LDCXX=
lt_cv_path_NM='/usr/bin/nm -B'
lt_cv_path_mainfest_tool=no
lt_cv_prog_compiler_c_o=yes
lt_cv_prog_compiler_c_o_CXX=yes
lt_cv_prog_compiler_c_o_F77=yes
lt_cv_prog_compiler_pic='-fPIC -DPIC'
lt_cv_prog_compiler_pic_CXX=' -DPIC'
lt_cv_prog_compiler_pic_F77=-fPIC
lt_cv_prog_compiler_pic_works=yes
lt_cv_prog_compiler_pic_works_CXX=yes
lt_cv_prog_compiler_pic_works_F77=yes
lt_cv_prog_compiler_rtti_exceptions=no
lt_cv_prog_compiler_static_works=yes
lt_cv_prog_compiler_static_works_CXX=yes
lt_cv_prog_compiler_static_works_F77=no
lt_cv_prog_gnu_ld=yes
lt_cv_prog_gnu_ldcxx=
lt_cv_sharedlib_from_linklib_cmd='printf %s\n'
lt_cv_shlibpath_overrides_runpath=no
lt_cv_sys_global_symbol_pipe='sed -n -e '\''s/^.*[	 ]\([ABCDGIRSTW][ABCDGIRSTW]*\)[	 ][	 ]*\([_A-Za-z][_A-Za-z0-9]*\)$/\1 \2 \2/p'\'' | sed '\''/ __gnu_lto/d'\'''
lt_cv_sys_global_symbol_to_c_name_address='sed -n -e '\''s/^: \(.*\) .*$/  {"\1", (void *) 0},/p'\'' -e '\''s/^[ABCDGIRSTW][ABCDGIRSTW]* .* \(.*\)$/  {"\1", (void *) \&\1},/p'\'''
lt_cv_sys_global_symbol_to_c_name_address_lib_prefix='sed -n -e '\''s/^: \(.*\) .*$/  {"\1", (void *) 0},/p'\'' -e '\''s/^[ABCDGIRSTW][ABCDGIRSTW]* .* \(lib.*\)$/  {"\1", (void *) \&\1},/p'\'' -e '\''s/^[ABCDGIRSTW][ABCDGIRSTW]* .* \(.*\)$/  {"lib\1", (void *) \&\1},/p'\'''
lt_cv_sys_global_symbol_to_cdecl='sed -n -e '\''s/^T .* \(.*\)$/extern int \1();/p'\'' -e '\''s/^[ABCDGIRSTW][ABCDGIRSTW]* .* \(.*\)$/extern char \1;/p'\'''
lt_cv_sys_global_symbol_to_import=
lt_cv_sys_max_cmd_len=201326592
lt_cv_to_host_file_cmd=func_convert_file_noop
lt_cv_to_tool_file_cmd=func_convert_file_noop
lt_cv_truncate_bin='/usr/bin/dd bs=4096 count=1'

## ----------------- ##
## Output variables. ##
## ----------------- ##

ACLOCAL='${SHELL} /home/grasinge/Dev/qc/QuasiSRC/bin/missing aclocal-1.15'
AMDEPBACKSLASH='\'
AMDEP_FALSE='#'
AMDEP_TRUE=''
AMTAR='$${TAR-tar}'
AM_BACKSLASH='\'
AM_DEFAULT_V='$(AM_DEFAULT_VERBOSITY)'
AM_DEFAULT_VERBOSITY='1'
AM_V='$(V)'
AR='ar'
AR_FLAGS='cru'
AUTOCONF='${SHELL} /home/grasinge/Dev/qc/QuasiSRC/bin/missing autoconf'
AUTOHEADER='${SHELL} /home/grasinge/Dev/qc/QuasiSRC/bin/missing autoheader'
AUTOMAKE='${SHELL} /home/grasinge/Dev/qc/QuasiSRC/bin/missing automake-1.15'
AWK='gawk'
CC='cc'
CCDEPMODE='depmode=gcc3'
CFLAGS='-O -D__QC_LINUX -D__USE_UNIX98'
CPP='cc -E'
CPPFLAGS=''
CXX='c++'
CXXCPP='c++ -E'
CXXDEPMODE='depmode=gcc3'
CXXFLAGS='-O -D__QC_LINUX -D__USE_UNIX98'
CYGPATH_W='echo'
DEFS='-DHAVE_CONFIG_H'
DEPDIR='.deps'
DLLTOOL='false'
DSYMUTIL=''
DUMPBIN=''
ECHO_C=''
ECHO_N='-n'
ECHO_T=''
EGREP='/usr/bin/grep -E'
EXEEXT=''
F77='ifort'
FFLAGS='-O'
FGREP='/usr/bin/grep -F'
FLIBS=' -L/opt/intel/compilers_and_libraries_2016.3.210/linux/ipp/lib/intel64 -L/opt/intel/compilers_and_libraries_2016.3.210/linux/compiler/lib/intel64 -L/opt/intel/compilers_and_libraries_2016.3.210/linux/mkl/lib/intel64 -L/opt/intel/compilers_and_libraries_2016.3.210/linux/tbb/lib/intel64/gcc4.4 -L/opt/intel/debugger_2016/libipt/intel64/lib -L/opt/intel/compilers_and_libraries_2016.3.210/linux/daal/lib/intel64_lin -L/opt/intel/compilers_and_libraries_2016.3.210/linux/tbb/lib/intel64_lin/gcc4.4 -L/opt/intel/compilers_and_libraries_2016.3.210/linux/compiler/lib/intel64_lin -L/usr/lib/gcc/x86_64-redhat-linux/4.8.5/ -L/usr/lib/gcc/x86_64-redhat-linux/4.8.5/../../../../lib64 -L/usr/lib/gcc/x86_64-redhat-linux/4.8.5/../../../../lib64/ -L/lib/../lib64 -L/lib/../lib64/ -L/usr/lib/../lib64 -L/usr/lib/../lib64/ -L/opt/intel/compilers_and_libraries_2016.3.210/linux/ipp/lib/intel64/ -L/opt/intel/compilers_and_libraries_2016.3.210/linux/compiler/lib/intel64/ -L/opt/intel/compilers_and_libraries_2016.3.210/linux/mkl/lib/intel64/ -L/opt/intel/compilers_and_libraries_2016.3.210/linux/tbb/lib/intel64/gcc4.4/ -L/opt/intel/debugger_2016/libipt/intel64/lib/ -L/opt/intel/compilers_and_libraries_2016.3.210/linux/daal/lib/intel64_lin/ -L/opt/intel/compilers_and_libraries_2016.3.210/linux/tbb/lib/intel64_lin/gcc4.4/ -L/opt/intel/compilers_and_libraries_2016.3.210/linux/compiler/lib/intel64_lin/ -L/usr/lib/gcc/x86_64-redhat-linux/4.8.5/../../../ -L/lib64 -L/lib/ -L/usr/lib64 -L/usr/lib -lifport -lifcore -limf -lsvml -lm -lipgo -lirc -lpthread -lirc_s -ldl'
GREP='/usr/bin/grep'
INSTALL_DATA='${INSTALL} -m 644'
INSTALL_PROGRAM='${INSTALL}'
INSTALL_SCRIPT='${INSTALL}'
INSTALL_STRIP_PROGRAM='$(install_sh) -c -s'
LD='/usr/bin/ld -m elf_x86_64'
LDFLAGS=''
LIBOBJS=''
LIBS='-lm -lpthread '
LIBTOOL='$(SHELL) $(top_builddir)/libtool'
LIPO=''
LN_S='ln -s'
LTLIBOBJS=''
LT_SYS_LIBRARY_PATH=''
MAINT='#'
MAINTAINER_MODE_FALSE=''
MAINTAINER_MODE_TRUE='#'
MAKEINFO='${SHELL} /home/grasinge/Dev/qc/QuasiSRC/bin/missing makeinfo'
MANIFEST_TOOL=':'
MKDIR_P='/usr/bin/mkdir -p'
NM='/usr/bin/nm -B'
NMEDIT=''
OBJDUMP='objdump'
OBJEXT='o'
OTOOL64=''
OTOOL=''
PACKAGE=''
PACKAGE_BUGREPORT=''
PACKAGE_NAME=''
PACKAGE_STRING=''
PACKAGE_TARNAME=''
PACKAGE_URL=''
PACKAGE_VERSION=''
PATH_SEPARATOR=':'
RANLIB='ranlib'
SED='/usr/bin/sed'
SET_MAKE=''
SHELL='/bin/sh'
STRIP='strip'
VERSION=' '
ac_ct_AR=''
ac_ct_CC='cc'
ac_ct_CXX='c++'
ac_ct_DUMPBIN=''
ac_ct_F77=''
am__EXEEXT_FALSE=''
am__EXEEXT_TRUE='#'
am__fastdepCC_FALSE='#'
am__fastdepCC_TRUE=''
am__fastdepCXX_FALSE='#'
am__fastdepCXX_TRUE=''
am__include='include'
am__isrc=''
am__leading_dot='.'
am__nodep='_no'
am__quote=''
am__tar='$${TAR-tar} chof - "$$tardir"'
am__untar='$${TAR-tar} xf -'
bindir='${exec_prefix}/bin'
build='x86_64-pc-linux-gnu'
build_alias=''
build_cpu='x86_64'
build_os='linux-gnu'
build_vendor='pc'
datadir='${datarootdir}'
datarootdir='${prefix}/share'
docdir='${datarootdir}/doc/${PACKAGE}'
dvidir='${docdir}'
exec_prefix='${prefix}'
host='x86_64-pc-linux-gnu'
host_alias=''
host_cpu='x86_64'
host_os='linux-gnu'
host_vendor='pc'
htmldir='${docdir}'
includedir='${prefix}/include'
infodir='${datarootdir}/info'
install_sh='${SHELL} /home/grasinge/Dev/qc/QuasiSRC/bin/install-sh'
libdir='${exec_prefix}/lib'
libexecdir='${exec_prefix}/libexec'
localedir='${datarootdir}/locale'
localstatedir='${prefix}/var'
mandir='${datarootdir}/man'
mkdir_p='$(MKDIR_P)'
oldincludedir='/usr/include'
pdfdir='${docdir}'
prefix='/usr/local'
program_transform_name='s,x,x,'
psdir='${docdir}'
runstatedir='${localstatedir}/run'
sbindir='${exec_prefix}/sbin'
sharedstatedir='${prefix}/com'
sysconfdir='${prefix}/etc'
target_alias=''

## ----------- ##
## confdefs.h. ##
## ----------- ##

/* confdefs.h */
#define PACKAGE_NAME ""
#define PACKAGE_TARNAME ""
#define PACKAGE_VERSION ""
#define PACKAGE_STRING ""
#define PACKAGE_BUGREPORT ""
#define PACKAGE_URL ""
#define PACKAGE ""
#define VERSION " "
#define F77_FUNC(name,NAME) name ## _
#define F77_FUNC_(name,NAME) name ## _
#define STDC_HEADERS 1
#define HAVE_SYS_TYPES_H 1
#define HAVE_SYS_STAT_H 1
#define HAVE_STDLIB_H 1
#define HAVE_STRING_H 1
#define HAVE_MEMORY_H 1
#define HAVE_STRINGS_H 1
#define HAVE_INTTYPES_H 1
#define HAVE_STDINT_H 1
#define HAVE_UNISTD_H 1
#define HAVE_DLFCN_H 1
#define LT_OBJDIR ".libs/"
#define F77_FUNC(name,NAME) name ## _
#define F77_FUNC_(name,NAME) name ## _
#define HAVE_LIBPTHREAD 1
#define HAVE_LIBM 1
#define STDC_HEADERS 1
#define HAVE_PTHREAD_H 1
#define HAVE_SCHED_H 1
#define HAVE_ERRNO_H 1
#define HAVE_UNISTD_H 1
#define HAVE_MATH_H 1
#define HAVE_ASSERT_H 1
#define HAVE_SEARCH_H 1
#define HAVE_SIGNAL_H 1
#define HAVE_SYS_WAIT_H 1
#define HAVE_CTYPE_H 1
#define HAVE_LIMITS_H 1
#define HAVE_FCNTL_H 1
#define HAVE_SYS_MMAN_H 1
#define HAVE_LIBGEN_H 1
#define HAVE_RPC_RPC_H 1
#define HAVE_RPC_XDR_H 1
#define HAVE_ALLOCA_H 1
#define HAVE_SYS_TIME_H 1
#define HAVE_SYS_RESOURCE_H 1
#define HAVE_SYS_UTSNAME_H 1
#define HAVE_SYS_SOCKET_H 1
#define HAVE_SYS_UN_H 1
#define HAVE_FORK 1
#define HAVE_VFORK 1
#define HAVE_WORKING_VFORK 1
#define HAVE_WORKING_FORK 1
#define HAVE_ATEXIT 1
#define HAVE_MEMSET 1
#define HAVE_SOCKET 1
#define HAVE_SQRT 1
#define HAVE_STRCHR 1
#define HAVE_UNAME 1

configure: exit 0
