This file contains any messages produced by compilers while
running configure, to aid debugging if configure makes a mistake.

It was created by qc configure 0.1.0, which was
generated by GNU Autoconf 2.69.  Invocation command line was

  $ ./configure 

## --------- ##
## Platform. ##
## --------- ##

hostname = br006.pvt.bridges.psc.edu
uname -m = x86_64
uname -r = 3.10.0-327.4.5.el7.x86_64
uname -s = Linux
uname -v = #1 SMP Thu Nov 3 16:18:35 EDT 2016

/usr/bin/uname -p = x86_64
/bin/uname -X     = unknown

/bin/arch              = x86_64
/usr/bin/arch -k       = unknown
/usr/convex/getsysinfo = unknown
/usr/bin/hostinfo      = unknown
/bin/machine           = unknown
/usr/bin/oslevel       = unknown
/bin/universe          = unknown

PATH: /usr/lib64/qt-3.3/bin
PATH: /opt/intel/compilers_and_libraries_2016.3.210/linux/mpi/intel64/bin
PATH: /opt/intel/compilers_and_libraries_2016.3.210/linux/bin/intel64
PATH: /opt/intel/debugger_2016/gdb/intel64_mic/bin
PATH: /opt/packages/slurm/15.08.8/bin
PATH: /opt/packages/allocations
PATH: /opt/packages/interact/bin
PATH: /usr/lib64/ccache
PATH: /usr/local/bin
PATH: /usr/bin
PATH: /usr/local/sbin
PATH: /usr/sbin
PATH: /opt/puppetlabs/puppet/bin
PATH: /opt/packages/slash2/psc/sbin
PATH: /opt/puppetlabs/bin
PATH: ./
PATH: /home/grasinge/.local/bin
PATH: /home/grasinge/bin


## ----------- ##
## Core tests. ##
## ----------- ##

configure:2165: checking for a BSD-compatible install
configure:2233: result: /usr/bin/install -c
configure:2244: checking whether build environment is sane
configure:2299: result: yes
configure:2450: checking for a thread-safe mkdir -p
configure:2489: result: /usr/bin/mkdir -p
configure:2496: checking for gawk
configure:2512: found /usr/bin/gawk
configure:2523: result: gawk
configure:2534: checking whether make sets $(MAKE)
configure:2556: result: yes
configure:2585: checking whether make supports nested variables
configure:2602: result: yes
configure:2687: checking whether to enable maintainer-specific portions of Makefiles
configure:2696: result: no
configure:2714: checking build system type
configure:2728: result: x86_64-pc-linux-gnu
configure:2748: checking host system type
configure:2761: result: x86_64-pc-linux-gnu
configure:2783: checking whether make sets $(MAKE)
configure:2805: result: yes
configure:2891: checking how to print strings
configure:2918: result: printf
configure:2951: checking for style of include used by make
configure:2979: result: GNU
configure:3050: checking for gcc
configure:3066: found /usr/lib64/ccache/gcc
configure:3077: result: gcc
configure:3306: checking for C compiler version
configure:3315: gcc --version >&5
gcc (GCC) 4.8.5 20150623 (Red Hat 4.8.5-4)
Copyright (C) 2015 Free Software Foundation, Inc.
This is free software; see the source for copying conditions.  There is NO
warranty; not even for MERCHANTABILITY or FITNESS FOR A PARTICULAR PURPOSE.

configure:3326: $? = 0
configure:3315: gcc -v >&5
Using built-in specs.
COLLECT_GCC=/usr/bin/gcc
COLLECT_LTO_WRAPPER=/usr/libexec/gcc/x86_64-redhat-linux/4.8.5/lto-wrapper
Target: x86_64-redhat-linux
Configured with: ../configure --prefix=/usr --mandir=/usr/share/man --infodir=/usr/share/info --with-bugurl=http://bugzilla.redhat.com/bugzilla --enable-bootstrap --enable-shared --enable-threads=posix --enable-checking=release --with-system-zlib --enable-__cxa_atexit --disable-libunwind-exceptions --enable-gnu-unique-object --enable-linker-build-id --with-linker-hash-style=gnu --enable-languages=c,c++,objc,obj-c++,java,fortran,ada,go,lto --enable-plugin --enable-initfini-array --disable-libgcj --with-isl=/builddir/build/BUILD/gcc-4.8.5-20150702/obj-x86_64-redhat-linux/isl-install --with-cloog=/builddir/build/BUILD/gcc-4.8.5-20150702/obj-x86_64-redhat-linux/cloog-install --enable-gnu-indirect-function --with-tune=generic --with-arch_32=x86-64 --build=x86_64-redhat-linux
Thread model: posix
gcc version 4.8.5 20150623 (Red Hat 4.8.5-4) (GCC) 
configure:3326: $? = 0
configure:3315: gcc -V >&5
gcc: error: unrecognized command line option '-V'
gcc: fatal error: no input files
compilation terminated.
configure:3326: $? = 4
configure:3315: gcc -qversion >&5
gcc: error: unrecognized command line option '-qversion'
gcc: fatal error: no input files
compilation terminated.
configure:3326: $? = 4
configure:3346: checking whether the C compiler works
configure:3368: gcc    conftest.c  >&5
configure:3372: $? = 0
configure:3420: result: yes
configure:3423: checking for C compiler default output file name
configure:3425: result: a.out
configure:3431: checking for suffix of executables
configure:3438: gcc -o conftest    conftest.c  >&5
configure:3442: $? = 0
configure:3464: result: 
configure:3486: checking whether we are cross compiling
configure:3494: gcc -o conftest    conftest.c  >&5
configure:3498: $? = 0
configure:3505: ./conftest
configure:3509: $? = 0
configure:3524: result: no
configure:3529: checking for suffix of object files
configure:3551: gcc -c   conftest.c >&5
configure:3555: $? = 0
configure:3576: result: o
configure:3580: checking whether we are using the GNU C compiler
configure:3599: gcc -c   conftest.c >&5
configure:3599: $? = 0
configure:3608: result: yes
configure:3617: checking whether gcc accepts -g
configure:3637: gcc -c -g  conftest.c >&5
configure:3637: $? = 0
configure:3678: result: yes
configure:3695: checking for gcc option to accept ISO C89
configure:3758: gcc  -c -g -O2  conftest.c >&5
configure:3758: $? = 0
configure:3771: result: none needed
configure:3793: checking dependency style of gcc
configure:3904: result: gcc3
configure:3919: checking for a sed that does not truncate output
configure:3983: result: /usr/bin/sed
configure:4001: checking for grep that handles long lines and -e
configure:4059: result: /usr/bin/grep
configure:4064: checking for egrep
configure:4126: result: /usr/bin/grep -E
configure:4131: checking for fgrep
configure:4193: result: /usr/bin/grep -F
configure:4228: checking for ld used by gcc
configure:4295: result: /usr/bin/ld
configure:4302: checking if the linker (/usr/bin/ld) is GNU ld
configure:4317: result: yes
configure:4329: checking for BSD- or MS-compatible name lister (nm)
configure:4378: result: /usr/bin/nm -B
configure:4508: checking the name lister (/usr/bin/nm -B) interface
configure:4515: gcc -c -g -O2  conftest.c >&5
configure:4518: /usr/bin/nm -B "conftest.o"
configure:4521: output
0000000000000000 B some_variable
configure:4528: result: BSD nm
configure:4531: checking whether ln -s works
configure:4535: result: yes
configure:4543: checking the maximum length of command line arguments
configure:4673: result: 201326592
configure:4690: checking whether the shell understands some XSI constructs
configure:4700: result: yes
configure:4704: checking whether the shell understands "+="
configure:4710: result: yes
configure:4745: checking how to convert x86_64-pc-linux-gnu file names to x86_64-pc-linux-gnu format
configure:4785: result: func_convert_file_noop
configure:4792: checking how to convert x86_64-pc-linux-gnu file names to toolchain format
configure:4812: result: func_convert_file_noop
configure:4819: checking for /usr/bin/ld option to reload object files
configure:4826: result: -r
configure:4900: checking for objdump
configure:4916: found /usr/bin/objdump
configure:4927: result: objdump
configure:4959: checking how to recognize dependent libraries
configure:5161: result: pass_all
configure:5246: checking for dlltool
configure:5276: result: no
configure:5306: checking how to associate runtime and link libraries
configure:5333: result: printf %s\n
configure:5394: checking for ar
configure:5410: found /usr/bin/ar
configure:5421: result: ar
configure:5458: checking for archiver @FILE support
configure:5475: gcc -c -g -O2  conftest.c >&5
configure:5475: $? = 0
configure:5478: ar cru libconftest.a @conftest.lst >&5
configure:5481: $? = 0
configure:5486: ar cru libconftest.a @conftest.lst >&5
ar: conftest.o: No such file or directory
configure:5489: $? = 1
configure:5501: result: @
configure:5559: checking for strip
configure:5575: found /usr/bin/strip
configure:5586: result: strip
configure:5658: checking for ranlib
configure:5674: found /usr/bin/ranlib
configure:5685: result: ranlib
configure:5787: checking command to parse /usr/bin/nm -B output from gcc object
configure:5907: gcc -c -g -O2  conftest.c >&5
configure:5910: $? = 0
configure:5914: /usr/bin/nm -B conftest.o \| sed -n -e 's/^.*[ ]\([ABCDGIRSTW][ABCDGIRSTW]*\)[ ][ ]*\([_A-Za-z][_A-Za-z0-9]*\)$/\1 \2 \2/p' | sed '/ __gnu_lto/d' \> conftest.nm
configure:5917: $? = 0
configure:5983: gcc -o conftest -g -O2   conftest.c conftstm.o >&5
configure:5986: $? = 0
configure:6024: result: ok
configure:6061: checking for sysroot
configure:6091: result: no
configure:6168: gcc -c -g -O2  conftest.c >&5
configure:6171: $? = 0
configure:6347: checking for mt
configure:6377: result: no
configure:6397: checking if : is a manifest tool
configure:6403: : '-?'
configure:6411: result: no
configure:7053: checking how to run the C preprocessor
configure:7084: gcc -E  conftest.c
configure:7084: $? = 0
configure:7098: gcc -E  conftest.c
conftest.c:11:28: fatal error: ac_nonexistent.h: No such file or directory
 #include <ac_nonexistent.h>
                            ^
compilation terminated.
configure:7098: $? = 1
configure: failed program was:
| /* confdefs.h */
| #define PACKAGE_NAME "qc"
| #define PACKAGE_TARNAME "qc"
| #define PACKAGE_VERSION "0.1.0"
| #define PACKAGE_STRING "qc 0.1.0"
| #define PACKAGE_BUGREPORT ""
| #define PACKAGE_URL ""
| #define PACKAGE "qc"
| #define VERSION "0.1.0"
| /* end confdefs.h.  */
| #include <ac_nonexistent.h>
configure:7123: result: gcc -E
configure:7143: gcc -E  conftest.c
configure:7143: $? = 0
configure:7157: gcc -E  conftest.c
conftest.c:11:28: fatal error: ac_nonexistent.h: No such file or directory
 #include <ac_nonexistent.h>
                            ^
compilation terminated.
configure:7157: $? = 1
configure: failed program was:
| /* confdefs.h */
| #define PACKAGE_NAME "qc"
| #define PACKAGE_TARNAME "qc"
| #define PACKAGE_VERSION "0.1.0"
| #define PACKAGE_STRING "qc 0.1.0"
| #define PACKAGE_BUGREPORT ""
| #define PACKAGE_URL ""
| #define PACKAGE "qc"
| #define VERSION "0.1.0"
| /* end confdefs.h.  */
| #include <ac_nonexistent.h>
configure:7186: checking for ANSI C header files
configure:7206: gcc -c -g -O2  conftest.c >&5
configure:7206: $? = 0
configure:7279: gcc -o conftest -g -O2   conftest.c  >&5
configure:7279: $? = 0
configure:7279: ./conftest
configure:7279: $? = 0
configure:7290: result: yes
configure:7303: checking for sys/types.h
configure:7303: gcc -c -g -O2  conftest.c >&5
configure:7303: $? = 0
configure:7303: result: yes
configure:7303: checking for sys/stat.h
configure:7303: gcc -c -g -O2  conftest.c >&5
configure:7303: $? = 0
configure:7303: result: yes
configure:7303: checking for stdlib.h
configure:7303: gcc -c -g -O2  conftest.c >&5
configure:7303: $? = 0
configure:7303: result: yes
configure:7303: checking for string.h
configure:7303: gcc -c -g -O2  conftest.c >&5
configure:7303: $? = 0
configure:7303: result: yes
configure:7303: checking for memory.h
configure:7303: gcc -c -g -O2  conftest.c >&5
configure:7303: $? = 0
configure:7303: result: yes
configure:7303: checking for strings.h
configure:7303: gcc -c -g -O2  conftest.c >&5
configure:7303: $? = 0
configure:7303: result: yes
configure:7303: checking for inttypes.h
configure:7303: gcc -c -g -O2  conftest.c >&5
configure:7303: $? = 0
configure:7303: result: yes
configure:7303: checking for stdint.h
configure:7303: gcc -c -g -O2  conftest.c >&5
configure:7303: $? = 0
configure:7303: result: yes
configure:7303: checking for unistd.h
configure:7303: gcc -c -g -O2  conftest.c >&5
configure:7303: $? = 0
configure:7303: result: yes
configure:7317: checking for dlfcn.h
configure:7317: gcc -c -g -O2  conftest.c >&5
configure:7317: $? = 0
configure:7317: result: yes
configure:7493: checking for objdir
configure:7508: result: .libs
configure:7775: checking if gcc supports -fno-rtti -fno-exceptions
configure:7793: gcc -c -g -O2  -fno-rtti -fno-exceptions conftest.c >&5
cc1: warning: command line option '-fno-rtti' is valid for C++/ObjC++ but not for C [enabled by default]
cc1: warning: command line option '-fno-rtti' is valid for C++/ObjC++ but not for C [enabled by default]
configure:7797: $? = 0
configure:7810: result: no
configure:8137: checking for gcc option to produce PIC
configure:8144: result: -fPIC -DPIC
configure:8152: checking if gcc PIC flag -fPIC -DPIC works
configure:8170: gcc -c -g -O2  -fPIC -DPIC -DPIC conftest.c >&5
configure:8174: $? = 0
configure:8187: result: yes
configure:8216: checking if gcc static flag -static works
configure:8244: result: yes
configure:8259: checking if gcc supports -c -o file.o
configure:8280: gcc -c -g -O2  -o out/conftest2.o conftest.c >&5
configure:8284: $? = 0
configure:8306: result: yes
configure:8314: checking if gcc supports -c -o file.o
configure:8361: result: yes
configure:8394: checking whether the gcc linker (/usr/bin/ld -m elf_x86_64) supports shared libraries
configure:9547: result: yes
configure:9787: checking dynamic linker characteristics
configure:10298: gcc -o conftest -g -O2   -Wl,-rpath -Wl,/foo conftest.c  >&5
configure:10298: $? = 0
configure:10524: result: GNU/Linux ld.so
configure:10631: checking how to hardcode library paths into programs
configure:10656: result: immediate
configure:11196: checking whether stripping libraries is possible
configure:11201: result: yes
configure:11236: checking if libtool supports shared libraries
configure:11238: result: yes
configure:11241: checking whether to build shared libraries
configure:11262: result: no
configure:11265: checking whether to build static libraries
configure:11269: result: yes
configure:11307: checking whether ln -s works
configure:11311: result: yes
configure:11433: checking that generated files are newer than configure
configure:11439: result: done
configure:11466: creating ./config.status

## ---------------------- ##
## Running config.status. ##
## ---------------------- ##

This file was extended by qc config.status 0.1.0, which was
generated by GNU Autoconf 2.69.  Invocation command line was

  CONFIG_FILES    = 
  CONFIG_HEADERS  = 
  CONFIG_LINKS    = 
  CONFIG_COMMANDS = 
  $ ./config.status 

on br006.pvt.bridges.psc.edu

config.status:1084: creating Makefile
config.status:1084: creating config.h
config.status:1265: config.h is unchanged
config.status:1313: executing depfiles commands
config.status:1313: executing libtool commands
configure:13756: === configuring in triangulation_server (/home/grasinge/Dev/qc/QuasiSRC/triangulation_server)
configure:13819: running /bin/sh ./configure --disable-option-checking '--prefix=/usr/local'  --cache-file=/dev/null --srcdir=.
configure:13756: === configuring in src (/home/grasinge/Dev/qc/QuasiSRC/src)
configure:13819: running /bin/sh ./configure --disable-option-checking '--prefix=/usr/local'  --cache-file=/dev/null --srcdir=.
configure:13756: === configuring in mesh (/home/grasinge/Dev/qc/QuasiSRC/mesh)
configure:13819: running /bin/sh ./configure --disable-option-checking '--prefix=/usr/local'  --cache-file=/dev/null --srcdir=.
configure:13756: === configuring in applications (/home/grasinge/Dev/qc/QuasiSRC/applications)
configure:13819: running /bin/sh ./configure --disable-option-checking '--prefix=/usr/local'  --cache-file=/dev/null --srcdir=.

## ---------------- ##
## Cache variables. ##
## ---------------- ##

ac_cv_build=x86_64-pc-linux-gnu
ac_cv_c_compiler_gnu=yes
ac_cv_env_CC_set=
ac_cv_env_CC_value=
ac_cv_env_CFLAGS_set=
ac_cv_env_CFLAGS_value=
ac_cv_env_CPPFLAGS_set=
ac_cv_env_CPPFLAGS_value=
ac_cv_env_CPP_set=
ac_cv_env_CPP_value=
ac_cv_env_LDFLAGS_set=
ac_cv_env_LDFLAGS_value=
ac_cv_env_LIBS_set=
ac_cv_env_LIBS_value=
ac_cv_env_build_alias_set=
ac_cv_env_build_alias_value=
ac_cv_env_host_alias_set=
ac_cv_env_host_alias_value=
ac_cv_env_target_alias_set=
ac_cv_env_target_alias_value=
ac_cv_header_dlfcn_h=yes
ac_cv_header_inttypes_h=yes
ac_cv_header_memory_h=yes
ac_cv_header_stdc=yes
ac_cv_header_stdint_h=yes
ac_cv_header_stdlib_h=yes
ac_cv_header_string_h=yes
ac_cv_header_strings_h=yes
ac_cv_header_sys_stat_h=yes
ac_cv_header_sys_types_h=yes
ac_cv_header_unistd_h=yes
ac_cv_host=x86_64-pc-linux-gnu
ac_cv_objext=o
ac_cv_path_EGREP='/usr/bin/grep -E'
ac_cv_path_FGREP='/usr/bin/grep -F'
ac_cv_path_GREP=/usr/bin/grep
ac_cv_path_SED=/usr/bin/sed
ac_cv_path_install='/usr/bin/install -c'
ac_cv_path_mkdir=/usr/bin/mkdir
ac_cv_prog_AWK=gawk
ac_cv_prog_CPP='gcc -E'
ac_cv_prog_ac_ct_AR=ar
ac_cv_prog_ac_ct_CC=gcc
ac_cv_prog_ac_ct_OBJDUMP=objdump
ac_cv_prog_ac_ct_RANLIB=ranlib
ac_cv_prog_ac_ct_STRIP=strip
ac_cv_prog_cc_c89=
ac_cv_prog_cc_g=yes
ac_cv_prog_make_make_set=yes
am_cv_CC_dependencies_compiler_type=gcc3
am_cv_make_support_nested_variables=yes
lt_cv_ar_at_file=@
lt_cv_deplibs_check_method=pass_all
lt_cv_file_magic_cmd='$MAGIC_CMD'
lt_cv_file_magic_test_file=
lt_cv_ld_reload_flag=-r
lt_cv_nm_interface='BSD nm'
lt_cv_objdir=.libs
lt_cv_path_LD=/usr/bin/ld
lt_cv_path_NM='/usr/bin/nm -B'
lt_cv_path_mainfest_tool=no
lt_cv_prog_compiler_c_o=yes
lt_cv_prog_compiler_pic='-fPIC -DPIC'
lt_cv_prog_compiler_pic_works=yes
lt_cv_prog_compiler_rtti_exceptions=no
lt_cv_prog_compiler_static_works=yes
lt_cv_prog_gnu_ld=yes
lt_cv_sharedlib_from_linklib_cmd='printf %s\n'
lt_cv_shlibpath_overrides_runpath=no
lt_cv_sys_global_symbol_pipe='sed -n -e '\''s/^.*[	 ]\([ABCDGIRSTW][ABCDGIRSTW]*\)[	 ][	 ]*\([_A-Za-z][_A-Za-z0-9]*\)$/\1 \2 \2/p'\'' | sed '\''/ __gnu_lto/d'\'''
lt_cv_sys_global_symbol_to_c_name_address='sed -n -e '\''s/^: \([^ ]*\)[ ]*$/  {\"\1\", (void *) 0},/p'\'' -e '\''s/^[ABCDGIRSTW]* \([^ ]*\) \([^ ]*\)$/  {"\2", (void *) \&\2},/p'\'''
lt_cv_sys_global_symbol_to_c_name_address_lib_prefix='sed -n -e '\''s/^: \([^ ]*\)[ ]*$/  {\"\1\", (void *) 0},/p'\'' -e '\''s/^[ABCDGIRSTW]* \([^ ]*\) \(lib[^ ]*\)$/  {"\2", (void *) \&\2},/p'\'' -e '\''s/^[ABCDGIRSTW]* \([^ ]*\) \([^ ]*\)$/  {"lib\2", (void *) \&\2},/p'\'''
lt_cv_sys_global_symbol_to_cdecl='sed -n -e '\''s/^T .* \(.*\)$/extern int \1();/p'\'' -e '\''s/^[ABCDGIRSTW]* .* \(.*\)$/extern char \1;/p'\'''
lt_cv_sys_max_cmd_len=201326592
lt_cv_to_host_file_cmd=func_convert_file_noop
lt_cv_to_tool_file_cmd=func_convert_file_noop

## ----------------- ##
## Output variables. ##
## ----------------- ##

ACLOCAL='${SHELL} /home/grasinge/Dev/qc/QuasiSRC/bin/missing aclocal-1.13'
AMDEPBACKSLASH='\'
AMDEP_FALSE='#'
AMDEP_TRUE=''
AMTAR='$${TAR-tar}'
AM_BACKSLASH='\'
AM_DEFAULT_V='$(AM_DEFAULT_VERBOSITY)'
AM_DEFAULT_VERBOSITY='1'
AM_V='$(V)'
AR='ar'
AUTOCONF='${SHELL} /home/grasinge/Dev/qc/QuasiSRC/bin/missing autoconf'
AUTOHEADER='${SHELL} /home/grasinge/Dev/qc/QuasiSRC/bin/missing autoheader'
AUTOMAKE='${SHELL} /home/grasinge/Dev/qc/QuasiSRC/bin/missing automake-1.13'
AWK='gawk'
CC='gcc'
CCDEPMODE='depmode=gcc3'
CFLAGS='-g -O2'
CPP='gcc -E'
CPPFLAGS=''
CYGPATH_W='echo'
DEFS='-DHAVE_CONFIG_H'
DEPDIR='.deps'
DLLTOOL='false'
DSYMUTIL=''
DUMPBIN=''
ECHO_C=''
ECHO_N='-n'
ECHO_T=''
EGREP='/usr/bin/grep -E'
EXEEXT=''
FGREP='/usr/bin/grep -F'
GREP='/usr/bin/grep'
INSTALL_DATA='${INSTALL} -m 644'
INSTALL_PROGRAM='${INSTALL}'
INSTALL_SCRIPT='${INSTALL}'
INSTALL_STRIP_PROGRAM='$(install_sh) -c -s'
LD='/usr/bin/ld -m elf_x86_64'
LDFLAGS=''
LIBOBJS=''
LIBS=''
LIBTOOL='$(SHELL) $(top_builddir)/libtool'
LIPO=''
LN_S='ln -s'
LTLIBOBJS=''
MAINT='#'
MAINTAINER_MODE_FALSE=''
MAINTAINER_MODE_TRUE='#'
MAKEINFO='${SHELL} /home/grasinge/Dev/qc/QuasiSRC/bin/missing makeinfo'
MANIFEST_TOOL=':'
MKDIR_P='/usr/bin/mkdir -p'
NM='/usr/bin/nm -B'
NMEDIT=''
OBJDUMP='objdump'
OBJEXT='o'
OTOOL64=''
OTOOL=''
PACKAGE='qc'
PACKAGE_BUGREPORT=''
PACKAGE_NAME='qc'
PACKAGE_STRING='qc 0.1.0'
PACKAGE_TARNAME='qc'
PACKAGE_URL=''
PACKAGE_VERSION='0.1.0'
PATH_SEPARATOR=':'
RANLIB='ranlib'
SED='/usr/bin/sed'
SET_MAKE=''
SHELL='/bin/sh'
STRIP='strip'
VERSION='0.1.0'
ac_ct_AR='ar'
ac_ct_CC='gcc'
ac_ct_DUMPBIN=''
am__EXEEXT_FALSE=''
am__EXEEXT_TRUE='#'
am__fastdepCC_FALSE='#'
am__fastdepCC_TRUE=''
am__include='include'
am__isrc=''
am__leading_dot='.'
am__nodep='_no'
am__quote=''
am__tar='$${TAR-tar} chof - "$$tardir"'
am__untar='$${TAR-tar} xf -'
bindir='${exec_prefix}/bin'
build='x86_64-pc-linux-gnu'
build_alias=''
build_cpu='x86_64'
build_os='linux-gnu'
build_vendor='pc'
datadir='${datarootdir}'
datarootdir='${prefix}/share'
docdir='${datarootdir}/doc/${PACKAGE_TARNAME}'
dvidir='${docdir}'
exec_prefix='${prefix}'
host='x86_64-pc-linux-gnu'
host_alias=''
host_cpu='x86_64'
host_os='linux-gnu'
host_vendor='pc'
htmldir='${docdir}'
includedir='${prefix}/include'
infodir='${datarootdir}/info'
install_sh='${SHELL} /home/grasinge/Dev/qc/QuasiSRC/bin/install-sh'
libdir='${exec_prefix}/lib'
libexecdir='${exec_prefix}/libexec'
localedir='${datarootdir}/locale'
localstatedir='${prefix}/var'
mandir='${datarootdir}/man'
mkdir_p='$(MKDIR_P)'
oldincludedir='/usr/include'
pdfdir='${docdir}'
prefix='/usr/local'
program_transform_name='s,x,x,'
psdir='${docdir}'
sbindir='${exec_prefix}/sbin'
sharedstatedir='${prefix}/com'
subdirs=' triangulation_server src mesh applications'
sysconfdir='${prefix}/etc'
target_alias=''

## ----------- ##
## confdefs.h. ##
## ----------- ##

/* confdefs.h */
#define PACKAGE_NAME "qc"
#define PACKAGE_TARNAME "qc"
#define PACKAGE_VERSION "0.1.0"
#define PACKAGE_STRING "qc 0.1.0"
#define PACKAGE_BUGREPORT ""
#define PACKAGE_URL ""
#define PACKAGE "qc"
#define VERSION "0.1.0"
#define STDC_HEADERS 1
#define HAVE_SYS_TYPES_H 1
#define HAVE_SYS_STAT_H 1
#define HAVE_STDLIB_H 1
#define HAVE_STRING_H 1
#define HAVE_MEMORY_H 1
#define HAVE_STRINGS_H 1
#define HAVE_INTTYPES_H 1
#define HAVE_STDINT_H 1
#define HAVE_UNISTD_H 1
#define HAVE_DLFCN_H 1
#define LT_OBJDIR ".libs/"

configure: exit 0
